804.874981 495.691384 754.694565 445.700393 627.499139 533.804056
665.918805 172.962233 417.169893 35.350378 240.828746 286.733632
840.180026 400.092155 562.861337 212.596196 395.413487 459.186007
696.784593 643.692332 723.678063 525.983048 486.659205 593.150519
766.844042 374.681324 735.504580 327.490001 606.012162 395.443349
622.930439 779.536424 326.875284 631.073656 304.460903 868.607175
190.482221 451.146631 131.839932 426.334169 124.842139 448.729667
968.457621 530.819380 808.502491 296.967795 474.772726 551.367333
556.956085 559.659480 438.772491 251.974174 -39.167531 467.716504
729.570332 266.428892 682.038497 261.014051 691.239516 338.815528
534.664326 233.497130 321.319890 186.929540 305.499763 299.189611
446.361938 515.186548 169.987117 448.036003 169.945362 573.265755
271.483269 776.975084 45.899420 713.380232 127.186925 835.223492
836.546731 768.838411 564.035036 531.357538 407.643346 817.530149
884.505146 494.045218 666.765091 365.350330 508.159725 568.134303
803.356931 772.780133 610.473472 704.408937 615.361902 802.868339
655.594478 701.295446 577.531399 497.062481 290.312524 635.634969
567.543822 769.564697 305.205942 615.830592 231.488233 785.783589
899.595795 186.655579 718.500955 170.318513 735.450224 259.777741
845.227951 367.178522 430.131928 335.618482 599.402009 567.716452
955.321421 230.421284 652.661359 117.397546 648.133248 385.708512
814.669904 384.278916 560.247145 238.393372 614.941135 462.535037
596.924952 226.918344 499.184044 25.197488 322.806266 182.270553
887.969252 766.556216 511.649435 647.117111 636.990142 889.708979
859.064507 827.227197 855.186969 822.984107 840.951498 833.641815
789.931372 640.152234 392.406715 544.430367 434.575390 740.678033
286.146019 592.935930 105.204944 446.144259 34.850960 588.105760
809.094255 616.121556 737.600260 524.573527 579.772747 654.770822
569.302556 430.916681 448.981184 186.306621 238.181773 409.978703
924.832565 620.427423 360.936006 550.511688 549.476245 836.726753
559.569130 793.437820 563.436325 636.041959 396.069319 767.194521
780.059485 558.096849 378.482803 436.585613 419.205350 677.552844
260.847656 653.433270 250.044983 509.664265 109.729565 585.180816
639.571483 889.833905 659.252715 789.377690 449.905225 851.585687
625.460268 253.764681 598.257447 226.368458 517.801199 282.883196
543.090493 744.078424 571.634082 437.921584 74.110190 599.885254
877.779549 462.437076 638.393899 235.751171 390.546864 503.686740
975.339514 545.891997 641.374668 463.146900 677.877451 682.452127
813.176192 588.715950 418.298783 366.592697 314.795363 713.936400
145.103867 277.406186 123.816372 234.367708 157.308383 196.779803
88.793758 467.744157 77.000775 454.630768 90.224916 429.121497
539.559841 956.970872 473.403341 891.600394 539.704624 747.920240
1004.908523 346.587497 628.337084 130.585735 387.759266 522.804945
629.817738 667.958739 303.150956 685.768832 430.295137 804.298330
730.747062 537.431009 360.657999 253.644028 157.561054 501.789160
329.964434 946.483527 329.669413 945.483379 330.601199 945.225334
904.540785 365.151973 744.936304 181.739382 583.960598 417.168590
502.567780 422.007813 480.151367 278.760377 324.422783 399.640193
826.886638 454.092799 590.254086 433.689478 640.227730 550.469629
440.658842 183.286284 370.369238 159.839108 332.891080 251.431867
