0
0
4
-70.54856 60.47345 -31.90477 -87.99089 153.41121
-56.35008 77.98491 96.89574 70.86308 153.41121
-54.88298 50.16099 71.79562 69.53960 128.15225
-43.02226 64.78921 -35.79805 -63.15926 128.15225
4
-121.41749 -65.31834 -96.08463 56.92832 124.84390
-110.49613 -48.37528 -27.07751 12.44687 103.23759
-68.90141 -83.41212 -13.55936 28.49524 124.84390
-67.06883 -63.33763 -95.32042 35.95913 103.23759
2
-126.65681 56.87143 -115.63723 85.41209 30.59412
-68.58213 132.54449 -93.30082 114.51711 30.59412
4
-47.93500 -102.24426 -54.00241 49.12016 151.48597
-47.74574 -105.41295 -59.99058 48.76248 154.66092
73.11645 -28.63189 -58.48579 46.39377 151.48597
75.84279 -30.25776 -55.41323 51.54601 154.66092
0
0
2
-60.36851 -56.09332 -52.07210 -31.04997 26.38181
-13.70883 3.20336 -36.09852 -10.75020 26.38181
4
-76.35240 -4.99856 45.68038 -5.99869 122.03688
-72.83266 80.88319 48.87271 71.89406 122.03688
-48.45149 4.98365 21.01414 62.94506 90.47099
-45.84216 68.65134 18.64754 5.19995 90.47099
2
-50.00458 -14.82719 -19.26117 55.73372 76.96753
-20.26926 -79.82999 53.21868 -102.71061 76.96753
2
137.61538 -35.07692 67.46154 -64.30769 76.00000
168.24960 135.32591 112.66932 187.16057 76.00000
0
2
34.11362 -96.78251 -79.10746 -86.68365 113.67058
66.42070 5.67709 -32.11534 62.34850 113.67058
0
4
29.11693 16.83662 -47.41559 -67.42947 113.83321
40.00434 -112.97483 -49.49521 -42.63402 113.83321
47.35334 32.17177 -69.10105 -41.64135 137.87676
60.54036 -125.05811 -66.58218 -71.67402 137.87676
4
-66.89737 -40.60453 -62.10740 -0.79177 40.09988
-61.55406 -103.08853 -91.37215 -3.29434 104.15373
-42.33422 26.12536 -64.49991 -7.29143 40.09988
2.24523 70.23289 -85.15793 13.58762 104.15373
2
-49.93540 -132.96188 -86.15448 -125.53369 36.97296
120.69646 62.04596 108.52616 96.95847 36.97296
0
4
-68.57191 -19.32808 62.53473 -42.78123 133.18784
-59.27944 -19.96556 64.43982 -15.01121 123.81842
-36.51507 58.34810 72.97184 -17.49132 133.18784
-29.47772 52.24630 54.73693 -38.52205 123.81842
4
69.64948 -88.71134 -20.16495 -7.62887 121.00000
72.47514 -80.02762 -47.85635 -92.72928 121.00000
73.11951 -89.99857 -51.82878 -92.98600 124.98400
76.03820 -81.02894 -23.22562 -5.08360 124.98400
2
-69.34885 103.39326 -88.93862 -67.42899 171.94185
113.19163 147.49011 208.60236 4.44888 171.94185
2
8.63384 -169.81431 127.33536 -119.35692 128.98062
13.25210 155.77338 130.47475 101.96954 128.98062
0
2
-20.37566 110.87019 -79.40792 -9.83686 134.36890
107.09117 -81.81224 -27.08944 -88.92293 134.36890
0
0
2
-33.69054 175.69929 -137.33072 95.22126 131.21738
166.99753 -138.05248 50.47897 -198.39670 131.21738
0
4
-89.10701 0.66936 2.27608 68.45675 113.78049
-82.80279 3.92181 18.56592 36.88216 106.59268
-61.68453 -33.70531 24.71266 40.33202 113.78049
-57.11265 -28.28132 -2.45328 63.23017 106.59268
2
-89.99980 9.48833 -16.24354 98.01524 115.22587
-42.49593 -123.52252 70.65380 -145.29729 115.22587
4
-112.97344 -17.24381 -110.99759 85.25056 102.51341
-104.54614 28.43899 -85.76853 80.59646 55.43465
-43.81053 102.47859 -91.28995 73.86558 55.43465
-0.65712 119.67513 -100.78701 97.69774 102.51341
2
-128.53265 66.69592 -114.05606 100.25823 36.55133
-61.69592 133.53265 -95.25823 119.05606 36.55133
2
-9.62352 -45.14401 -17.14206 -19.79698 26.43861
0.52125 38.55034 -12.83532 15.73363 26.43861
0
2
-115.06160 -125.80017 16.36251 -214.29709 158.44242
-57.16917 47.87709 101.06826 39.82017 158.44242
2
-96.94380 -211.68723 14.81649 -229.05490 113.10172
57.00546 131.49135 144.29177 59.56708 113.10172
4
78.53846 24.69231 55.84615 -29.76923 59.00000
82.09386 15.63177 28.41877 40.12635 59.00000
86.47980 28.84180 17.41561 43.77958 70.66116
90.73792 17.99047 50.26392 -39.93065 70.66116
2
-73.56253 111.71551 48.95105 119.86547 122.78436
48.64842 -78.03308 106.74073 30.13940 122.78436
0
0
4
9.17851 -82.22853 -16.07104 74.37116 158.62219
16.62644 -92.46506 -137.24134 -13.79038 172.81493
27.19204 -66.64235 -124.15223 -19.14590 158.62219
36.25174 -75.48431 -19.48957 88.09413 172.81493
4
-43.31859 48.50176 90.83153 66.85237 135.39941
-29.99410 48.66497 91.22047 35.09927 121.97131
-1.91213 -46.88099 103.10011 38.59082 135.39941
7.30592 -37.25829 80.16862 60.55801 121.97131
4
17.00208 85.59682 17.99925 -10.85527 96.45724
18.34047 96.13707 -9.51880 -7.36105 107.18209
77.25103 53.29842 -3.62858 0.73903 96.45724
85.28835 60.24748 14.51377 -20.24449 107.18209
4
-20.09555 79.54268 -7.90644 -17.49558 97.80082
-10.87697 46.60731 14.95279 -11.09731 63.22183
68.28603 -18.88208 6.76351 -4.32254 63.22183
102.36541 -21.76593 4.76194 -27.97579 97.80082
2
-122.17323 228.56442 -33.22355 263.79159 95.67131
-30.87594 -111.06151 63.74759 -96.94104 95.67131
0
0
2
-137.37178 -7.36081 -56.82325 -147.67451 161.78999
-76.91329 89.87140 84.55660 79.69928 161.78999
2
-119.29466 14.10175 -3.04138 87.68282 137.58270
34.93402 -129.74615 100.24939 -8.65568 137.58270
2
-33.01438 63.72611 -120.50782 24.57388 95.85406
34.28587 31.84704 59.41732 -60.65382 95.85406
2
-1.45978 -5.89765 45.32990 -40.24479 58.04309
139.18233 -1.40907 94.67801 -38.66985 58.04309
4
-37.04653 43.39761 -2.86041 -1.19284 56.18719
-34.13735 75.76474 -108.41204 8.29423 100.34441
-14.59527 34.24273 -70.21419 26.27181 56.18719
5.95825 59.41508 11.87474 -40.75475 100.34441
2
-77.48448 -140.96352 -152.72435 64.59660 218.89724
185.80007 92.40234 -9.24123 191.77482 218.89724
2
-99.62700 -57.52756 -82.09357 46.85911 105.84895
-78.73168 -88.38461 24.70475 -110.85469 105.84895
4
12.65995 -81.66220 39.36496 85.97683 169.75276
15.81335 -109.74014 -58.33055 75.00477 199.06783
96.19996 -47.15654 -41.02261 52.77327 169.75276
113.78011 -69.27561 35.93935 113.94234 199.06783
2
110.17012 122.28347 62.75518 146.42520 53.20714
173.26753 -27.57288 157.40129 -78.35932 53.20714
0
2
-78.17848 12.52900 -57.41125 82.44124 72.93147
-57.41446 -38.43723 6.29654 -73.93242 72.93147
4
-58.10901 53.20956 49.54857 -44.27298 145.23429
-50.69310 48.62971 76.41753 -0.76552 136.37082
-26.38698 89.22728 83.91410 -5.25378 145.23429
-20.90703 82.44931 44.14928 -37.40342 136.37082
4
-51.98728 -75.47826 -60.35056 -15.98830 60.07495
-30.45151 3.66569 -67.80525 -43.38428 60.07495
-18.22761 -138.61146 -119.96340 -47.86550 136.32681
30.64305 40.98821 -103.04664 14.30361 136.32681
0
2
-121.27340 41.31386 -84.42665 -32.26818 82.29216
1.75555 118.64635 52.08493 53.53910 82.29216
2
-80.27195 169.24730 -197.41595 77.64336 148.70777
121.39094 -154.94493 -12.55830 -219.53286 148.70777
4
-44.69333 -11.75746 -20.30311 -91.67064 83.55238
-38.86395 -22.42266 7.19411 -76.64125 71.14071
11.09413 -15.88053 -19.45020 -80.13038 71.14071
13.98077 -4.07395 10.98974 -87.57277 83.55238
0
0
2
-134.92197 80.63722 -130.96546 -29.93107 110.63905
45.95796 -21.80805 -50.90385 -75.27569 110.63905
2
-53.25183 79.31024 9.61982 125.71235 78.14090
-48.12146 37.80093 24.15586 8.10262 78.14090
0
2
12.00000 -123.00000 79.00000 -123.00000 67.00000
113.85557 139.47396 163.31752 94.27977 67.00000
2
-50.50342 -132.97137 -132.39714 -119.31785 83.02409
113.59487 66.09869 84.56502 143.88216 83.02409
4
26.69231 -92.46154 -48.69231 88.46154 196.00000
27.04369 -93.20679 -64.95631 80.79321 196.82480
42.53826 -84.08322 -64.53826 80.08322 196.00000
42.95631 -84.79321 -49.04369 89.20679 196.82480
2
-198.41275 32.78020 -116.11469 130.85175 128.02734
12.36397 -135.84118 89.97810 -34.02248 128.02734
2
-44.92479 -115.25527 -102.43651 -52.96240 84.78207
190.96181 -19.77736 188.95283 64.98091 84.78207
4
-90.79438 -64.88928 -57.22515 -102.01214 50.04998
-85.71621 -69.82526 -53.05184 -97.71862 42.95346
-20.40781 -74.36057 -56.61412 -97.47124 42.95346
-14.69612 -70.17388 -53.07433 -102.30039 50.04998
2
-10.20648 16.89652 -32.18701 7.05496 24.08319
34.78199 13.29744 54.91833 0.08653 24.08319
2
-104.24409 49.40778 -30.75038 133.78594 111.89727
-69.22954 -49.12154 41.02945 -68.19916 111.89727
2
-56.66762 0.41639 -59.95209 42.76272 42.47352
-26.19211 85.74780 -55.55922 55.06275 42.47352
2
-136.59492 7.72757 -130.51875 80.55669 73.08215
71.84916 -74.47573 117.11995 -17.10364 73.08215
0
2
-6.21076 -130.01181 -93.75075 -99.56927 92.68225
172.03204 126.00966 113.09891 197.54207 92.68225
2
-43.68851 -2.18577 10.19674 -45.09707 68.88396
58.81429 147.62602 118.33156 112.94613 68.88396
0
0
0
2
-52.77735 132.40083 -36.53150 151.05753 24.73863
131.73331 -41.85923 149.43199 -24.57466 24.73863
4
-71.71015 -11.56087 -63.96230 101.09777 112.92475
-61.54462 29.62569 -33.36005 93.54463 69.85700
23.66585 99.92433 -44.44434 84.40009 69.85700
66.03369 102.07780 -46.04440 115.88004 112.92475
2
0.29218 -59.86418 63.29218 -62.86418 63.07139
11.70782 179.86418 74.70782 176.86418 63.07139
2
-80.69674 -63.88964 26.98040 -68.95255 107.79610
9.19980 88.35450 65.63591 -3.48756 107.79610
2
-163.85877 98.92993 -182.26906 27.31247 73.94593
-109.39253 149.03887 -36.49178 161.42757 73.94593
2
-128.53112 -25.57491 -100.82011 45.60865 76.38717
6.61814 62.88642 -69.70662 65.97385 76.38717
2
-55.27586 23.31034 -42.86207 36.34483 18.00000
-48.20000 -61.60000 -33.80000 -72.40000 18.00000
4
-37.00522 43.72903 -97.99478 8.27097 70.54786
-36.90573 43.78316 -99.90573 11.78316 70.66116
-35.19666 40.16843 -99.80334 11.83157 70.54786
-35.09427 40.21684 -98.09427 8.21684 70.66116
2
-91.72937 72.83782 -153.25096 -46.74100 134.47676
36.92162 -202.33235 -94.28592 -172.86066 134.47676
2
-92.31589 -20.02310 24.90417 54.51185 138.91004
-45.40557 -161.79650 93.13735 -151.70400 138.91004
2
-62.89328 -65.61495 -154.43752 -3.51300 110.62097
8.05061 213.26791 -102.04105 202.45930 110.62097
2
-264.74300 -46.66431 -246.54126 66.86849 114.98261
74.29231 -150.51296 122.79888 -46.26272 114.98261
4
-74.46226 44.52850 62.79246 -17.23832 150.51246
-72.93967 44.07404 74.13222 20.75321 148.90937
-70.58912 55.83176 75.70294 20.43920 150.51246
-69.10777 55.25690 61.35925 -16.52301 148.90937
2
-9.70912 -149.91208 -64.29184 -165.33047 56.71860
36.97754 -26.65929 6.30750 21.05181 56.71860
