3710 0 134
7088 0 180
7320 21 189
2753 0 74
620 31 31
4574 6 149
2062 31 147
1767 40 99
6360 69 250
5469 69 250
7607 59 406
3130 67 304
1612 10 141
3608 37 91
1110 37 37
1460 73 73
7176 4 196
5349 0 347
5214 46 238
21921 46 389
12106 115 389
4025 115 115
4895 115 202
5023 46 238
5704 4 232
11879 57 331
11650 183 327
30929 47 398
1095 30 85
1274 30 86
1928 62 86
2311 4 131
1809 23 76
1584 23 76
2072 18 137
13811 47 316
6257 53 224
3218 104 169
4650 104 152
2759 104 201
4500 118 249
4162 123 237
3452 70 173
8090 88 249
8757 118 249
4639 40 264
5014 150 349
2657 5 237
7619 53 328
10805 5 306
14309 41 433
1404 41 76
21540 5 412
21849 74 412
6330 41 315
3964 60 474
9650 60 474
10471 60 419
3647 20 438
560 20 20
4799 123 315
1824 20 71
1677 20 71
2611 41 293
4391 20 163
2008 20 98
2400 43 315
5597 54 296
1256 47 102
3496 50 255
7920 10 363
5067 75 363
3299 54 114
5797 54 297
1600 80 80
6099 56 195
8658 60 219
3837 148 268
10074 91 299
5889 81 290
5475 80 268
6151 93 299
11880 80 274
6524 93 366
4512 128 313
3322 2 268
4883 1 244
6206 1 410
1344 24 24
504 24 24
2435 24 480
2607 24 175
2873 24 100
13009 24 489
6119 24 266
9561 24 266
1728 48 48
3390 48 208
3577 112 371
6608 64 371
2834 24 239
1234 11 154
3055 11 154
4272 48 489
12871 24 404
3499 25 402
1502 52 216
7234 93 473
1040 52 52
5978 5 372
4224 52 198
1134 7 98
1419 5 95
4496 5 401
4948 42 114
882 42 42
1000 13 72
7094 5 169
2755 39 273
3136 39 169
5332 13 163
1599 8 75
2903 5 169
2746 39 263
3086 75 173
6192 75 257
1500 75 75
3261 8 185
11134 8 424
966 8 75
6980 56 359
1400 56 56
2618 5 86
2523 51 187
2745 8 163
8020 8 224
4082 8 277
7690 8 277
15616 8 285
4496 8 228
2112 88 88
8212 12 99
2268 12 147
2848 12 88
1768 12 105
1595 15 82
4025 50 82
2440 75 88
1936 88 121
3935 18 315
1764 18 88
2715 25 148
1426 37 114
3929 25 167
10069 25 185
5268 37 167
3925 25 167
3973 12 167
6464 37 260
8337 12 177
13111 12 260
1194 25 132
2179 76 93
1290 43 80
4332 24 177
5500 25 177
6480 23 209
2803 51 191
5638 17 177
440 22 22
4053 22 273
2379 17 222
456 19 19
2103 78 142
1113 9 64
1367 9 79
9647 9 199
1595 9 213
8407 34 226
2082 9 163
1387 34 184
2391 9 184
6545 9 180
6318 19 340
2644 56 96
7754 17 268
3010 56 96
4410 71 118
6388 56 118
4384 12 297
4336 28 126
2358 7 92
1140 26 92
3113 53 62
4640 12 73
4668 53 62
8571 19 297
2399 12 79
5655 26 109
2076 55 61
5479 55 207
2008 55 109
7623 26 158
3792 55 205
11215 80 296
3072 80 195
5263 61 255
3406 23 247
4505 12 248
12677 14 289
3473 3 289
3194 64 336
14682 3 359
9067 3 359
4410 14 112
11101 3 172
2887 3 152
2188 32 172
8387 3 152
688 32 35
5002 3 118
2499 47 118
4440 3 152
5699 3 172
1648 38 104
1740 38 325
1930 38 172
4676 84 158
6776 84 325
1420 71 71
5663 53 195
4687 10 175
3935 46 172
1456 24 134
1140 6 127
1582 73 86
3910 19 334
999 31 163
1758 31 86
9449 27 334
2892 5 219
2214 73 165
18356 85 404
2653 6 269
5803 6 269
2589 38 198
3313 52 189
2614 52 198
1119 44 69
6960 53 334
3456 76 135
6888 153 394
8810 76 296
10916 67 394
13041 35 394
2605 76 170
11057 146 410
7119 86 352
4921 86 352
4133 146 299
7044 146 359
8884 86 352
5871 60 251
21921 45 524
13046 102 401
4878 46 184
2666 54 354
11975 92 277
3616 46 184
5944 90 244
3126 90 230
3286 9 277
2286 45 149
3968 9 230
7557 9 412
3925 9 314
6366 59 180
3185 9 149
4130 59 200
8174 59 361
5062 22 243
5046 9 412
3828 9 200
12030 22 400
6076 100 400
6688 94 400
5684 22 286
5748 67 284
5309 67 380
5744 64 99
2612 64 118
2276 38 97
1828 64 99
5645 38 118
8050 38 314
1704 64 100
1384 4 401
2279 4 401
3592 4 401
4374 64 198
1011 31 125
2672 31 186
789 15 31
4231 4 186
4102 6 186
8757 4 401
1581 21 168
9864 21 407
2593 21 231
4866 95 470
12104 21 470
15392 21 470
25049 21 560
3583 21 187
1908 37 152
25156 21 560
15421 21 620
20021 21 620
1516 27 152
7808 29 247
3878 63 247
1692 8 187
3220 27 121
168 8 8
2121 4 204
3696 4 258
15741 2 439
3858 10 169
204 6 10
132 6 6
1592 6 111
8116 40 182
13152 6 375
7107 6 166
16703 12 348
3872 6 98
6825 6 252
3730 6 318
25929 12 586
9639 73 239
2047 29 239
3556 46 389
1104 46 46
1556 46 96
4013 46 239
2771 46 125
2036 29 178
5441 12 353
5058 27 239
4682 27 239
3641 4 239
3594 4 126
6520 4 239
818 12 96
4656 45 259
1380 53 99
816 12 53
1320 55 55
3638 39 78
2090 27 182
3028 27 129
11002 55 219
13617 27 219
2779 56 272
3832 56 95
3148 31 98
3129 66 95
1561 26 95
2418 13 244
12977 3 466
2070 23 139
4635 63 116
1955 12 174
2863 3 168
3302 33 217
3417 57 280
6251 155 315
10390 57 392
4450 57 200
2013 3 348
1443 30 163
4244 55 378
2789 55 198
2164 59 101
9054 29 378
2110 29 141
3229 67 141
2604 2 378
4872 55 378
11112 113 394
11902 193 462
8165 178 462
8958 92 431
8013 22 484
6142 17 256
2650 22 424
5280 46 87
1098 7 164
1554 7 99
3816 27 213
653 3 67
1128 3 92
6110 21 148
5569 6 231
2405 21 206
8374 11 257
2875 21 229
1889 23 165
3270 3 193
6688 8 178
5722 8 178
1765 24 72
3230 23 121
13319 8 655
5135 21 192
9231 8 227
4123 69 247
2591 8 118
1608 10 115
3123 8 173
5335 9 173
8137 13 173
900 13 95
1167 8 115
3904 13 285
1050 13 121
13224 8 366
2063 23 242
2430 23 100
2577 13 305
11991 14 334
1920 24 24
1260 24 105
6022 68 202
4560 24 149
5390 24 220
1728 63 102
5300 68 186
1111 21 95
1124 21 86
1878 21 68
1304 21 141
441 21 21
21567 21 479
10454 24 575
5040 37 186
5906 37 300
2934 5 168
135 5 5
5656 5 229
1844 33 107
2224 5 138
1185 28 85
6306 85 197
6860 28 183
1981 28 180
4837 28 184
15998 59 375
2314 66 286
2163 23 318
9208 17 318
22373 95 530
8197 58 406
12806 21 478
6780 54 304
6443 23 370
9697 68 415
3937 41 163
4276 28 148
1076 28 66
3738 32 219
1044 10 66
7701 110 275
2350 100 130
4113 43 138
4332 8 358
1833 8 210
2873 8 207
991 13 207
3999 28 237
7692 5 237
2848 10 222
4037 46 107
2497 33 386
2215 19 370
2766 46 120
1739 33 52
3866 46 197
6321 33 156
1618 46 80
1579 35 130
4723 10 137
380 1 91
876 36 37
3051 1 386
6384 1 177
14118 1 266
4138 101 226
7623 1 386
2442 7 171
2251 7 177
3321 7 177
4224 1 251
7234 7 220
2392 7 204
3072 19 261
2133 50 220
6319 12 279
5091 12 229
2857 12 145
2514 12 141
1128 47 47
4555 32 266
3770 1 386
3417 17 266
2169 1 386
3113 12 125
5912 21 216
3071 21 171
504 21 21
1700 21 116
951 19 68
1783 21 216
4831 21 454
2615 68 115
2706 22 96
1530 45 60
4776 36 68
4248 36 83
5255 36 178
7857 35 178
4795 36 178
1108 16 83
6564 16 178
2322 16 83
1492 16 60
7315 16 362
8269 15 314
4518 48 124
1971 13 139
4974 13 362
1540 13 267
1114 19 362
2082 13 139
2040 48 199
2508 2 168
4756 19 171
11991 19 428
2928 1 230
5043 3 237
3714 3 207
2502 2 207
1664 60 233
2784 78 146
2689 5 225
3253 5 248
6504 5 248
2585 5 224
4268 85 259
10130 85 328
1735 25 249
10210 22 328
1216 11 226
3810 2 186
2584 65 221
10704 65 357
3228 59 237
1582 23 65
2839 17 110
7064 17 325
768 17 65
2596 17 234
4936 92 140
4552 17 161
4566 7 312
2752 86 86
6806 7 230
1853 16 86
12771 2 312
9452 13 260
504 21 21
1104 21 103
5132 21 278
2075 21 218
5963 19 292
11380 11 351
2962 38 153
1506 21 112
4786 65 267
3270 73 267
3208 73 205
11693 21 240
5348 21 324
2589 28 271
3186 79 211
4459 21 276
3759 76 337
12955 63 331
4445 54 362
4117 10 334
2657 10 316
6547 10 450
1878 10 214
9179 10 352
5634 72 335
11362 148 534
6120 11 305
3515 80 310
6745 64 745
3200 77 227
2364 77 162
10864 64 356
12245 64 351
6315 14 262
11624 64 387
9064 67 387
8346 67 523
12212 16 405
4512 53 291
5990 186 358
8820 16 344
5457 20 461
15867 9 461
5292 18 745
4301 4 638
423 2 67
6393 2 638
4465 4 638
1460 17 97
8575 9 758
7644 4 202
3264 50 306
3055 50 228
3257 50 228
11091 21 242
2660 63 157
436 8 102
7770 8 228
1664 78 130
2529 36 108
4257 77 176
7815 30 242
6200 77 259
3360 16 228
10096 30 259
1874 3 177
4666 30 97
3868 34 161
3675 30 242
592 12 127
7882 24 368
1155 12 127
2256 30 100
1366 30 100
1214 14 86
18172 8 323
8372 16 282
9553 16 377
3012 96 155
21775 38 470
8134 146 360
6428 75 511
11142 38 511
6459 5 429
5740 5 429
1843 5 226
2230 49 108
8456 9 177
2180 9 104
1631 9 164
2265 89 229
3680 89 148
4117 20 284
9312 20 273
1845 79 132
2941 54 154
7511 75 219
2357 12 139
288 12 12
420 12 12
2529 68 139
1314 12 133
744 12 47
987 33 144
1204 12 94
2349 47 230
9994 47 260
9572 12 275
2347 12 223
15057 122 366
4409 107 333
5158 72 366
3302 72 366
8588 38 228
7302 38 228
6771 38 368
3062 41 125
1070 41 50
8901 41 303
3804 41 156
7923 41 156
1973 41 128
2555 73 73
1663 22 85
4356 23 132
1942 23 132
4996 76 368
2198 23 260
1633 3 260
1054 3 87
8672 3 380
6877 3 282
1915 3 137
1733 3 87
3111 3 390
4358 19 204
3037 3 340
2474 61 220
11819 10 390
2033 8 152
5323 3 229
1819 8 148
1146 8 59
3166 91 176
6922 8 350
5774 28 298
5421 75 390
3924 16 169
3690 113 223
5174 57 203
14679 65 219
8983 57 253
5412 115 375
19301 17 352
11174 75 444
1654 3 323
2861 17 248
5626 17 263
6313 6 235
7748 6 234
4256 38 150
5529 20 150
1060 44 137
5213 44 281
16504 44 410
3684 44 359
1580 44 206
7756 44 245
6550 44 407
15472 10 495
2769 87 175
3598 27 251
7409 28 437
2409 30 199
11794 28 604
2936 28 468
1610 54 190
2254 69 193
3229 1 86
9605 83 305
7905 83 368
10171 78 368
3402 83 305
5084 42 305
4723 35 244
8286 1 123
8204 25 465
4778 17 319
6125 25 257
6274 47 217
2944 1 125
2026 39 217
3184 25 220
4770 47 217
1670 2 199
902 17 99
4700 34 229
1218 58 58
2896 35 175
1812 35 126
12124 17 175
3254 35 161
6735 35 161
14128 17 175
2590 35 161
3408 19 173
5463 35 169
7166 19 173
3417 52 252
7241 99 299
1631 52 173
7730 67 299
15443 52 299
9808 52 260
1622 14 220
10718 14 182
927 36 93
3586 58 182
1676 36 93
1508 12 93
2474 12 61
8184 28 255
3280 36 118
2833 28 255
3492 38 104
3523 74 255
2409 12 167
17067 118 557
19942 300 630
11827 173 630
10408 217 503
3278 4 462
4261 76 253
1412 40 91
1654 40 93
5458 8 94
2529 27 148
934 4 74
872 7 79
2716 7 149
1308 7 79
2899 4 176
1196 4 48
3090 7 181
1785 4 79
265 4 48
2960 76 163
3056 76 198
7321 42 230
29328 37 471
11055 37 343
7097 81 471
20600 76 556
5102 36 460
2639 36 175
10905 36 590
6902 36 404
5317 41 550
4463 53 463
4375 41 500
2976 93 93
8518 41 711
8676 41 525
7116 15 525
5113 40 205
7862 15 525
3444 41 145
1348 41 242
20516 15 590
2556 69 96
14012 64 551
7377 15 551
7050 64 133
4107 64 133
2680 6 96
9625 59 587
1706 59 131
2175 6 131
4823 6 673
5988 27 218
2969 33 218
2091 27 89
5616 27 218
4551 6 218
3046 26 121
2191 26 218
2835 81 81
2377 35 305
5393 41 258
1488 15 120
9280 5 305
3365 5 419
3831 3 221
2048 39 418
9611 39 418
2866 26 418
590 9 39
1940 26 43
1907 9 168
4930 9 290
2468 9 197
1773 6 78
2084 22 135
7470 21 124
3386 33 124
3659 21 135
1684 33 124
2947 53 117
654 9 53
1454 9 91
2112 9 91
2154 9 91
624 9 21
1313 21 91
2307 9 138
1249 9 86
3179 38 139
9211 13 182
4574 13 260
10918 9 242
4849 8 190
5782 42 195
1048 11 141
1617 11 143
4216 5 195
1916 5 195
3197 5 195
920 5 120
7853 5 268
7227 42 220
3299 42 195
2721 11 93
1810 53 159
6371 14 147
5575 130 231
10685 154 259
4039 25 149
2339 25 230
5718 25 230
5798 25 147
2880 93 147
7976 12 166
5758 85 159
4662 86 159
4963 86 234
1410 14 94
4320 14 206
4388 24 272
3720 103 260
5457 14 272
4173 69 260
5731 69 382
10158 14 382
2987 69 117
9931 14 382
2987 14 272
1760 31 185
2985 58 294
5472 31 252
4807 31 256
19593 86 349
9986 86 442
11609 36 369
4536 48 102
3501 25 234
2338 7 193
2435 7 308
11152 104 457
4828 63 346
6662 10 413
5732 63 351
18467 10 579
8369 38 573
5500 80 550
5805 10 384
1970 47 146
13329 10 623
8121 10 580
3732 91 472
4787 91 580
5453 76 297
11260 19 492
1928 19 139
3096 30 119
3244 10 211
4237 51 153
2227 13 119
3302 13 123
2379 47 177
72 3 3
8955 3 258
2104 89 241
1408 28 80
5778 102 557
7673 28 217
8483 15 266
4505 15 163
3423 80 163
5051 15 266
3132 3 217
9385 3 603
6616 19 263
1277 19 189
9920 65 616
2594 46 135
2357 46 191
1788 46 105
2352 56 56
8547 56 198
4968 16 198
3736 16 205
1184 23 83
1560 16 138
6715 41 319
3419 46 168
1526 52 139
1638 16 127
5817 33 127
5296 46 168
4684 114 268
5053 165 346
12323 79 234
9487 54 326
6825 14 322
7377 14 322
3055 54 279
4169 66 265
11114 88 520
3920 46 52
1596 26 81
7123 26 161
3952 155 226
10997 26 382
4102 43 382
5496 46 161
4962 81 183
1710 43 142
3940 63 261
4145 43 382
12531 86 409
16713 43 409
17851 26 403
6947 120 294
7112 71 349
2727 28 225
2799 20 499
2440 11 521
4606 13 521
2221 28 292
1171 13 243
848 13 69
1234 13 121
1589 42 184
4341 11 327
7594 13 273
3446 23 132
3508 13 292
9553 13 225
3635 30 205
2840 11 225
5750 13 292
2628 83 216
2334 9 269
4447 36 269
3460 24 204
2887 24 204
2738 24 197
11309 9 299
9380 9 299
8461 30 288
4748 36 178
8775 24 255
3626 24 448
15682 30 245
5954 159 300
3721 159 253
25303 56 384
3532 119 186
5593 36 292
2460 76 186
12421 30 228
9096 75 450
8994 76 234
7664 52 320
15864 17 306
6002 142 321
1908 33 211
4420 33 321
6061 33 384
5726 32 336
2362 17 151
3100 17 433
7194 20 157
5354 9 212
10069 5 473
4999 17 94
1950 93 108
4761 9 363
1202 28 65
6145 17 212
2152 17 84
9145 9 212
3340 28 137
3694 9 433
2333 14 160
3102 35 193
7857 74 383
12000 32 245
11320 74 244
4207 92 304
19388 1 321
7804 74 383
7449 14 389
4304 14 389
6486 57 251
3050 32 309
4455 32 191
4084 14 178
5219 75 134
8019 57 420
2482 64 267
3875 15 206
1871 15 130
1351 50 130
5565 49 267
11626 60 208
16202 46 228
2611 46 179
5341 65 268
11790 46 268
9158 46 268
5437 119 329
12799 23 329
8195 46 329
3628 73 271
2921 20 235
3956 20 277
785 11 43
396 11 11
1020 17 17
4131 3 300
767 10 167
3785 10 179
3213 84 131
1957 84 100
2368 84 140
5818 43 270
4912 16 141
6314 10 232
5782 16 232
10978 16 374
3787 63 289
2038 18 184
3320 16 260
2728 16 487
1260 10 297
5625 5 393
2338 5 167
4992 5 297
1674 5 58
3632 40 230
8736 41 337
10820 41 236
2036 54 150
1666 20 226
12884 15 311
1559 15 177
1662 5 98
100 5 5
1775 5 108
14631 5 324
3012 5 203
13246 5 374
1979 5 291
13246 5 374
2463 13 224
5037 101 438
3980 27 253
10032 13 340
3144 27 241
3909 25 160
5907 60 248
4428 44 298
8113 44 237
2849 44 218
1712 27 237
4056 84 253
17740 44 448
17059 92 565
25986 92 554
28082 66 565
19021 20 466
11472 114 565
17500 6 519
4950 130 477
7857 84 388
4232 44 388
8900 84 477
12771 111 706
1562 20 147
1662 42 215
4853 43 106
12894 43 239
10540 140 314
2082 40 194
19178 73 553
19045 40 395
4045 61 409
3040 76 76
3040 76 76
2685 9 76
7423 45 273
7158 9 429
1820 65 65
2784 9 127
1538 9 429
1839 63 211
7425 6 429
1789 6 127
2011 6 324
7465 9 182
6584 6 182
2831 63 208
8044 9 346
2784 109 152
11484 9 261
8756 109 264
6782 62 284
13663 9 346
5051 31 238
4794 27 150
4705 17 388
10100 17 388
912 38 38
1834 48 79
12973 48 315
9240 39 312
3082 54 121
2464 3 165
3058 3 200
3593 24 185
1669 3 81
3126 92 120
1951 5 181
1975 68 223
4283 36 203
8007 68 412
3863 5 233
2502 25 200
3040 17 412
3661 5 110
1381 5 240
8700 3 419
1549 5 81
4302 5 172
288 5 35
2222 5 76
2029 29 132
4844 4 158
3000 29 172
2232 25 129
3573 4 94
2954 52 143
1290 10 52
639 10 143
330 10 10
2815 4 143
5362 4 143
1943 10 172
2324 29 46
2165 4 67
2505 11 168
1605 4 91
1886 27 101
2087 7 101
3500 7 254
6247 4 165
3671 7 101
3559 2 113
2447 14 108
4976 42 254
3630 2 113
2815 63 254
6275 2 176
1916 30 129
3418 14 117
4025 24 254
2587 24 277
9521 36 350
3360 36 133
2256 53 82
2448 68 68
5417 4 152
4286 61 278
4391 55 222
3118 4 235
5547 4 235
7536 28 412
854 28 41
984 41 41
2578 41 266
1474 54 88
2046 7 98
4652 41 266
5044 41 161
2986 7 266
1768 7 133
1070 7 132
3744 7 87
1744 18 92
432 18 18
3005 18 92
1418 18 92
2004 23 92
1579 18 133
1062 18 92
1843 18 183
2427 40 194
4093 11 259
7948 91 308
7617 42 308
4358 38 207
2343 11 262
10063 18 332
4609 7 259
6549 18 332
3313 38 207
6030 38 144
2120 19 204
3699 19 215
3734 7 256
2396 18 256
3557 18 286
8507 43 360
7960 13 366
25169 12 494
28685 12 494
9970 97 551
3780 59 445
19240 7 596
2897 44 201
3003 1 648
3952 9 417
3018 1 285
1238 1 152
516 1 115
10571 9 351
4921 74 251
4260 7 145
2837 2 202
1281 27 226
3802 101 275
6634 96 289
2130 61 243
7228 158 352
7751 1 378
10365 3 378
6470 3 355
5783 1 327
3747 1 91
4962 34 234
2983 26 188
3186 19 119
4786 19 416
12980 87 322
20202 60 349
10415 1 193
4436 52 249
4379 4 207
4593 17 366
5161 64 556
5626 21 350
4884 21 272
4244 21 344
9471 13 390
1469 13 211
13212 13 437
5686 13 437
1718 21 272
6907 4 449
2266 4 227
1410 4 419
820 41 41
5479 26 241
2852 41 156
2277 39 449
4431 7 191
3027 7 243
2090 7 210
2729 44 210
2404 44 289
2997 44 195
6550 46 344
4657 70 332
6738 2 344
1748 2 149
12736 2 344
3753 2 235
5994 52 198
4327 52 183
3676 30 90
1733 30 200
5090 43 200
2128 73 173
2760 43 97
4670 70 200
1324 22 107
8037 10 190
740 6 124
1997 42 147
2445 15 155
1290 19 190
2825 15 292
7012 15 292
4093 46 168
6420 31 292
14138 4 323
1920 32 32
2160 31 133
3095 5 172
5969 5 227
2058 10 60
7792 10 341
1498 32 133
768 36 40
3143 40 171
10170 31 274
5818 31 274
6019 31 274
3044 35 274
2304 35 290
2302 32 225
2396 31 82
3437 25 82
2412 33 100
938 33 70
8180 12 313
7989 33 313
7441 33 313
2828 12 94
3738 89 89
1534 24 89
1029 15 95
2444 17 181
16049 31 192
3732 82 192
210 7 7
2612 7 192
1994 19 149
6346 7 257
810 7 142
1721 7 166
3061 19 191
7177 19 226
3015 14 156
7887 7 190
4183 14 190
3099 7 192
4160 14 222
3406 88 222
5635 30 235
2415 33 98
4020 92 330
4111 68 212
9886 41 292
4889 41 212
2861 32 212
4110 41 292
2257 41 74
4570 125 152
6929 41 317
8259 41 171
2561 32 207
4297 3 144
5857 51 194
10810 76 431
7560 151 283
10810 76 431
5259 151 244
8510 154 462
3578 50 192
5844 45 357
2294 32 186
4687 45 357
1834 45 240
7895 87 405
5502 87 405
6484 76 405
5688 87 390
9928 90 296
5112 90 333
4767 46 187
2686 46 233
4971 118 311
11150 40 412
5971 11 502
13089 77 549
1364 11 77
2894 11 451
1620 11 130
5246 77 389
2640 11 226
8454 66 159
14174 48 311
6951 66 300
16962 48 387
1686 37 136
3468 17 398
4561 11 444
5501 23 302
7102 23 502
15418 37 569
3868 76 360
15163 37 526
10141 54 312
5336 56 369
18239 76 515
11285 160 515
42 1 3
7111 1 612
11111 1 612
5456 1 380
1656 3 172
4169 11 185
9166 11 289
11236 92 300
700 35 35
8314 11 267
3594 35 381
2649 88 218
6897 35 432
13459 35 432
5206 25 362
4044 96 200
10362 111 197
26755 20 362
21159 20 362
6057 31 289
1955 27 64
2711 25 360
9328 59 120
4245 27 232
9068 59 236
3660 120 145
1274 15 145
2466 94 287
12601 42 297
8143 90 345
1518 22 120
4958 22 336
4064 22 336
1173 42 54
2046 42 54
5124 33 337
6871 51 255
6209 11 496
4584 11 605
5446 27 522
2516 35 93
6126 35 277
3659 60 234
7862 27 413
8132 47 535
6108 71 488
10048 56 533
4568 71 370
28670 51 608
8067 110 670
4542 51 357
5636 51 299
5939 54 477
10053 54 529
675 9 69
1722 9 75
3397 9 204
936 9 93
2308 16 108
6968 44 186
3470 16 186
1940 48 198
5152 8 281
1488 48 90
1556 26 131
13518 16 337
4763 40 337
2171 40 83
1000 11 60
1372 11 60
1645 16 92
2856 22 98
1538 11 126
3186 2 152
3072 22 98
4545 22 177
2577 22 129
1076 22 98
8211 22 221
1127 21 133
480 15 15
438 7 78
511 15 43
3781 7 178
744 7 43
2711 7 90
560 7 54
7241 56 297
3623 40 273
10451 2 273
1722 43 273
3688 50 198
3528 50 198
2061 2 169
8328 2 211
3713 2 182
780 39 39
4982 63 378
2994 39 161
2968 50 211
11523 39 211
2339 27 161
2840 71 71
4751 36 278
4851 133 259
4084 36 278
3951 28 151
1772 12 200
3033 28 342
1165 28 139
4312 49 49
5082 90 231
2494 7 218
3956 113 244
5552 92 279
15049 92 280
6555 92 279
7223 92 280
2826 53 215
9760 35 280
3499 35 279
3137 35 100
5374 35 280
16553 12 329
12440 88 332
4867 15 214
22707 19 439
2172 10 366
5955 10 439
2601 12 366
3485 24 159
1946 24 223
3160 24 228
6599 10 200
1853 24 153
1322 24 200
9181 10 315
1693 6 89
2149 34 41
4198 6 200
3909 34 69
2064 31 148
7647 10 272
3830 18 141
3992 70 116
2883 32 141
3744 13 116
1896 32 130
1148 42 111
1169 32 92
1208 32 116
2116 13 58
10651 32 218
16800 32 309
6908 19 349
443 19 82
880 44 44
4944 44 183
2391 24 193
2992 24 128
5082 24 128
3280 24 128
2160 44 183
2052 24 128
3026 24 235
7173 24 235
1864 29 75
4246 24 235
6789 24 183
2617 40 154
2581 67 190
1840 75 85
6485 21 100
350 10 10
4035 75 265
4415 110 312
8075 62 391
4798 62 331
19409 10 266
1933 9 249
5923 10 155
4918 9 170
4803 10 437
2034 17 156
1650 9 249
2422 7 437
3269 91 241
5681 31 241
4968 7 170
5466 7 437
5216 12 256
3406 15 256
2237 7 170
7274 9 391
4222 30 192
3765 20 192
3835 15 258
6495 21 344
3338 7 85
2642 15 326
4300 83 326
1269 5 156
2566 29 379
2864 44 246
1500 29 114
1226 29 95
1611 29 156
4215 41 242
1568 20 114
2947 41 459
2155 85 238
3841 85 155
3321 34 271
2079 34 275
2930 61 219
13254 14 312
10598 14 382
11221 50 528
8823 169 375
9254 151 543
15331 38 501
549 6 241
4433 6 489
6448 6 526
952 6 80
6372 16 321
4236 38 177
4559 6 297
21034 6 616
2389 6 348
3028 18 306
2875 46 288
1904 38 288
9829 5 568
4495 25 369
947 5 198
1301 5 94
4372 46 369
8296 5 327
3303 46 327
1863 31 190
1638 26 170
3651 5 207
3007 9 348
3813 19 333
2506 9 150
2384 75 150
7629 5 176
7672 45 160
4750 86 217
3114 34 210
6548 29 193
1368 57 57
6496 2 221
510 2 23
12919 2 381
3812 67 201
6904 67 201
4309 8 393
4016 31 201
8928 8 393
7328 103 423
9684 28 230
18372 28 523
14488 58 317
4523 23 221
5478 23 123
5320 23 170
7118 23 344
6191 23 344
8406 40 344
5284 49 344
1086 6 126
5432 17 346
2837 23 126
1016 37 101
1773 37 204
2432 29 70
2322 16 162
2325 42 70
11385 29 125
2049 1 157
3765 16 243
1924 2 111
3574 2 180
4236 32 96
2839 14 90
1212 14 45
2069 32 158
3792 11 167
5135 7 129
4816 16 230
13451 16 230
4119 21 131
4701 32 230
4789 16 230
3109 36 191
5401 32 230
1919 57 138
3379 31 134
2148 53 131
7053 32 281
2570 32 281
5138 103 344
2586 21 194
9305 23 344
3283 23 100
7157 13 248
3587 22 218
5329 8 302
1777 8 140
199 8 32
2130 8 78
2083 13 150
5022 23 213
3505 23 156
8789 22 284
8816 26 284
3027 26 213
5291 14 195
2801 9 277
1961 9 277
540 9 121
1832 5 238
5902 9 277
20549 5 419
8091 11 227
1700 1 128
764 1 47
4397 1 288
4016 27 135
5817 1 120
1273 4 122
590 19 63
436 1 73
4307 4 238
8116 1 246
2469 1 246
2982 25 185
770 20 70
4075 20 185
5343 39 188
3957 21 214
1478 1 112
2010 46 168
15511 137 221
9868 11 221
4092 151 226
4590 28 221
24303 21 362
16372 19 362
3422 48 291
7957 26 343
22779 11 557
8474 111 531
288 12 12
1340 11 333
2186 11 333
3842 12 152
2280 12 32
1088 12 52
1368 12 333
890 18 74
4042 12 176
5581 84 225
2005 12 173
1198 22 242
2244 12 74
1975 79 79
2133 79 79
2050 22 296
1684 46 119
6863 20 246
2434 40 184
12413 20 246
5582 49 310
15756 53 470
10465 46 470
16543 46 470
1775 11 247
6107 11 404
5687 87 179
11635 58 337
1730 25 175
3953 10 108
2956 10 100
4954 76 484
3331 7 153
4661 61 242
6742 75 445
3524 30 125
2300 45 253
4133 65 403
1333 13 97
4693 84 403
2765 36 205
7532 13 215
1011 1 205
4124 1 433
6428 60 355
14366 60 460
9268 124 460
1428 60 88
2360 60 179
6594 10 227
17114 10 517
7111 5 227
13526 55 517
2277 59 138
17048 59 492
2485 20 163
21977 70 781
22494 20 544
13160 59 443
4881 25 320
770 25 80
4620 25 272
1135 12 556
1398 12 158
4884 17 90
1579 21 92
1924 21 41
1125 17 107
1595 17 107
9845 17 179
10386 18 201
4362 17 221
4802 24 221
13331 17 306
7494 53 273
10089 29 347
12404 53 456
7361 61 451
1008 19 220
5860 6 208
3699 21 158
2690 6 202
3446 6 202
2631 34 121
5807 21 214
4345 21 214
3011 21 199
2963 59 201
2689 34 146
680 8 93
788 10 122
396 6 6
1817 6 78
4974 6 120
2546 37 168
3623 37 382
7640 84 234
9520 65 282
16629 57 346
6271 38 413
2610 31 448
1420 31 73
2475 31 103
6872 31 251
2604 93 93
1729 39 251
5760 10 237
5953 10 156
2953 10 111
2505 10 111
7819 10 207
1432 39 82
2839 39 140
5974 10 248
19904 31 264
4130 82 292
12280 83 258
1220 53 85
1157 53 64
7968 53 149
6748 53 149
11631 66 221
5236 66 221
13824 66 221
6335 53 157
9253 66 221
2545 47 203
1389 24 119
7321 58 418
2526 39 208
2579 48 145
4856 38 145
10738 77 434
11428 38 305
5670 39 244
6416 129 246
3256 68 264
7877 38 370
14194 5 370
2708 2 370
890 2 75
940 5 208
4587 2 420
3458 106 176
5090 161 268
5658 32 268
2805 32 69
17206 59 380
5736 59 222
9313 59 306
1880 1 82
3757 1 159
3512 12 153
2424 12 99
5147 12 183
8361 12 265
4050 12 311
3591 99 183
1936 12 227
11284 99 368
3776 42 246
21946 12 374
4096 48 217
9389 159 386
3422 12 157
3666 46 299
5526 24 380
3744 24 380
11857 46 331
8365 46 295
14125 100 487
4959 156 232
9417 39 306
2211 8 171
7039 8 400
3556 8 171
2741 31 339
1213 24 157
3425 25 157
5374 9 486
5741 1 271
2216 1 152
8352 26 261
10579 1 343
7040 97 343
9486 92 446
6469 28 273
1403 26 310
1577 26 179
23231 26 680
7721 26 365
3802 26 365
14187 37 615
5292 38 487
7074 26 272
3772 33 403
14962 26 500
2833 33 615
2316 33 170
1275 33 124
19868 19 801
11576 19 847
16534 19 847
1033 19 73
4428 33 226
6494 19 352
3065 33 275
15303 19 847
2186 19 117
6514 79 197
4085 6 200
2562 6 90
2016 78 144
7525 48 413
7802 48 235
1161 53 61
3984 48 107
2884 46 121
1460 11 61
788 19 166
5236 19 305
2201 19 144
911 36 143
3611 19 144
1928 19 176
1798 28 86
1989 79 134
4079 46 475
4033 38 214
3034 65 182
7595 28 225
7250 25 291
3209 25 291
3200 14 165
2890 30 238
13920 14 402
2154 14 231
5372 40 377
11644 14 402
7637 14 402
6860 14 475
690 3 84
4874 112 417
7987 30 186
2386 3 65
7486 65 114
4782 43 153
2487 42 417
3856 49 153
10166 49 175
5947 36 468
2354 6 245
5214 6 468
7012 6 468
2095 11 125
1946 8 51
1715 8 145
3714 8 179
4490 51 292
5207 93 259
17073 177 585
7453 8 340
10988 34 585
5068 71 392
14157 77 633
4574 14 305
2032 31 177
1741 8 145
14311 36 314
5380 117 308
660 1 162
2301 1 301
750 14 37
3556 14 330
2663 5 330
5018 37 248
8137 132 304
1805 1 197
8947 55 304
6019 14 292
2923 1 154
6614 5 245
2741 14 315
1571 1 78
4043 7 156
3819 45 393
3693 7 249
3606 7 267
14446 95 415
12277 31 363
22595 65 480
7386 7 393
4792 35 338
9970 30 480
14822 30 492
1683 11 65
5358 11 135
963 16 63
1894 16 104
1079 11 30
3849 82 110
3614 44 110
1412 46 146
5323 1 135
11891 1 210
5989 11 210
6752 68 118
12536 1 210
5098 64 210
14228 1 239
5986 9 259
3483 9 94
25735 1 428
12844 1 344
3846 26 265
4006 91 466
4549 15 466
1828 67 119
9309 40 181
1672 15 181
1656 15 274
17879 15 369
1460 73 73
4099 73 369
3984 73 93
3094 73 184
2644 39 119
10046 3 241
14058 3 399
5730 56 399
6305 56 417
12611 63 428
16792 81 380
3540 81 156
34955 55 499
2859 1 134
6655 21 499
5779 21 272
1805 21 232
2434 24 273
4440 32 195
3908 42 232
6783 32 138
6239 32 232
3553 32 137
1982 33 232
1547 19 89
1412 33 89
11307 19 499
3577 19 185
12829 115 291
4551 33 222
3513 115 158
3776 46 234
1316 43 92
13380 35 337
7370 35 264
4804 35 120
11337 35 252
8470 35 339
6535 39 195
8528 52 195
16083 52 225
4283 41 165
8054 42 225
1542 42 186
4828 62 235
1881 39 235
1675 42 78
3155 33 180
4109 20 214
989 15 185
5180 15 235
1909 15 92
4630 15 190
5483 15 183
1657 20 326
4538 15 278
9505 157 518
3840 49 186
4975 49 449
15934 20 468
4996 27 340
984 13 186
3052 55 292
7987 13 329
2682 10 116
3371 13 245
2950 3 278
2161 3 375
1615 20 200
2984 3 278
2098 10 111
13296 10 423
2070 10 278
8065 29 472
11115 29 472
3160 13 99
4552 10 96
3708 10 313
2280 25 37
3355 13 128
3510 13 128
1689 13 208
120 6 6
5722 26 676
444 6 87
3937 37 390
7374 6 676
3452 6 288
12543 13 463
7547 13 322
3270 64 274
5862 35 126
5180 35 258
3407 9 113
2156 9 98
2710 77 159
18626 6 247
1392 44 70
2220 44 80
20771 119 207
791 14 157
2453 54 157
2275 65 65
1604 11 65
1765 65 79
6106 65 242
4382 84 242
5399 11 95
2188 85 242
5712 11 218
1581 65 85
909 11 167
677 12 167
3858 12 253
1352 11 146
3481 12 310
2747 12 310
1736 15 196
2693 39 196
2001 12 94
10993 12 164
3492 65 287
2672 16 136
3344 2 261
1085 31 31
9950 22 147
1415 22 118
998 21 93
1272 21 93
4546 22 197
5051 22 153
5805 2 164
3458 21 103
2375 13 147
3518 60 84
1551 2 93
1127 48 55
4241 31 154
5385 55 190
5608 53 202
1272 53 53
3830 53 222
4628 61 313
5244 23 313
5501 14 313
5414 14 313
3190 14 279
3602 14 282
1488 14 150
2425 14 208
3645 11 282
5460 14 282
8466 20 402
1878 48 97
4350 48 97
1102 48 64
3606 4 66
1729 1 116
1590 63 102
3061 32 179
3883 20 156
7103 37 118
1059 1 112
9773 20 288
10818 62 396
7152 59 288
11192 36 388
2073 36 197
3604 88 294
2741 36 180
3245 48 227
3569 39 180
2332 42 106
8430 50 317
7401 96 280
6440 59 221
4914 56 259
5858 110 449
8079 50 248
16743 62 317
4335 6 221
2640 6 211
4058 31 190
8687 31 251
3059 82 200
1512 54 54
1516 43 99
2983 69 464
2377 93 200
3209 39 381
2203 37 160
13998 54 209
3888 28 181
4025 28 111
3007 10 111
3031 55 122
4966 55 211
4115 10 156
3865 56 173
1860 12 77
2974 12 77
3914 39 134
4235 55 157
514 12 80
696 12 42
2618 15 157
2089 12 134
8114 10 130
2738 58 207
5020 90 97
3602 90 181
5255 54 97
3702 54 157
1095 31 119
3490 16 157
4455 31 117
2459 32 157
1459 32 157
1860 33 55
1384 42 55
1938 32 94
2421 32 103
6173 16 157
2562 33 157
4603 32 121
2313 31 145
1346 32 85
2292 4 103
8063 4 178
5101 35 178
1090 34 46
1708 33 90
4478 43 166
6620 33 218
964 5 59
4975 6 203
5070 85 363
10668 47 363
5474 85 229
4785 85 443
7615 85 229
7224 26 303
2272 25 112
2221 47 191
2243 25 177
2118 41 157
6247 85 258
11555 32 319
2152 32 301
2636 32 157
4578 16 368
3078 16 193
2114 2 368
40 2 2
9170 1 447
2914 80 447
3510 2 142
769 1 133
11561 1 316
9506 79 316
2522 2 451
1048 2 80
11402 2 530
2799 2 423
20605 2 708
14798 4 630
6857 1 220
11225 4 306
11985 74 363
9732 53 253
8711 81 414
2266 1 252
3793 5 288
2700 75 75
6979 52 279
8409 10 103
5090 31 183
7782 31 183
16171 31 352
4517 120 234
3534 31 147
2134 1 183
677 8 117
2946 13 328
3427 8 152
6975 1 264
6281 8 329
1224 13 88
1727 13 329
3609 8 233
4932 13 99
5798 1 211
7963 1 211
4741 27 120
2264 85 240
1680 70 70
6579 27 88
7167 35 215
705 10 113
1704 10 96
1800 32 100
2594 39 186
7171 49 207
6736 121 289
10269 39 298
13428 32 298
4070 39 298
7444 59 217
6941 18 213
1608 59 71
12316 18 340
3221 18 340
1143 18 99
2189 58 125
5099 18 172
2542 55 99
4241 18 223
17889 18 340
5777 22 256
4117 42 233
1766 40 179
10076 18 221
312 13 13
456 13 73
925 13 73
1890 35 136
1858 21 88
2076 74 148
7479 63 166
6530 75 166
1822 1 112
2433 7 270
4991 6 270
1278 7 289
1164 6 92
3819 6 116
1906 6 116
2080 6 81
2292 24 173
2013 32 211
3558 6 169
4676 6 173
622 1 145
2064 28 172
8106 42 240
3421 49 116
6600 74 274
6523 32 263
6359 9 288
4890 28 221
5702 32 124
7166 9 288
5547 9 285
4484 28 221
4496 55 288
3279 61 228
1971 9 103
4244 61 228
6149 61 297
1620 45 150
1725 45 70
10273 2 197
6024 2 280
903 30 91
2765 30 207
5173 2 294
1596 53 84
3542 33 137
4442 53 136
2872 16 154
2713 21 172
4525 30 220
3054 94 107
4289 16 160
4970 2 216
3969 79 172
3762 55 199
2504 55 181
17905 2 220
2158 55 104
1506 67 71
2141 17 146
3263 17 117
4222 17 85
2791 14 98
5416 14 113
850 13 98
44 1 1
1023 31 31
2815 31 105
6352 1 105
3240 25 105
4077 25 105
992 31 31
2756 14 154
1696 31 89
1320 66 66
3095 66 134
10459 66 237
1872 72 100
3559 66 163
4223 66 220
8723 66 243
3424 8 254
980 28 28
5003 8 251
12001 84 365
9717 17 316
5753 17 196
4846 40 256
3793 114 256
7144 28 279
9648 28 259
11356 17 256
7525 17 206
1302 13 156
6003 66 340
1319 13 130
4292 13 340
1308 56 136
1792 56 56
2234 22 81
3884 20 81
1950 66 96
8597 15 136
3559 53 185
1611 43 141
3676 17 282
3628 17 202
4835 17 282
3387 35 212
605 11 11
275 11 11
3489 1 249
4244 11 91
3516 35 115
5159 11 115
11679 11 218
3098 76 218
5076 16 218
3121 36 83
4532 36 210
898 11 108
8232 16 218
1735 16 177
1701 81 81
2120 13 64
1386 49 64
4413 54 140
4578 89 178
5671 85 259
6328 85 228
18592 134 440
35561 26 506
14297 184 448
21494 26 448
7358 2 366
1477 2 306
2650 2 366
4293 31 352
6178 2 128
5429 31 506
10475 41 421
7695 41 322
4384 28 195
3626 28 136
1788 39 115
15680 2 211
13032 2 214
3483 42 265
1969 2 115
1728 18 94
13219 2 265
9831 2 265
4032 2 265
2733 20 365
1968 59 158
1070 18 104
429 4 65
4128 4 115
6001 169 414
5685 47 284
11349 52 469
14785 16 469
5469 50 209
1792 22 247
3880 97 97
3994 10 209
3055 76 79
2025 38 120
19791 10 230
2424 8 230
3445 40 261
1979 8 167
7422 17 222
8191 57 348
10207 17 251
1474 44 94
2304 29 89
2055 29 104
4795 5 97
1284 5 68
2880 5 55
1894 5 68
1014 24 98
1515 24 166
3871 24 133
2868 13 113
3556 54 154
6526 54 257
7099 54 257
8292 54 181
11896 54 156
2586 92 156
8748 54 241
2640 54 278
8701 40 289
7051 40 339
7254 15 289
2684 54 215
4394 15 217
2862 74 280
17381 40 418
4480 40 277
9394 54 418
4982 40 418
4234 40 267
4850 101 332
2703 92 305
5713 195 418
9828 30 418
3369 92 264
18246 30 459
2917 13 157
9071 53 377
2569 13 230
9363 75 434
3596 89 135
7044 38 98
2675 30 98
2994 56 135
8519 56 135
7587 83 200
4260 65 200
4960 88 200
26250 30 379
3200 80 80
2273 67 129
4738 56 358
10126 38 168
1677 7 168
1612 72 115
10973 7 218
1372 10 199
5108 14 182
7206 14 242
5839 14 242
5160 21 156
2310 36 220
4792 38 269
3669 36 269
1972 38 167
2551 55 82
2854 43 161
4763 43 86
4583 2 122
2200 88 99
3773 88 99
1184 2 151
8014 43 225
3609 54 346
12485 54 384
7738 54 384
4111 2 217
4962 78 321
2098 43 217
2764 17 304
2144 40 116
4880 39 115
1576 40 84
7631 12 247
9343 6 283
6746 6 210
2496 39 126
3027 5 196
8990 5 383
140 5 5
3987 5 272
9262 5 383
3087 5 383
6801 5 272
2721 9 188
3060 1 272
13302 1 383
1828 42 129
5254 21 120
3348 51 138
12113 71 207
12725 42 260
3453 42 172
10999 4 340
6117 4 479
1609 4 340
9406 23 261
3759 31 359
4386 22 245
8054 11 359
5210 23 359
6902 11 245
6740 40 359
14410 11 359
5254 11 149
2890 22 149
1086 11 91
1792 22 149
4184 28 180
2925 22 120
3082 22 411
4124 62 101
2121 101 101
9920 8 215
1626 8 137
1521 32 137
2653 22 129
3800 32 98
4285 55 150
5010 55 194
3276 55 129
6268 55 198
3785 24 225
12262 11 276
6112 102 276
8264 145 279
1398 6 119
1125 6 145
2557 6 145
4253 6 210
1352 1 154
4497 6 218
4094 6 216
2234 63 216
1912 6 163
1000 6 98
3921 14 226
5414 14 259
1424 14 76
6462 108 266
5928 108 220
1358 41 71
2819 50 163
3275 118 307
12273 78 276
3119 41 149
4156 41 138
4701 177 276
13279 50 364
14922 12 350
9038 92 100
2664 28 100
2570 28 123
2240 28 123
3492 14 93
3469 28 182
5974 12 533
3610 35 145
3252 35 127
8823 42 352
18716 42 791
20239 49 431
4835 111 364
22459 49 887
8875 98 596
12092 78 854
18235 18 854
2515 43 263
7211 93 655
6216 98 730
6048 95 234
7555 161 730
1908 72 81
1600 76 81
1989 81 96
4969 5 125
7304 5 263
3488 24 596
4608 61 88
7267 24 88
1769 24 104
3713 24 117
1764 42 52
4599 42 175
5747 42 188
3646 42 596
3877 42 147
3943 24 596
4325 48 243
3033 52 157
3954 39 147
1863 13 159
2828 48 112
22137 53 462
2178 13 150
10324 85 402
2040 85 85
2721 42 270
3382 67 309
2558 54 176
2966 99 241
3606 34 166
2170 50 78
3415 50 166
3111 50 191
12299 43 224
3443 50 157
5472 50 147
1682 51 98
13572 3 295
25719 3 548
10207 3 380
3201 3 224
18977 3 548
5907 35 514
30458 35 514
9034 130 573
7656 127 305
12880 79 609
1678 11 248
937 11 71
1667 15 467
3056 24 99
4076 31 144
5124 38 87
6482 49 383
2016 69 99
7706 64 108
2824 74 158
8739 20 171
3624 71 158
5089 29 158
3721 20 197
4845 38 197
6029 15 164
1903 25 49
1998 15 122
4165 30 267
4884 30 106
2582 22 106
1178 14 83
4193 14 323
1354 45 167
1891 32 107
4248 32 167
2226 85 180
5389 29 114
2379 24 91
1258 29 114
1420 24 99
3452 45 225
2278 29 91
3124 4 91
3402 45 175
9264 45 246
7078 49 223
5514 49 246
8087 4 114
2837 3 112
9184 4 189
2054 51 181
2010 3 189
3899 123 245
14950 24 259
3552 74 74
16991 45 324
3444 6 162
1765 3 167
8221 64 127
6835 64 139
7408 64 174
7763 43 183
7485 43 281
14232 42 455
2749 42 208
12245 42 455
4045 31 507
8071 31 132
4709 12 428
3347 31 198
6869 12 137
2227 12 219
2426 57 262
7381 31 303
4387 12 403
11217 12 744
5771 43 587
3805 11 177
3947 11 176
9317 11 176
5646 31 89
2435 89 121
4315 11 122
5448 84 250
1997 84 231
11813 71 398
13454 27 304
5499 8 304
12328 8 304
9545 16 351
19620 8 673
15611 16 673
4130 11 423
4419 8 177
1181 16 114
4383 1 399
895 1 300
8989 1 446
5310 1 194
11399 1 446
4153 1 399
3020 1 209
3210 90 190
7548 8 243
7576 19 370
12185 8 727
5424 8 267
16527 17 822
9625 8 653
8700 37 546
2553 17 234
4224 28 120
4515 17 462
3091 28 249
1710 28 120
5102 28 298
6980 28 339
16344 28 462
4114 28 185
10205 17 370
22423 2 499
9738 2 326
6378 134 326
3685 20 265
3203 20 265
2322 20 50
2242 35 119
3981 22 463
2660 95 95
7297 15 243
4245 81 243
2265 81 152
1408 25 186
10596 52 242
6776 20 242
7144 145 301
3922 77 335
20984 25 335
1941 8 463
1027 8 78
3483 8 222
5934 8 463
5002 65 222
4507 94 222
8538 20 271
3539 20 222
6441 20 258
7639 60 188
3202 86 231
2284 96 271
2497 77 188
3973 34 140
504 24 24
5354 34 196
2122 8 149
3701 69 381
3386 34 196
3774 34 332
4834 135 239
768 32 32
2612 32 201
7622 24 332
9791 24 662
2816 32 198
6842 81 267
5514 32 267
3263 32 198
6854 24 250
5041 32 267
7542 47 213
3504 32 198
5030 8 404
1191 2 201
2709 54 260
1800 60 60
11686 60 622
4317 42 322
2288 94 96
4032 112 112
3396 12 238
1111 45 112
900 25 25
4596 12 123
3348 12 84
1052 7 141
3850 7 141
1854 10 103
10524 17 200
5393 7 200
10046 20 236
3882 156 206
11498 12 224
9844 92 243
2154 17 174
3134 30 278
15402 12 297
8341 12 297
5273 69 277
2823 7 174
10292 12 297
15806 7 297
2025 32 69
2784 58 58
6794 33 113
4913 21 125
1702 33 70
1695 33 125
13391 7 263
6797 21 316
5414 52 314
12650 11 424
5068 5 344
3932 5 344
10735 5 344
6704 5 251
4583 89 318
2517 75 114
8840 5 414
9423 170 484
1552 49 149
7952 44 359
1873 4 359
1204 4 59
10734 4 359
9197 4 359
6703 12 254
695 12 100
3087 11 257
3265 4 281
6314 11 274
3945 12 281
2503 11 220
1033 12 33
2492 89 89
2017 17 112
3226 10 196
5623 18 184
1785 14 119
2055 59 71
2796 39 137
3659 21 137
4638 38 233
5154 34 233
1592 29 71
5340 38 281
1905 4 135
5326 62 252
6625 62 267
2016 64 99
2304 54 135
10302 18 281
8468 11 188
1670 6 163
986 6 155
2416 6 105
13166 11 238
4983 67 224
10225 60 233
9593 44 195
18453 109 372
5986 105 372
12915 54 303
3456 59 262
3692 44 195
2289 54 262
6144 89 303
4645 54 303
6220 54 303
8696 89 303
7005 67 303
6599 54 321
6679 54 312
10403 54 312
3530 54 312
9216 54 312
2871 100 253
8922 42 393
3444 133 337
2466 75 183
6552 137 193
4646 9 203
6706 73 260
6525 57 260
4345 12 161
8374 12 198
7161 10 198
3387 36 228
9769 31 175
2754 77 175
6555 12 139
1134 42 42
2364 104 136
19344 12 239
13666 40 357
4463 40 357
14886 40 357
4226 40 288
12823 40 409
3626 12 290
5300 90 157
18089 90 424
14578 40 447
25156 40 491
8286 131 253
4188 83 314
2070 10 166
2317 10 314
4756 10 430
4797 44 346
4496 44 346
2134 44 129
837 10 47
7614 40 346
15951 10 404
2925 45 346
8818 14 404
3112 78 239
8969 49 132
2595 17 132
2613 49 132
5968 49 132
2003 40 238
3554 8 86
7029 8 161
2260 25 75
3823 25 118
2955 75 108
1659 27 325
4365 17 325
2012 31 183
9349 27 198
2419 15 79
1165 31 89
1771 15 217
7961 2 273
13699 40 314
3694 27 314
10662 63 238
8554 11 342
348 11 62
15119 11 440
5133 11 314
14101 11 466
3031 11 165
2490 83 83
1792 19 61
1023 19 61
950 19 19
3470 5 177
2312 19 90
7645 5 189
3642 19 90
1848 19 90
532 19 19
4589 90 259
5819 45 262
2937 19 175
3157 12 175
952 11 61
429 6 70
3296 14 229
1100 14 116
1576 14 95
2125 14 154
1977 5 487
7187 59 250
4431 46 332
6041 6 250
2573 6 487
6012 7 250
18509 7 340
3069 7 244
2699 91 242
2749 7 244
9392 85 340
9222 42 287
3175 40 242
1168 44 80
2560 80 80
1826 42 151
1966 11 151
1860 45 55
8141 5 487
7480 75 235
8826 87 336
6962 87 345
9107 75 315
2646 98 98
9669 6 487
20245 45 315
5113 44 178
5197 98 345
7920 98 232
14921 92 345
4717 48 249
2670 8 209
1596 76 76
4256 76 76
7308 76 128
3420 76 76
2824 76 155
1188 4 76
3879 4 76
1372 4 76
2153 17 103
916 4 83
1773 17 103
2704 17 98
1636 39 79
5332 48 241
2058 48 94
5557 4 128
5120 32 208
3546 34 237
3624 58 267
1459 4 205
5081 32 315
4256 32 201
4266 57 134
5433 73 221
1754 43 114
3988 78 156
5500 43 156
1195 21 107
185 3 19
2236 3 136
1390 3 100
2912 3 136
1482 30 107
5015 3 236
9362 13 271
2070 11 87
15852 49 345
5374 71 157
951 11 71
4298 63 241
5550 63 278
5839 11 241
