1 5
none
1 19
1 15
none
none
none
none
2 0
none
1 5
none
1 0
4 0
2 10
2 0
1 14
none
none
1 0
none
2 14
2 0
none
14 0
2 1
none
none
1 3
6 0
none
1 13
1 11
none
1 5
none
none
2 13
1 5
1 10
3 0
none
5 10
1 3
2 16
2 17
2 13
8 0
20 0
none
8 0
3 5
none
none
1 16
none
3 0
1 17
2 4
2 0
11 0
none
1 6
1 0
9 0
1 0
1 10
none
none
1 7
10 0
none
none
none
none
2 2
none
2 15
2 5
none
none
4 0
none
1 17
1 13
1 18
1 16
none
3 7
none
1 12
none
none
none
none
none
1 2
none
none
none
none
none
none
none
2 12
none
none
none
2 14
3 0
1 11
1 1
none
2 5
4 6
1 1
1 0
none
none
3 0
4 6
7 0
1 1
none
none
1 2
1 17
none
none
1 12
none
1 0
1 13
4 4
10 0
none
none
none
none
1 18
2 0
none
none
2 10
none
none
none
none
none
none
none
none
2 1
none
1 16
1 8
none
1 1
1 16
1 2
4 7
8 0
1 7
1 0
1 13
1 12
1 9
3 0
none
none
1 17
2 2
2 13
none
2 0
3 9
none
1 0
none
none
5 0
1 3
1 15
none
none
3 9
7 0
none
1 17
none
1 2
1 0
none
none
10 0
none
none
3 10
none
1 10
none
none
none
none
2 0
3 5
5 0
1 3
1 0
none
none
1 7
8 0
1 6
1 18
none
14 0
none
1 4
1 0
none
none
2 12
none
none
none
7 0
1 10
1 0
7 0
2 14
none
1 18
1 10
1 0
1 11
1 10
1 10
none
none
5 0
2 11
none
none
15 0
none
none
none
4 0
1 9
2 10
none
2 1
1 0
1 9
2 15
4 6
3 5
none
none
1 16
none
none
3 5
1 5
none
none
3 5
none
none
none
1 0
1 0
none
none
none
1 0
none
1 7
none
none
none
2 2
none
none
1 5
1 17
none
none
1 9
none
1 9
none
none
1 2
1 2
1 9
2 8
none
none
1 0
none
1 17
none
none
2 3
none
none
none
1 11
1 0
none
none
3 0
1 0
2 2
1 0
2 5
none
none
1 14
none
none
1 12
2 3
1 1
none
none
1 2
none
none
none
1 17
none
1 2
1 9
2 9
none
none
1 11
1 17
1 10
1 6
none
none
1 0
none
5 8
1 10
none
4 5
2 2
none
none
1 2
none
1 13
6 0
none
2 0
none
none
1 18
1 1
1 12
16 0
1 2
1 1
none
none
2 5
none
1 12
2 16
none
none
none
1 3
none
1 10
none
1 13
none
none
none
none
1 17
7 0
1 15
4 0
none
none
none
2 5
none
4 12
2 2
none
1 4
3 5
12 0
none
1 2
1 0
none
2 0
2 0
1 15
none
1 3
5 0
none
1 0
none
1 9
none
1 5
none
none
1 0
none
none
none
12 0
1 15
1 1
none
1 3
none
5 0
none
2 6
4 10
6 0
none
8 0
none
none
none
none
2 3
none
none
none
1 14
none
none
none
none
none
1 18
2 8
4 0
1 19
1 7
1 14
none
2 3
1 11
13 0
1 3
1 0
15 0
none
none
none
none
none
5 0
none
none
none
3 4
none
none
2 16
none
2 6
none
none
none
none
none
none
none
17 0
3 0
9 0
1 8
2 3
1 7
none
1 3
none
none
none
1 4
none
none
none
none
none
20 0
2 0
none
2 0
none
none
1 3
none
none
5 0
none
none
2 16
4 0
2 6
11 0
none
none
none
11 0
none
none
none
2 6
1 14
1 15
2 10
18 0
1 9
none
none
3 0
none
1 16
none
none
13 0
none
none
1 19
none
none
none
none
2 3
2 0
1 11
none
1 0
none
none
4 9
none
none
none
none
1 7
none
none
none
none
1 3
1 18
3 2
3 0
1 11
none
2 11
1 10
17 0
none
none
none
none
none
none
1 4
none
none
3 0
none
none
8 0
1 17
none
none
none
7 0
none
3 15
3 0
5 0
none
none
1 0
4 5
13 0
1 14
none
1 6
none
1 3
1 5
5 0
2 0
none
none
2 0
1 12
1 8
1 3
none
none
1 15
none
none
none
none
3 10
none
none
none
1 0
none
none
none
none
none
none
none
none
1 15
1 1
none
1 0
1 0
2 5
none
2 10
2 0
1 13
1 0
2 2
none
none
none
1 2
2 9
2 6
none
1 0
none
none
none
none
none
2 12
1 0
1 0
1 4
none
none
none
7 0
