135
94
97
52
92
138
155
79
69
80
96
170
79
24
118
122
130
29
154
108
43
106
69
54
159
86
148
46
64
130
151
17
110
146
104
115
114
99
130
134
81
102
73
105
63
116
107
88
83
59
53
77
79
91
82
85
101
97
135
53
145
120
107
103
131
33
59
103
127
47
92
107
138
83
107
55
39
44
109
127
173
136
134
145
121
64
67
106
55
120
90
103
66
175
180
133
12
36
37
147
165
111
102
95
34
91
121
110
112
58
65
141
157
172
89
67
80
51
71
80
121
52
75
61
101
82
93
73
141
53
53
136
86
108
60
86
120
159
121
178
111
153
126
97
126
118
82
55
87
135
104
22
128
124
56
175
91
93
140
90
66
99
97
117
125
111
13
84
103
105
189
165
105
35
46
94
152
98
87
30
44
141
48
96
99
31
113
99
90
78
139
104
71
118
93
77
46
38
26
168
69
171
41
77
107
73
131
100
164
92
147
137
64
131
17
37
97
37
106
95
147
122
126
106
73
105
43
52
83
54
87
10
123
67
71
154
132
65
130
97
85
152
43
117
106
111
52
103
79
52
106
154
171
158
118
62
138
83
98
101
139
46
173
31
76
97
112
131
52
16
99
105
150
76
168
24
180
84
125
179
88
127
118
124
72
54
172
32
102
71
174
119
172
144
78
69
144
53
104
65
118
120
97
180
65
168
122
103
103
110
171
95
82
84
121
61
99
91
115
129
93
166
103
37
96
135
50
106
53
153
20
107
76
135
153
131
145
144
70
157
165
58
94
159
79
100
113
115
124
145
127
108
53
41
72
44
107
114
189
71
28
106
31
132
74
107
73
125
63
96
49
88
85
44
79
81
23
119
103
113
48
13
148
53
47
43
7
91
119
32
90
79
162
86
137
89
89
91
68
83
100
113
88
122
120
92
100
108
101
132
119
91
164
102
76
83
144
118
89
100
78
145
149
80
114
71
73
170
32
84
180
162
39
87
142
100
112
75
49
108
135
78
121
99
98
106
175
130
134
143
96
121
9
89
73
69
54
134
68
60
76
84
137
60
86
166
97
164
94
53
114
116
113
68
36
16
128
91
63
97
64
40
47
98
142
106
117
180
34
69
98
125
139
100
95
127
104
49
112
73
8
6
6
