189 300 300 300 300 300 300 300 300 300
167 278 278 278 278 278 278 277 247 167
1 6 2 2 1 1 1 1 1 1
9 20 20 20 20 20 20 20 20 20
6 17 17 17 17 17 12 6 6 6
125 236 236 236 236 230 180 125 125 125
47 158 134 58 58 58 57 53 47 47
64 175 175 121 71 65 64 64 64 64
106 217 217 217 217 185 115 107 106 106
148 259 259 259 259 259 259 249 159 149
11 21 20 20 20 20 20 20 20 20
49 159 150 59 59 59 59 59 59 50
151 260 260 260 260 260 260 260 161 160
3 14 14 8 3 3 3 3 3 3
12 23 20 20 20 20 20 20 20 20
83 194 194 186 116 83 83 83 83 83
1 10 2 2 2 2 2 2 1 1
3 14 14 13 4 4 4 4 4 3
8 19 19 19 19 19 19 19 19 9
2 12 3 2 2 2 2 2 2 2
