ADAM
ADSL
ANTi
APps
AgeD
AguE
AhoY
AjAx
AnNE
Apex
ArAb
Argo
AsuS
BAAl
BARRY
BASes
BATH
BAcK
BAnG
BEDS
BEET
BEEf
BERN
BILE
BIdS
BIte
BLuR
BOATs
BONE
BOOR
BOol
BOrn
BOuT
BRiT
BUCK
BUGs
BUff
BUtT
BaRB
BdSm
BeAu
BeLl
Belt
BiOs
BiRD
BiTS
BieR
BioL
BluE
BoND
Bold
BrEW
BuOy
Bunk
CARL
CAsK
CELT
CEll
CHeM
CLaW
COLL
COLT
COMA
COOk
COWL
COaT
COcK
COmM
COmO
COst
CRib
CTRl
CUrT
CaLl
CaMP
CaSA
ChIc
City
ClAn
CoAL
CoAx
CoOp
CoPs
CoRn
CoSy
Core
CruX
CruZ
CuNt
CuRd
CuSs
CuTs
Cull
DAFT
DAwn
DEAF
DIDo
DOCs
DOck
DOtE
DUet
DUmb
DUpE
DaYS
DaZE
DeAd
Deep
DiSH
DifF
Doff
DraM
DreW
DuCk
DuKE
EBay
EDge
EYED
EaSe
EmMa
EpIc
FALl
FAns
FArm
FEEd
FEuD
FLaW
FOlD
FUnd
FaIL
FaNe
FanG
FasT
FiAt
FlaT
Flax
Ford
GILD
GIbe
GaIn
GaPS
HALF
HANs
HAZY
HArK
HAvE
HErB
HOOd
HaIr
HaTs
HanG
HelD
HidE
HolD
IDLe
IdOl
Iota
IpaQ
JObs
JUdE
JakE
JuRA
Juan
KIcK
KinD
LADy
LARd
LARs
LAWs
LAcK
LAnD
LIBs
LICE
LaMa
LoAn
LuCK
LuCY
MALt
MASH
MATh
MAYA
MAiN
MArK
MAtS
MRnA
MUSa
MalL
Matt
Maui
MeED
MiDi
MicK
Muck
NASA
NCAa
NUMb
NeCK
NiCK
OKAY
OcLc
OddS
OpAl
Oval
PAIn
PALL
PAWN
PAYS
PAnt
PIsa
PLan
PUMA
PaRD
PacK
Pali
Peak
PecK
PiCo
PicS
Pick
PmId
Quad
RICO
RIgA
RItA
RaCK
RaKe
ReND
RicA
RuBy
SAGo
SARA
SAfE
SArk
SErb
SICK
SLAM
SLAV
SOFA
STaY
STub
SaKE
SaVE
Says
ScUd
SeAS
SynC
TAck
TAiL
TAra
TAut
THaT
THai
TICk
TODD
TaLL
TanK
TasK
Toad
TuCK
Unco
UtaH
ViTA
VoID
WAVy
WAys
WIDE
WIcK
WaGE
Wait
WarM
Wars
WavE
WeaL
WiLd
XBOX
YAWL
YEAh
Yank
YeaR
YogA
ZOLA
ZeBra
aDDs
aJaR
aLUm
aNna
aSHy
aSin
aUDi
aWRY
aWaY
abOut
agOg
aiMs
andY
arEa
ariA
asKS
asia
atop
auRa
avow
axis
bALD
bAcH
bAyoU
bEAM
bEEN
bEER
bETH
bEatS
bEnd
bIND
bIke
bIlL
bLoG
bOYs
bOdY
bOlt
bOss
bRET
bULB
bULk
bURN
baSe
bags
band
beck
benZ
bent
bevy
biDe
blAh
blvD
boOb
boOk
boSH
booT
both
brAvE
buLl
bumP
bush
cAPS
cARt
cArS
cEDe
cHEW
cLAY
cLOG
cLaP
cOPy
cORd
cOUp
cOns
cUBa
cUFF
cUPs
cURe
caMS
chop
clUB
clew
coKe
coNf
coOn
comE
creE
crew
dARk
dAta
dESk
dEbT
dEfT
dEny
dICk
dIed
dIrk
dRug
dUCT
daNK
daTe
damn
decK
dept
digS
dike
dinG
dint
doEr
doPE
dozE
duNg
dvdS
dyKe
eCHO
eZRA
eaSy
exam
exeC
fAIR
fAMe
fAQS
fARO
fEnd
fIdO
fLap
fOAm
fOod
fRED
faWN
finD
flaG
foal
frAN
fuCK
gASh
gATe
gAYs
gAla
gAng
gOAD
gOlD
gRAS
gRAm
gRUB
gRan
gaLE
gafF
gall
gaza
glIB
glad
gmBH
goOd
guAM
hAME
hARd
hDTV
hEaD
hOaX
hOar
hOcK
haLL
haND
haRT
haWk
harm
hebE
iNCA
iNcl
iOWA
iSBn
inch
ipod
jAIl
jAZZ
jAck
joCK
joaN
kNob
kaRL
lANG
lAZY
lAwn
lOcH
lOck
laNk
latH
licK
loAD
loAm
mARL
mAke
mAsk
mISC
maNy
maZe
mamA
masS
miCE
mild
minD
nAIL
nAtO
nIcE
naVy
nanO
ntsC
odin
pAIr
pAct
pAiD
pAra
pIeD
pRay
pUbS
paRK
path
pauL
pavE
plAy
rAMA
rAYS
rAnK
rINd
rIcH
rOAn
raCy
roAd
sAGa
sCAb
sCOw
sCsi
sEAN
sLed
sNUb
sOCk
sPEC
sTaT
saSh
scUm
seed
sheD
snOB
spAR
stAn
suCh
swag
tArt
tHUD
tRay
tUBE
talk
teCh
thAn
uSDa
uSED
vANS
vARY
vIsA
vice
wAFt
wALL
wALT
wAiF
wEED
wEND
walK
wanT
wart
webB
winD
yAWn
yAng
yale
yuan
