Connection between Cairo and MexicoCity
     HELO Cairo
     250
     MAIL FROM:<Hamdy@Cairo>
     250
     RCPT TO:<Eminem@MexicoCity>
     550
     RCPT TO:<Conrado@MexicoCity>
     250
     RCPT TO:<Lisa@MexicoCity>
     550
     RCPT TO:<Eva@MexicoCity>
     250
     DATA
     354
     Congratulations on your efforts !!
     --Hamdy
     .
     250
     QUIT
     221
Connection between Cairo and SanFrancisco
     HELO Cairo
     250
     MAIL FROM:<Hamdy@Cairo>
     250
     RCPT TO:<Shariff@SanFrancisco>
     250
     DATA
     354
     Congratulations on your efforts !!
     --Hamdy
     .
     250
     QUIT
     221
Connection between London and HongKong
     HELO London
     250
     MAIL FROM:<Fiona@London>
     250
     RCPT TO:<Chen@HongKong>
     250
     DATA
     354
     Thanks for the report! --Fiona
     .
     250
     QUIT
     221
Connection between London and Paris
     HELO London
     250
     MAIL FROM:<Fiona@London>
     250
     RCPT TO:<Natasha@Paris>
     550
     QUIT
     221
Connection between London and Paris
     HELO London
     250
     MAIL FROM:<Paul@London>
     250
     RCPT TO:<Maurice@Paris>
     250
     RCPT TO:<Jacque@Paris>
     250
     DATA
     354
     Testando essa merda pqp!
     .
     250
     QUIT
     221
Connection between London and MexicoCity
     HELO London
     250
     MAIL FROM:<Paul@London>
     250
     RCPT TO:<Eva@MexicoCity>
     250
     DATA
     354
     Testando essa merda pqp!
     .
     250
     QUIT
     221
Connection between London and Cairo
     HELO London
     250
     MAIL FROM:<Paul@London>
     250
     RCPT TO:<Misa@Cairo>
     250
     DATA
     354
     Testando essa merda pqp!
     .
     250
     QUIT
     221
Connection between London and London
     HELO London
     250
     MAIL FROM:<Paul@London>
     250
     RCPT TO:<Fiona@London>
     250
     DATA
     354
     Testando essa merda pqp!
     .
     250
     QUIT
     221
