Player Name          Place     RD1  RD2  RD3  RD4  TOTAL     Money Won
-----------------------------------------------------------------------
P 42                 1         17   11   45   39   112       $ 15096.65
P 25                 2         12   21   45   42   120       $  6862.11
P 17                 3         15   60   32   32   139       $  6862.11
P 58                 4         52   26   24   68   170       $ 13038.02
P 46                 5         10   97   42   35   184       $ 10293.17
P 40*                6         12   11   91   74   188
P 20                 7         16   65   22   86   189       $  8234.54
P 19*                8         70   29   16   77   192
P  7*                9         85   27   15   68   195
P 30                 10        83   51   13   51   198       $  8234.54
P 24                 11        82   38   26   59   205       $  6175.90
P  2                 12T       43   32   83   48   206       $ 12008.70
P 43                 12T       26   65   69   46   206       $ 12008.70
P 48                 14        22   88   61   36   207       $  8920.75
P  4*                15        45   31   84   49   209
P 36*                16        28   85   87   15   215
P 45*                17        36   63   86   31   216
P 28                 18        93   69   46   11   219       $ 13724.23
P 47                 19T       35   85   22   78   220       $ 11665.59
P 60                 19T       19   90   44   67   220       $ 11665.59
P 57                 21        81   42   88   10   221       $ 10293.17
P 33                 22        29   74   56   65   224       $ 13038.02
P 32                 23T       69   43   22   92   226       $  6519.01
P 56                 23T       30   90   76   30   226       $  6519.01
P 41                 25        59   92   26   50   227       $  6175.90
P 15                 26        30   74   59   70   233       $  6175.90
P 29                 27T       79   49   20   86   234       $ 13038.02
P 49                 27T       75   39   64   56   234       $ 13038.02
P 59                 29        42   94   66   46   248       $  6862.11
P 50*                30        72   79   46   57   254
P 16                 31        77   28   60   95   260       $  6862.11
P 23                 32        92   22   72   76   262       $  6175.90
P  3                 33        65   86   88   31   270       $ 15096.65
P 21                 34        91   74   81   36   282       $  8920.75
P 54                 35        57   40   90   97   284       $  7548.32
P 52                 36        68   97   29   91   285       $ 10293.17
P  1                 37        76   81   95   52   304       $  8920.75
P 53*                38        31   97   99   78   305
P 35*                39        76   84   78   84   322
P 44*                40        84   61   85   96   326
P 55                           17   17   22        DQ
P 10                           95   65   20        DQ
P  5                           12   42             DQ
P 13                           25   65             DQ
P 34                           10   80             DQ
P  8                           56   50             DQ
P 51                           69   58             DQ
P 18                           22                  DQ
P 38                           26                  DQ
P  9                           48                  DQ
P 22                           48                  DQ
P 26                           80                  DQ
P 39                           87                  DQ
P 27*                          94                  DQ
P  6                                               DQ
P 11*                                              DQ
P 12                                               DQ
P 14                                               DQ
P 31*                                              DQ
P 37*                                              DQ

Player Name          Place     RD1  RD2  RD3  RD4  TOTAL     Money Won
-----------------------------------------------------------------------
P 29                 1         20   21   21   78   140       $ 15661.35
P 19                 2         30   42   68   20   160       $ 15661.35
P  4*                3         13   26   31   96   166
P 27                 4         75   41   47   11   174       $ 12897.58
P 15                 5         89   44   22   21   176       $ 18425.11
P  1*                6         12   49   51   71   183
P 17                 7         70   17   52   46   185       $ 12897.58
P 21                 8         82   35   52   21   190       $ 19346.37
P 24                 9         91   50   41   18   200       $ 15661.35
P 10                 10        41   84   61   23   209       $  5527.53
P 41                 11        80   50   11   76   217       $ 11055.07
P 38                 12        72   22   74   50   218       $ 18425.11
P 18                 13        24   87   34   79   224       $  9212.56
P  8*                14        10   67   58   96   231
P 36                 14        68   89   61   13   231       $ 17503.86
P  7                 16        66   53   22   91   232       $ 15661.35
P 12                 17        46   42   70   78   236       $  9212.56
P 13*                18        40   44   89   67   240
P 39                 19        50   68   56   68   242       $ 14740.09
P 26*                20        88   49   40   83   260
P 42*                21        47   32   95   96   270
P  2                 22        77   84   96   22   279       $  8291.30
P 14                 23        78   87   85   37   287       $ 11055.07
P 33                 24        95   68   90   37   290       $ 15661.35
P 40                 25        82   90   62   87   321       $ 10133.81
P 37*                          25   52   41        DQ
P 34*                          38   61   67        DQ
P  3                           39   66   88        DQ
P  6                           22   11             DQ
P 23                           20   69             DQ
P 22                           88   14             DQ
P  5                           99   86             DQ
P 20*                          54                  DQ
P 28                           54                  DQ
P 16                           82                  DQ
P 44                           98                  DQ
P  9*                                              DQ
P 11*                                              DQ
P 25                                               DQ
P 30                                               DQ
P 31                                               DQ
P 32*                                              DQ
P 35                                               DQ
P 43                                               DQ

Player Name          Place     RD1  RD2  RD3  RD4  TOTAL     Money Won
-----------------------------------------------------------------------
P 78*                1         20   22   66   21   129
P 13                 2         43   27   17   50   137       $ 11412.85
P 22*                3         13   97   10   23   143
P 61                 4         17   57   38   34   146       $  9891.13
P 21                 5T        86   39   11   15   151       $ 12934.56
P 58                 5T        22   30   48   51   151       $ 12934.56
P  4                 7         30   12   61   59   162       $ 10651.99
P 41                 8         51   30   42   42   165       $  9130.28
P  7                 9         29   20   96   23   168       $  9891.13
P 64                 10        28   42   45   59   174       $ 13695.42
P 40                 11        95   40   16   25   176       $ 15977.98
P 49                 12        20   80   38   43   181       $ 14456.27
P 51                 13        80   17   83   18   198       $ 13695.42
P 17*                14        35   25   93   46   199
P  6*                15        52   29   86   34   201
P 65                 15        69   61   31   40   201       $ 11412.85
P 32                 17        31   89   31   53   204       $ 12934.56
P 37                 18        72   39   54   40   205       $ 14456.27
P 23                 19        28   39   67   74   208       $ 13695.42
P 70                 20        31   56   79   44   210       $  8369.42
P 62                 21        54   17   55   87   213       $ 12934.56
P 54                 22        38   89   80   11   218       $  8369.42
P  5                 23        69   26   47   78   220       $  6847.71
P 69                 24        74   40   16   93   223       $  6086.85
P 45                 25        74   31   32   89   226       $  9891.13
P 71                 26        90   60   33   45   228       $  9891.13
P  8                 27        44   14   83   89   230       $  9891.13
P 48*                28        48   91   59   33   231
P 26                 29        85   76   24   49   234       $ 13695.42
P 16                 30        58   86   15   80   239       $  7608.56
P 31                 31        81   13   86   60   240       $ 14456.27
P 12*                32        37   96   42   67   242
P 34*                33        69   52   97   27   245
P 76                 33        97   12   38   98   245       $  9891.13
P 68                 35        42   86   53   70   251       $  6847.71
P  2                 36        71   74   87   21   253       $ 13695.42
P 57                 37        77   89   57   32   255       $ 13695.42
P 55                 38        85   14   66   95   260       $  6086.85
P 35                 39        54   62   58   89   263       $  8369.42
P 67*                40        75   48   91   51   265
P 28*                41        65   71   80   50   266
P 42                 42        22   76   78   93   269       $  9891.13
P 43                 43        96   52   31   93   272       $ 13695.42
P 20*                44        92   47   80   54   273
P 79                 45        53   84   85   53   275       $ 11412.85
P 60                 46        57   68   93   66   284       $  7608.56
P 29*                47        93   54   56   88   291
P 50                 48        94   87   31   81   293       $  9130.28
P 25                 49        42   96   91   88   317       $ 16738.84
P 36                 50        93   49   93   96   331       $  8369.42
P 47                 51        95   94   99   55   343       $  7608.56
P 19*                          30   60   15        DQ
P 39                           51   75   13        DQ
P 44*                          65   45   55        DQ
P 27                           78   69   57        DQ
P 15                           70   87   50        DQ
P 38                           99   85   31        DQ
P 77                           31   36             DQ
P 24                           59   13             DQ
P 74                           58   34             DQ
P 59                           36   68             DQ
P 30                           65   57             DQ
P  3                           37   95             DQ
P 63                           55   81             DQ
P 52                           44   93             DQ
P 14*                          92   77             DQ
P 56                           40                  DQ
P 72                           43                  DQ
P 73*                          54                  DQ
P 11                           79                  DQ
P 75                           84                  DQ
P 10*                          92                  DQ
P  1                                               DQ
P  9*                                              DQ
P 18*                                              DQ
P 33*                                              DQ
P 46                                               DQ
P 53*                                              DQ
P 66                                               DQ

Player Name          Place     RD1  RD2  RD3  RD4  TOTAL     Money Won
-----------------------------------------------------------------------
P 68*                1         23   20   36   39   118
P 31                 2         24   28   51   19   122       $  3605.71
P 43                 3         32   21   69   12   134       $  1802.86
P 81                 4         45   24   56   13   138       $  1802.86
P 21                 5         25   14   56   47   142       $  2343.71
P 88                 6         24   25   32   66   147       $  2884.57
P 22                 7         17   51   10   83   161       $  2704.28
P  2*                8         51   60   18   39   168
P 57                 8         51   10   82   25   168       $  2163.43
P 18*                10        27   40   16   88   171
P 59                 11        20   17   89   49   175       $  1983.14
P 48                 12T       12   79   50   37   178       $  2704.28
P 69                 12T       18   82   58   20   178       $  2704.28
P  5*                14        32   50   36   63   181
P 58                 14T       70   35   15   61   181       $  3155.00
P 64                 14T       31   37   51   62   181       $  3155.00
P 26*                17        34   56   70   24   184
P 39*                18        86   36   34   30   186
P 12*                19        75   22   42   51   190
P 32                 20        96   12   28   60   196       $  3605.71
P 23                 21        11   12   80   98   201       $  2884.57
P 17                 22        10   57   57   80   204       $  2884.57
P 50*                23        57   48   86   19   210
P 28*                24        24   85   39   63   211
P 46*                25        48   74   35   58   215
P 79                 26        64   75   61   17   217       $  2343.71
P 65                 27        36   87   18   77   218       $  1442.29
P  7                 28T       29   27   72   91   219       $  2343.71
P 87                 28T       44   63   45   67   219       $  2343.71
P 60*                30        67   35   50   74   226
P 67                 30        99   22   45   60   226       $  2343.71
P 76*                32        95   55   67   13   230
P 61*                33        46   39   68   78   231
P 74*                34        74   61   24   74   233
P 37                 35        78   50   21   85   234       $  1622.57
P 19                 36        75   34   79   48   236       $  2704.28
P 33                 37T       61   51   79   49   240       $  2253.57
P 66                 37T       17   68   89   66   240       $  2253.57
P 55                 39        97   66   11   70   244       $  2163.43
P 10                 40        81   15   88   62   246       $  2704.28
P  6                 41        67   81   54   45   247       $  3605.71
P 84*                42        56   66   98   29   249
P 90                 43        80   86   28   56   250       $  1983.14
P 30                 44        56   87   89   19   251       $  1622.57
P 53                 45        72   99   55   29   255       $  2163.43
P 36                 46        61   36   60   99   256       $  3064.86
P 15                 47T       46   53   74   85   258       $  4056.43
P 16                 47T       62   40   92   64   258       $  4056.43
P 13                 49        29   93   92   48   262       $  3064.86
P 51*                50        97   33   72   64   266
P 70                 51        37   75   69   88   269       $  1802.86
P  8                 52        52   26   99   98   275       $  2524.00
P 80                 53        35   85   67   93   280       $  2704.28
P 77                 54        83   89   73   39   284       $  1802.86
P  4                 55        92   69   62   65   288       $  2163.43
P 35                 56        71   96   85   43   295       $  1442.29
P 41                 57        83   80   99   58   320       $  3786.00
P 11                 58        79   87   82   97   345       $  2884.57
P 71                           15   20   28        DQ
P 82                           39   47   11        DQ
P 85                           43   42   62        DQ
P 34*                          64   71   13        DQ
P 45                           36   41   73        DQ
P 25                           45   19   94        DQ
P  9*                          27   26             DQ
P 63*                          52   43             DQ
P 73                           62   34             DQ
P 86*                          43   57             DQ
P 75                           50   58             DQ
P 49                           94   26             DQ

Player Name          Place     RD1  RD2  RD3  RD4  TOTAL     Money Won
-----------------------------------------------------------------------
P 12*                1         23   32   14   81   150
P  9*                2         34   15   52   73   174
P 15*                3         35   31   93   34   193
P 11                 4         62   14   46   77   199       $  6258.12
P 10*                5         84   46   45   31   206
P  3                 6         63   43   83   30   219       $  6258.12
P  8                 7         69   28   89   36   222       $  5866.99
P  7*                8         39   73   78   36   226
P 13*                9         97   21   45   89   252
P 18                 10        77   35   80   84   276       $  3911.33
P 17*                11        99   79   15   93   286
P  2*                12        59   52   99   82   292
P 14                 13        83   64   91   61   299       $  5475.86
P 19                 14        71   79   94   60   304       $  5084.73
P  6*                15        85   89   78   87   339
P  1                           85   53   77        DQ
P 16                           23                  DQ
P  5                           98                  DQ
P  4                                               DQ

Player Name          Place     RD1  RD2  RD3  RD4  TOTAL     Money Won
-----------------------------------------------------------------------
P 13                 1         51   28   50   41   170       $  6425.05
P  5*                2         31   23   85   42   181
P  4*                3         31   87   35   33   186
P  3                 4         91   41   35   26   193       $  6425.05
P 16                 5         29   38   86   49   202       $  8031.31
P  7*                6         85   64   34   27   210
P  8                 7         95   39   39   49   222       $  8031.31
P 15*                8         93   35   35   72   235
P  6                 9         36   56   65   81   238       $  8566.73
P 10                 10        79   99   28   63   269       $  7495.89
P 11                 11        48   50   94   95   287       $ 10172.99
P  2                           13   26   42        DQ
P 12                           52   51   27        DQ
P  9*                          28                  DQ
P  1                           79                  DQ
P 14                                               DQ

Player Name          Place     RD1  RD2  RD3  RD4  TOTAL     Money Won
-----------------------------------------------------------------------
P 35                 1         22   36   30   22   110       $ 13632.52
P 48                 2         38   25   39   18   120       $ 12028.69
P  2                 3         15   30   14   65   124       $ 12028.69
P 19                 4         20   29   12   67   128       $ 11226.78
P 58                 5         27   40   51   12   130       $ 20849.73
P 43*                6         90   10   21   12   133
P 17                 7T        35   37   55   21   148       $ 11226.78
P 80                 7T        32   30   54   32   148       $ 11226.78
P101                 9         69   35   11   37   152       $  8821.04
P112*                9         22   66   52   12   152
P 42                 11        16   87   20   30   153       $ 14434.43
P 34                 12        46   11   78   19   154       $  9622.95
P 83                 13        72   15   48   20   155       $ 11226.78
P 46                 14        28   15   98   15   156       $ 13632.52
P 53                 15        12   14   34   97   157       $ 13632.52
P 50                 16        19   80   21   42   162       $ 13632.52
P 73                 17        32   40   11   80   163       $  7217.21
P 71                 18        63   27   64   14   168       $ 15236.34
P 57                 19        44   53   38   35   170       $ 10424.87
P 86*                20        27   28   80   36   171
P 16                 21        16   68   12   80   176       $ 11226.78
P 77                 22        72   18   67   25   182       $ 11226.78
P 20*                23        50   21   62   51   184
P 49                 24T       14   52   29   91   186       $ 10825.82
P114                 24T       70   13   73   30   186       $ 10825.82
P115                 26        89   26   51   25   191       $  8821.04
P 27*                27        45   61   68   18   192
P 94                 28        19   66   88   23   196       $ 13632.52
P117*                28        93   13   20   70   196
P 37*                30        81   27   60   30   198
P 55                 31        31   62   62   46   201       $  8821.04
P 63                 32        39   53   77   34   203       $ 14434.43
P108*                33        25   22   68   99   214
P 29                 34        20   64   40   91   215       $ 16038.26
P  5                 35        40   50   32   95   217       $ 11226.78
P  3*                36        13   67   44   94   218
P 82                 36        17   75   55   71   218       $ 14434.43
P 15*                38        79   10   37   94   220
P 52                 38        11   63   48   98   220       $ 12830.60
P  7                 40        99   11   22   94   226       $ 16038.26
P 61                 41        26   42   80   79   227       $ 12028.69
P 44                 42        38   71   39   81   229       $  5613.39
P 25                 43T       42   68   23   97   230       $ 10023.91
P 28                 43T       27   86   27   90   230       $ 10023.91
P 41                 45        32   83   33   85   233       $ 12830.60
P111*                45        80   17   76   60   233
P 22                 47        86   15   47   86   234       $  8019.13
P 21*                48        38   53   52   94   237
P 62                 48        15   94   58   70   237       $  8019.13
P  9                 50        36   50   82   71   239       $ 13632.52
P 45                 51        43   62   48   87   240       $ 12028.69
P 33                 52        21   72   78   81   252       $ 11226.78
P 91                 53        49   38   85   90   262       $  7217.21
P 18                 54        82   28   76   86   272       $ 15236.34
P 92                 55        24   79   92   82   277       $  8821.04
P 74                           32   53   23        DQ
P 24                           41   30   46        DQ
P 32                           10   58   67        DQ
P 93*                          41   51   45        DQ
P 85                           36   82   22        DQ
P 31                           22   65   64        DQ
P103                           50   55   99        DQ
P 98                           39   16             DQ
P 26                           44   22             DQ
P100                           11   80             DQ
P104                           11   84             DQ
P113                           29   73             DQ
P 69                           51   54             DQ
P 75                           84   24             DQ
P  6                           66   49             DQ

Player Name          Place     RD1  RD2  RD3  RD4  TOTAL     Money Won
-----------------------------------------------------------------------
P 73*                1         39   27   14   23   103
P 70*                2         17   21   70   20   128
P 30                 3         38   14   50   38   140       $   795.00
P 60                 4         34   35   63   15   147       $   292.89
P 77                 5         72   31   33   17   153       $   585.79
P 55                 6         29   18   36   72   155       $   460.26
P 38                 7         65   41   22   33   161       $   543.95
P 48                 8         38   54   61   11   164       $   418.42
P 56                 9         44   50   38   34   166       $   585.79
P 64                 10        67   41   39   21   168       $   460.26
P  1*                11        40   59   12   61   172
P 63                 12        81   26   28   42   177       $   669.47
P 78*                12        34   64   26   53   177
P 20*                14        61   17   44   57   179
P 67                 14        45   17   19   98   179       $   502.10
P  9                 16T       54   10   68   48   180       $   585.79
P 29                 16T       41   32   85   22   180       $   585.79
P 68                 18        24   37   40   84   185       $   460.26
P 44*                19        18   43   38   90   189
P 45                 20        41   37   56   60   194       $   585.79
P 72                 21        81   43   52   19   195       $   795.00
P  5*                22        63   13   38   84   198
P 42*                22        23   23   87   65   198
P  2                 24T       84   34   19   62   199       $   564.87
P  8                 24T       32   93   12   62   199       $   564.87
P 75                 26        68   79   12   47   206       $   585.79
P 31                 27        70   41   13   86   210       $   585.79
P 28*                28        44   47   98   28   217
P 19                 29T       17   99   32   70   218       $   690.39
P 74                 29T       54   70   31   63   218       $   690.39
P 41                 31        80   35   58   46   219       $   585.79
P 17                 32T       81   95   30   14   220       $   585.79
P 32                 32T       68   27   98   27   220       $   585.79
P 69*                34        77   19   34   94   224
P 16                 35T       26   91   22   91   230       $   481.18
P 25                 35T       96   68   54   12   230       $   481.18
P 49*                37        92   83   30   32   237
P 36*                38        60   55   53   74   242
P 51                 39        86   99   41   20   246       $   543.95
P 76                 40        56   98   64   30   248       $   627.63
P 80                 41        14   75   67   93   249       $   502.10
P 43*                42        39   99   46   67   251
P 57                 43        61   76   38   78   253       $   627.63
P 26                 44        41   41   80   92   254       $   669.47
P 62                 45        20   95   60   89   264       $   460.26
P 54                 46        92   65   60   61   278       $   502.10
P 50*                47        82   98   92   16   288
P 10                 48        58   99   93   44   294       $   711.31
P 71                 49        90   54   71   87   302       $   418.42
P 12*                50        42   95   89   85   311
P 13                 51        39   99   88   87   313       $   711.31
P 24                 52        83   63   83   92   321       $   585.79
P  6                 53        97   92   52   85   326       $   753.16
P 58                 54        94   43   98   92   327       $   543.95
P 23                           21   10   46        DQ
P  4                           16   21   59        DQ
P 21                           14   79   27        DQ
P 37                           39   50   65        DQ
P 47                           23   75   80        DQ
P  3                           13   11             DQ
P 22*                          20   52             DQ
P 39*                          33   48             DQ
P 61*                          67   34             DQ
P 15                           79   29             DQ
P 18                           92   22             DQ
P 52                           98   16             DQ
P 65                           46                  DQ
P 59                           61                  DQ
P 11                           72                  DQ
P 53                           75                  DQ
P 33                           88                  DQ
P  7                                               DQ
P 14                                               DQ
P 27*                                              DQ
P 34*                                              DQ
P 35*                                              DQ
P 40                                               DQ
P 46*                                              DQ
P 66                                               DQ
P 79                                               DQ

Player Name          Place     RD1  RD2  RD3  RD4  TOTAL     Money Won
-----------------------------------------------------------------------
P 40*                1         12   34   34   16   96
P 38                 2         46   22   26   24   118       $ 10042.45
P 62                 3         15   20   74   29   138       $  9451.72
P 70                 4         14   42   39   54   149       $  8860.99
P 11                 5         53   37   33   31   154       $ 12996.11
P 64*                6         32   62   33   41   168
P  9                 7         38   50   57   27   172       $  6498.06
P 44                 8         10   71   10   88   179       $ 10042.45
P  4                 9         19   13   94   58   184       $  9451.72
P 12                 10        10   51   39   85   185       $ 10042.45
P 48                 11        15   31   62   78   186       $  6498.06
P 72                 12        74   12   61   43   190       $  8270.25
P 20*                13        35   73   34   49   191
P 68*                14        48   68   10   66   192
P  1                 15        21   52   38   82   193       $ 12996.11
P 56*                16        51   26   41   77   195
P 30*                17        76   35   30   55   196
P 61                 18        15   57   73   56   201       $  7088.79
P 59*                19        29   69   14   90   202
P 28                 20        28   39   99   38   204       $  4725.86
P  8                 21T       70   52   35   50   207       $  7679.52
P 39                 21T       29   32   92   54   207       $  7679.52
P 58*                21        79   30   53   45   207
P 15                 24        67   60   68   13   208       $  5907.32
P 34*                25        64   74   57   16   211
P 73                 25        40   88   70   13   211       $ 10042.45
P 55                 27        44   13   68   89   214       $  8860.99
P 69                 28        36   57   52   76   221       $  7679.52
P 65*                29        46   71   62   44   223
P 17                 30        23   82   20   99   224       $  9451.72
P 16                 31T       84   85   12   54   235       $  8860.99
P 53                 31T       58   97   31   49   235       $  8860.99
P 57                 33        36   93   67   40   236       $ 12405.38
P 22                 34        63   56   39   80   238       $ 10042.45
P 67                 35        22   55   96   66   239       $  4135.13
P 47                 36        33   56   54   97   240       $  5907.32
P 23                 37        59   91   68   30   248       $ 10042.45
P 33                 38        73   79   10   93   255       $  6498.06
P 37*                39        71   76   95   20   262
P 25                 40        91   74   32   66   263       $  5316.59
P 19                 41        78   42   79   71   270       $  7679.52
P 35                 42        87   53   53   93   286       $ 10633.18
P 26                 43        97   38   95   88   318       $  9451.72
P 71                 44        90   96   74   95   355       $  6498.06
P 18                           31   25   31        DQ
P 74                           22   65   13        DQ
P 31                           24   67   41        DQ
P 21                           59   57   30        DQ
P 43                           91   48   11        DQ
P 42                           46   22   83        DQ
P 13                           35   96   90        DQ
P 45*                          77   91   66        DQ
P 36*                          26   57             DQ
P 27                           21   80             DQ
P 32                           69   33             DQ
P 29                           65   44             DQ
P 52                           84   26             DQ
P  5*                          49   64             DQ
P  3                           37   87             DQ
P 46                           14                  DQ
P  6                           30                  DQ
P 63                           42                  DQ
P 54                           48                  DQ
P 51*                          57                  DQ
P 14                           69                  DQ
P 41                           83                  DQ
P  2                                               DQ
P  7                                               DQ
P 10                                               DQ
P 24                                               DQ
P 49*                                              DQ
P 50                                               DQ
P 60*                                              DQ
P 66                                               DQ

Player Name          Place     RD1  RD2  RD3  RD4  TOTAL     Money Won
-----------------------------------------------------------------------
P 90*                1         15   16   37   40   108
P 16*                2         36   18   22   34   110
P 27                 2         41   29   14   26   110       $ 13698.02
P 91*                4         95   10   14   11   130
P 75                 5         33   53   23   22   131       $ 14676.45
P 25                 6T        50   10   54   28   142       $ 15654.88
P101                 6T        10   11   82   39   142       $ 15654.88
P 82*                8         19   27   74   23   143
P  8*                9         57   19   30   40   146
P 89                 9         12   56   39   39   146       $ 10762.73
P 70                 11        30   22   13   82   147       $ 11741.16
P 13                 12        58   42   36   18   154       $ 17611.74
P 52                 13        91   14   32   25   162       $ 14676.45
P  2                 14        49   51   23   42   165       $ 15654.88
P 19                 15        86   47   10   23   166       $ 11741.16
P 21*                16        77   62   15   13   167
P 60                 16        18   59   56   34   167       $ 14676.45
P  6                 18T       14   74   20   63   171       $ 14676.45
P 45                 18T       50   33   59   29   171       $ 14676.45
P 85*                20        49   76   18   36   179
P 26                 21T       46   52   55   27   180       $ 15654.88
P 34                 21T       22   16   59   83   180       $ 15654.88
P107                 23        41   52   30   61   184       $ 17611.74
P 74                 24        51   25   34   76   186       $ 19568.60
P 98                 25        16   83   55   33   187       $  8805.87
P 54                 26        21   75   42   53   191       $ 16633.31
P 71                 27        15   35   79   66   195       $ 10762.73
P 76                 28        73   14   62   49   198       $ 10762.73
P  1                 29T       51   29   80   39   199       $ 18100.96
P 36                 29T       49   65   17   68   199       $ 18100.96
P 58*                31        51   59   16   74   200
P 37*                32        90   22   51   41   204
P 39                 32        65   36   50   53   204       $ 16633.31
P 53                 34        11   95   72   28   206       $ 14676.45
P 48                 35        13   96   38   68   215       $ 11741.16
P 55                 36        81   58   66   12   217       $ 12719.59
P 29                 37T       34   50   65   76   225       $ 11741.16
P 51                 37T       43   87   33   62   225       $ 11741.16
P 38*                39        12   49   97   71   229
P 15                 40        40   57   54   80   231       $ 12719.59
P 61                 41        95   45   64   30   234       $  9784.30
P 14                 42        34   64   85   52   235       $ 18590.17
P 23*                42        64   63   60   48   235
P 18                 44        26   95   24   94   239       $ 19568.60
P 69*                44        29   79   85   46   239
P 84                 46T       74   30   81   55   240       $ 13208.81
P114                 46T       29   96   21   94   240       $ 13208.81
P 35                 48        21   60   69   95   245       $  9784.30
P113                 49        71   49   32   94   246       $ 14676.45
P 78                 50        96   24   57   70   247       $ 19568.60
P 47                 51        31   71   89   60   251       $ 20547.03
P 20                 52        49   51   73   80   253       $ 18590.17
P  9                 53        37   75   87   60   259       $ 16633.31
P 22                 54        65   57   51   92   265       $ 14676.45
P 93                 55        92   50   67   63   272       $ 12719.59
P 62                 56        42   90   83   60   275       $ 10762.73
P 99*                57        46   85   74   81   286
P 73                 58        67   40   85   95   287       $ 16633.31
P 79*                59        45   80   85   82   292
P110                           42   71   15        DQ
P106*                          75   54   10        DQ
P 50                           10   63   93        DQ
P105                           13   91   73        DQ
P 12                           64   38   93        DQ
P 28*                          50   91   62        DQ
P 11                           20   40             DQ
P 97                           47   14             DQ
P112*                          33   53             DQ
P 63                           26   79             DQ
P 80                           44   62             DQ

Player Name          Place     RD1  RD2  RD3  RD4  TOTAL     Money Won
-----------------------------------------------------------------------
P 37                 1         18   31   24   74   147       $  4514.11
P 42*                2         10   73   22   49   154
P 11                 3         72   59   15   10   156       $  3385.58
P 35                 4         40   23   15   86   164       $  3385.58
P 31                 5         37   60   65   20   182       $  3159.88
P 40                 6         85   17   35   46   183       $  4288.41
P 14                 7         78   24   66   24   192       $  2257.06
P 43                 8         53   28   69   47   197       $  1354.23
P 20                 9         51   25   64   58   198       $  2934.17
P 12                 10        43   14   85   61   203       $  2482.76
P 44                 11        16   81   94   15   206       $  2257.06
P 19                 12        41   19   65   90   215       $  2708.47
P  9                 13        77   45   21   87   230       $  3837.00
P 22*                14        53   71   41   67   232
P 28                 15        80   54   70   29   233       $  3159.88
P 33*                15        77   31   61   64   233
P 24*                17        41   27   77   89   234
P 26*                18        99   29   37   83   248
P 45*                18        22   88   84   54   248
P 25                 20        67   40   93   56   256       $  3159.88
P 10*                21        51   49   82   80   262
P 15*                21        53   66   48   95   262
P  1                 23        76   63   62   68   269       $  3159.88
P 32                 24        21   82   83   96   282       $  2934.17
P  3*                25        22   96   77   91   286
P  5*                26        89   87   89   33   298
P 47                 27        96   92   40   85   313       $  5416.94
P 46                 28        94   75   74   90   333       $  2031.35
P  7                           69   55   18        DQ
P  2                           19   77   58        DQ
P 30                           63   60   33        DQ
P 17*                          84   55   33        DQ
P 36                           99   69   43        DQ
P 18                           13   53             DQ
P 41                           97   17             DQ
P 27*                          86   77             DQ
P  8                           99   81             DQ
P  6                           28                  DQ
P 23                           51                  DQ
P 16                           61                  DQ
P  4                           87                  DQ
P 38                           90                  DQ
P 13                                               DQ
P 21                                               DQ
P 29                                               DQ
P 34*                                              DQ
P 39                                               DQ

Player Name          Place     RD1  RD2  RD3  RD4  TOTAL     Money Won
-----------------------------------------------------------------------
P 36                 1         15   20   47   40   122       $  2675.98
P 32*                2         25   24   22   57   128
P 47                 3         47   12   42   33   134       $  3865.30
P  8                 4         65   30   41   18   154       $  5054.62
P  2                 5         22   30   81   25   158       $  5649.28
P 46                 6         65   60   31   13   169       $  3270.64
P 29                 7         30   46   15   79   170       $  3270.64
P 27                 8         80   26   22   46   174       $  3270.64
P 24                 9         76   35   32   32   175       $  4162.63
P 48                 10        85   10   58   32   185       $  7135.93
P 42                 11        12   59   46   75   192       $  4162.63
P  7                 12        81   65   44   21   211       $  5351.95
P 49                 13        28   97   33   55   213       $  3865.30
P 33                 14        62   31   96   25   214       $  3865.30
P  9                 15        10   95   72   38   215       $  4757.29
P 35                 16        13   95   92   18   218       $  3567.97
P 21                 17T       14   78   36   92   220       $  4311.29
P 31                 17T       72   13   57   78   220       $  4311.29
P 43                 19        61   81   16   66   224       $  4757.29
P 25*                20        97   56   28   44   225
P 40                 20        47   35   98   45   225       $  4459.96
P 28                 22        94   51   47   34   226       $  5351.95
P 20                 23        98   35   72   22   227       $  5351.95
P 16                 24        96   49   18   68   231       $  4757.29
P 51*                25        62   47   70   63   242
P 23                 26        50   90   47   60   247       $  4459.96
P 18                 27        60   82   36   72   250       $  2081.31
P  3                 28        83   73   53   42   251       $  2973.31
P 22*                29        52   38   76   94   260
P 50                 30        81   71   31   79   262       $  2378.64
P 26                 31        27   72   97   73   269       $  5054.62
P 52                 32        98   22   97   53   270       $  4757.29
P 13                 33T       49   87   97   45   278       $  4162.63
P 34                 33T       70   59   57   92   278       $  4162.63
P 39                 35        79   30   78   93   280       $  3270.64
P 15                 36        20   93   89   79   281       $  8027.93
P 41                 37        82   79   60   63   284       $  2973.31
P 45                 38        92   98   98   16   304       $  4459.96
P 17                 39        92   62   65   92   311       $  3865.30
P  6                           83   20   13        DQ
P 30*                          52   24   93        DQ
P 11*                          47   98   37        DQ
P 44                           21   10             DQ
P  1                           77   73             DQ
P 37                           65   85             DQ
P 19                           56                  DQ
P  4                           89                  DQ
P  5                                               DQ
P 10*                                              DQ
P 12                                               DQ
P 14                                               DQ
P 38                                               DQ

Player Name          Place     RD1  RD2  RD3  RD4  TOTAL     Money Won
-----------------------------------------------------------------------
P 13                 1         42   24   10   29   105       $  3425.43
P 14                 2T        18   31   32   26   107       $  5480.68
P 41                 2T        37   16   37   17   107       $  5480.68
P 84                 4         75   18   18   21   132       $  3767.97
P 79                 5         15   22   37   69   143       $  3767.97
P 70                 6         26   87   26   18   157       $  3767.97
P  2                 7         35   32   29   66   162       $  2740.34
P  1                 8         50   23   23   70   166       $  4453.06
P  7                 9         96   22   32   17   167       $  4110.51
P  6*                10        27   52   19   71   169
P 33                 11        36   12   65   57   170       $  5480.68
P 77                 12        15   92   28   42   177       $  4110.51
P 82                 13        30   65   68   16   179       $  4453.06
P 44*                14        22   33   92   38   185
P 73*                15        34   29   82   45   190
P 15                 16        57   73   48   15   193       $  5138.14
P 27                 17        47   59   47   42   195       $  3082.89
P 74                 18        57   58   56   27   198       $  6850.86
P 25*                19        11   35   87   66   199
P 19                 20T       51   23   57   71   202       $  5823.23
P 64                 20T       36   32   71   63   202       $  5823.23
P 69                 22        60   94   26   24   204       $  5480.68
P 59*                23        70   45   63   27   205
P 49                 24        86   63   19   38   206       $  5480.68
P 26                 25        64   51   37   62   214       $  3425.43
P 50                 26        31   93   60   33   217       $  5823.23
P 18*                27        31   93   52   42   218
P 54                 28T       71   30   83   37   221       $  5309.41
P 63*                28        74   53   10   84   221
P 67                 28T       73   21   95   32   221       $  5309.41
P 78                 31        50   13   88   71   222       $  6165.77
P 80                 32T       31   92   69   33   225       $  4966.87
P 83                 32T       79   62   14   70   225       $  4966.87
P 28                 34        63   98   46   23   230       $  7878.48
P 36                 35T       12   96   97   34   239       $  5480.68
P 43                 35T       83   60   86   10   239       $  5480.68
P 72*                35        19   81   52   87   239
P 75                 38        51   64   81   49   245       $  2397.80
P 16*                39        36   56   81   75   248
P 17                 39        31   79   71   67   248       $  3082.89
P 89*                39        76   32   61   79   248
P 88                 42        45   97   54   55   251       $  5823.23
P 65                 43        44   72   77   59   252       $  4110.51
P  9                 44        74   56   90   37   257       $  4110.51
P 12                 45T       63   94   50   52   259       $  5651.96
P 32                 45T       77   49   95   38   259       $  5651.96
P 52                 47        89   25   60   88   262       $  6508.31
P 81                 48        87   61   92   24   264       $  5480.68
P  4                 49        64   82   77   42   265       $  4453.06
P 86                 50        25   78   70   97   270       $  4453.06
P  5                 51T       55   82   91   43   271       $  5480.68
P 71                 51T       13   96   87   75   271       $  5480.68
P 24*                53        23   75   95   80   273
P 37*                54        25   89   79   86   279
P 57                 54        56   56   76   91   279       $  6165.77
P 48                 56        59   77   94   94   324       $  4795.60
P 85                 57        69   95   77   84   325       $  3767.97
P 76*                          98   14   62        DQ
P 11                           80   59   40        DQ
P 68                           75   33   82        DQ
P 60*                          58   77   72        DQ
P 61                           14   15             DQ
P 21*                          25   29             DQ
P 42*                          55   28             DQ
P 53                           75   17             DQ
P 39                           19   75             DQ
P  8                           71   45             DQ
P 29*                          71   54             DQ
P  3                           96   34             DQ
P 62                           96   41             DQ

Player Name          Place     RD1  RD2  RD3  RD4  TOTAL     Money Won
-----------------------------------------------------------------------
P 99                 1         21   25   17   19   82        $  1828.36
P109                 2         20   16   30   19   85        $  1828.36
P 61                 3T        34   20   15   49   118       $  1994.58
P133                 3T        36   45   24   13   118       $  1994.58
P101                 5         48   52   19   21   140       $  3490.51
P 82*                6         61   42   34   13   150
P 29*                7         30   24   45   63   162
P107*                8         69   17   38   39   163
P 14                 9         36   10   75   43   164       $  3490.51
P 33                 10        44   48   20   53   165       $  2659.43
P 69                 11        42   31   74   20   167       $  3490.51
P 19*                12        41   14   93   21   169
P131                 13        25   76   49   22   172       $  1662.15
P 65                 14        77   45   21   30   173       $  1662.15
P 85                 15        87   38   27   23   175       $  2160.79
P134*                16        26   11   93   49   179
P 92*                17        12   67   70   34   183
P 45                 18        14   63   52   56   185       $  1994.58
P 96*                18        69   32   74   10   185
P 12                 20        80   26   11   72   189       $  2493.22
P 95                 21        26   89   26   49   190       $  2493.22
P 24                 22        75   46   40   30   191       $  2659.43
P102*                23        16   19   95   62   192
P 81*                24        67   14   92   22   195
P 41                 25        57   40   55   46   198       $  1994.58
P135*                26        64   21   40   74   199
P 18*                27        17   83   17   90   207
P 51*                27        54   38   83   32   207
P117*                29        25   68   78   37   208
P 21*                30        23   45   83   60   211
P 68                 30        32   23   74   82   211       $  3158.08
P 60                 32        66   41   66   39   212       $  2825.65
P119                 33        70   55   62   26   213       $  2327.01
P 46                 34        52   20   83   62   217       $   997.29
P 78*                34        90   10   76   41   217
P115*                34        17   79   22   99   217
P136*                34        56   31   54   76   217
P 93                 38        31   17   97   74   219       $  2493.22
P 53                 39        28   79   89   27   223       $  1828.36
P 25                 40        26   73   92   37   228       $  2327.01
P 48                 41        18   56   64   92   230       $  2493.22
P 88                 42        55   34   80   65   234       $  2659.43
P  6                 43T       98   10   89   38   235       $  2742.54
P 39                 43T       35   62   81   57   235       $  2742.54
P 16                 45        10   82   83   61   236       $  2493.22
P 15*                46        51   52   89   46   238
P 43                 47        51   12   88   89   240       $  2160.79
P 22*                48        46   79   99   18   242
P 64                 49        56   29   87   72   244       $  2659.43
P128                 50        64   51   40   91   246       $  3656.72
P 31*                51        49   37   91   70   247
P 74                 52        53   23   99   90   265       $  1828.36
P 59                 53        99   21   62   89   271       $  2327.01
P 62                 54        26   69   95   86   276       $  3656.72
P 91                 55        12   96   74   95   277       $  1163.50
P 72                 56        10   94   96   82   282       $  2493.22
P110                 57        50   44   98   95   287       $  1994.58
P 17                           42   25   28        DQ
P 87*                          15   40   42        DQ
P124*                          70   19   37        DQ
P 30*                          69   49   20        DQ
P130                           34   72   60        DQ
P111*                          26   54   93        DQ
P 34                           64   61   51        DQ
P 63*                          14   84   99        DQ
P116*                          43   77   86        DQ
P104                           17   26             DQ
P 77                           20   43             DQ
P 79                           15   51             DQ
P 94*                          43   27             DQ
P  8                           53   57             DQ
P 38*                          74   51             DQ

Player Name          Place     RD1  RD2  RD3  RD4  TOTAL     Money Won
-----------------------------------------------------------------------
P 88*                1         11   12   57   12   92
P 99                 2         19   17   22   36   94        $  5735.71
P 41*                3         33   41   23   12   109
P 80                 4         23   27   31   29   110       $  5735.71
P 90                 5         33   69   11   11   124       $  6778.57
P 42                 6         16   46   48   17   127       $ 11471.42
P 65                 7         23   27   37   44   131       $  5214.28
P 84                 8         12   67   34   24   137       $  8864.28
P 37*                9         36   30   14   68   148
P104                 10        41   28   29   54   152       $  4692.85
P 62                 11        35   76   19   25   155       $  8342.85
P 47                 12        24   13   81   40   158       $  7821.42
P101                 13        40   24   42   62   168       $  5735.71
P 33                 14        51   68   38   15   172       $  3128.57
P109                 15        48   85   10   37   180       $  6778.57
P 98                 16T       71   15   12   84   182       $  8082.14
P110                 16T       11   51   34   86   182       $  8082.14
P 76                 18        52   42   46   46   186       $  7821.42
P 43                 19        64   57   32   39   192       $  6778.57
P 95                 20        81   50   49   20   200       $  6778.57
P 56                 21        65   42   53   43   203       $ 10428.56
P 19                 22        17   81   10   98   206       $ 10428.56
P 15*                23        87   57   41   22   207
P 96*                23        56   25   42   84   207
P 22                 25        24   60   81   45   210       $  7299.99
P 36                 26        54   58   73   26   211       $  6257.14
P 78                 27        29   58   58   69   214       $ 11471.42
P 53                 28        74   51   35   55   215       $  7299.99
P 63                 29        56   68   63   35   222       $  6257.14
P 57                 30        17   65   63   82   227       $  8864.28
P 64*                31        54   24   52   98   228
P 32                 32T       45   77   89   18   229       $  7299.99
P 38                 32T       63   35   95   36   229       $  7299.99
P 73                 34        34   12   99   86   231       $  8342.85
P 16                 35        81   36   53   62   232       $  7821.42
P 59*                36        51   14   79   89   233
P 13                 37        67   36   72   59   234       $  6257.14
P 34                 38        67   57   42   69   235       $  7299.99
P 10*                39        97   15   27   97   236
P 89*                40        58   72   17   91   238
P111*                41        51   42   57   99   249
P 27                 42        61   55   55   83   254       $  8864.28
P 70                 43        35   49   76   95   255       $ 10428.56
P 28                 44        18   81   63   97   259       $  5214.28
P 60                 45        54   79   88   40   261       $  7821.42
P 83*                46        82   55   90   35   262
P 79                 47        68   49   71   77   265       $  4171.43
P112*                48        58   78   34   99   269
P 31                 49        90   46   98   37   271       $  7821.42
P100*                49        55   76   71   69   271
P 52                 51        35   74   78   89   276       $  8864.28
P 17*                52        26   84   80   96   286
P 50*                53        82   41   75   89   287
P 74                 54        49   84   70   90   293       $  3650.00
P 68*                55        41   89   83   82   295
P 25                           71   36   24        DQ
P 67*                          57   47   34        DQ
P 71*                          28   61   55        DQ
P 77                           10   76   68        DQ
P 92                           81   41   43        DQ
P  4                           43   95   28        DQ
P107                           42   58   81        DQ
P 12                           30   17             DQ
P 18*                          10   68             DQ
P 82*                          19   68             DQ
P  8                           80   18             DQ
P  1                           13   95             DQ
P 75                           48   86             DQ
P105                           61   74             DQ
P 69                           71   74             DQ

Player Name          Place     RD1  RD2  RD3  RD4  TOTAL     Money Won
-----------------------------------------------------------------------
P 26                 1         56   21   13   31   121       $   490.81
P 25*                2         10   60   19   45   134
P  6                 3         76   40   27   11   154       $   449.91
P 13*                4         57   11   39   52   159
P  7                 5         26   48   22   75   171       $   613.51
P  4                 6         18   25   84   49   176       $   531.71
P 11                 7         20   73   75   17   185       $   245.40
P 17                 8         28   66   22   76   192       $   490.81
P  2*                9         72   24   85   14   195
P 27                 10        83   30   44   44   201       $   490.81
P  1                 11        12   86   18   94   210       $   654.41
P 24                 12        94   20   99   23   236       $   490.81
P 23                 13        90   72   63   12   237       $   572.61
P 10                 14T       96   86   14   42   238       $   531.71
P 21                 14T       76   92   45   25   238       $   531.71
P 30                 16        35   76   76   55   242       $   695.31
P 20*                17        90   68   37   50   245
P 19                 18        44   54   93   62   253       $   572.61
P  9                 19        76   16   98   67   257       $  1022.51
P 22                 20        91   30   47   98   266       $   490.81
P 29*                21        63   74   60   89   286
P 28*                22        86   70   91   48   295
P 16*                23        76   62   82   81   301
P 12                 24        80   91   85   70   326       $   572.61
P 31                           61   38   31        DQ
P 14                           25   47             DQ
P 32                           21   57             DQ
P  3                           19                  DQ
P  8                           73                  DQ
P  5                                               DQ
P 15                                               DQ
P 18                                               DQ

Player Name          Place     RD1  RD2  RD3  RD4  TOTAL     Money Won
-----------------------------------------------------------------------
P 37                 1         40   26   19   21   106       $ 15327.36
P 41                 2         27   36   30   32   125       $  9680.44
P  9                 3         20   20   70   17   127       $  6453.62
P  7                 4         10   77   17   24   128       $ 13713.95
P 50                 5         45   66   12   13   136       $ 12100.55
P 46*                6         26   31   55   32   144
P 24                 7T        15   72   44   14   145       $ 11697.19
P 47                 7T        28   17   23   77   145       $ 11697.19
P 61                 9         72   37   31   10   150       $ 10487.14
P 35                 10        70   10   13   61   154       $  3226.81
P 30*                11        58   37   49   14   158
P 48*                12        57   46   19   45   167
P 55                 12        55   10   21   81   167       $ 14520.66
P 51                 14        19   21   91   45   176       $ 13713.95
P 58                 15        87   38   29   28   182       $ 12100.55
P 10                 16        24   44   97   21   186       $ 12100.55
P  5                 17        94   40   18   37   189       $ 12100.55
P  6*                18        11   47   75   60   193
P 19                 19        67   72   41   15   195       $  9680.44
P 16                 20        28   59   99   14   200       $ 14520.66
P 26*                21        20   85   46   51   202
P 20                 22        56   15   81   60   212       $ 12907.25
P  8                 23        88   77   35   13   213       $ 14520.66
P 40                 24        57   75   67   16   215       $ 20167.58
P 21                 25        48   86   31   51   216       $ 15327.36
P 29*                26        57   85   59   19   220
P  1                 27T       63   42   74   50   229       $  9277.09
P 38                 27T       72   71   63   23   229       $  9277.09
P 28                 29        17   99   17   97   230       $  9680.44
P 56                 30        62   43   46   80   231       $ 16940.77
P 25*                31        90   34   97   20   241
P 39                 32        75   78   54   35   242       $  4840.22
P 13                 33        81   77   52   33   243       $  7260.33
P  3*                34        57   83   48   59   247
P 14*                35        67   70   36   76   249
P 64                 36        94   50   79   37   260       $ 13713.95
P 36*                37        51   87   48   90   276
P 42                 38        83   33   84   77   277       $  6453.62
P 23                 39        24   86   69   99   278       $ 16134.06
P 53                 40        92   64   77   47   280       $  7260.33
P 63                 41        92   56   53   85   286       $  9680.44
P 11                 42        48   88   89   62   287       $ 13713.95
P 49                 43        34   87   95   80   296       $  8873.73
P 52                 44        99   90   50   59   298       $  8067.03
P 27                 45        31   85   88   98   302       $ 10487.14
P 32*                46        89   83   89   50   311
P 17*                          56   21   26        DQ
P 59                           40   68   23        DQ
P 15                           65   86   36        DQ
P 57                           41   70   87        DQ
P 45*                          26   37             DQ
P 22                           82   10             DQ
P 31                           35   59             DQ
P  2                           18   79             DQ
P 60                           60   75             DQ
P 62                           91   46             DQ
P 12*                          62   86             DQ
P 34*                          79   99             DQ
P 44*                          28                  DQ
P 33                           35                  DQ
P 18*                          79                  DQ
P  4                                               DQ
P 43*                                              DQ
P 54                                               DQ

Player Name          Place     RD1  RD2  RD3  RD4  TOTAL     Money Won
-----------------------------------------------------------------------
P 25                 1         31   71   31   15   148       $  1676.79
P  8*                2         15   86   25   30   156
P 17                 3         58   64   16   42   180       $  1357.40
P  7                 4         67   62   20   35   184       $   718.62
P 10                 5         18   13   95   68   194       $   958.16
P  5                 6         57   94   30   20   201       $   638.78
P 23                 7         55   13   70   65   203       $  1277.55
P 26                 8         26   83   34   61   204       $  1038.01
P  2                 9T        47   43   90   25   205       $  1477.17
P 41                 9T        30   10   82   83   205       $  1477.17
P 24                 11        20   76   15   99   210       $  1038.01
P 38                 12        79   31   54   49   213       $  1357.40
P  4                 13        29   14   80   93   216       $  1038.01
P 33*                14        27   79   96   23   225
P 12*                15        47   69   73   41   230
P 43                 16        68   61   56   74   259       $  1676.79
P 19                 17        76   41   48   99   264       $  1117.86
P 37                 18        79   85   60   49   273       $   878.32
P 27                 19        97   56   77   47   277       $  1357.40
P 11                 20        36   93   72   80   281       $  1437.25
P 31*                21        86   90   52   81   309
P 30                 22        81   84   70   85   320       $  1038.01
P 29*                23        75   70   97   82   324
P 40                           12   12   12        DQ
P 34                           94   48   42        DQ
P  6                           91   18   91        DQ
P 36                           36   30             DQ
P 21                           30   63             DQ
P 20*                          34   98             DQ
P 14                           55   83             DQ
P 13                           44   95             DQ
P  1                           82   71             DQ
P  9                           12                  DQ
P 18*                          39                  DQ
P 32                           69                  DQ
P 15*                          81                  DQ
P 16                           85                  DQ
P  3                                               DQ
P 22                                               DQ
P 28                                               DQ
P 35*                                              DQ
P 39                                               DQ
P 42                                               DQ

Player Name          Place     RD1  RD2  RD3  RD4  TOTAL     Money Won
-----------------------------------------------------------------------
P 74*                1         27   28   10   21   86
P 34                 2         47   14   32   24   117       $  1750.03
P 32                 3         36   24   53   16   129       $  2333.38
P 64                 4         48   38   42   11   139       $  1312.53
P 11                 5         37   10   43   59   149       $  1458.36
P 88                 6         17   23   32   84   156       $  1895.87
P 51                 7         14   71   55   17   157       $  1458.36
P 43                 8         47   57   40   14   158       $  2479.21
P 68                 9         25   28   91   26   170       $  2187.54
P 31                 10        55   25   71   22   173       $  2625.05
P 57                 11T       11   36   50   77   174       $  2114.62
P 83                 11T       37   62   29   46   174       $  2114.62
P 98*                11        56   22   85   11   174
P  9                 14        35   56   13   73   177       $  1604.20
P 52                 15        17   38   92   32   179       $  2041.71
P 62*                16        38   52   67   24   181
P 48                 17T       48   10   70   56   184       $  1604.20
P 94                 17T       18   56   82   28   184       $  1604.20
P 22                 19        92   44   38   11   185       $  1458.36
P 79*                20        34   40   34   78   186
P 45                 21        77   28   46   39   190       $  2187.54
P 17                 22T       10   68   72   42   192       $  1677.12
P 18                 22T       37   88   15   52   192       $  1677.12
P 14                 24        14   33   57   94   198       $  2770.89
P 36                 25        19   64   35   83   201       $  2187.54
P 24                 26T       63   38   26   75   202       $  1822.95
P 39                 26T       83   27   24   68   202       $  1822.95
P 54                 28T       30   64   61   49   204       $  1968.79
P 60                 28T       83   18   33   70   204       $  1968.79
P  3                 30        25   62   58   60   205       $  1895.87
P 53                 31        54   50   69   35   208       $  2187.54
P 16*                32        49   75   64   23   211
P 49                 32        98   32   49   32   211       $  1020.85
P 21                 34        26   20   99   68   213       $  1312.53
P 37                 35        35   39   80   60   214       $  2187.54
P 41                 36        91   24   45   62   222       $  2333.38
P 65*                37        56   71   12   87   226
P 89*                38        89   49   10   81   229
P 93                 38        24   73   95   37   229       $  2041.71
P  7                 40        13   77   97   45   232       $  3354.23
P 66                 41T       83   65   27   58   233       $  3135.48
P 70                 41T       86   49   80   18   233       $  3135.48
P101*                43        61   80   47   49   237
P 56                 44        92   39   65   42   238       $  1312.53
P 33                 45        39   34   74   96   243       $  3208.40
P 28                 46        84   50   43   68   245       $  2187.54
P 42                 47        90   44   55   59   248       $  1750.03
P 63                 48        16   74   79   85   254       $  2625.05
P 27                 49        64   78   43   70   255       $  2187.54
P 76                 50        69   38   63   88   258       $  3500.07
P 96                 51        76   61   38   88   263       $  2770.89
P 44                 52        60   49   72   90   271       $  1604.20
P  4                 53        70   66   91   45   272       $  1750.03
P 91                 54        42   98   66   67   273       $  1895.87
P 80                 55        41   76   88   88   293       $  2187.54
P 71*                56        53   94   67   85   299
P  2                 57        93   39   91   99   322       $  2479.21
P 55*                          23   26   38        DQ
P 87*                          72   33   24        DQ
P 77                           67   48   42        DQ
P 38                           58   54   76        DQ
P 92                           37   21             DQ
P 13                           14   51             DQ
P  8                           56   29             DQ
P 25                           47   39             DQ
P 23                           16   71             DQ
P 50                           46   43             DQ
P100                           79   20             DQ
P 10                           50   85             DQ
P 73                           78   59             DQ

Player Name          Place     RD1  RD2  RD3  RD4  TOTAL     Money Won
-----------------------------------------------------------------------
P 10*                1         25   35   16   16   92
P108                 2         14   42   10   29   95        $  3409.21
P 28                 3         18   39   35   17   109       $  5454.74
P133                 4         14   31   51   26   122       $  3750.14
P 39                 5         64   28   14   17   123       $  5113.82
P114                 6         27   51   14   32   124       $  4772.90
P  1*                7         43   19   34   38   134
P103                 8         70   25   19   30   144       $  5795.66
P 94                 9         52   36   39   18   145       $  6477.51
P 49                 10T       32   53   14   47   146       $  5795.66
P106                 10T       20   29   13   84   146       $  5795.66
P137                 12        67   45   23   13   148       $  5454.74
P 52                 13T       30   31   75   14   150       $  5454.74
P 91                 13T       16   63   51   20   150       $  5454.74
P119                 15        89   12   33   19   153       $  5795.66
P116                 16        92   25   18   19   154       $  6136.58
P 45                 17        49   18   77   20   164       $  2727.37
P 30*                18        11   83   27   46   167
P  9                 19        24   59   38   49   170       $  4772.90
P127                 20        14   40   60   57   171       $  3409.21
P121                 21        50   23   38   63   174       $  4772.90
P104*                22        30   31   85   33   179
P125                 23        19   99   40   22   180       $  5454.74
P 42                 24        44   47   41   50   182       $  8182.11
P 98                 25        79   16   24   65   184       $  6818.43
P 40                 26        32   74   40   41   187       $  6136.58
P109                 27T       13   67   46   62   188       $  3522.85
P118                 27T       12   91   15   70   188       $  3522.85
P136                 27T       21   37   43   87   188       $  3522.85
P 99                 30        38   68   41   44   191       $  4431.98
P 19                 31T       51   36   64   43   194       $  3750.14
P 36                 31T       15   79   59   41   194       $  3750.14
P 71*                31        20   85   42   47   194
P 79*                34        65   39   35   56   195
P123                 34        17   36   49   93   195       $  4091.06
P 12                 36        94   25   46   34   199       $  5795.66
P100                 37        52   44   61   43   200       $  4431.98
P 16                 38        55   42   12   96   205       $  6477.51
P 22                 39        17   67   87   36   207       $  2727.37
P  6                 40        47   27   49   88   211       $  4091.06
P 43                 41T       40   62   22   92   216       $  5625.20
P 66                 41T       48   53   37   78   216       $  5625.20
P 38*                43        99   16   11   95   221
P  7                 44        70   47   90   16   223       $  4091.06
P 64                 45        45   67   25   89   226       $  4091.06
P  4                 46        51   51   44   81   227       $  3409.21
P 65*                47        53   44   59   75   231
P 24                 48        38   38   80   77   233       $  4431.98
P 41*                49        27   89   58   62   236
P 67*                50        76   39   99   23   237
P 35*                51        43   71   53   72   239
P 90*                52        56   38   77   85   256
P112                 52        59   58   67   72   256       $  4772.90
P 82                 54        51   26   90   90   257       $  4091.06
P 48                 55        58   61   81   62   262       $  5113.82
P 20                 56        38   76   69   86   269       $  6818.43
P122                 57        14   82   86   98   280       $  6818.43
P 89                           19   77   28        DQ
P 54                           19   63   50        DQ
P 75*                          30   71   32        DQ
P 11                           38   61   46        DQ
P 31                           13   64   89        DQ
P 96                           30   18             DQ
P 13                           62   10             DQ
P 53*                          66   15             DQ
P 57                           63   42             DQ
P 83*                          56   50             DQ
P 18                           24   89             DQ
P134*                          58   60             DQ
P 47*                          41   78             DQ
P 63                           73   46             DQ

Player Name          Place     RD1  RD2  RD3  RD4  TOTAL     Money Won
-----------------------------------------------------------------------
P  6                 1         43   23   58   59   183       $  7313.97
P  5                 2         53   71   41   26   191       $  7313.97
P  7                 3         88   41   18   49   196       $  6399.72
P  1                 4         30   69   92   10   201       $ 18284.92
P  2                           56   99   29        DQ
P  4*                          57                  DQ
P  8                           58                  DQ
P  3                                               DQ

Player Name          Place     RD1  RD2  RD3  RD4  TOTAL     Money Won
-----------------------------------------------------------------------
P 58                 1         42   28   13   14   97        $  7055.22
P  9                 2         31   17   41   30   119       $  4455.93
P 60*                3         60   26   20   18   124
P133*                4         36   42   47   16   141
P 45*                5         12   43   29   58   142
P 83                 6         12   23   71   38   144       $  5198.58
P 32                 7         78   42   11   16   147       $  7797.88
P 13                 8         14   45   74   18   151       $  5198.58
P106                 9         56   42   20   36   154       $  4827.26
P 82                 10        75   27   24   29   155       $  5569.91
P 86                 11T       36   22   31   70   159       $  5012.92
P101                 11T       35   79   27   18   159       $  5012.92
P103                 13        77   45   10   30   162       $  5198.58
P 90*                14        44   29   58   33   164
P 23                 15        15   29   48   73   165       $  2599.29
P105                 16        37   23   37   71   168       $  5198.58
P 67                 17        57   64   11   37   169       $  5198.58
P 54                 18        13   59   62   37   171       $  2599.29
P 95                 19        22   38   55   58   173       $  8169.21
P 18*                20        74   39   31   31   175
P 91                 21        59   12   65   42   178       $  5941.24
P125                 22        14   34   41   90   179       $  4084.60
P 81                 23T       45   54   55   28   182       $  4455.93
P130                 23T       36   35   42   69   182       $  4455.93
P 97                 25T       63   12   72   36   183       $  5384.25
P110                 25T       67   22   76   18   183       $  5384.25
P 41                 27        98   21   45   24   188       $  7055.22
P 52*                28        25   85   37   46   193
P 99                 29        48   68   26   52   194       $  5198.58
P 48                 30        70   10   52   63   195       $  4084.60
P 87                 31T       20   73   95   10   198       $  6683.89
P123                 31T       18   17   80   83   198       $  6683.89
P 42                 33T       44   21   95   43   203       $  5755.58
P 73                 33T       26   80   58   39   203       $  5755.58
P 36                 35        59   18   30   99   206       $  7426.55
P 77*                36        22   12   79   97   210
P 88                 36        24   84   51   51   210       $  3713.28
P 39*                38        32   33   49   99   213
P115*                39        74   44   79   17   214
P129                 39        14   95   84   21   214       $  4827.26
P 74*                41        44   73   87   11   215
P132*                42        32   86   50   51   219
P 46                 43        69   13   68   73   223       $  4827.26
P 47*                44        43   48   39   97   227
P 78*                44        18   95   66   48   227
P119*                46        60   29   90   55   234
P134                 47        39   70   74   54   237       $  5941.24
P 92                 48        26   86   55   71   238       $  6312.57
P121                 49        73   49   62   57   241       $  4084.60
P 65                 50        78   42   99   25   244       $  4827.26
P 34                 51T       89   27   91   39   246       $  5941.24
P118                 51T       89   11   97   49   246       $  5941.24
P 62                 53T       73   48   75   51   247       $  6683.90
P 70                 53T       14   94   96   43   247       $  6683.90
P137*                55        41   35   76   97   249
P 35                 56        40   56   71   96   263       $  3341.95
P  4                           66   15   13        DQ
P 57*                          19   11   88        DQ
P 37                           21   45   53        DQ
P 19                           39   29   53        DQ
P144                           48   11   73        DQ
P104                           15   95   32        DQ
P124                           29   65   69        DQ
P 33                           47   69   60        DQ
P113                           15   54             DQ
P 31*                          13   63             DQ
P126                           17   63             DQ
P 89                           47   38             DQ
P 44                           69   21             DQ
P 17*                          60   44             DQ

Player Name          Place     RD1  RD2  RD3  RD4  TOTAL     Money Won
-----------------------------------------------------------------------
P 14                 1         39   12   17   20   88        $   317.70
P 30                 2         10   17   43   21   91        $   423.59
P 50                 3         14   20   29   69   132       $   450.07
P 69*                4         21   52   34   26   133
P 20                 5         76   17   37   15   145       $   450.07
P 56                 6         56   32   20   41   149       $   450.07
P 72                 7         19   22   20   89   150       $   317.70
P 49*                8         12   93   27   22   154
P 38*                9         36   27   67   28   158
P 19                 10T       64   26   22   52   164       $   330.93
P 34                 10T       41   29   83   11   164       $   330.93
P 70                 12        96   20   34   21   171       $   370.64
P 24                 13        47   17   86   24   174       $   423.59
P 71                 14        35   66   67   15   183       $   476.54
P 44*                15        13   65   25   85   188
P 60*                16        68   46   11   64   189
P 17                 17        19   88   61   22   190       $   238.27
P 47                 18        68   13   34   79   194       $   450.07
P 21*                19        45   29   99   29   202
P 32*                20        84   17   90   14   205
P 66                 20        44   69   30   62   205       $   185.32
P 12                 22        16   59   86   49   210       $   291.22
P 46                 23        40   68   14   89   211       $   529.49
P  4*                24        11   95   45   62   213
P 53*                24        11   73   77   52   213
P 48                 26        96   52   30   39   217       $   608.92
P 10                 27T       87   49   46   36   218       $   410.36
P 15                 27T       53   72   68   25   218       $   410.36
P 35*                29        73   57   30   59   219
P 42                 29        85   22   71   41   219       $   344.17
P 37                 31        30   95   45   53   223       $   291.22
P 52                 32        37   97   16   75   225       $   317.70
P 55*                33        33   72   76   49   230
P 57                 33        70   71   75   14   230       $   397.12
P 23                 35        64   96   58   21   239       $   370.64
P 67                 36        77   55   68   40   240       $   370.64
P 27                 37        94   39   96   15   244       $   317.70
P  8                 38        38   82   83   44   247       $   450.07
P  2                 39        84   42   37   85   248       $   555.97
P 62                 40        76   93   27   54   250       $   238.27
P 22                 41        67   28   64   93   252       $   185.32
P 51                 42        97   70   71   18   256       $   450.07
P  7*                43        85   65   64   44   258
P 45                 43        79   36   74   69   258       $   264.75
P 39                 45        48   76   51   84   259       $   476.54
P 68                 46        42   50   94   77   263       $   476.54
P 40                 47        81   58   60   72   271       $   317.70
P 11                 48        80   80   51   68   279       $   582.44
P 41*                49        99   69   94   42   304
P 43                           71   22   27        DQ
P 36                           11   86   45        DQ
P 33                           64   97   86        DQ
P 54*                          84   87   99        DQ
P 31*                          14   32             DQ
P 64                           12   92             DQ
P 63*                          25   96             DQ
P 26*                          79   54             DQ
P 28                           63   71             DQ
P 58*                          65   95             DQ
P 61*                          36                  DQ
P 29*                          63                  DQ
P 16*                          83                  DQ
P 13                           97                  DQ
P  1                                               DQ
P  3                                               DQ
P  5                                               DQ
P  6                                               DQ
P  9                                               DQ
P 18                                               DQ
P 25                                               DQ
P 59                                               DQ
P 65                                               DQ

Player Name          Place     RD1  RD2  RD3  RD4  TOTAL     Money Won
-----------------------------------------------------------------------
P 42                 1         13   53   31   41   138       $  5890.03
P 34                 2         23   13   83   29   148       $  5104.70
P  8                 3         59   12   62   18   151       $  5104.70
P  5*                4         15   39   24   78   156
P 45                 5         47   71   24   15   157       $  7853.38
P 10                 6         19   33   19   87   158       $  6675.37
P 17*                7         70   18   38   43   169
P  7*                8         98   32   34   11   175
P 56                 9         42   57   13   64   176       $  5890.03
P 22                 10        14   12   91   60   177       $  5104.70
P 43                 11        25   52   29   72   178       $  5104.70
P 15*                12        22   76   57   24   179
P 29                 13        93   19   34   43   189       $  5497.36
P 31*                14        36   42   15   97   190
P 72*                14        68   38   29   55   190
P  1                 16        16   31   71   78   196       $  7068.04
P 35*                16        23   63   75   35   196
P 52*                18        23   44   71   59   197
P  4                 19        75   27   65   32   199       $  9031.38
P 71                 20        88   20   16   76   200       $  5104.70
P 51                 21        55   22   45   80   202       $  5497.36
P 49                 22        27   97   51   31   206       $  5890.03
P 66                 23        26   95   68   29   218       $  4712.03
P 61                 24        64   20   70   71   225       $  5890.03
P 74                 25        65   40   96   26   227       $  5890.03
P 58                 26        95   47   61   36   239       $  9424.05
P 39                 27        95   52   84   10   241       $  7068.04
P 57                 28        99   81   28   34   242       $  7068.04
P  3                 29        78   78   28   62   246       $  1963.34
P  9                 30        22   71   77   81   251       $  4712.03
P 36                 31        68   76   16   93   253       $  5890.03
P 62                 32        57   35   95   68   255       $  6282.70
P  6*                33        14   67   98   80   259
P 27                 33        76   98   66   19   259       $  2748.68
P 73*                35        80   85   76   19   260
P 32                 36        57   80   68   64   269       $  2748.68
P 47                 37T       93   91   34   59   277       $  6871.71
P 68                 37T       39   67   92   79   277       $  6871.71
P 25                 39        67   26   94   94   281       $  4319.36
P 64                 40        23   79   94   87   283       $  4712.03
P 69                 41        73   74   91   48   286       $  5497.36
P 38*                42        98   72   32   85   287
P  2                 43        79   97   83   95   354       $  4712.03
P 24                           34   31   25        DQ
P 60                           35   73   16        DQ
P 16                           82   44   26        DQ
P 50*                          55   50   50        DQ
P 23                           16   87   56        DQ
P 11                           68   92   16        DQ
P 44                           19   73   90        DQ
P 63                           94   74   15        DQ
P 12*                          62   55   67        DQ
P 21                           49   94   53        DQ
P 65*                          19   44             DQ
P 14                           39   34             DQ
P 33*                          20   63             DQ
P 53                           10                  DQ
P 41                           26                  DQ
P 48                           32                  DQ
P 70                           56                  DQ
P 30                           59                  DQ
P 26                           79                  DQ
P 13                           82                  DQ
P 40                           85                  DQ
P 18                                               DQ
P 19*                                              DQ
P 20                                               DQ
P 28*                                              DQ
P 37*                                              DQ
P 46                                               DQ
P 54                                               DQ
P 55                                               DQ
P 59                                               DQ
P 67                                               DQ

Player Name          Place     RD1  RD2  RD3  RD4  TOTAL     Money Won
-----------------------------------------------------------------------
P 81                 1         10   23   16   60   109       $  2453.09
P  3*                2         24   57   33   16   130
P  4                 3         18   10   70   34   132       $  2044.24
P 76                 4         17   46   11   59   133       $  1635.39
P 80                 5         11   48   26   52   137       $  3066.36
P 56                 6         36   45   19   42   142       $  1430.97
P 84                 7         15   49   23   63   150       $  2248.67
P 28                 8         30   80   26   19   155       $  3884.06
P  5                 9T        45   36   54   25   160       $  2964.15
P 79                 9T        22   29   14   95   160       $  2964.15
P 40                 11        78   14   29   41   162       $  3475.21
P  2*                12        41   39   45   38   163
P 58                 13        27   39   42   56   164       $  4292.91
P 22                 14        53   27   30   55   165       $  2657.51
P 57                 15        59   57   39   13   168       $  2657.51
P 31                 16        10   59   59   41   169       $  2453.09
P 33                 17        28   35   42   66   171       $  2044.24
P 15*                18        43   44   29   59   175
P 82                 18        23   50   81   21   175       $  3066.36
P 41                 20        89   36   47   10   182       $  1430.97
P 44*                20        91   15   22   54   182
P 49*                22        13   84   24   64   185
P 18*                23        28   31   49   78   186
P 78                 23        39   39   83   25   186       $  2248.67
P 55                 25        28   17   65   84   194       $  2453.09
P  8                 26        60   17   92   26   195       $  2453.09
P 14                 27        46   43   11   97   197       $  3884.06
P  6                 28        67   14   19   99   199       $  3679.63
P 71                 29        34   72   82   12   200       $  3679.63
P 34*                30        20   75   20   86   201
P 69                 30        69   44   33   55   201       $  2657.51
P 67                 32        32   51   51   71   205       $  2657.51
P 36*                33        15   47   77   69   208
P 17                 34        11   98   41   60   210       $  1635.39
P 85*                35        44   75   31   63   213
P 63                 36        77   18   40   83   218       $  2657.51
P 86*                37        63   54   64   38   219
P 77                 38        62   32   63   65   222       $  3270.79
P 75*                39        25   78   63   60   226
P 20                 40T       50   76   20   85   231       $  3066.36
P 54                 40T       54   44   34   99   231       $  3066.36
P 13                 42        13   94   61   72   240       $  2453.09
P 19*                43        73   24   69   78   244
P 32                 43        58   34   61   91   244       $  3066.36
P 11                 45        73   48   46   80   247       $  3679.63
P 16                 46        39   47   90   72   248       $  3270.79
P 68                 47        55   53   97   44   249       $  3270.79
P 26*                48        50   42   77   82   251
P 38                 49T       33   62   76   82   253       $  2453.09
P 42                 49T       35   71   97   50   253       $  2453.09
P 39                 51        92   11   57   96   256       $  3270.79
P 60                 52        83   51   88   36   258       $  2453.09
P 72                 53        39   59   87   83   268       $  1839.82
P 73*                54        63   58   99   50   270
P 83                 55        79   19   88   86   272       $  2657.51
P 62                 56        51   77   75   85   288       $  5928.30
P 64                 57        86   32   81   94   293       $  2861.94
P 30                           69   16   54        DQ
P 43                           17   77   57        DQ
P 51*                          28   81   67        DQ
P 23                           69   45   64        DQ
P 12                           46   77   79        DQ
P 65                           24   35             DQ
P 61*                          36   30             DQ
P 21*                          51   21             DQ
P 10                           36   39             DQ
P 47                           71   24             DQ
P  1*                          40   58             DQ
P 35                           65   47             DQ
P  7                           66   58             DQ
