1672015973527790358
1833136388529034080
1877930762256112374
240854541558068768
38530808028592532
275882355887556880
167578113356110860
653237304641844000
773965276801440984
1034446639230990600
913860992802507750
334618860647292168
85836640723972000
1967001156714294663
3245619951955573500
506229855222611498
1092118036702264590
867393248086956777
2184352734269865378
12497022937799720
310793991920804400
2089113736639004488
2935679404475625185
915894481491970368
85726965748717437
2705481669105938748
1794165574008167193
1688960645265193424
127496357190006096
1981044131557076370
2690978554092569912
199370063752610944
1888571780847592749
14345342122783696
80295251747844044
63085298368534623
502826356038551920
2342316675534123344
276841989071869698
691570784555255198
85328283568806887
953967684704460660
3231530493523185088
1961822530424278144
160999560865938146
1844924743668562752
369254103480667075
1180638911973168648
2663514943512494004
815617545306044390
507319104765911872
1707868976624466547
3014868461387980540
444892052088788797
68393237007651264
1011984131962106625
1275278785677759489
144724808441553988
1859965063527011530
148161474418302480
2253251845122795840
99929399206909832
2915088995889037100
2171993850679723854
633906607147042104
1264651791515665656
667845074295595080
157785813926585292
226553773855790875
340218325016664331
1771685941698511680
2411327216769731981
2618292182945865777
21137497153243110
183359722047790218
450830237959447826
3005626590832684788
1610226717441016003
915919684334493642
94796676026150784
540438741260064462
39073120666223041
1547023171572628008
598734447979410432
1528166490499239149
120753880041454623
867171053681424252
223349413280427129
171090910424907144
24701481890467712
32042064431804484
651344493676859344
2781628046478086209
1172274682766913696
178448711152402758
1598947891581330712
8492807810840692
1716702384885172596
2019326026786664316
517823001623093075
0
