Scenario #1
63
11
55
53
72
42
45
1
6
4
7
10
50

Scenario #2
80

Scenario #3
24
30
20
30
10
10
11
11
30
21
20
23
10
23
24
14
10
22
13
30
10

Scenario #4
40
48
10

Scenario #5
21
75
56
11

Scenario #6
12
11
12
12
1
1
1
1
20
11
10
15
13
11
14
11
16

Scenario #7
8
2
7
17
17
13
12
8
1
5
3
7
0
2
7
4
8
4
3
2
0

Scenario #8
51
71
31
47
41
0
0
0
21
42
30
0

Scenario #9
13
13
15
11
13
15
11
13
14
6
3
7
1
23

Scenario #10
45
4
42
43
14
47
41
46

Scenario #11
0
0
0
0
0
0
0
0

Scenario #12
25
34
80
51
22
47

Scenario #13
2
40
36
45
22
23
5
52
35

Scenario #14
61
5
53
4
61
55
15
33
34
51
4
42
40
62
15
53
52
50
53
10
14
31
31
62
4
10
31

Scenario #15
11
13
15
14
14
1
0
14
13
15
0
15
12
11
12
10
15
14
14
1
15
14
0
0
0
1

Scenario #16
0
14
11
3
0
2
4
12
12
12
10
10
2
5
3
2
14
2
3
14

Scenario #17
5
29
5
7
32
28
14
16
4

Scenario #18
0
33
31
17
40
41
4
2
6
32
21
20
17
2

Scenario #19
5
50
11
50
22
51
3
23
52
31
4
11
52
1
26
26
20
23
50
12
30
21
51
41

Scenario #20

Scenario #21
0
30
15
1
32
0
13
30

Scenario #22
1
30
2
61
63
63
20
70
41
13
74
31
30
20
81
60
1
20
35
80
60
10
33

Scenario #23
46
40
33
33
30
37
40
43
26

Scenario #24
61
41
1
53
8
10
62
72
50
11
2
43
41
42
41
53
20
62
71
41
41

Scenario #25
13
16
0
13
6
1
16
1
4
4
6
4
10
14
6
5
2
5
1
12
12
14
4
4
4
14

Scenario #26
35
73
73
37
37
22
55

Scenario #27
94
23
26

Scenario #28
3
2
3
0
2
2
1
2
2
3
3
3
2
2
1
1
3
1
3
3
0
3
1
3

Scenario #29
0
0
1
1
1
1
1
1
0
0
1
0

Scenario #30
0
0
0
0
0
0

Scenario #31
20
44
41
30
10
51
50
51
4
0
12
14

Scenario #32
82
88
58
59
31
16
89

Scenario #33
51
44
95
82
86
83
85
21

Scenario #34
35
21
13
34
34
11
16
33
12
35
14
40
42
43
41
0
43
43
15
11
25
24
21
20
20
23
32
35

Scenario #35
4
70
2
26
63
47
21
51
54
78
20
28
66
27
13
50
44
26
26
3
50
70
64
64
60

Scenario #36
12
1
2
0
6
7
3
5

Scenario #37
10
0
50
51
41
20

Scenario #38
42
30
41
20
30
1
13
11
44
44
20
20
2
3
2
43
30
31
44
40
41
44
21
21
13
11
11
10

Scenario #39
11
11
14
0
2
11
12
2
0
10
10
10
15
10
11
0
14
13

Scenario #40
0
0
1
1
1
0
0
0
1
1
0
1
1
0
0
1
0
0
0
0
0
0
1
1

Scenario #41
23
13
51
52
30
30
22
22
21
1
0
3
3
1
4
42
45
44
43
51
51
50
12

Scenario #42
74
30
0
73
40

Scenario #43
28
10
12
12
32
36

Scenario #44
19

Scenario #45
41
3
1
64
80
82
22
22

Scenario #46
0
54
12
0
35

Scenario #47
51
65
26
52
51
45
41
41
27
46
69
47
40
66
66
33
68
62
64
32
43
47
66
33
22
42
42

Scenario #48
26
21
50
60
43
55
3
21
90
16
92
21
22
2
40
63
21
3
51
73
81

Scenario #49
21
11
16
11
1
1
1

Scenario #50
14
20
70
15
3
22
42
71
64
50
10
13
15
12
15
70
2

Scenario #51
0
5
3
22
14
27
29
10
25
26
27
31
3
3
3
23
24
27
23
30
30
26
24
23
12
23
1

Scenario #52
27
21
9
15
31
47
8
8
9
42
41
52
50
50
50
20
25
25
27
21

Scenario #53
20
22
24
24
28
3
0
1
1
5
2
5
3
1
5
4
4
0
30
30
24
23
23
23

Scenario #54
3
13
16
17
10

Scenario #55
42
62
24
21
11
31
16
32
71
58
62

Scenario #56
51
5
6
82
11
74
79
92
31
31
31
6
2
7
8
85
88
88
88
87

Scenario #57
63
24
48
46
45

Scenario #58
43
44
40
73
20
74
61
34
35
20
75
83
85
32
30
30
0
20

Scenario #59
11
60
43
47
44
46
60
6
3
1
2
34
34
50
11
66
32
60
62
65
70

Scenario #60
6
44
11
65
63

Scenario #61
44
4
10
23
5
44
33
47
20
36
10
7

Scenario #62
10
12
0
1
0
11

Scenario #63
61
10
11
10
51
6

Scenario #64
0
1
0
0
0
0
1
1
1
1
1
0
1
0
0
1
0
1

Scenario #65
80
38
35
44
45
51
32
13
41
50
80
20
21
37
0
52
37
61
46
43
10
12
60
32
36
84
84

Scenario #66
10
0
1
1

Scenario #67
10
53
81
96
91
43
62

Scenario #68
52
32
13
52
73
62
20
11
50
71
43
39
51
62
37
41
43
12
82
71
71
74

Scenario #69
23
14
23
24
21
36
32
33
43
52
56
22
20
25
35
30

Scenario #70
60
32
76
96
20
67
32
3
78
16
12
15
16
53
21
1
91
80
13
42
93
96
74
67
4
17

Scenario #71
73
82
52
80
3
3
12
11
71
74

Scenario #72
14
15
15
15
12
13
13
1
14
16
10

Scenario #73
32
36
35
37
13
13
12
40
43
47
23
2
43
46
34
30
32
13
12
10
20
40
31
10
43
31
31

Scenario #74
42
44
40
42
61
66

Scenario #75
39

Scenario #76
85
41
65
56
48
42
46
49
41
24
21
83
0
1
67
66
61
33
35
48
47

Scenario #77
34
23
21
17
8
2
6
6
1

Scenario #78
6
5
4

Scenario #79
5
2
2
1
7
3
6
7

Scenario #80
66
81
94
23
71
44
30
30
30
30
33
47
44
45
41
44

Scenario #81
64
52
30
17
54
2
20
31
64
19
15
11
20
51
57
56
53
53
58
58

Scenario #82
22
40
10
2
3
5
45
3
10
13
23
25
6
7
9
45
13
3
6
9
6
8
2
45
43
24
23
24
13

Scenario #83
13
1
60
46
44
24
60
2
40
32
4
27

Scenario #84
8
9
7
9
8
8
6
7
0
2
3
4
6
3
4
4
5
5
6
9
0
9
6
2
1
3
5
9
6

Scenario #85
13
30
30
37
36
30
34
14
15
12
10
30

Scenario #86
35
39

Scenario #87
46
21
22
25
12
12
44
34
2
28
21
16
31
34
20
34
44
44
28

Scenario #88
2
0
2
10
10
23
7
20

Scenario #89
3
14
11
13
11
3
13
8
4
10
4
0
6
14
15
15
3
3

Scenario #90
46
61
11

Scenario #91
82
66
41

Scenario #92
13
32
32
30
56
50
44
41
40
45
35
20
51
52
32
42
43
11
41
50
53
32
34
34
20
20
14
12
45
46

Scenario #93
0

Scenario #94
44
51
13
48
11
48
26
5
41
43
23

Scenario #95
44
57
51
52
52
74
12
44
54
60
65
45
74
0
56
67
11
80
69
67

Scenario #96
21
69
65
65
10
65
30

Scenario #97
14
14
13
4
34
31
20

Scenario #98
1
70
55
30
55
56
22
60
71
40
21

Scenario #99
51

Scenario #100
3
14
24
11
16
16
11
11

Scenario #101
66
15
15
1
21
21
23
24
70
80
11
14
63
62
62
64
46
40
49
53
51

Scenario #102
2
7
20
57
34
37
31
32
31
37
20

Scenario #103
11
40
18
33
17
19
50
13
0
30
33
17
42
44
31
30
33
52
13
43
53
1

Scenario #104
16
19
17
12
12
14
12
17
19
12

Scenario #105
6
1
4
1

Scenario #106
0
44
47
62
63
31
21
72
2
6
48
11

Scenario #107
20
53
2
30
41
30
33
54
44
44
33
34
1
41
31
32
38
51
53
54
51
34
33
32
43

Scenario #108
11

Scenario #109
35
44
1
52
60
53

Scenario #110
60
13
52
30
72

Scenario #111
41
17
41
19
32
20
15
36
36
63
12
21
73
73
76
77
74
50
31
39
32
32

Scenario #112
52
30
5
2
0
2
44
41
42
43
31
52

Scenario #113
62
60
60
60
15
18
12
10
14
40
40
1
1
14
61
63
61
60

Scenario #114
85
64

Scenario #115
13
53
52
65
62
25
20
60
65
61
25
22
53
3
0
13
64
25
40
10
11

Scenario #116
50
24
51
31
32
37
21
14
14
50
32
42
26
52

Scenario #117
16
54
11
13
6
36
5
4
63
64
84
85

Scenario #118
27
11
14
23
23
8
3
10
1
6
0
1

Scenario #119
52
13
11
52
1
23
21
31
10
41
23
21
51
14
0
28
31
34
30
40
21
42
52
31
23
26

Scenario #120
55
24
33
12
45
33
31
34
14
24
14
24
20
30
51
31
17
42
48
35
55
21
18
44
48
46
35

Scenario #121
0
47
63
73
60
20
29
52
50
41
47
3
22
27
20
27
25
25
26
27
44
48
48
44
48

Scenario #122
27
64
72
74
14
50
33
73
28
21
28
23
50
83
86
40
43
10
10

Scenario #123
3
5
0
2
0
8
3
0
6

Scenario #124

Scenario #125
23
2
60
31

Scenario #126
5
14
62
82
10
53
51
22
5
40
7
61
60
60
63
47
44
27
35
4
6
65
64
11

Scenario #127
22

Scenario #128
92
60
50
0
91
30
81
12
90
14
22
25
23
25
53
86
85
81
80

