 -1  0
  0  0

 -1  1
  1  1

 -1  1
  1  1

  0  0  0  0
  0  0  0  0
  0  0  0  0
  0  0 -1  0

  0  0  0  0
  0  1  1  0
  0  1  0  0
  0  0 -1  0

  2  2  0  0
  2  1  1  0
  0  1  0  0
  0  0 -1  0

  2  2  3  3
  2  1  1  3
  0  1  0  0
  0  0 -1  0

  2  2  3  3
  2  1  1  3
  4  1  0  0
  4  4 -1  0

  2  2  3  3
  2  1  1  3
  4  1  5  5
  4  4 -1  5

  2  2  3  3
  2  1  1  3
  4  1  5  5
  4  4 -1  5

  0  0  0  0  0  0  0  0
  0  0  0  0  0  0  0  0
  0  0  0  0  0  0  0  0
  0  0  0  0  0  0  0  0
  0  0  0  0 -1  0  0  0
  0  0  0  0  0  0  0  0
  0  0  0  0  0  0  0  0
  0  0  0  0  0  0  0  0

  0  0  0  0  0  0  0  0
  0  0  0  0  0  0  0  0
  0  0  0  0  0  0  0  0
  0  0  0  1  1  0  0  0
  0  0  0  1 -1  0  0  0
  0  0  0  0  0  0  0  0
  0  0  0  0  0  0  0  0
  0  0  0  0  0  0  0  0

  0  0  0  0  0  0  0  0
  0  2  2  0  0  0  0  0
  0  2  0  0  0  0  0  0
  0  0  0  1  1  0  0  0
  0  0  0  1 -1  0  0  0
  0  0  0  0  0  0  0  0
  0  0  0  0  0  0  0  0
  0  0  0  0  0  0  0  0

  3  3  0  0  0  0  0  0
  3  2  2  0  0  0  0  0
  0  2  0  0  0  0  0  0
  0  0  0  1  1  0  0  0
  0  0  0  1 -1  0  0  0
  0  0  0  0  0  0  0  0
  0  0  0  0  0  0  0  0
  0  0  0  0  0  0  0  0

  3  3  4  4  0  0  0  0
  3  2  2  4  0  0  0  0
  0  2  0  0  0  0  0  0
  0  0  0  1  1  0  0  0
  0  0  0  1 -1  0  0  0
  0  0  0  0  0  0  0  0
  0  0  0  0  0  0  0  0
  0  0  0  0  0  0  0  0

  3  3  4  4  0  0  0  0
  3  2  2  4  0  0  0  0
  5  2  0  0  0  0  0  0
  5  5  0  1  1  0  0  0
  0  0  0  1 -1  0  0  0
  0  0  0  0  0  0  0  0
  0  0  0  0  0  0  0  0
  0  0  0  0  0  0  0  0

  3  3  4  4  0  0  0  0
  3  2  2  4  0  0  0  0
  5  2  6  6  0  0  0  0
  5  5  6  1  1  0  0  0
  0  0  0  1 -1  0  0  0
  0  0  0  0  0  0  0  0
  0  0  0  0  0  0  0  0
  0  0  0  0  0  0  0  0

  3  3  4  4  0  0  0  0
  3  2  2  4  0  7  7  0
  5  2  6  6  0  0  7  0
  5  5  6  1  1  0  0  0
  0  0  0  1 -1  0  0  0
  0  0  0  0  0  0  0  0
  0  0  0  0  0  0  0  0
  0  0  0  0  0  0  0  0

  3  3  4  4  8  8  0  0
  3  2  2  4  8  7  7  0
  5  2  6  6  0  0  7  0
  5  5  6  1  1  0  0  0
  0  0  0  1 -1  0  0  0
  0  0  0  0  0  0  0  0
  0  0  0  0  0  0  0  0
  0  0  0  0  0  0  0  0

  3  3  4  4  8  8  9  9
  3  2  2  4  8  7  7  9
  5  2  6  6  0  0  7  0
  5  5  6  1  1  0  0  0
  0  0  0  1 -1  0  0  0
  0  0  0  0  0  0  0  0
  0  0  0  0  0  0  0  0
  0  0  0  0  0  0  0  0

  3  3  4  4  8  8  9  9
  3  2  2  4  8  7  7  9
  5  2  6  6 10 10  7  0
  5  5  6  1  1 10  0  0
  0  0  0  1 -1  0  0  0
  0  0  0  0  0  0  0  0
  0  0  0  0  0  0  0  0
  0  0  0  0  0  0  0  0

  3  3  4  4  8  8  9  9
  3  2  2  4  8  7  7  9
  5  2  6  6 10 10  7 11
  5  5  6  1  1 10 11 11
  0  0  0  1 -1  0  0  0
  0  0  0  0  0  0  0  0
  0  0  0  0  0  0  0  0
  0  0  0  0  0  0  0  0

  3  3  4  4  8  8  9  9
  3  2  2  4  8  7  7  9
  5  2  6  6 10 10  7 11
  5  5  6  1  1 10 11 11
  0  0  0  1 -1  0  0  0
  0 12  0  0  0  0  0  0
  0 12 12  0  0  0  0  0
  0  0  0  0  0  0  0  0

  3  3  4  4  8  8  9  9
  3  2  2  4  8  7  7  9
  5  2  6  6 10 10  7 11
  5  5  6  1  1 10 11 11
 13 13  0  1 -1  0  0  0
 13 12  0  0  0  0  0  0
  0 12 12  0  0  0  0  0
  0  0  0  0  0  0  0  0

  3  3  4  4  8  8  9  9
  3  2  2  4  8  7  7  9
  5  2  6  6 10 10  7 11
  5  5  6  1  1 10 11 11
 13 13 14  1 -1  0  0  0
 13 12 14 14  0  0  0  0
  0 12 12  0  0  0  0  0
  0  0  0  0  0  0  0  0

  3  3  4  4  8  8  9  9
  3  2  2  4  8  7  7  9
  5  2  6  6 10 10  7 11
  5  5  6  1  1 10 11 11
 13 13 14  1 -1  0  0  0
 13 12 14 14  0  0  0  0
 15 12 12  0  0  0  0  0
 15 15  0  0  0  0  0  0

  3  3  4  4  8  8  9  9
  3  2  2  4  8  7  7  9
  5  2  6  6 10 10  7 11
  5  5  6  1  1 10 11 11
 13 13 14  1 -1  0  0  0
 13 12 14 14  0  0  0  0
 15 12 12 16  0  0  0  0
 15 15 16 16  0  0  0  0

  3  3  4  4  8  8  9  9
  3  2  2  4  8  7  7  9
  5  2  6  6 10 10  7 11
  5  5  6  1  1 10 11 11
 13 13 14  1 -1  0  0  0
 13 12 14 14  0  0 17  0
 15 12 12 16  0 17 17  0
 15 15 16 16  0  0  0  0

  3  3  4  4  8  8  9  9
  3  2  2  4  8  7  7  9
  5  2  6  6 10 10  7 11
  5  5  6  1  1 10 11 11
 13 13 14  1 -1 18  0  0
 13 12 14 14 18 18 17  0
 15 12 12 16  0 17 17  0
 15 15 16 16  0  0  0  0

  3  3  4  4  8  8  9  9
  3  2  2  4  8  7  7  9
  5  2  6  6 10 10  7 11
  5  5  6  1  1 10 11 11
 13 13 14  1 -1 18 19 19
 13 12 14 14 18 18 17 19
 15 12 12 16  0 17 17  0
 15 15 16 16  0  0  0  0

  3  3  4  4  8  8  9  9
  3  2  2  4  8  7  7  9
  5  2  6  6 10 10  7 11
  5  5  6  1  1 10 11 11
 13 13 14  1 -1 18 19 19
 13 12 14 14 18 18 17 19
 15 12 12 16 20 17 17  0
 15 15 16 16 20 20  0  0

  3  3  4  4  8  8  9  9
  3  2  2  4  8  7  7  9
  5  2  6  6 10 10  7 11
  5  5  6  1  1 10 11 11
 13 13 14  1 -1 18 19 19
 13 12 14 14 18 18 17 19
 15 12 12 16 20 17 17 21
 15 15 16 16 20 20 21 21

  3  3  4  4  8  8  9  9
  3  2  2  4  8  7  7  9
  5  2  6  6 10 10  7 11
  5  5  6  1  1 10 11 11
 13 13 14  1 -1 18 19 19
 13 12 14 14 18 18 17 19
 15 12 12 16 20 17 17 21
 15 15 16 16 20 20 21 21

