ABB
ABB
ACC
AAAABCC
DDDDBEF
GHIIBEF
GHJKBEF
LLJKBMM
NOJPQQQ
NOJPRRR
AAA
AAA
AAA
AABBC
DDEEC
FFGGH
IIJJH
KKLLM
AAABBBCCC
AAABBBCCC
AAABBBCCC
DDDEEEFFF
DDDEEEFFF
DDDEEEFFF
GGGHHHIII
GGGHHHIII
GGGHHHIII
AAABBBCCC
AAABBBCCC
AAABBBCCC
DDDEEEFFF
DDDGGGFFF
DDDHHHFFF
IIIJJJKKK
IIIJJJKKK
IIIJJJKKK
AAABBBCCC
AAABBBCCC
AAABBBCCC
DDDEEEFFF
DDDGGGFFF
DDDHHHFFF
IIIJJJKKK
IIIJJJKKK
IIIJJJKKK
AAAAAAAAABBBB
CCCCCCCCCDDDD
EEEEEEEEEFFFF
GGGGGGGGGHHHH
IIIIIIIIIJJJJ
KKKKKKKKKLLLL
MMMMMMMMMNNNN
OOOOOOOOOPPPP
QQQQQQQQQRRRR
SSSSSSSSSTTTT
UUUUUUUUUVVVV
WWWWWWWWWXXXX
YYYYYYYYYZZZZ
AAABBBCCCDDDEEE
AAABBBCCCDDDEEE
AAABBBCCCDDDEEE
FFFGGGHHHIIIJJJ
FFFGGGHHHIIIJJJ
FFFGGGKKKIIIJJJ
LLLMMMNNNOOOPPP
LLLMMMNNNOOOPPP
LLLMMMNNNOOOPPP
QQQRRRSSSTTTUUU
QQQRRRSSSTTTUUU
QQQRRRSSSTTTUUU
VVVWWWXXXYYYZZZ
VVVWWWXXXYYYZZZ
VVVWWWXXXYYYZZZ
ABCDEFGHI
ABCDEFGHI
ABCDEFGHI
ABCDEFGHI
ABCDEFGHI
ABCDEFGHI
ABCDEFGHI
ABCDEFGHI
ABCDEFGHI
AAAAAAAAAB
CCCCDEFGGB
HHIIDJFGGB
HHKKDLFGGB
MMMNDLFGGB
MMMNOPFQQB
MMMRRRFSST
UUUVVVFSST
UUUVVVFSST
WXXXXXFSST
AAABBCDDDEEEFFF
AAAGGCDDDEEEFFF
AAAGGCDDDEEEFFF
HHHIIIJJJKKKLLL
HHHIIIJJJKKKLLL
HHHIIIMMMKKKLLL
NNNOOOPPPQQQRRR
NNNOOOPPPQQQRRR
NNNOOOPPPQQQRRR
SSSTTTUUUVVVWWW
SSSTTTUUUVVVWWW
SSSTTTUUUVVVWWW
XXXYYYZZZ[[[\\\
XXXYYYZZZ[[[\\\
XXXYYYZZZ[[[\\\
