There are no solutions for 51.

There are no solutions for 36.

51984 / 02736 = 19
81567 / 04293 = 19

There are no solutions for 58.

51678 / 02349 = 22

There are no solutions for 79.

37584 / 01296 = 29
73689 / 02541 = 29

There are no solutions for 75.

There are no solutions for 67.

There are no solutions for 77.

25496 / 03187 = 8
36712 / 04589 = 8
36728 / 04591 = 8
37512 / 04689 = 8
37528 / 04691 = 8
38152 / 04769 = 8
41896 / 05237 = 8
42968 / 05371 = 8
46312 / 05789 = 8
46328 / 05791 = 8
46712 / 05839 = 8
47136 / 05892 = 8
47328 / 05916 = 8
47368 / 05921 = 8
51832 / 06479 = 8
53928 / 06741 = 8
54312 / 06789 = 8
54328 / 06791 = 8
54712 / 06839 = 8
56984 / 07123 = 8
58496 / 07312 = 8
58912 / 07364 = 8
59328 / 07416 = 8
59368 / 07421 = 8
63152 / 07894 = 8
63528 / 07941 = 8
65392 / 08174 = 8
65432 / 08179 = 8
67152 / 08394 = 8
67352 / 08419 = 8
67512 / 08439 = 8
71456 / 08932 = 8
71536 / 08942 = 8
71624 / 08953 = 8
71632 / 08954 = 8
73248 / 09156 = 8
73264 / 09158 = 8
73456 / 09182 = 8
74528 / 09316 = 8
74568 / 09321 = 8
74816 / 09352 = 8
75328 / 09416 = 8
75368 / 09421 = 8
76184 / 09523 = 8
76248 / 09531 = 8
76328 / 09541 = 8
83672 / 10459 = 8
83752 / 10469 = 8
84296 / 10537 = 8
84632 / 10579 = 8
84736 / 10592 = 8
85392 / 10674 = 8
85432 / 10679 = 8
85936 / 10742 = 8
86352 / 10794 = 8
87456 / 10932 = 8
87536 / 10942 = 8
87624 / 10953 = 8
87632 / 10954 = 8
96584 / 12073 = 8
98456 / 12307 = 8
98760 / 12345 = 8

There are no solutions for 20.

27945 / 01863 = 15
92745 / 06183 = 15

There are no solutions for 21.

There are no solutions for 57.

There are no solutions for 45.

There are no solutions for 11.

17658 / 02943 = 6
27918 / 04653 = 6
34182 / 05697 = 6

75348 / 02691 = 28

There are no solutions for 65.

There are no solutions for 54.

42978 / 01653 = 26
56498 / 02173 = 26
61854 / 02379 = 26
67314 / 02589 = 26
67418 / 02593 = 26
76518 / 02943 = 26
82654 / 03179 = 26
89726 / 03451 = 26
92846 / 03571 = 26

There are no solutions for 79.

83754 / 01269 = 66

There are no solutions for 20.

28674 / 01593 = 18

There are no solutions for 25.

65879 / 01243 = 53
75896 / 01432 = 53
84376 / 01592 = 53
92538 / 01746 = 53

There are no solutions for 78.

There are no solutions for 69.

There are no solutions for 79.

There are no solutions for 72.

67392 / 05184 = 13
81549 / 06273 = 13
94653 / 07281 = 13

45792 / 03816 = 12
73548 / 06129 = 12
89532 / 07461 = 12
91584 / 07632 = 12

36294 / 01578 = 23
81627 / 03549 = 23
81972 / 03564 = 23

There are no solutions for 55.

13485 / 02697 = 5
13845 / 02769 = 5
14685 / 02937 = 5
14835 / 02967 = 5
14865 / 02973 = 5
16485 / 03297 = 5
18645 / 03729 = 5
31485 / 06297 = 5
38145 / 07629 = 5
46185 / 09237 = 5
48135 / 09627 = 5
48615 / 09723 = 5
67290 / 13458 = 5
67920 / 13584 = 5
69270 / 13854 = 5
72690 / 14538 = 5
72930 / 14586 = 5
73290 / 14658 = 5
76920 / 15384 = 5
79230 / 15846 = 5
79320 / 15864 = 5
92670 / 18534 = 5
92730 / 18546 = 5
93270 / 18654 = 5

There are no solutions for 40.

There are no solutions for 36.

75348 / 02691 = 28

There are no solutions for 25.

There are no solutions for 48.

There are no solutions for 42.

There are no solutions for 51.

There are no solutions for 40.

There are no solutions for 70.

58374 / 01269 = 46

42978 / 01653 = 26
56498 / 02173 = 26
61854 / 02379 = 26
67314 / 02589 = 26
67418 / 02593 = 26
76518 / 02943 = 26
82654 / 03179 = 26
89726 / 03451 = 26
92846 / 03571 = 26

There are no solutions for 72.

There are no solutions for 54.

26843 / 01579 = 17
28543 / 01679 = 17
29546 / 01738 = 17
36958 / 02174 = 17
45713 / 02689 = 17
45781 / 02693 = 17
54689 / 03217 = 17
59126 / 03478 = 17
64957 / 03821 = 17
65297 / 03841 = 17
67184 / 03952 = 17
67218 / 03954 = 17
76823 / 04519 = 17
76891 / 04523 = 17
78132 / 04596 = 17
78523 / 04619 = 17
78591 / 04623 = 17
81532 / 04796 = 17
83572 / 04916 = 17
83657 / 04921 = 17
89437 / 05261 = 17
89471 / 05263 = 17
89641 / 05273 = 17
91426 / 05378 = 17
92837 / 05461 = 17
92871 / 05463 = 17
93126 / 05478 = 17

83754 / 01269 = 66

37584 / 01296 = 29
73689 / 02541 = 29

27945 / 01863 = 15
92745 / 06183 = 15

45936 / 02871 = 16
73296 / 04581 = 16
98352 / 06147 = 16

There are no solutions for 10.

There are no solutions for 21.

58476 / 01329 = 44
59268 / 01347 = 44
67892 / 01543 = 44
69432 / 01578 = 44
95348 / 02167 = 44

There are no solutions for 56.

45936 / 02871 = 16
73296 / 04581 = 16
98352 / 06147 = 16

25496 / 03187 = 8
36712 / 04589 = 8
36728 / 04591 = 8
37512 / 04689 = 8
37528 / 04691 = 8
38152 / 04769 = 8
41896 / 05237 = 8
42968 / 05371 = 8
46312 / 05789 = 8
46328 / 05791 = 8
46712 / 05839 = 8
47136 / 05892 = 8
47328 / 05916 = 8
47368 / 05921 = 8
51832 / 06479 = 8
53928 / 06741 = 8
54312 / 06789 = 8
54328 / 06791 = 8
54712 / 06839 = 8
56984 / 07123 = 8
58496 / 07312 = 8
58912 / 07364 = 8
59328 / 07416 = 8
59368 / 07421 = 8
63152 / 07894 = 8
63528 / 07941 = 8
65392 / 08174 = 8
65432 / 08179 = 8
67152 / 08394 = 8
67352 / 08419 = 8
67512 / 08439 = 8
71456 / 08932 = 8
71536 / 08942 = 8
71624 / 08953 = 8
71632 / 08954 = 8
73248 / 09156 = 8
73264 / 09158 = 8
73456 / 09182 = 8
74528 / 09316 = 8
74568 / 09321 = 8
74816 / 09352 = 8
75328 / 09416 = 8
75368 / 09421 = 8
76184 / 09523 = 8
76248 / 09531 = 8
76328 / 09541 = 8
83672 / 10459 = 8
83752 / 10469 = 8
84296 / 10537 = 8
84632 / 10579 = 8
84736 / 10592 = 8
85392 / 10674 = 8
85432 / 10679 = 8
85936 / 10742 = 8
86352 / 10794 = 8
87456 / 10932 = 8
87536 / 10942 = 8
87624 / 10953 = 8
87632 / 10954 = 8
96584 / 12073 = 8
98456 / 12307 = 8
98760 / 12345 = 8

16758 / 02394 = 7
18459 / 02637 = 7
31689 / 04527 = 7
36918 / 05274 = 7
37926 / 05418 = 7
41832 / 05976 = 7
53298 / 07614 = 7
98532 / 14076 = 7

There are no solutions for 31.

There are no solutions for 41.

83754 / 01269 = 66

28674 / 01593 = 18

There are no solutions for 61.

28674 / 01593 = 18

51984 / 02736 = 19
81567 / 04293 = 19

There are no solutions for 48.

There are no solutions for 45.

There are no solutions for 61.

There are no solutions for 61.

There are no solutions for 42.

75348 / 02691 = 28

There are no solutions for 10.

There are no solutions for 36.
