Case 1:
178 179 189 122 87

Case 2:
183 223 240 113 242 108 127

Case 3:
81 66 236 242 281 352 511 155 130 14 52

Case 4:
36 32 324 356 519 275 209 71 83

Case 5:
43 73 277 188 426 358 205 157 41

Case 6:
187 119 421 344 385 154 121 14 40

Case 7:
52 199 261 584 390 503 146 101

Case 8:
83 112 240 132 67 69 30

Case 9:
165 110 380 415 350 90 133

Case 10:
29 118 130 401 217 165 127 154

Case 11:
114 132 545 373 516 84

Case 12:
75 210 150 250 20

Case 13:
163 77 449 232 401 212 263 90 18

Case 14:
73

Case 15:
15 155 123 137 11 88

Case 16:
166 165 307 456 367 107 55

Case 17:
256 243 504 277 230 88 63

Case 18:
75 204 365 201 266 89 46

Case 19:
10 57 214 179 339 245 225 26

Case 20:
71 126 242 141 156 87 84

Case 21:
79 29 53 45 372 339 507 81 134 50 3

Case 22:
138 164 351 328 351 176 61

Case 23:
51 117 236 450 708 340 173 11 37

Case 24:
92 38 185 156 165 165 105 45

Case 25:
58 61 154 172 530 363 348 45

Case 26:
48 12 250 110 545 267 359 87 239 3

Case 27:
216 79 467 196 398 89 98

Case 28:
255 248 633 239 218 44 28

Case 29:
7 91 241 152 117 71 28

Case 30:
22 169 44 87 64

Case 31:
230 242 355 213 120

Case 32:
88 184 185 329 149 163 79 74

Case 33:
56

Case 34:
46 10 177 46 290 265 405 235 92

Case 35:
330 279 207 64 153 32 75

Case 36:
191 240 213 466 454 242 228 78 50

Case 37:
48 89 189 272 242 144 125

Case 38:
64 4 330 190 324 87 136 72 74

Case 39:
67 26 49 18 266 232 166 215 259 61 20

Case 40:
164 332 257 132

Case 41:
79 11 248 266 399 50 18 79

Case 42:
136 171 577 506 322 1 99

Case 43:
43 96 272 160 309 437 379 179 244 45 21

Case 44:
139 195 505 376 382 43

Case 45:
26 89 173 118 243 281 27

Case 46:
133 116 120

Case 47:
40 40 123 244 284 25 166 8 7

Case 48:
11 17 94 168 329 290 275 43 98

Case 49:
123 198 77

Case 50:
19 27 75 158 86 72

Case 51:
84

Case 52:
109 224 235 166 38

Case 53:
46 71 257 229 386 191 402 104 25

Case 54:
137 229 540 173 333 58 36

Case 55:
82 60 183 138 589 227 466 93 294 73 27

Case 56:
7 27 269 394 607 376 315 111 73

Case 57:
62 68 599 253 409 165 187

Case 58:
96 42 122 96 62 169 68 57 78

Case 59:
216 377 380 199 161

Case 60:
82 93 109 85 25

Case 61:
35 38 242 248 341 291 310 214 247 82 53

Case 62:
184 183 503 265 477 165 223 68 63

Case 63:
48 142 141 122 166 47

Case 64:
79 122 137 246 249 110 140

Case 65:
83

Case 66:
103 71 47

Case 67:
138 114 358 564 583 89 28

Case 68:
2 142 93 98 47

Case 69:
30 84 407 479 412 363 118 124 75 32

Case 70:
8 73 180 175 331 311 80

Case 71:
52 6 169 187 323 162 133 52 93

Case 72:
24 38 252 302 518 124 155 27 23

Case 73:
29 72 335 343 383 170 165 28 84

Case 74:
74 69 181 182 206 173 240 318 116 14 28

Case 75:
201 268 505 420 358 29 15

Case 76:
39 55 192 44 289 192 289 81 195 35 72

Case 77:
15 16 47 64 133 136 306 88 34

Case 78:
23 249 156 284 339 374 162 151 26

Case 79:
16 299 479 561 175 107 92

Case 80:
8

Case 81:
11 139 497 278 205 6 36

Case 82:
20 34 289 260 665 373 617 211 173 61

Case 83:
119 55 71 89 72

Case 84:
47

Case 85:
40 188 235 262 49 29 42

Case 86:
56 49 157 165 228 100

Case 87:
139 176 528 268 517 111 294 85

Case 88:
45 165 128 126 154 97 18

Case 89:
39 186 165 391 47 152

Case 90:
36 153 92 275 269 298 89

Case 91:
27 10 342 387 598 244 226 7

Case 92:
100 186 191 117 40

Case 93:
42 92 265 375 586 109 74

Case 94:
84 144 265 220 83

Case 95:
65 134 519 331 228 220 76

Case 96:
96 125 325 171 117 97 11

Case 97:
13 146 53 110 97

Case 98:
23 139 286 191 128 32 32

Case 99:
54 204 67 125 275 185 239 74 8

Case 100:
119 221 372 204 166 70

Case 101:
3 105 469 235 341 3 67

Case 102:
50 42 183 187 674 465 519 190 239 51

Case 103:
29 93 185 52 418 220 267 149 100

Case 104:
14 16 163 145 208 174 250 132 176 71 39

Case 105:
84 120 410 242 440 289 136 1

Case 106:
69 33 56 162 90 41

Case 107:
16

Case 108:
166 106 432 121 497 207 234 48 79

Case 109:
81 44 37 118 81 33 30

Case 110:
10 16 160 132 554 368 323 151 231 26 30

Case 111:
16 55 84 69 325 339 481 165 134 21 42

Case 112:
88 85 131 81 237 93

Case 113:
168 148 272 348 229 35 40

Case 114:
87 170 307 656 373 420 258 295 29 33

Case 115:
14 138 130 150 246 310 75 243 97 54

Case 116:
115 138 380 304 462 180 98

Case 117:
99 48 98 151 399 424 402 249 305 29 4

Case 118:
29 70 198 68 335 427 355 138 153

Case 119:
10 13 129 244 590 296 481 281 218 84

Case 120:
61 52 157 28 429 224 371 130 4

Case 121:
99 96 164 152 304 318 409 147 350 38 34

Case 122:
78 66 209 92 386 5

Case 123:
34 21

Case 124:
92 71 295 372 314 64 9

Case 125:
23 22 263 186 386 200 508 223 268 46 46

Case 126:
58 194 99 189 119 229 165 174

Case 127:
63 168 100 48

Case 128:
125 79 325 342 249 161 175 27 89

Case 129:
298 198 470 231 446 238 200 97

Case 130:
87 47 124 189 476 356 228 80 81

Case 131:
100 24 207 279 207 124 155 87 98 62 68

Case 132:
95 97 168 184 66 38

Case 133:
94 76 265 143 539 258 265 44 98

Case 134:
62

Case 135:
50 83 214 190 436 228 196 35 95

Case 136:
69 53 117 109 47

Case 137:
57 56 228 141 157 146 164 96 29

Case 138:
71 212 562 241 360 79 141 70 27

Case 139:
99 63 178 186 482 187 317 130 202 51 16

Case 140:
65 134 112 381 293 300 168 160 36 62

Case 141:
99 87 96 219 294 253 170 91 38 25

Case 142:
80 92 96 61 420 190 98

Case 143:
127 380 272 173 195

Case 144:
24 100 288 211 260 161 97 100 79

Case 145:
98 18 347 356 468 249 443 86 67

Case 146:
92 157 147 209 58 118 61 48

Case 147:
46 64 93 196 519 304 514 232 206 46 43

Case 148:
62 24 258 245 223 108 291 82

Case 149:
91 48 222 138 429 299 538 287 202

Case 150:
87 50 394 274 589 243 273 93 97 85 72

Case 151:
20 68 252 212 381 171 219 96 97

Case 152:
90 20 272 195 164 211 227 55 12

Case 153:
77 46 168 101 465 308 446 193 150 84 12

Case 154:
86

Case 155:
24 81 243 236 414 131 113

Case 156:
88 100 233 327 163 110 106 43 27

Case 157:
67 299 357 341 193 273 77 52

Case 158:
103 149 148 154 202 37 21

Case 159:
93 96 173 285 335 206 261 69 74

Case 160:
143 278 524 149 45

Case 161:
158 200 317 227 295 222 167

Case 162:
50 35 80 113 180 53 86 17

Case 163:
99 111 188 171 219 140 40 53

Case 164:
67 39 142 304 238 60 73 77 53

Case 165:
45 85 214 123 454 262 434 234 414 50 37

Case 166:
92 46 59 81 228 157 67

Case 167:
70 25 121 188 336 210 226 19

Case 168:
129 194 345 107 106

Case 169:
42 65 145 214 423 262 369 171 249 42 75

Case 170:
50 32 128 132 479 235 148 16 35

Case 171:
82 19 248 155 602 423 362 9 54

Case 172:
13 63 46 6 15 45 129 112 219 65 100

Case 173:
28 100

Case 174:
28 97 187 578 411 543 276 408 99 92

Case 175:
34

Case 176:
82 215 290 100 42

Case 177:
90 202 122 345 243 102 78 94

Case 178:
64 131 198 113 100 273 114 181 64 27

Case 179:
29 87 129 142 110 105 71

Case 180:
49 201 332 187 216 50 89

Case 181:
11 70 181 115 270 209 137 38 28

Case 182:
67 120 197 188 240

Case 183:
47 4 163 342 161 160 147 70 93

Case 184:
82 224 211 190 31 77 29 172 38 19

Case 185:
77 95 148 139 361 255 312 120 72

Case 186:
79 187 115 44 67 9

Case 187:
81 223 186 100

Case 188:
27 85 166 185 354 232 130

Case 189:
93 88

Case 190:
14

Case 191:
154 234 390 99 175 48 159

Case 192:
6 263 316 217 53

Case 193:
10 48 149 164 242 266 54

Case 194:
5 43 246 147 447 380 222 8

Case 195:
205 171 57 100

Case 196:
84 13 307 235 356 258 306 23

Case 197:
85 35 151 155 450 246 289 99 237 12 23

Case 198:
149 229 129 141 170 28

Case 199:
21 64 196 183 181 222 188 63

Case 200:
95 52 210 124 349 277 368 260 254 42

Case 201:
15 97 165 424 166 255 115 281 19 74

Case 202:
9 7 260 168 60

Case 203:
43 3 93 104 297 272 120

Case 204:
44 81 220 125 587 516 680 261 190 71 100

Case 205:
37 91 228 247 80 200 75

Case 206:
93 158 167 125 55 1 60

Case 207:
62 93 73 18

Case 208:
126 187 141 51

Case 209:
136 98 148 111 138 54 19

Case 210:
74

Case 211:
59 5 155 163 105 213 233 89 154 80

Case 212:
248 251 793 359 790 187 271 68

Case 213:
53 76 18 77 41 100 81

Case 214:
4

Case 215:
61 91 91 144 36 91

Case 216:
215 215 387 189 274 21 98

Case 217:
13 36 213 184 273 284 378 160 239 34 54

Case 218:
43 77 149 108 138 263 168 87 51

Case 219:
11 175 83 176 119 418 261 243

Case 220:
117 152 284 79 54

Case 221:
30 277 208 302 195 307 270 178 2 51

Case 222:
12 50 247 181 252 157 126 98 134

Case 223:
29 71 171 170

Case 224:
31 90 125 272 151

Case 225:
43 71 232 202 108

Case 226:
185 321 288 212 137

Case 227:
34 100 295 385 517 395 424 198 220 24

Case 228:
94 80 158 159 68

Case 229:
96 424 477 508 125 99 30 52

Case 230:
134 161 368 156 201 155 32

Case 231:
85 61 451 287 640 115 215 44 100

Case 232:
88 142 110 221 223 141 23 100

Case 233:
15 92 49 27 38 91

Case 234:
82 84 204 124 196 236 134

Case 235:
20 77 139 238 181 138 138 56 81

Case 236:
89 48 90 126 460 195 367 189 146

Case 237:
74 238 98 349

Case 238:
228 202 324 220 305 151 222 2 37

Case 239:
58

Case 240:
81 44 152 115 446 389 454 152 294 38

Case 241:
192 199 637 434 337 157 117

Case 242:
60 201 359 245 180 13

Case 243:
25 64 81 151 245 344 393 164 43

Case 244:
32 82 107 365 728 336 159 96 127 97 78

Case 245:
11 92 244 266 400 160 223 84 11

Case 246:
95 139 177 316 337 276 24 9

Case 247:
24 249 391 176 171 79 20

Case 248:
98 15 301 214 801 462 390 218 246 77 94

Case 249:
60 95 297 103 282 148 120

Case 250:
81 16 275 241 366 336 389 137 67 99 15

Case 251:
65 66 206 239 433 349 295 32 17

Case 252:
360 191 460 224 216 79 67

Case 253:
86 133 248 152 220 29 60

Case 254:
86 34 256 189 339 460 492 238 29

Case 255:
221 322 556 159 64

Case 256:
73 47 170 118 509 357 415 147 53

Case 257:
28 93 118 112 319 299 280 71

Case 258:
77 242 566 329 546 112 39

Case 259:
158 259 548 256 531 300 202 80 3

Case 260:
254 269 278 186 172

Case 261:
32 13 250 117 387 294 195 200 93

Case 262:
25 155 231 285 253 78 55

Case 263:
44 26 176 132 362 274 448 151 162 99 32

Case 264:
36 98 87 137 111 236 316 196 268 5 19

Case 265:
143 258 143 96 22

Case 266:
27 29 134 104 225 283 127 28 58 90 35

Case 267:
16 20 178 124 172 112 278 194 82

Case 268:
31 129 270 283 341 71 29

Case 269:
98 201 103 183 179 267 130 4

Case 270:
145 196 133 89 77 18 44

Case 271:
69 5 387 256 523 234 430 223 293 22 13

Case 272:
177 119 126 91 65

Case 273:
128 211 344 231 19

Case 274:
169 206

Case 275:
59 55 114 192 251 68 90 46

Case 276:
167 115 69 193 123 29 111 47 89

Case 277:
69 15 111 162 496 460 432 150 126

Case 278:
214 198 183 23 37

Case 279:
41 14 50 229 227 49

Case 280:
62 86 313 331 550 110 249

Case 281:
39 17 210 82 464 402 366 227 357 38

Case 282:
35 68 289 233 300 34 26

Case 283:
20 56 137 227 344 297 364 285 309 11 66

Case 284:
92 14 110 234 228 13 120 6 69

Case 285:
53 56 247 137 151 123 92 78 25

Case 286:
40 250 561 270 450 169 134

Case 287:
91

Case 288:
103 166 350 435 157 148 132

Case 289:
65 60 226 145 494 219 342 225 264

Case 290:
102 14 198 258 310 117 123

Case 291:
38 44 212 291 430 403 258 148 13

Case 292:
52 35 172 222 347 328 519 201 308 60 15

Case 293:
55 92 206 173 190 98 10

Case 294:
100 155 287 174 334 162 66 34 4

Case 295:
37

Case 296:
29 150 102 89

Case 297:
203 194 341 341 306 43 174 29

Case 298:
71 60 40

Case 299:
23 71 111 184 268 330 381 116 235 39 43

Case 300:
88 128 278 236 302 177 204 22 7

Case 301:
63 209 251 120 119

Case 302:
24 47 246 277 401 357 418 170 288 2 47

Case 303:
119 184 201 53 36 86 76

Case 304:
39 35 138 240 227 197 42 138 126 16 12

Case 305:
39 92 175 97 242 179 41

Case 306:
57 84 229 121 125 2 49

Case 307:
36 72 255 260 426 195 297 57 85

Case 308:
57 96 130 222 451 395 487 247 241 36 80

Case 309:
12 59 205 275 348 301 373 178 231

Case 310:
14 95 83 87 486 321 296 43

Case 311:
60 194 466 281 433 63 60

Case 312:
41 3 103 98 242 102 109 77 72

Case 313:
89 121 450 416 114 76 116 100 95

Case 314:
104 138 447 371 516 281 251 54 35

Case 315:
78 58 130 122 218 189 94

Case 316:
193 152 249 301 386 198 181

Case 317:
16 102 58 118 88

Case 318:
37 21 19 96 279 168 42

Case 319:
95 187 217 65 45

Case 320:
3 134 72 7 123 97 42

Case 321:
45 75 321 210 329 192 123

Case 322:
100 208 75 79 61

Case 323:
2 84 311 103 264 347 312 156 145

Case 324:
45

Case 325:
11 161 254 175 184

Case 326:
61 55 247 184 276 129

Case 327:
166 315 483 426 364 245 57 36

Case 328:
151 127 473 268 583 262 81 62 59

Case 329:
78 15 168 148 236 160 43

Case 330:
54 77 186 400 352 185 192 65 22

Case 331:
46 227 175 568 450 347 244 89 6 100

Case 332:
99 270 295 436 386 346 115 189 67 51

Case 333:
61 46 601 537 636 201 138

Case 334:
29 23 108 117 331 183 373 245 87

Case 335:
59

Case 336:
26 186 86 258 330 246 240 172 99 12

Case 337:
47 17 183 280 369 202 120

Case 338:
104 95 384 411 385 158 269 11 17

Case 339:
100 25 230 133 346 153 290 51 15

Case 340:
29 26

Case 341:
55 38 237 306 238 61 86

Case 342:
54 9 121 150 417 221 297 73

Case 343:
28 2 227 229 545 250 20

Case 344:
66 50 264 220 266 378 265 65

Case 345:
62 82 30 193 473 280 240 34 25

Case 346:
29 111 154 141 312 51 33

Case 347:
79 66 218 293 287 152 59

Case 348:
35 94 84 171 422 264 415 159 127

Case 349:
171 214 352 93 164 32 20

Case 350:
7 168 272 193 87

Case 351:
95 34 120 73 198 103 53

Case 352:
92 93 173 135 251 19 91

Case 353:
84 136 607 333 266 218 141

Case 354:
1 68 317 151 486 363 541 110 58

Case 355:
59 100 344 281 399 67 101

Case 356:
167 33 363 370 434 136 150

Case 357:
84 98 243 195 394 281 362 192 288 79 56

Case 358:
40 11 69 114 271 161 174

Case 359:
43 79 131 112 312 309 326 238 93 83 40

Case 360:
86 79 378 199 447 190 258 165 223 68 58

Case 361:
90 54 102 200 313 93 88 45

Case 362:
58 150 125 410 473 202 142 117

Case 363:
36 40 191 187 321 183 268 15

Case 364:
94 1 242 197 113 11 63

Case 365:
32 268 197 299 201 395 244 342 81

Case 366:
45 19 110 140 136

Case 367:
1 46 253 218 514 145 89

Case 368:
56 255 313 268 282 546 166 270 95

Case 369:
59 65 284 125 494 382 328 223 113 15 99

Case 370:
26

Case 371:
100 25 515 530 313 111 253 41 78

Case 372:
89 98 412 304 275 156 143

Case 373:
34 118 124 169 150 176 64 103 1 36

Case 374:
125 166 192 319 542 293 243 76 17

Case 375:
4 56 188 260 530 357 457 217 186 75

Case 376:
77 26 245 190 483 364 287 120 30

Case 377:
5

Case 378:
323 242 367 38 139 75

Case 379:
50 38 179 216 236 238 112

Case 380:
20 55 319 279 431 121 228 90 61

Case 381:
52 54 242 461 98 109 91 82

Case 382:
184 363 386 268 213 62 62

Case 383:
23 2 48 87 192 173 280 130 4

Case 384:
90 27 75 100 130 129 191 249 141

Case 385:
28 8 162 231 527 426 170 136 22

Case 386:
14 89 23 151 147 145 67 91 68

Case 387:
9 40 142 224 438 339 382 136

Case 388:
117 179 109 53

Case 389:
74 102 307 290 580 138 210 4 40

Case 390:
117 241 394 180 287 61 91

Case 391:
19 72 96 284 273 211 115 16 51

Case 392:
44 54 71 122 126 29

Case 393:
83 98 166 262 203 260 273 71 92 76 13

Case 394:
10 34 108 445 266 33 71

Case 395:
42 64 150 228 401 170 110 43 12

Case 396:
76 95 61 101 77 56 97

Case 397:
35 79 184 35 14

Case 398:
100 14 285 224 239 61

Case 399:
95 244 218 169 240 290 44 47

Case 400:
95 235 249 488 407 256 70

Case 401:
1 13 99 230 423 365 617 267 167 55 74

Case 402:
9 4 122 277 383 496 502 420 250 90

Case 403:
74 38 65 415 376 241 363 36 95

Case 404:
49 37 245 170 153 69

Case 405:
171 203 366 404 373 79 111

Case 406:
75 45 215 191 337 319 239 88 143 75 46

Case 407:
20 80 270 146 214 201 224 68 36

Case 408:
19 53 267 305 435 412 344 28 260 10 84

Case 409:
280 356 539 223 48

Case 410:
2 37 281 142 246 94 167

Case 411:
143 320 97 150 18 9

Case 412:
83 94 182 43 213 166 312 177 238 90 72

Case 413:
36 45 96 41 216 282 439 293 156

Case 414:
33 217 318 96 201 41 20

Case 415:
72 12 200 265 298 150 195 42

Case 416:
34 47 151 78 140 169 276 84 18

Case 417:
196 163 262 309 350 49 9

Case 418:
106 108 292 224 298 73 21

Case 419:
131 149 192 67

Case 420:
42 143 152 69 35

Case 421:
58 46 134 206 400 241 185 30 24

Case 422:
108 110 132 61 95

Case 423:
84 76 155 308 434 137 254 6 62

Case 424:
31 71 275 376 348 190 268 83 52

Case 425:
20 63 194 58 14

Case 426:
17 51 204 81

Case 427:
41 25 140 36 288 55 433 257 232 30 90

Case 428:
56 180 180 343 247 138

Case 429:
160 184 364 252 305 49 18

Case 430:
254 227 231 36 2

Case 431:
16 96 249 170 123 97 30

Case 432:
28 54 113 75 58 63 25 73

Case 433:
13 94 207 75 405 168 620 172 235 70

Case 434:
67 83 208 368 623 332 491 111 255 27 38

Case 435:
97

Case 436:
3 58 109 108 263 361 463 150 38

Case 437:
21 41 28 162 299 339 527 116 203 18 57

Case 438:
60 32 127 220 333 204 115 125 84 90 41

Case 439:
77

Case 440:
69 115 427 327 401 210 115

Case 441:
62 173 477 313 343 98 85

Case 442:
170 156 417 292 147 23 63

Case 443:
80 91 280 140 465 84 141 3 81

Case 444:
82 65 126 277 264 106 42 11 60

Case 445:
44 134 105 62 11

Case 446:
40 106 309 210 408 173 178

Case 447:
21 394 261 327 176 121

Case 448:
255 328 273 185 167

Case 449:
83 232 441 218 246 90 95

Case 450:
23 159 109 71 20

Case 451:
58 19 301 167 542 259 521 142 129

Case 452:
55 47 96 103 162 202 239 20 87

Case 453:
82 17 206 210 232 37 29

Case 454:
33 90 8 241 146 109

Case 455:
68 109 131 110 80 36 18

Case 456:
77 71 202 294 435 269 281

Case 457:
6 149 168 370 312 385 133 86

Case 458:
91 22 20 250 331 215 591 106 137

Case 459:
43 113 76 191 111 74

Case 460:
69 18 313 177 487 274 506 88 274 11 46

Case 461:
60 159 315 209 392 156 213 46 21

Case 462:
67 65 183 244 338 420 420 123 132

Case 463:
39 73 187 181 547 474 406 293 206 87 94

Case 464:
2 12 250 216 448 285 377 136 70

Case 465:
55 58 287 287 288 68 27

Case 466:
73 83 124 162 568 334 560 219 44

Case 467:
29 9 222 233 351 156 109

Case 468:
74 6 349 177 343 164

Case 469:
21 60 132 140 73 97

Case 470:
6 41 160 206 192 76 193 174 151 87

Case 471:
134 115 267 4

Case 472:
96 35 191 118 371 366 373 108 156 100 94

Case 473:
24 23 307 177 903 429 506 250 305 15 38

Case 474:
222 290 358 164 147 79 90

Case 475:
3 47 228 232 129 123 152 69

Case 476:
18 212 122 37

Case 477:
40 75 287 107 193 26 168 41

Case 478:
18 92 131 137 153 78 195 58

Case 479:
10 44 77 168 212 240 35

Case 480:
14 137 262 196 549 245 162 46 79

Case 481:
22

Case 482:
76 163 167 310 375 232 211

Case 483:
120 107 363 471 222

Case 484:
9 56 256 189 547 390 349 44 49

Case 485:
45 58 200 229 450 246 464 242 222 97 100

Case 486:
128 235 587 121 221 96

Case 487:
30 88 211 187 379 298 163 136 172 51 96

Case 488:
206 142 312 372 446 208 211 43 59

Case 489:
85 78 58 118 202 130 186 113 103

Case 490:
98 402 341 536 270 220

Case 491:
330 403 447 168 332 29

Case 492:
88 93 94 145 118 101

Case 493:
121 103 470 271 293 113 201 54 89

Case 494:
295 256 364 250 402 78 28

Case 495:
85

Case 496:
97 63 96 156 483 235 135 73 47

Case 497:
41 50 167 206 143 137 23

Case 498:
18 55 231 129 461 225 543 164 264 43 22

Case 499:
123 73 427 402 325 224 167 87 11

Case 500:
82 84

Case 501:
71 79 270 130 43

Case 502:
65 22 162 135 334 178 37 28 128 64 83

Case 503:
86 90 293 197 87

Case 504:
142 149 291 108 225 67 15

Case 505:
53 19 105 106 315 216 55 17 75 75 62

Case 506:
44 152 213 195 364 450 152 61 55 88

Case 507:
95 209 487 355 421 90 99

Case 508:
19

Case 509:
74 54 414 327 571 158 303 24 79

Case 510:
58 54 109 302 178 33 42

Case 511:
152 272 507 355 377 145 157 40 32

Case 512:
38 104 266 35

Case 513:
96 113 165 203 27

Case 514:
46 20 275 190 347 305 438 200 154 3 76

Case 515:
53

Case 516:
121 229 297 325 435 219 12

Case 517:
118 176 348 354 395 213 225 37 2

Case 518:
48 103 67 50

Case 519:
57 88 156 113 142 186 232 123 148 88 65

Case 520:
52 160 362 281 426 227 126

Case 521:
100 28 246 101 423 363 374 164 144

Case 522:
98 110 289 148 110 74 60

Case 523:
60 188 78 343 200 139 15

Case 524:
70 92 554 481 303 81 256

Case 525:
135 126 406 192 374 162 98

Case 526:
51 22 414 360 303 70 229 79

Case 527:
27 5

Case 528:
95

Case 529:
100 90 141 377 328 292 17 85

Case 530:
11 110 162 329 296 192 240

Case 531:
21

Case 532:
27 95 268 318 781 325 527 222 339 66 50

Case 533:
40 85 163 139 308 364 459 82 91

Case 534:
44 93 169 156 407 465 363 85

Case 535:
80 89 64 69 587 233 530 208 257 61 95

Case 536:
29 2 223 206 467 566 459 296 199 18 79

Case 537:
71 194 241 590 521 899 147 241 46

Case 538:
96 25 43 209 244 126 289 32 20

Case 539:
149 329 592 289 219

Case 540:
85

Case 541:
87 284 98 463 331 272 103 121 99 70

Case 542:
44 85 201 146 228 370 438 150 12

Case 543:
50 88 140 194 261 106 83

Case 544:
62 115 254 121 126 41 81

Case 545:
124 44 350 259 456 173 294 19 33

Case 546:
44 174 70 183 208 429 240 211 30 43

Case 547:
134 226 174 96 67

Case 548:
68 71 173 187 617 356 437 6 42

Case 549:
125 143 360 389 344 97

Case 550:
64

Case 551:
227 296 370 511 89

Case 552:
1

Case 553:
32 123 325 328 255 152 126 3 22

Case 554:
192 147 385 235 179 151 158 25 26

Case 555:
38

Case 556:
230 232 435 303 430 164 26

Case 557:
58 19 179 158 392 319 424 420 232 98

Case 558:
83 77 123 221 226 209 543 284 215 99

Case 559:
8 100 116 27 223 176 275 97 156

Case 560:
15 45 127 158 346 422 287 56 24

Case 561:
15 10 205 225 143 96 185 60 110 75

Case 562:
30 27 346 263 494 325 402 227 184 58 8

Case 563:
186 240 425 235 312 155 194 86 13

Case 564:
47 81 166 96 240 71 11

Case 565:
38 123 307 130 106 139 41

Case 566:
158 135 411 287 203 42 54

Case 567:
28 100 192 174 192 105 60

Case 568:
16 38 75 120 305 146 10

Case 569:
1 93 195 238 317 145 272 142 68

Case 570:
1 89 81 177 117 75 64

Case 571:
45 129 306 190 264 43 81

Case 572:
11 97 156 161 302 324 231 228

Case 573:
129 252 318 74 95 104 133 90 75

Case 574:
15 258 215 273 176 59

Case 575:
179 236 302 216 228 5 13

Case 576:
57 77 216 216 575 489 440 208 245

Case 577:
57 174 178 191 87 79 93

Case 578:
79 31 226 84 291 280 384 137 359 69 9

Case 579:
82 10 264 322 491 456 489 81 162

Case 580:
135 210 361 340 318 174 198

Case 581:
23 211 410 394 411 320 374 91 25

Case 582:
35 112 165 141 95 31

Case 583:
72

Case 584:
105 106 312 234 134 87

Case 585:
16 39 214 164 525 425 429 172 324 78 25

Case 586:
120 188 266 393 294 184 69 46 99

Case 587:
83 142 155 278 359 194 118 9 83

Case 588:
69 17 138 199 478 294 358 145 74 83

Case 589:
51 126 194 232 220 211 33

Case 590:
108 218 25 30

Case 591:
17 19 167 214 292 230 167 3 56

Case 592:
88

Case 593:
4 149 256 217 413 105 146 94 5

Case 594:
134 222 123 240 43 22

Case 595:
93 95 20

Case 596:
287 131 427 324 208 111 37

Case 597:
56 75 246 133 605 507 581 154 187 62 34

Case 598:
71 245 249 473 313 223

Case 599:
9 76 174 76 111 54 204 162 132 64 52

Case 600:
5 51 197 182 123 109 139 20 38

Case 601:
98 75 150 156 531 553 507 284 31

Case 602:
59 11 57 166 223 125 26

Case 603:
22 52 144 189 213 35 47

Case 604:
66 260 150 374 279 281 251 234 44 63

Case 605:
34 15 226 153 261 222 65

Case 606:
41 129 335 159 42 39 93

Case 607:
77 73 167 253 278 464 659 100 81

Case 608:
86 72 178 146 268 286 281 92 332 62 82

Case 609:
10 68 104 84 307 80 47

Case 610:
36 47 272 224 479 399 677 255 27

Case 611:
243 102 285 58

Case 612:
66 45 251 242 234 255

Case 613:
32 131 287 169 291 12 14

Case 614:
23 188 172 342 185 283

Case 615:
55 52 360 178 460 250 535 110

Case 616:
27 49 378 232 508 312 125 83 95

Case 617:
24 27 113 115 293 105 178

Case 618:
10 78 239 363 259 91 49

Case 619:
218 110 499 511 282 146 63

Case 620:
1 83 195 286 632 487 631 294 93 79

Case 621:
119 280 294 36 41

Case 622:
78 41 168 133 371 205 101 22 29

Case 623:
64 61 226 190 265 113 134 34 99

Case 624:
56 91 115 37 567 444 440 157 193 77 15

Case 625:
135 126 396 165 164 65

Case 626:
60 69 298 113 381 147 56

Case 627:
94 40 239 190 462 381 367 109 106 74 99

Case 628:
173 215 518 355 292 28 98

Case 629:
59 186 590 457 443 185 212 24 32

Case 630:
65 126 152 149 176 69

Case 631:
40 149 171 560 366 404 101 7

Case 632:
67 97 40 81 622 432 699 214 327 67 19

Case 633:
58 52

Case 634:
55 21 173 264 138 66 186 81 97

Case 635:
21 79 245 302 209 62

Case 636:
3 172 144 576 350 518 135 195 43 92

Case 637:
64 45 394 225 419 292 337 148 93 96 57

Case 638:
126 140 395 444 613 132 137 90

Case 639:
32 75 182 290 200 132 103 72 76

Case 640:
196 242 417 250 128

Case 641:
22 63 154 136 134 90 194 40 21

Case 642:
59 124 202 354 204 187

Case 643:
26 161 180 272 213 178 7 67

Case 644:
104 62 491 399 349 28 91

Case 645:
77 79 181 139 159 14 75

Case 646:
39 123 132

Case 647:
114 124 279 311 304 383 217 33 96

Case 648:
22 29 84 61 344 216 282 163 25 60 85

Case 649:
89

Case 650:
73 80 321 187 432 198 180 79 37

Case 651:
13 35 297 256 429 130 152 18 67

Case 652:
51 39 153 267 312 384 284 67 45

Case 653:
20 11 132 96 431 372 461 154 147

Case 654:
140 234 99 42 53 4

Case 655:
15 88 225 164 238 223 224

Case 656:
70 10 270 240 173 344 341 192 346 50 33

Case 657:
23 32 219 121 286 148 75

Case 658:
48 136 360 392 336 11 40

Case 659:
16 82 130 78 190 133 22

Case 660:
37 24 259 172 259 65 41

Case 661:
61 75 265 232 273 413 672 195 166

Case 662:
88 67 166 227 105 78 53

Case 663:
72 309 281 437 179 211 6 14

Case 664:
70 248 191 508 174 55

Case 665:
78 23 223 197 424 209 132

Case 666:
93 97 139 137 220 110 253 78 2

