5
14
20
14
26
13
27
15
18
13
16
19
24
17
21
21
20
-1
-1
19
24
23
6
25
-1
21
12
22
6
26
19
-1
-1
8
18
-1
13
15
36
13
9
30
-1
16
16
24
-1
6
14
19
21
29
37
14
-1
10
23
18
27
14
12
16
18
19
18
29
13
20
14
-1
26
27
34
25
11
27
21
11
-1
32
22
23
11
38
12
32
32
28
28
34
-1
32
16
16
13
34
12
26
16
7
-1
27
26
28
4
2
13
34
19
25
17
10
26
27
12
26
5
19
31
16
15
18
25
21
19
11
19
19
12
17
8
32
21
8
20
26
11
17
22
25
29
6
27
21
17
26
15
15
12
29
20
11
9
15
18
21
9
16
11
13
19
34
20
18
27
26
20
12
18
8
22
35
11
7
-1
36
21
17
15
29
24
25
23
26
30
17
17
2
27
11
-1
-1
23
15
7
17
26
9
20
12
-1
2
18
20
25
21
15
12
25
31
-1
-1
22
19
35
34
8
-1
22
12
21
21
20
9
18
-1
22
2
-1
16
14
9
6
27
25
21
-1
-1
23
22
2
22
-1
28
21
32
13
27
10
4
11
-1
29
26
29
-1
29
28
16
15
10
17
10
15
30
31
22
13
26
21
25
-1
21
19
25
12
16
21
19
34
29
20
-1
-1
20
7
35
20
-1
19
24
19
13
27
17
10
30
17
36
28
28
-1
23
18
36
21
25
-1
3
21
-1
33
27
19
32
17
-1
-1
15
26
8
20
22
33
23
5
10
19
18
10
19
23
4
27
20
18
9
16
34
23
22
18
18
17
-1
30
31
28
7
-1
25
14
18
6
16
16
11
21
14
25
13
23
6
28
21
0
19
18
31
27
26
38
20
24
16
2
10
15
18
17
24
35
23
18
-1
-1
19
14
28
12
16
12
7
20
14
20
23
-1
25
24
25
31
-1
-1
22
9
-1
16
21
36
22
28
14
16
29
10
34
33
18
20
25
20
18
25
10
-1
16
31
3
37
18
-1
33
10
24
25
12
14
11
2
32
-1
5
16
26
29
18
-1
9
6
21
4
0
22
32
37
-1
27
8
5
33
11
19
10
28
1
17
4
18
8
11
20
27
32
15
20
9
23
11
6
19
10
22
6
9
9
21
20
24
18
25
33
14
7
20
19
11
17
-1
18
4
-1
12
26
22
22
18
8
8
16
22
30
23
19
14
30
14
17
23
13
25
26
20
29
34
23
19
17
27
13
18
19
25
15
19
11
11
19
26
-1
28
-1
18
-1
20
24
23
21
17
5
12
28
12
29
18
12
25
-1
21
-1
15
18
8
23
19
19
19
30
23
-1
17
4
18
21
3
23
27
20
-1
10
20
3
16
14
-1
17
13
33
18
22
-1
-1
11
4
20
20
14
20
35
22
5
21
17
13
9
17
15
28
20
11
-1
18
19
6
16
22
12
14
27
18
3
28
35
25
22
6
1
20
15
20
14
8
6
-1
25
11
11
7
5
5
-1
-1
16
13
-1
37
24
28
33
-1
22
30
17
16
13
21
35
23
19
17
12
2
-1
36
21
24
10
20
13
19
-1
4
7
34
26
3
12
-1
21
28
29
27
19
21
10
19
14
9
-1
26
27
18
26
20
30
22
11
32
23
32
12
25
27
8
17
7
19
8
21
11
8
30
3
35
29
2
22
13
30
25
14
25
15
24
34
22
18
15
14
11
29
8
18
9
23
35
24
7
29
10
14
13
4
18
-1
24
29
-1
14
13
31
17
24
22
22
-1
18
14
12
12
9
15
3
9
18
18
24
24
36
10
-1
3
11
16
35
24
29
15
30
-1
7
23
6
-1
8
24
1
23
26
16
28
33
2
6
-1
20
23
22
5
-1
24
18
31
25
11
13
-1
24
-1
12
17
10
12
24
-1
27
19
27
17
5
30
19
12
22
6
-1
-1
17
18
20
26
23
14
18
14
8
14
18
31
17
17
-1
27
17
22
18
19
-1
14
19
16
35
12
23
12
-1
-1
4
-1
25
0
38
-1
-1
17
20
6
31
12
28
-1
19
11
0
25
26
31
-1
22
29
13
15
31
11
29
23
14
12
17
30
18
18
13
-1
-1
19
-1
11
25
16
26
14
36
30
16
27
-1
8
27
28
13
16
22
2
16
18
2
5
13
17
18
22
24
-1
27
20
-1
24
21
19
4
18
11
3
36
16
17
14
21
17
8
12
32
13
7
32
-1
13
27
9
5
22
18
17
9
35
13
22
15
10
16
4
12
14
9
12
6
17
20
19
17
10
18
35
16
31
29
-1
21
12
17
23
24
18
30
8
32
9
14
14
21
14
11
21
15
28
27
-1
23
29
