0 3 4 1 2 5 7 9 8 6
0 3 6 4 1 2 5 7 8 10 9
0 3 6 5 2 1 4 7 9 11 10 8
0 3 6 7 4 1 2 5 8 10 12 11 9
0 3 6 9 7 4 1 2 5 8 10 11 13 12
0 3 6 9 8 5 2 1 4 7 10 12 14 13 11
0 3 6 9 10 7 4 1 2 5 8 11 13 15 14 12
0 3 6 9 12 10 7 4 1 2 5 8 11 13 14 16 15
0 3 4 1 2 5 7 9 10 8 6
0 3 6 4 1 2 5 7 8 10 11 9
0 3 6 5 2 1 4 7 9 11 12 10 8
0 3 6 7 4 1 2 5 8 10 12 13 11 9
0 3 6 9 7 4 1 2 5 8 10 11 13 14 12
0 3 6 9 8 5 2 1 4 7 10 12 14 15 13 11
0 3 6 9 10 7 4 1 2 5 8 11 13 15 16 14 12
0 3 6 9 12 10 7 4 1 2 5 8 11 13 14 16 17 15
0 3 4 1 2 5 7 9 11 10 8 6
0 3 6 4 1 2 5 7 8 10 12 11 9
0 3 6 5 2 1 4 7 9 11 13 12 10 8
0 3 6 7 4 1 2 5 8 10 12 14 13 11 9
