ABAC ABCA CBAB CABA CABC ACBA CABA CBAB CA
34
A
1
AB
2
ABAC ABAD ABAC ABAE ABAC ABAD ABAC ABAF ABAC ABAD ABAC A
45
ABAC ABAD AB
10
ABAC ABAD ABAC ABAE ABAC ABAD ABAC ABAF ABAC ABAD ABAC ABAE ABAC ABAD ABA
59
ABAC ABA
7
ABAC ABAD ABAC ABAE ABAC
20
ABAC ABAD ABAC ABAE ABAC ABAD ABAC ABAF ABAC ABAD ABAC ABAE ABAC ABAD ABAC A
61
ABAC ABAD ABAC ABAE ABAC ABAD ABAC ABAF ABAC ABAD ABAC ABAE ABAC AB
54
ABAC ABAD ABAC ABAE ABAC A
21
ABAC ABAD ABAC ABAE ABAC ABAD ABAC ABCA CBAB CABA CABC ACBA BDAB ACAB ADAB ACAB
CACB ABCA B
73
ABAC ABAD ABAC ABAE ABAC ABAD ABAC ABAF ABAC ABAD ABAC ABAE ABAC ABAD ABAC ABAG
ABAC
68
ABAC ABAD ABAC ABAE ABAC ABAD ABAC ABAF ABAC ABAD ABAC ABAE ABAC ABAD AB
58
ABAC ABAD ABAC ABAE ABAC ABAD ABAC ABAF ABAC ABA
39
ABAC ABAD ABAC ABAE ABAC ABAD A
25
ABAC ABAD ABAC ABAE ABAC ABAD ABAC ABAF ABAC ABAD ABAC ABAE A
49
ABAC ABAD ABAC ABAE ABAC A
21
ABAC ABAD ABAC ABAE ABAC ABAD ABAC ABAF ABAC ABAD ABAC ABAE ABAC ABAD ABAC ABAG
ABAC ABAD ABAC ABAE
80
ABAC ABAD ABAC ABAE ABAC ABAD ABAC ABAF ABAC ABAD ABAC ABAE ABAC ABAD ABAC ABAG
ABAC ABAD ABAC A
77
ABAC ABAD
8
ABAC ABAD ABAC ABAE ABAC ABAD ABAC ABAF
32
ABAC ABAD ABAC ABAE ABAC ABAD ABAC
28
ABAC ABAD ABAC ABAE ABAC ABAD ABAC ABAF ABAC ABAD ABAC ABAE ABAC A
53
ABAC ABAD ABAC ABAE ABAC ABAD ABAC ABAF ABAC ABAD ABAC ABAE ABAC ABAD ABAC ABAG
ABAC ABAD ABAC ABAE
80
ABAC ABAD ABAC ABAE ABAC ABAD ABAC ABAF ABAC ABAD ABAC ABAE ABAC ABAD ABAC ABAG
ABAC ABAD AB
74
ABAC ABAD ABAC ABAE ABAC ABAD ABAC ABAF ABAC ABAD ABAC ABAE ABAC AB
54
ABAC ABAD ABAC ABAE ABAC ABAD ABAC ABAF ABAC ABAD ABAC ABAE ABAC ABAD ABAC ABAG
ABAC ABAD
72
ABAC ABAD ABAC ABAE ABAC ABAD ABAC ABAF ABAC ABAD ABAC ABAE ABAC ABAD AB
58
ABAC ABCA CBAB CABA CABC ACBA CAB
27
ABAC ABAD ABAC ABAE ABAC ABAD ABAC ABAF ABA
35
A
1
ABAC ABAD ABAC ABAE ABAC ABAD ABAC ABAF ABAC ABAD ABAC ABAE ABAC ABAD ABAC
60
ABAC ABAD ABAC ABAE ABAC ABAD ABAC ABAF ABAC ABAD ABAC ABAE ABAC ABAD ABAC ABAG
AB
66
ABAC ABAD ABAC ABAE ABAC ABAD AB
26
ABAC ABAD ABAC ABAE ABAC
20
ABAC ABAD ABAC ABAE ABAC A
21
ABAC ABAD ABAC ABAE ABAC ABAD ABAC AB
30
ABAC AB
6
BAB
3
ABAC ABAD ABAC ABCA CBAB CABA CABC ACBA BDAB ACAB ADAB ACAB CACB ABCA BACA BCAC
64
ABAC ABAD ABAC ABAE ABAC ABAD ABAC ABAF ABAC ABAD ABAC ABAE ABAC ABAD A
57
BAB
3
ABAC ABAD ABAC ABAE ABAC ABAD ABAC ABAF ABAC ABAD ABAC ABAE ABAC ABAD A
57
ABAC ABAD ABAC ABAE ABAC ABAD ABAC ABAF ABAC ABAD ABAC ABAE ABAC ABAD ABAC ABAG
ABAC ABAD ABAC AB
78
ABAC ABAD ABAC ABAE ABAC ABAD ABAC ABAF ABAC ABAD A
41
ABAC ABAD ABAC ABAE ABAC ABAD ABAC ABAF ABAC ABAD ABAC ABAE ABAC ABAD ABAC ABAG
ABAC AB
70
ABAC ABAD ABAC ABAE ABA
19
ABAC ABAD ABAC ABAE ABAC AB
22
ABAC ABAD ABAC ABAE ABAC ABAD ABA
27
BAB
3
ABAC ABAD ABAC ABAE ABAC ABAD ABAC ABAF ABAC ABAD ABAC ABAE ABAC ABAD ABAC ABAG
64
ABAC ABAD ABAC ABAE ABAC ABAD ABAC ABAF ABAC ABAD ABAC ABAE A
49
ABAC ABAD ABAC ABAE ABAC ABAD ABAC ABAF ABAC ABAD ABAC ABAE ABAC ABAD ABAC ABAG
ABAC AB
70
ABAC ABAD ABAC ABCA CBAB CABA
24
ABAC ABAD ABA
11
ABAC ABAD ABAC ABAE ABAC ABAD ABAC ABAF ABAC ABAD ABAC ABAE ABAC ABAD ABAC A
61
ABAC ABAD ABAC ABAE ABAC ABAD ABAC ABAF ABAC ABAD ABAC ABAE ABAC ABAD ABAC ABAG
ABAC ABAD A
73
ABAC ABAD ABAC ABAE ABAC ABAD ABAC ABAF ABA
35
A
1
ABAC ABAD ABAC ABAE ABAC ABAD ABAC ABCA
32
ABAC ABAD ABAC ABAE ABAC ABAD ABAC ABAF ABAC ABAD ABAC ABAE A
49
ABAC ABAD ABAC ABAE ABAC ABAD ABAC ABAF ABAC ABAD ABAC ABAE ABAC ABAD ABAC ABAG
ABAC ABAD A
73
ABAC ABAD ABAC ABAE ABAC ABAD ABAC ABAF ABAC ABAD ABAC ABAE ABAC ABAD A
57
ABAC ABAD ABAC ABAE ABAC ABA
23
ABAC ABAD ABAC AB
14
A
1
ABAC ABAD ABAC ABAE ABAC ABAD ABAC ABAF ABAC ABAD ABAC ABAE ABAC ABAD ABAC AB
62
ABAC ABAD ABAC ABAE ABAC ABAD ABAC ABAF ABAC ABAD ABAC ABAE ABAC ABAD ABAC ABAG
ABAC ABAD AB
74
ABAC AB
6
ABAC ABAD ABAC ABAE ABAC ABAD ABAC ABAF ABAC ABAD ABAC ABAE ABAC ABAD ABAC ABAG
ABAC ABAD ABAC ABA
79
AB
2
ABAC
4
ABAC ABA
7
ABAC ABAD ABAC ABAE ABAC ABAD ABA
27
A
1
ABAC ABAD ABAC ABAE ABAC ABAD ABAC ABAF ABAC ABA
39
ABAC ABAD ABAC ABAE ABAC ABAD ABAC ABAF ABAC ABAD ABAC ABAE ABAC ABAD ABAC ABAG
ABAC AB
70
ABAC ABAD ABAC ABAE ABAC ABAD ABAC AB
30
ABAC ABAD ABAC ABAE ABAC ABAD ABAC ABAF ABAC ABAD ABAC ABAE ABAC ABAD ABAC ABAG
ABAC ABAD ABAC AB
78
ABAC ABAD ABAC ABAE ABAC ABAD ABAC ABAF ABAC ABAD ABAC ABAE ABAC ABAD ABAC ABAG
ABAC ABAD ABAC ABAE
80
ABAC ABAD ABAC ABAE ABAC ABAD ABAC ABAF ABAC ABAD ABAC ABAE ABAC ABA
55
ABAC ABAD ABAC ABAE ABAC ABAD ABAC ABAF ABAC ABAD ABAC ABAE ABAC ABAD ABAC ABAG
ABAC ABA
71
ABAC ABAD ABAC ABAE ABAC ABAD ABAC ABAF
32
ABAC ABAD ABAC ABAE ABAC ABAD ABAC ABAF ABAC ABA
39
ABAC ABAD ABAC ABAE ABAC ABAD ABAC ABAF ABAC ABAD ABAC ABAE ABAC ABAD A
57
ABAC ABAD ABAC ABAE ABAC ABAD ABAC ABAF A
33
ABAC ABAD ABAC ABAE ABAC ABAD ABAC ABAF ABAC ABAD ABAC ABAE A
49
ABA
3
ABAC ABAD ABAC ABAE ABAC ABAD ABAC AB
30
ABAC ABAD ABAC ABAE ABAC ABAD ABAC ABAF ABAC ABAD ABAC ABAE ABAC ABAD ABAC ABAG
AB
66
ABAC ABAD ABAC ABAE ABAC ABAD ABAC ABAF ABAC ABAD AB
42
ABAC ABAD ABAC ABAE ABAC ABAD ABA
27
ABAC ABA
7
ABAC ABAD ABAC ABAE ABAC ABAD ABAC ABAF ABAC ABAD ABAC ABAE ABAC ABAD ABAC
60
ABAC ABAD ABAC ABAE ABAC ABAD ABAC ABAF
32
ABAC ABAD ABAC ABAE ABAC ABAD ABAC ABAF ABAC ABAD ABAC ABAE ABAC ABAD ABAC ABAG
ABAC ABAD ABAC AB
78
ABAC ABAD ABAC ABAE ABAC ABAD ABAC ABAF ABAC ABAD ABA
43
ABAC ABAD ABAC ABAE ABAC ABAD ABAC ABAF ABAC ABAD AB
42
ABAC A
5
