0
37
1250
2486
0
6616
9625
10272
10372
12657
13645
15856
17172
17437
19019
20917
22098
0
24086
0
25432
0
0
28039
29491
0
31615
32375
32397
33749
34649
36329
37747
38734
39641
40522
41679
42213
0
42743
0
46380
47094
47748
48693
49518
0
51823
53659
55425
55678
55754
0
56547
57194
58561
58875
60655
0
61896
61941
62225
62347
0
65093
66419
67331
69283
70161
70367
70664
70935
72617
74490
0
79746
80286
80684
80816
82362
82712
83655
84025
0
86198
86635
86815
89195
89920
92130
92932
93451
94350
95570
96312
97018
97966
98453
99937
99959
