Layout #1:


   5   4   3   6   5   3   4   6
   0   6   0   1   2   3   1   1
   3   2   6   5   0   4   2   0
   5   3   6   2   3   2   0   6
   4   0   4   1   0   0   4   1
   5   2   2   4   4   1   6   5
   5   5   3   6   1   2   3   1

Maps resulting from layout #1 are:


   6  20  20  27  27  19  25  25
   6  18   2   2   3  19   8   8
  21  18  28  17   3  16  16   7
  21   4  28  17  15  15   5   7
  24   4  11  11   1   1   5  12
  24  14  14  23  23  13  13  12
  26  26  22  22   9   9  10  10


There are 1 solution(s) for layout #1.





Layout #2:


   4   2   5   2   6   3   5   4
   5   0   4   3   1   4   1   1
   1   2   3   0   2   2   2   2
   1   4   0   1   3   5   6   5
   4   0   6   0   3   6   6   5
   4   0   1   6   4   0   3   0
   6   5   3   6   2   1   5   3

Maps resulting from layout #2 are:


  16  16  24  18  18  20  12  11
   6   6  24  10  10  20  12  11
   8  15  15   3   3  17  14  14
   8   5   5   2  19  17  28  26
  23   1  13   2  19   7  28  26
  23   1  13  25  25   7  21   4
  27  27  22  22   9   9  21   4


  16  16  24  18  18  20  12  11
   6   6  24  10  10  20  12  11
   8  15  15   3   3  17  14  14
   8   5   5   2  19  17  28  26
  23   1  13   2  19   7  28  26
  23   1  13  25  25   7   4   4
  27  27  22  22   9   9  21  21


There are 2 solution(s) for layout #2.
