1 2 3 4 5 6 7 8 
possible

1 2 4 3 5 6 7 8 
3 4 2 1 5 6 7 8 
3 5 1 2 4 6 7 8 
2 1 5 3 4 6 7 8 
2 1 5 7 6 4 3 8 
7 5 1 2 6 4 3 8 
7 6 2 1 5 4 3 8 
7 6 2 3 4 5 1 8 
7 6 5 4 3 2 1 8 
possible

1 4 2 3 5 6 7 8 
1 4 2 7 6 5 3 8 
7 2 4 1 6 5 3 8 
7 2 4 3 5 6 1 8 
7 2 6 5 3 4 1 8 
5 6 2 7 3 4 1 8 
5 6 2 1 4 3 7 8 
1 2 6 5 4 3 7 8 
1 2 3 4 5 6 7 8 
possible

1 2 3 4 5 6 7 8 9 
possible

impossible in 10 steps

1 4 2 3 5 6 7 8 9 
1 4 2 7 6 5 3 8 9 
1 4 5 6 7 2 3 8 9 
3 4 5 6 7 2 1 9 8 
3 4 5 6 7 8 9 1 2 
possible

