  4  3,  8  5,  7  1,  6  2
  4  8,  9  5,  3  1,  2  6, 10,  7
  1 10,  2  9,  3  8,  4  7,  5  6
  5  6,  1 10,  8  3,  9  2,  4  7
  1 19,  2 18,  3 17,  4 16,  5 15,  6 14,  7 13,  8 12,  9 11, 10
 10  8,  3 15, 16  2, 13  5, 14  4,  6 12,  1 17,  7 11,  9
  2  3,  1
  3  2,  6  1,  9  8,  5  7, 10  4
  2  4,  5  6,  8  3, 10 16, 12 11, 14 13, 17,  7  9,  1 15
  2  5,  4,  3,  1
  7  8,  6  5,  1  3,  2  9,  4
 16 17, 14 13, 15 10,  1  7,  6  4,  2 19,  5 11,  8  3,  9, 18, 12
  4  3,  2  1
  3,  1  2
  2  8,  4  1,  6  7, 10, 12 11,  3  5, 13  9
 12 14,  7  8,  4  2,  3 15,  6, 11 16,  5  1, 10  9, 18 17, 13
  1  6,  2 10,  3 12,  4 11,  5  7,  8  9
  7  6,  4  1,  5  3, 10  2,  8  9
 18 13,  2  7,  6 17, 14 10,  9  1, 12  5, 11  8, 16  3, 15  4
 19 11,  2,  5 10, 12 17,  3  4, 18  7,  8  6,  9 15, 16 14,  1 13
  1  2,  3
  6  2,  3  1,  5,  4
  2  4,  5  6,  3,  1
  1  8,  2 14,  3,  4  6,  5  7,  9 16, 10 11, 12 15, 13 17
  7  6,  1 11, 10 13,  9 12,  3  4,  5  8,  2
  5  2,  6  1,  3  4
  4  5,  9  8, 13 10, 17  6,  2 19, 12 11, 18  7, 15 14, 16,  3,  1
  5, 10  9, 15 12,  4 11, 14  6,  7 13,  3,  8,  1 16,  2
  2,  1  3
 13 15, 11 12, 14  9,  2  7,  8  5, 10  3, 16,  1  4,  6
  2  1,  3
  8  7,  9  4,  3  1,  6  2,  5
  7  9,  6  8,  2  5,  3  4,  1
  6 15, 12 13,  4 10, 14  8,  7  5,  3  2, 11 16,  9  1
 17 14,  2 10,  6, 12  1,  7 11,  8  4,  3 13,  5 15,  9 16
  3  5,  1  2,  4,  6
  1  6,  2  4,  3  7,  5
  3  1,  2
 12  5, 10  8, 11  9, 15  6,  7  1, 14, 13  3,  4  2
  2  1,  3
  3,  6  5,  9  4,  7  8,  1  2
  6 17, 12 14,  1 10,  8  7, 18  3, 11 16,  5  9, 13 19,  4  2, 15
 10  2,  3  1,  7,  6  9,  8  4,  5
  3  6,  7  4,  5  1,  2
  1  8,  2  5,  3 10,  4  6,  7  9
  3,  6  5,  4,  1,  2
  4  2,  8  1,  5  7,  3  6, 10,  9
 16 14,  2 11,  6  8, 15  4, 13,  3  9,  5  1,  7, 12, 10
 11  1, 10 12,  2  6,  7  8,  9  3,  4 13,  5
 10  9,  8  5, 12  1,  6  4, 11  7,  3  2
 18  3,  2  4,  8 17, 14 13, 10  6, 12  7, 11 15,  1 16,  9  5
  2,  4  3,  6  9,  8  1,  7  5
  7  8,  1  6,  4  5,  2  3
  3  1,  2
  8  3,  9  4,  5  1,  7,  6,  2
  9  8,  5  2,  4  7, 10 11,  3  6,  1 12, 13
  2,  1
  9 15,  3 13, 14 11, 10  8, 12  6,  2  4,  5 16,  7  1
 13  8,  2,  5  7, 12 11,  1,  6 10,  9  3,  4
  5  3,  1  4,  9,  2  6,  7  8
 14  3, 11  4, 10  1, 13 15,  2  5, 16  6, 18  9,  8 12,  7 17
  6  4,  2  1,  5,  3
 17  7, 18 12,  3 15,  9 16,  4 13,  5  6,  1  8,  2 10, 11, 14
  7  1, 14 17,  5 12, 15  4,  9,  3 10,  2 18,  8 11, 13, 16,  6
  1  3,  2  4,  5,  6
 10  9,  6  3,  5 11,  8 14,  2  1,  7 12,  4 13
  1  2
  5 18, 10 16, 15 14,  3 12,  9,  1  7, 11  4,  6 19,  8 13, 17,  2
  7  1,  3  5,  4,  6  2
  1 12,  2  9,  3  6,  4 14,  5 10,  7 13,  8 11
  2  1,  4  3
  2,  1
  3,  2  1,  4
  2  1
  2  1,  3
  6  3,  2  4,  1 10,  7  5,  9  8
  9 10,  8  7,  1  5,  6  3,  4 11,  2
  3 12,  6 10,  9  8,  1  5,  7  2,  4 11, 13
 11  1,  9 13, 10  7,  2 14,  8, 12  3,  5,  6,  4
  1
  5,  1  4,  2  3
  1
  2  7,  4 12,  6 15,  9 16, 11 13, 17  3,  1  5, 10  8, 18 14
  8  5,  2  1,  7  3,  6  4
  1  2
  8  5,  1  9, 12 10,  7  6, 11 15,  2 14,  4,  3, 13
  5  2, 10  1,  6  9,  3 12,  4  7,  8 11
 10 13,  4  7, 17  1, 15 11, 16  3,  6  8,  5  9, 12 14,  2
  3  4,  1  6,  2  5
  5  6,  1  4,  2  3
  3  6,  1  5,  2  4
  3  1,  2
 16 17,  1 15,  4 14,  9 13,  6 12,  8 11, 10,  7,  2  5,  3
  1  8,  2  6,  3  4,  5  7,  9
  2 14,  4 13,  6 12,  8 11, 10,  3  9,  7,  5,  1
  6 16, 12 13,  2  9, 10  5,  1, 14 15,  8  7, 11 18,  4  3, 17
 18 12, 19  4,  3 13,  9  2,  1  8, 17 11, 10,  7  6, 15 14,  5 16
 11 10,  8  5,  9 14,  1  4, 12  7,  3  6, 13  2
  1  6,  2  5,  3  4
  7  2, 14  1,  9 12,  5,  3 10,  4  6, 13, 15  8, 11
  8  4,  2  6,  1  5,  7  3
  3  2,  6  1,  9  7,  8  4,  5
  2 10,  4 18,  6  7,  9 12, 13 14, 16 11, 19  3,  5, 15 17,  8  1
  7  4,  1  6, 11  5, 10 13,  2,  9, 12  8,  3
  1
 14 10,  2  5,  7 12,  3  4,  8,  1  9, 11 13,  6
