wsenenws
Found 1 golygon(s).

Found 0 golygon(s).

enwnwse
eswswne
neseswn
nwswsen
senenws
swnwnes
wnenesw
wsesenw
Found 8 golygon(s).

enwswsen
eswnwnes
neswswne
nwsesenw
senwnwse
swnenesw
wneseswn
wsenenws
Found 8 golygon(s).

enenwswnwswsene
enenwswswnwnese
eneswnwnwswnese
eneswswswswnene
enwneswnwseswne
enwseswswsenwne
enwswnenwsenesw
enwswseseswnwne
enwswseswsenenw
esenwnwnwnwsese
esenwswswnwsene
eseswnwnwswsene
eseswnwswnwnese
eswnenwnwneswse
eswnwnenenwswse
eswnwnenwnesesw
eswnwseswnesenw
eswsenwswnenwse
neneswseswswnen
neneswswsesenwn
nenwseseswsenwn
nenwswswswsenen
nesenwseswnwsen
neswnwswswnesen
neswseneswnenws
neswswnwnwsesen
neswswnwswnenes
nwneseseseswnwn
nwneswswseswnen
nwnwseseswswnen
nwnwseswsesenwn
nwsenesesenwswn
nwseseneneswswn
nwsesenesenwnws
nwseswnwsenwnes
nwswneswseneswn
seneswnenwswnes
senwnesenwseswn
senwnwswnwsesen
senwnwswswnenes
senwswnwnwsenes
sesenwnenwnwses
sesenwnwnenesws
seswnenenwnesws
seswnwnwnwneses
swneneseneswswn
swnenesesenwnws
swnenwswneswsen
swneseneneswnws
swnwsenwnesenws
swsenenenenwsws
swsenwnwnenwses
swswnenenwnwses
swswnenwnenesws
wnenwseneswsenw
wnesenwneswnwse
wneseswseswnwne
wneseswswsenenw
wneswseseswnenw
wnwneseneseswnw
wnwnesesenenwsw
wnwsenenesenwsw
wnwsesesesenwnw
wsenenwnenwswse
wsenenwnwnesesw
wseneswsenwswne
wsenwnenenwsesw
wseswnesenwnesw
wswneneneneswsw
wswneseseneswnw
wswseneneseswnw
wswsenesenenwsw
Found 72 golygon(s).

