1 x 4
2 x 6
3 x 8
4 x 10
5 x 12
6 x 14
7 x 16
8 x 18
9 x 20
10 x 22
11 x 24
12 x 26
13 x 28
14 x 30
15 x 32
16 x 34
17 x 36
18 x 38
19 x 40
20 x 42
21 x 44
22 x 46
23 x 48
24 x 50
25 x 52
26 x 54
27 x 56
28 x 58
29 x 60
30 x 62
31 x 64
32 x 66
33 x 68
34 x 70
35 x 72
36 x 74
37 x 76
38 x 78
39 x 80
40 x 82
41 x 84
42 x 86
43 x 88
44 x 90
45 x 92
46 x 94
47 x 96
48 x 98
49 x 100
50 x 102
51 x 104
52 x 106
53 x 108
54 x 110
55 x 112
56 x 114
57 x 116
58 x 118
59 x 120
60 x 122
61 x 124
62 x 126
63 x 128
64 x 130
65 x 132
66 x 134
67 x 136
68 x 138
69 x 140
70 x 142
71 x 144
72 x 146
73 x 148
74 x 150
75 x 152
76 x 154
77 x 156
78 x 158
79 x 160
80 x 162
81 x 164
82 x 166
83 x 168
84 x 170
85 x 172
86 x 174
87 x 176
88 x 178
89 x 180
90 x 182
91 x 184
92 x 186
93 x 188
94 x 190
95 x 192
96 x 194
97 x 196
98 x 198
99 x 200
100 x 202
101 x 204
102 x 206
103 x 208
104 x 210
105 x 212
106 x 214
107 x 216
108 x 218
109 x 220
110 x 222
111 x 224
112 x 226
113 x 228
114 x 230
115 x 232
116 x 234
117 x 236
118 x 238
119 x 240
120 x 242
121 x 244
122 x 246
123 x 248
124 x 250
125 x 252
126 x 254
127 x 256
128 x 258
129 x 260
130 x 262
131 x 264
132 x 266
133 x 268
134 x 270
135 x 272
136 x 274
137 x 276
138 x 278
139 x 280
140 x 282
141 x 284
142 x 286
143 x 288
144 x 290
145 x 292
146 x 294
147 x 296
148 x 298
149 x 300
150 x 302
151 x 304
152 x 306
153 x 308
154 x 310
155 x 312
156 x 314
157 x 316
158 x 318
159 x 320
160 x 322
161 x 324
162 x 326
163 x 328
164 x 330
165 x 332
166 x 334
167 x 336
168 x 338
169 x 340
170 x 342
171 x 344
172 x 346
173 x 348
174 x 350
175 x 352
176 x 354
177 x 356
178 x 358
179 x 360
180 x 362
181 x 364
182 x 366
183 x 368
184 x 370
185 x 372
186 x 374
187 x 376
188 x 378
189 x 380
190 x 382
191 x 384
192 x 386
193 x 388
194 x 390
195 x 392
196 x 394
197 x 396
198 x 398
199 x 400
200 x 402
201 x 404
202 x 406
203 x 408
204 x 410
205 x 412
206 x 414
207 x 416
208 x 418
209 x 420
210 x 422
211 x 424
212 x 426
213 x 428
214 x 430
215 x 432
216 x 434
217 x 436
218 x 438
219 x 440
220 x 442
221 x 444
222 x 446
223 x 448
224 x 450
225 x 452
226 x 454
227 x 456
228 x 458
229 x 460
230 x 462
231 x 464
232 x 466
233 x 468
234 x 470
235 x 472
236 x 474
237 x 476
238 x 478
239 x 480
240 x 482
241 x 484
242 x 486
243 x 488
244 x 490
245 x 492
246 x 494
247 x 496
248 x 498
249 x 500
250 x 502
251 x 504
252 x 506
253 x 508
254 x 510
255 x 512
256 x 514
257 x 516
258 x 518
259 x 520
260 x 522
261 x 524
262 x 526
263 x 528
264 x 530
265 x 532
266 x 534
267 x 536
268 x 538
269 x 540
270 x 542
271 x 544
272 x 546
273 x 548
274 x 550
275 x 552
276 x 554
277 x 556
278 x 558
279 x 560
280 x 562
281 x 564
282 x 566
283 x 568
284 x 570
285 x 572
286 x 574
287 x 576
288 x 578
289 x 580
290 x 582
291 x 584
292 x 586
293 x 588
294 x 590
295 x 592
296 x 594
297 x 596
298 x 598
299 x 600
300 x 602
301 x 604
302 x 606
303 x 608
304 x 610
305 x 612
306 x 614
307 x 616
308 x 618
309 x 620
310 x 622
311 x 624
312 x 626
313 x 628
314 x 630
315 x 632
316 x 634
317 x 636
318 x 638
319 x 640
320 x 642
321 x 644
322 x 646
323 x 648
324 x 650
325 x 652
326 x 654
327 x 656
328 x 658
329 x 660
330 x 662
331 x 664
332 x 666
333 x 668
334 x 670
335 x 672
336 x 674
337 x 676
338 x 678
339 x 680
340 x 682
341 x 684
342 x 686
343 x 688
344 x 690
345 x 692
346 x 694
347 x 696
348 x 698
349 x 700
350 x 702
351 x 704
352 x 706
353 x 708
354 x 710
355 x 712
356 x 714
357 x 716
358 x 718
359 x 720
360 x 722
361 x 724
362 x 726
363 x 728
364 x 730
365 x 732
366 x 734
367 x 736
368 x 738
369 x 740
370 x 742
371 x 744
372 x 746
373 x 748
374 x 750
375 x 752
376 x 754
377 x 756
378 x 758
379 x 760
380 x 762
381 x 764
382 x 766
383 x 768
384 x 770
385 x 772
386 x 774
387 x 776
388 x 778
389 x 780
390 x 782
391 x 784
392 x 786
393 x 788
394 x 790
395 x 792
396 x 794
397 x 796
398 x 798
399 x 800
400 x 802
401 x 804
402 x 806
403 x 808
404 x 810
405 x 812
406 x 814
407 x 816
408 x 818
409 x 820
410 x 822
411 x 824
412 x 826
413 x 828
414 x 830
415 x 832
416 x 834
417 x 836
418 x 838
419 x 840
420 x 842
421 x 844
422 x 846
423 x 848
424 x 850
425 x 852
426 x 854
427 x 856
428 x 858
429 x 860
430 x 862
431 x 864
432 x 866
433 x 868
434 x 870
435 x 872
436 x 874
437 x 876
438 x 878
439 x 880
440 x 882
441 x 884
442 x 886
443 x 888
444 x 890
445 x 892
446 x 894
447 x 896
448 x 898
449 x 900
450 x 902
451 x 904
452 x 906
453 x 908
454 x 910
455 x 912
456 x 914
457 x 916
458 x 918
459 x 920
460 x 922
461 x 924
462 x 926
463 x 928
464 x 930
465 x 932
466 x 934
467 x 936
468 x 938
469 x 940
470 x 942
471 x 944
472 x 946
473 x 948
474 x 950
475 x 952
476 x 954
477 x 956
478 x 958
479 x 960
480 x 962
481 x 964
482 x 966
483 x 968
484 x 970
485 x 972
486 x 974
487 x 976
488 x 978
489 x 980
490 x 982
491 x 984
492 x 986
493 x 988
494 x 990
495 x 992
496 x 994
497 x 996
498 x 998
499 x 1000
500 x 1002
501 x 1004
502 x 1006
503 x 1008
504 x 1010
505 x 1012
506 x 1014
507 x 1016
508 x 1018
509 x 1020
510 x 1022
511 x 1024
512 x 1026
513 x 1028
514 x 1030
515 x 1032
516 x 1034
517 x 1036
518 x 1038
519 x 1040
520 x 1042
521 x 1044
522 x 1046
523 x 1048
524 x 1050
525 x 1052
526 x 1054
527 x 1056
528 x 1058
529 x 1060
530 x 1062
531 x 1064
532 x 1066
533 x 1068
534 x 1070
535 x 1072
536 x 1074
537 x 1076
538 x 1078
539 x 1080
540 x 1082
541 x 1084
542 x 1086
543 x 1088
544 x 1090
545 x 1092
546 x 1094
547 x 1096
548 x 1098
549 x 1100
550 x 1102
551 x 1104
552 x 1106
553 x 1108
554 x 1110
555 x 1112
556 x 1114
557 x 1116
558 x 1118
559 x 1120
560 x 1122
561 x 1124
562 x 1126
563 x 1128
564 x 1130
565 x 1132
566 x 1134
567 x 1136
568 x 1138
569 x 1140
570 x 1142
571 x 1144
572 x 1146
573 x 1148
574 x 1150
575 x 1152
576 x 1154
577 x 1156
578 x 1158
579 x 1160
580 x 1162
581 x 1164
582 x 1166
583 x 1168
584 x 1170
585 x 1172
586 x 1174
587 x 1176
588 x 1178
589 x 1180
590 x 1182
591 x 1184
592 x 1186
593 x 1188
594 x 1190
595 x 1192
596 x 1194
597 x 1196
598 x 1198
599 x 1200
600 x 1202
601 x 1204
602 x 1206
603 x 1208
604 x 1210
605 x 1212
606 x 1214
607 x 1216
608 x 1218
609 x 1220
610 x 1222
611 x 1224
612 x 1226
613 x 1228
614 x 1230
615 x 1232
616 x 1234
617 x 1236
618 x 1238
619 x 1240
620 x 1242
621 x 1244
622 x 1246
623 x 1248
624 x 1250
625 x 1252
626 x 1254
627 x 1256
628 x 1258
629 x 1260
630 x 1262
631 x 1264
632 x 1266
633 x 1268
634 x 1270
635 x 1272
636 x 1274
637 x 1276
638 x 1278
639 x 1280
640 x 1282
641 x 1284
642 x 1286
643 x 1288
644 x 1290
645 x 1292
646 x 1294
647 x 1296
648 x 1298
649 x 1300
650 x 1302
651 x 1304
652 x 1306
653 x 1308
654 x 1310
655 x 1312
656 x 1314
657 x 1316
658 x 1318
659 x 1320
660 x 1322
661 x 1324
662 x 1326
663 x 1328
664 x 1330
665 x 1332
666 x 1334
667 x 1336
668 x 1338
669 x 1340
670 x 1342
671 x 1344
672 x 1346
673 x 1348
674 x 1350
675 x 1352
676 x 1354
677 x 1356
678 x 1358
679 x 1360
680 x 1362
681 x 1364
682 x 1366
683 x 1368
684 x 1370
685 x 1372
686 x 1374
687 x 1376
688 x 1378
689 x 1380
690 x 1382
691 x 1384
692 x 1386
693 x 1388
694 x 1390
695 x 1392
696 x 1394
697 x 1396
698 x 1398
699 x 1400
700 x 1402
701 x 1404
702 x 1406
703 x 1408
704 x 1410
705 x 1412
706 x 1414
707 x 1416
708 x 1418
709 x 1420
710 x 1422
711 x 1424
712 x 1426
713 x 1428
714 x 1430
715 x 1432
716 x 1434
717 x 1436
718 x 1438
719 x 1440
720 x 1442
721 x 1444
722 x 1446
723 x 1448
724 x 1450
725 x 1452
726 x 1454
727 x 1456
728 x 1458
729 x 1460
730 x 1462
731 x 1464
732 x 1466
733 x 1468
734 x 1470
735 x 1472
736 x 1474
737 x 1476
738 x 1478
739 x 1480
740 x 1482
741 x 1484
742 x 1486
743 x 1488
744 x 1490
745 x 1492
746 x 1494
747 x 1496
748 x 1498
749 x 1500
750 x 1502
751 x 1504
752 x 1506
753 x 1508
754 x 1510
755 x 1512
756 x 1514
757 x 1516
758 x 1518
759 x 1520
760 x 1522
761 x 1524
762 x 1526
763 x 1528
764 x 1530
765 x 1532
766 x 1534
767 x 1536
768 x 1538
769 x 1540
770 x 1542
771 x 1544
772 x 1546
773 x 1548
774 x 1550
775 x 1552
776 x 1554
777 x 1556
778 x 1558
779 x 1560
780 x 1562
781 x 1564
782 x 1566
783 x 1568
784 x 1570
785 x 1572
786 x 1574
787 x 1576
788 x 1578
789 x 1580
790 x 1582
791 x 1584
792 x 1586
793 x 1588
794 x 1590
795 x 1592
796 x 1594
797 x 1596
798 x 1598
799 x 1600
800 x 1602
801 x 1604
802 x 1606
803 x 1608
804 x 1610
805 x 1612
806 x 1614
807 x 1616
808 x 1618
809 x 1620
810 x 1622
811 x 1624
812 x 1626
813 x 1628
814 x 1630
815 x 1632
816 x 1634
817 x 1636
818 x 1638
819 x 1640
820 x 1642
821 x 1644
822 x 1646
823 x 1648
824 x 1650
825 x 1652
826 x 1654
827 x 1656
828 x 1658
829 x 1660
830 x 1662
831 x 1664
832 x 1666
833 x 1668
834 x 1670
835 x 1672
836 x 1674
837 x 1676
838 x 1678
839 x 1680
840 x 1682
841 x 1684
842 x 1686
843 x 1688
844 x 1690
845 x 1692
846 x 1694
847 x 1696
848 x 1698
849 x 1700
850 x 1702
851 x 1704
852 x 1706
853 x 1708
854 x 1710
855 x 1712
856 x 1714
857 x 1716
858 x 1718
859 x 1720
860 x 1722
861 x 1724
862 x 1726
863 x 1728
864 x 1730
865 x 1732
866 x 1734
867 x 1736
868 x 1738
869 x 1740
870 x 1742
871 x 1744
872 x 1746
873 x 1748
874 x 1750
875 x 1752
876 x 1754
877 x 1756
878 x 1758
879 x 1760
880 x 1762
881 x 1764
882 x 1766
883 x 1768
884 x 1770
885 x 1772
886 x 1774
887 x 1776
888 x 1778
889 x 1780
890 x 1782
891 x 1784
892 x 1786
893 x 1788
894 x 1790
895 x 1792
896 x 1794
897 x 1796
898 x 1798
899 x 1800
900 x 1802
901 x 1804
902 x 1806
903 x 1808
904 x 1810
905 x 1812
906 x 1814
907 x 1816
908 x 1818
909 x 1820
910 x 1822
911 x 1824
912 x 1826
913 x 1828
914 x 1830
915 x 1832
916 x 1834
917 x 1836
918 x 1838
919 x 1840
920 x 1842
921 x 1844
922 x 1846
923 x 1848
924 x 1850
925 x 1852
926 x 1854
927 x 1856
928 x 1858
929 x 1860
930 x 1862
931 x 1864
932 x 1866
933 x 1868
934 x 1870
935 x 1872
936 x 1874
937 x 1876
938 x 1878
939 x 1880
940 x 1882
941 x 1884
942 x 1886
943 x 1888
944 x 1890
945 x 1892
946 x 1894
947 x 1896
948 x 1898
949 x 1900
950 x 1902
951 x 1904
952 x 1906
953 x 1908
954 x 1910
955 x 1912
956 x 1914
957 x 1916
958 x 1918
959 x 1920
960 x 1922
961 x 1924
962 x 1926
963 x 1928
964 x 1930
965 x 1932
966 x 1934
967 x 1936
968 x 1938
969 x 1940
970 x 1942
971 x 1944
972 x 1946
973 x 1948
974 x 1950
975 x 1952
976 x 1954
977 x 1956
978 x 1958
979 x 1960
980 x 1962
981 x 1964
982 x 1966
983 x 1968
984 x 1970
985 x 1972
986 x 1974
987 x 1976
988 x 1978
989 x 1980
990 x 1982
991 x 1984
992 x 1986
993 x 1988
994 x 1990
995 x 1992
996 x 1994
997 x 1996
998 x 1998
999 x 2000
1000 x 2002
999 x 2004
998 x 2006
997 x 2008
996 x 2010
995 x 2012
994 x 2014
993 x 2016
992 x 2018
991 x 2020
990 x 2022
989 x 2024
988 x 2026
987 x 2028
986 x 2030
985 x 2032
984 x 2034
983 x 2036
982 x 2038
981 x 2040
980 x 2042
979 x 2044
978 x 2046
977 x 2048
976 x 2050
975 x 2052
974 x 2054
973 x 2056
972 x 2058
971 x 2060
970 x 2062
969 x 2064
968 x 2066
967 x 2068
966 x 2070
965 x 2072
964 x 2074
963 x 2076
962 x 2078
961 x 2080
960 x 2082
959 x 2084
958 x 2086
957 x 2088
956 x 2090
955 x 2092
954 x 2094
953 x 2096
952 x 2098
951 x 2100
950 x 2102
949 x 2104
948 x 2106
947 x 2108
946 x 2110
945 x 2112
944 x 2114
943 x 2116
942 x 2118
941 x 2120
940 x 2122
939 x 2124
938 x 2126
937 x 2128
936 x 2130
935 x 2132
934 x 2134
933 x 2136
932 x 2138
931 x 2140
930 x 2142
929 x 2144
928 x 2146
927 x 2148
926 x 2150
925 x 2152
924 x 2154
923 x 2156
922 x 2158
921 x 2160
920 x 2162
919 x 2164
918 x 2166
917 x 2168
916 x 2170
915 x 2172
914 x 2174
913 x 2176
912 x 2178
911 x 2180
910 x 2182
909 x 2184
908 x 2186
907 x 2188
906 x 2190
905 x 2192
904 x 2194
903 x 2196
902 x 2198
901 x 2200
900 x 2202
899 x 2204
898 x 2206
897 x 2208
896 x 2210
895 x 2212
894 x 2214
893 x 2216
892 x 2218
891 x 2220
890 x 2222
889 x 2224
888 x 2226
887 x 2228
886 x 2230
885 x 2232
884 x 2234
883 x 2236
882 x 2238
881 x 2240
880 x 2242
879 x 2244
878 x 2246
877 x 2248
876 x 2250
875 x 2252
874 x 2254
873 x 2256
872 x 2258
871 x 2260
870 x 2262
869 x 2264
868 x 2266
867 x 2268
866 x 2270
865 x 2272
864 x 2274
863 x 2276
862 x 2278
861 x 2280
860 x 2282
859 x 2284
858 x 2286
857 x 2288
856 x 2290
855 x 2292
854 x 2294
853 x 2296
852 x 2298
851 x 2300
850 x 2302
849 x 2304
848 x 2306
847 x 2308
846 x 2310
845 x 2312
844 x 2314
843 x 2316
842 x 2318
841 x 2320
840 x 2322
839 x 2324
838 x 2326
837 x 2328
836 x 2330
835 x 2332
834 x 2334
833 x 2336
832 x 2338
831 x 2340
830 x 2342
829 x 2344
828 x 2346
827 x 2348
826 x 2350
825 x 2352
824 x 2354
823 x 2356
822 x 2358
821 x 2360
820 x 2362
819 x 2364
818 x 2366
817 x 2368
816 x 2370
815 x 2372
814 x 2374
813 x 2376
812 x 2378
811 x 2380
810 x 2382
809 x 2384
808 x 2386
807 x 2388
806 x 2390
805 x 2392
804 x 2394
803 x 2396
802 x 2398
801 x 2400
800 x 2402
799 x 2404
798 x 2406
797 x 2408
796 x 2410
795 x 2412
794 x 2414
793 x 2416
792 x 2418
791 x 2420
790 x 2422
789 x 2424
788 x 2426
787 x 2428
786 x 2430
785 x 2432
784 x 2434
783 x 2436
782 x 2438
781 x 2440
780 x 2442
779 x 2444
778 x 2446
777 x 2448
776 x 2450
775 x 2452
774 x 2454
773 x 2456
772 x 2458
771 x 2460
770 x 2462
769 x 2464
768 x 2466
767 x 2468
766 x 2470
765 x 2472
764 x 2474
763 x 2476
762 x 2478
761 x 2480
760 x 2482
759 x 2484
758 x 2486
757 x 2488
756 x 2490
755 x 2492
754 x 2494
753 x 2496
752 x 2498
751 x 2500
750 x 2502
749 x 2504
748 x 2506
747 x 2508
746 x 2510
745 x 2512
744 x 2514
743 x 2516
742 x 2518
741 x 2520
740 x 2522
739 x 2524
738 x 2526
737 x 2528
736 x 2530
735 x 2532
734 x 2534
733 x 2536
732 x 2538
731 x 2540
730 x 2542
729 x 2544
728 x 2546
727 x 2548
726 x 2550
725 x 2552
724 x 2554
723 x 2556
722 x 2558
721 x 2560
720 x 2562
719 x 2564
718 x 2566
717 x 2568
716 x 2570
715 x 2572
714 x 2574
713 x 2576
712 x 2578
711 x 2580
710 x 2582
709 x 2584
708 x 2586
707 x 2588
706 x 2590
705 x 2592
704 x 2594
703 x 2596
702 x 2598
701 x 2600
700 x 2602
699 x 2604
698 x 2606
697 x 2608
696 x 2610
695 x 2612
694 x 2614
693 x 2616
692 x 2618
691 x 2620
690 x 2622
689 x 2624
688 x 2626
687 x 2628
686 x 2630
685 x 2632
684 x 2634
683 x 2636
682 x 2638
681 x 2640
680 x 2642
679 x 2644
678 x 2646
677 x 2648
676 x 2650
675 x 2652
674 x 2654
673 x 2656
672 x 2658
671 x 2660
670 x 2662
669 x 2664
668 x 2666
667 x 2668
666 x 2670
665 x 2672
664 x 2674
663 x 2676
662 x 2678
661 x 2680
660 x 2682
659 x 2684
658 x 2686
657 x 2688
656 x 2690
655 x 2692
654 x 2694
653 x 2696
652 x 2698
651 x 2700
650 x 2702
649 x 2704
648 x 2706
647 x 2708
646 x 2710
645 x 2712
644 x 2714
643 x 2716
642 x 2718
641 x 2720
640 x 2722
639 x 2724
638 x 2726
637 x 2728
636 x 2730
635 x 2732
634 x 2734
633 x 2736
632 x 2738
631 x 2740
630 x 2742
629 x 2744
628 x 2746
627 x 2748
626 x 2750
625 x 2752
624 x 2754
623 x 2756
622 x 2758
621 x 2760
620 x 2762
619 x 2764
618 x 2766
617 x 2768
616 x 2770
615 x 2772
614 x 2774
613 x 2776
612 x 2778
611 x 2780
610 x 2782
609 x 2784
608 x 2786
607 x 2788
606 x 2790
605 x 2792
604 x 2794
603 x 2796
602 x 2798
601 x 2800
600 x 2802
599 x 2804
598 x 2806
597 x 2808
596 x 2810
595 x 2812
594 x 2814
593 x 2816
592 x 2818
591 x 2820
590 x 2822
589 x 2824
588 x 2826
587 x 2828
586 x 2830
585 x 2832
584 x 2834
583 x 2836
582 x 2838
581 x 2840
580 x 2842
579 x 2844
578 x 2846
577 x 2848
576 x 2850
575 x 2852
574 x 2854
573 x 2856
572 x 2858
571 x 2860
570 x 2862
569 x 2864
568 x 2866
567 x 2868
566 x 2870
565 x 2872
564 x 2874
563 x 2876
562 x 2878
561 x 2880
560 x 2882
559 x 2884
558 x 2886
557 x 2888
556 x 2890
555 x 2892
554 x 2894
553 x 2896
552 x 2898
551 x 2900
550 x 2902
549 x 2904
548 x 2906
547 x 2908
546 x 2910
545 x 2912
544 x 2914
543 x 2916
542 x 2918
541 x 2920
540 x 2922
539 x 2924
538 x 2926
537 x 2928
536 x 2930
535 x 2932
534 x 2934
533 x 2936
532 x 2938
531 x 2940
530 x 2942
529 x 2944
528 x 2946
527 x 2948
526 x 2950
525 x 2952
524 x 2954
523 x 2956
522 x 2958
521 x 2960
520 x 2962
519 x 2964
518 x 2966
517 x 2968
516 x 2970
515 x 2972
514 x 2974
513 x 2976
512 x 2978
511 x 2980
510 x 2982
509 x 2984
508 x 2986
507 x 2988
506 x 2990
505 x 2992
504 x 2994
503 x 2996
502 x 2998
501 x 3000
500 x 3002
499 x 3004
498 x 3006
497 x 3008
496 x 3010
495 x 3012
494 x 3014
493 x 3016
492 x 3018
491 x 3020
490 x 3022
489 x 3024
488 x 3026
487 x 3028
486 x 3030
485 x 3032
484 x 3034
483 x 3036
482 x 3038
481 x 3040
480 x 3042
479 x 3044
478 x 3046
477 x 3048
476 x 3050
475 x 3052
474 x 3054
473 x 3056
472 x 3058
471 x 3060
470 x 3062
469 x 3064
468 x 3066
467 x 3068
466 x 3070
465 x 3072
464 x 3074
463 x 3076
462 x 3078
461 x 3080
460 x 3082
459 x 3084
458 x 3086
457 x 3088
456 x 3090
455 x 3092
454 x 3094
453 x 3096
452 x 3098
451 x 3100
450 x 3102
449 x 3104
448 x 3106
447 x 3108
446 x 3110
445 x 3112
444 x 3114
443 x 3116
442 x 3118
441 x 3120
440 x 3122
439 x 3124
438 x 3126
437 x 3128
436 x 3130
435 x 3132
434 x 3134
433 x 3136
432 x 3138
431 x 3140
430 x 3142
429 x 3144
428 x 3146
427 x 3148
426 x 3150
425 x 3152
424 x 3154
423 x 3156
422 x 3158
421 x 3160
420 x 3162
419 x 3164
418 x 3166
417 x 3168
416 x 3170
415 x 3172
414 x 3174
413 x 3176
412 x 3178
411 x 3180
410 x 3182
409 x 3184
408 x 3186
407 x 3188
406 x 3190
405 x 3192
404 x 3194
403 x 3196
402 x 3198
401 x 3200
400 x 3202
399 x 3204
398 x 3206
397 x 3208
396 x 3210
395 x 3212
394 x 3214
393 x 3216
392 x 3218
391 x 3220
390 x 3222
389 x 3224
388 x 3226
387 x 3228
386 x 3230
385 x 3232
384 x 3234
383 x 3236
382 x 3238
381 x 3240
380 x 3242
379 x 3244
378 x 3246
377 x 3248
376 x 3250
375 x 3252
374 x 3254
373 x 3256
372 x 3258
371 x 3260
370 x 3262
369 x 3264
368 x 3266
367 x 3268
366 x 3270
365 x 3272
364 x 3274
363 x 3276
362 x 3278
361 x 3280
360 x 3282
359 x 3284
358 x 3286
357 x 3288
356 x 3290
355 x 3292
354 x 3294
353 x 3296
352 x 3298
351 x 3300
350 x 3302
349 x 3304
348 x 3306
347 x 3308
346 x 3310
345 x 3312
344 x 3314
343 x 3316
342 x 3318
341 x 3320
340 x 3322
339 x 3324
338 x 3326
337 x 3328
336 x 3330
335 x 3332
334 x 3334
333 x 3336
332 x 3338
331 x 3340
330 x 3342
329 x 3344
328 x 3346
327 x 3348
326 x 3350
325 x 3352
324 x 3354
323 x 3356
322 x 3358
321 x 3360
320 x 3362
319 x 3364
318 x 3366
317 x 3368
316 x 3370
315 x 3372
314 x 3374
313 x 3376
312 x 3378
311 x 3380
310 x 3382
309 x 3384
308 x 3386
307 x 3388
306 x 3390
305 x 3392
304 x 3394
303 x 3396
302 x 3398
301 x 3400
300 x 3402
299 x 3404
298 x 3406
297 x 3408
296 x 3410
295 x 3412
294 x 3414
293 x 3416
292 x 3418
291 x 3420
290 x 3422
289 x 3424
288 x 3426
287 x 3428
286 x 3430
285 x 3432
284 x 3434
283 x 3436
282 x 3438
281 x 3440
280 x 3442
279 x 3444
278 x 3446
277 x 3448
276 x 3450
275 x 3452
274 x 3454
273 x 3456
272 x 3458
271 x 3460
270 x 3462
269 x 3464
268 x 3466
267 x 3468
266 x 3470
265 x 3472
264 x 3474
263 x 3476
262 x 3478
261 x 3480
260 x 3482
259 x 3484
258 x 3486
257 x 3488
256 x 3490
255 x 3492
254 x 3494
253 x 3496
252 x 3498
251 x 3500
250 x 3502
249 x 3504
248 x 3506
247 x 3508
246 x 3510
245 x 3512
244 x 3514
243 x 3516
242 x 3518
241 x 3520
240 x 3522
239 x 3524
238 x 3526
237 x 3528
236 x 3530
235 x 3532
234 x 3534
233 x 3536
232 x 3538
231 x 3540
230 x 3542
229 x 3544
228 x 3546
227 x 3548
226 x 3550
225 x 3552
224 x 3554
223 x 3556
222 x 3558
221 x 3560
220 x 3562
219 x 3564
218 x 3566
217 x 3568
216 x 3570
215 x 3572
214 x 3574
213 x 3576
212 x 3578
211 x 3580
210 x 3582
209 x 3584
208 x 3586
207 x 3588
206 x 3590
205 x 3592
204 x 3594
203 x 3596
202 x 3598
201 x 3600
200 x 3602
199 x 3604
198 x 3606
197 x 3608
196 x 3610
195 x 3612
194 x 3614
193 x 3616
192 x 3618
191 x 3620
190 x 3622
189 x 3624
188 x 3626
187 x 3628
186 x 3630
185 x 3632
184 x 3634
183 x 3636
182 x 3638
181 x 3640
180 x 3642
179 x 3644
178 x 3646
177 x 3648
176 x 3650
175 x 3652
174 x 3654
173 x 3656
172 x 3658
171 x 3660
170 x 3662
169 x 3664
168 x 3666
167 x 3668
166 x 3670
165 x 3672
164 x 3674
163 x 3676
162 x 3678
161 x 3680
160 x 3682
159 x 3684
158 x 3686
157 x 3688
156 x 3690
155 x 3692
154 x 3694
153 x 3696
152 x 3698
151 x 3700
150 x 3702
149 x 3704
148 x 3706
147 x 3708
146 x 3710
145 x 3712
144 x 3714
143 x 3716
142 x 3718
141 x 3720
140 x 3722
139 x 3724
138 x 3726
137 x 3728
136 x 3730
135 x 3732
134 x 3734
133 x 3736
132 x 3738
131 x 3740
130 x 3742
129 x 3744
128 x 3746
127 x 3748
126 x 3750
125 x 3752
124 x 3754
123 x 3756
122 x 3758
121 x 3760
120 x 3762
119 x 3764
118 x 3766
117 x 3768
116 x 3770
115 x 3772
114 x 3774
113 x 3776
112 x 3778
111 x 3780
110 x 3782
109 x 3784
108 x 3786
107 x 3788
106 x 3790
105 x 3792
104 x 3794
103 x 3796
102 x 3798
101 x 3800
100 x 3802
99 x 3804
98 x 3806
97 x 3808
96 x 3810
95 x 3812
94 x 3814
93 x 3816
92 x 3818
91 x 3820
90 x 3822
89 x 3824
88 x 3826
87 x 3828
86 x 3830
85 x 3832
84 x 3834
83 x 3836
82 x 3838
81 x 3840
80 x 3842
79 x 3844
78 x 3846
77 x 3848
76 x 3850
75 x 3852
74 x 3854
73 x 3856
72 x 3858
71 x 3860
70 x 3862
69 x 3864
68 x 3866
67 x 3868
66 x 3870
65 x 3872
64 x 3874
63 x 3876
62 x 3878
61 x 3880
60 x 3882
59 x 3884
58 x 3886
57 x 3888
56 x 3890
55 x 3892
54 x 3894
53 x 3896
52 x 3898
51 x 3900
50 x 3902
49 x 3904
48 x 3906
47 x 3908
46 x 3910
45 x 3912
44 x 3914
43 x 3916
42 x 3918
41 x 3920
40 x 3922
39 x 3924
38 x 3926
37 x 3928
36 x 3930
35 x 3932
34 x 3934
33 x 3936
32 x 3938
31 x 3940
30 x 3942
29 x 3944
28 x 3946
27 x 3948
26 x 3950
25 x 3952
24 x 3954
23 x 3956
22 x 3958
21 x 3960
20 x 3962
19 x 3964
18 x 3966
17 x 3968
16 x 3970
15 x 3972
14 x 3974
13 x 3976
12 x 3978
11 x 3980
10 x 3982
9 x 3984
8 x 3986
7 x 3988
6 x 3990
5 x 3992
4 x 3994
3 x 3996
2 x 3998
1 x 4000
