15 piles remaining: 15 1 5 3 4 5 2 5 2 1 1 3 2 1 2
7 piles remaining: 34 8 6 1 1 1 1
7 piles remaining: 45 1 1 1 2 1 1
5 piles remaining: 33 12 4 1 2
7 piles remaining: 25 8 4 5 2 7 1
3 piles remaining: 28 23 1
5 piles remaining: 41 1 7 2 1
15 piles remaining: 30 1 3 1 1 1 1 3 1 2 1 3 2 1 1
3 piles remaining: 50 1 1
9 piles remaining: 28 2 9 4 2 1 1 4 1
9 piles remaining: 37 2 1 1 4 1 3 1 2
7 piles remaining: 33 2 6 3 6 1 1
5 piles remaining: 45 3 2 1 1
7 piles remaining: 32 13 1 1 1 1 3
4 piles remaining: 49 1 1 1
10 piles remaining: 29 9 3 2 1 1 1 4 1 1
7 piles remaining: 43 2 1 1 3 1 1
4 piles remaining: 46 4 1 1
6 piles remaining: 42 1 5 1 1 2
2 piles remaining: 39 13
7 piles remaining: 33 7 8 1 1 1 1
20 piles remaining: 3 7 3 1 7 5 3 1 1 3 4 1 1 4 1 2 1 2 1 1
2 piles remaining: 51 1
4 piles remaining: 41 2 7 2
2 piles remaining: 38 14
10 piles remaining: 11 2 9 7 3 4 7 4 1 4
11 piles remaining: 24 3 7 5 5 2 1 1 2 1 1
7 piles remaining: 41 1 1 2 2 1 4
2 piles remaining: 50 2
10 piles remaining: 25 6 4 3 4 2 2 4 1 1
8 piles remaining: 41 1 4 1 1 1 1 2
8 piles remaining: 39 5 1 1 3 1 1 1
11 piles remaining: 32 6 3 1 1 1 2 1 2 1 2
4 piles remaining: 49 1 1 1
12 piles remaining: 30 3 5 2 1 3 1 1 1 2 1 2
14 piles remaining: 24 2 2 2 4 2 1 4 2 2 1 4 1 1
10 piles remaining: 36 2 2 1 2 4 1 1 2 1
5 piles remaining: 40 7 2 1 2
10 piles remaining: 40 3 1 2 1 1 1 1 1 1
7 piles remaining: 42 5 1 1 1 1 1
14 piles remaining: 24 6 6 1 2 3 2 1 1 2 1 1 1 1
6 piles remaining: 46 1 1 1 1 2
13 piles remaining: 28 4 3 1 1 2 1 3 3 1 3 1 1
17 piles remaining: 20 6 1 1 1 2 2 1 2 4 2 1 2 1 4 1 1
5 piles remaining: 30 15 3 2 2
9 piles remaining: 34 2 1 2 5 5 1 1 1
4 piles remaining: 47 1 1 3
4 piles remaining: 40 2 2 8
3 piles remaining: 45 6 1
6 piles remaining: 37 8 2 3 1 1
6 piles remaining: 35 11 2 1 2 1
3 piles remaining: 50 1 1
13 piles remaining: 34 4 1 1 1 3 1 1 1 1 1 1 2
8 piles remaining: 41 1 2 1 1 2 1 3
4 piles remaining: 46 2 3 1
20 piles remaining: 26 1 1 3 1 1 1 3 2 1 2 1 1 2 1 1 1 1 1 1
8 piles remaining: 38 6 2 1 1 2 1 1
6 piles remaining: 39 1 5 3 1 3
6 piles remaining: 32 10 3 3 1 3
7 piles remaining: 30 2 5 5 7 1 2
8 piles remaining: 40 3 1 2 2 2 1 1
11 piles remaining: 28 3 1 1 6 1 5 4 1 1 1
16 piles remaining: 20 9 1 2 6 1 2 1 1 1 2 1 1 1 1 2
17 piles remaining: 15 2 1 9 1 1 7 1 1 2 2 2 2 3 1 1 1
3 piles remaining: 40 5 7
3 piles remaining: 34 8 10
4 piles remaining: 47 3 1 1
9 piles remaining: 39 5 1 1 1 2 1 1 1
12 piles remaining: 17 4 2 8 2 1 3 8 2 1 1 3
9 piles remaining: 39 2 1 3 1 1 1 3 1
12 piles remaining: 32 4 1 1 3 1 3 3 1 1 1 1
5 piles remaining: 36 4 4 5 3
13 piles remaining: 10 16 4 5 4 1 1 2 1 1 5 1 1
3 piles remaining: 49 1 2
8 piles remaining: 37 4 2 2 4 1 1 1
7 piles remaining: 44 2 2 1 1 1 1
3 piles remaining: 45 2 5
15 piles remaining: 25 3 5 2 1 2 1 2 1 2 3 1 1 1 2
5 piles remaining: 48 1 1 1 1
10 piles remaining: 39 4 1 1 1 1 1 1 1 2
15 piles remaining: 23 2 4 1 1 1 1 1 3 2 2 6 2 2 1
2 piles remaining: 49 3
8 piles remaining: 30 13 2 1 3 1 1 1
5 piles remaining: 37 9 3 1 2
19 piles remaining: 21 2 1 3 3 1 1 1 2 1 5 1 2 1 1 1 3 1 1
4 piles remaining: 42 5 3 2
18 piles remaining: 23 6 4 1 3 1 1 1 1 2 1 1 2 1 1 1 1 1
3 piles remaining: 50 1 1
5 piles remaining: 36 8 3 4 1
4 piles remaining: 40 8 3 1
8 piles remaining: 28 6 12 1 2 1 1 1
10 piles remaining: 37 2 2 1 5 1 1 1 1 1
10 piles remaining: 28 2 1 1 1 11 4 1 2 1
7 piles remaining: 41 4 3 1 1 1 1
3 piles remaining: 49 2 1
5 piles remaining: 38 5 7 1 1
6 piles remaining: 39 4 4 3 1 1
17 piles remaining: 6 1 4 12 2 3 1 2 1 1 3 2 2 6 1 4 1
8 piles remaining: 43 3 1 1 1 1 1 1
