------------------------------------------------------------
2short4me                      size2                        
987456321789                   some_longer_name             
looooooong                     something_somehting_something
name                           tiny                         
short                          
------------------------------------------------------------
Aisha         Eric_Cartman  P.D.          Stimey      
Butch         Joe           Porky         
Butters       Kyle          Stan          
Craig_Tucker  Mr.MacKey     Stephany      
------------------------------------------------------------
Alice       Chris       Jan         Marsha      Ruben     
Bobby       Cindy       Jody        Mike        Shirley   
Buffy       Danny       Keith       Mr._French  Sissy     
Carol       Greg        Lori        Peter       
------------------------------------------------------------
123456789112345678921234567893123456789412345678951234567896
123456789112345678921234567893123456789412345678951234567896
abcdefghijklmnopqrstuvwxyzabcdefghijklmnopqrstuvwxyzabcdefgh
abcdefghijklmnopqrstuvwxyzabcdefghijklmnopqrstuvwxyzabcdefgz
------------------------------------------------------------
12345678.123         size-1             
2short4me            tiny               
mid_size_name        very_long_file_name
much_longer_name     z                  
shorter              
------------------------------------------------------------
a  b  d  e  g  h  j  k  m  n  p  q  s  t  v  w  y  z  
a  c  d  f  g  i  j  l  m  o  p  r  s  u  v  x  y  
b  c  e  f  h  i  k  l  n  o  q  r  t  u  w  x  z  
