+following,i
-access,by,john,m,more
*mail

+county,description,human,me,phone,product
-south,uk
*however

No changes

No changes

No changes

+about,three
*h

+change,digital,down,is,it,john,name,other,provided,show,table

+accessories,history,internet,second,very
-going,h,information,service,set,start,think
*because,features,team,travel

+events
-action,g,items,john,main,n

+area

+group,open
*another,own,provided

+description,find,part

+music
-network,than,through
*better,same,training,where

-department,down
*air

-next

+click,credit,required,site
-accessories,canada,de,process
*compare,estate,learn,line,save,white,work

+another,june,only,page,site,t,take
-men,students,type
*add,books,course,large,like

-down,link,since,them
*print

+select
-estate,insurance
*non

*de

No changes

+english,full,public
-his,since

+action,line,media,november,print,privacy,they,y
-movies,really
*info,report

+like,press,report,tv
-used
*december

+all,an,around,as,her,hotels,left,local,resources,shall,take,time

+access,national
-media
*october,rate

No changes

-around,based,call,county,current,j,me,out,their,water

-for,posted

+because,day,own
-form,years
*computer,hotel,name,should,start,use,using,where

+community
-not
*around,march,states,still,u

+related
-author,category,get,live,me,off,print,public,special
*by,movies

+off

+categories,get,high,live,member,people,related,site,small,take
-reply,way
*no

-digital,every,just,shipping,them
*print,these

-car,there

-college,l

-because,m,science,shipping,top

+at,code,do,more,national,post,privacy,services,v,view
*ebay

+management,need,online,v
-large,subject

-available,line,provided,they

-life,pm,point,privacy,v
*add,found,x

+info
-large

+action,can,every,industry,within
-code
*links

No changes

+my

+also,end,september
-info

+department,for,full
-area,be,book,even,i,list,little,save
*art,now,or,private,those

+print
-are,where

+december
-media,review
*total

+children,cost,gallery,good,into,items,t,w
-download

-hours

+item,today
-home,jan,k,october
*store,times

-power,series

+related
-provided

+december,get,live,make,who
-management

+found,posted
-different
*old

+be,search,she,uk
-both
*company,him

+did
*at,group

+buy,table,teen
-computer,old
*men,quality

+as,card,control,f,message,table,would
-be,because,full,over,system
*his,in,more,posts

+good,will

-department,dvd,not

+include

+forums,has,image,include,really,three,visit
-data
*advanced,food,forum,reviews

+current,group,p,science,yahoo
*both,help

+photo
-compare
*get

-center,has,links,out,place,project,x
*description,table

+september
-link
*b,education

+categories
-how,january,jobs,mail,products

+only,start
-canada,content,food,industry,so,those
*pictures,shopping

-car,many,men,shipping,so,video
*description,internet,photo

+community,gallery,k,register,related
*all,page

-another,check,customer

-go,start,white

-another,any,books,first,internet,m,movie,posted,site,who
*items

+school
-does,using

+state
-forum,international
*buy,link,team

+air,for
-read

+service
*take

+b,best,design,photo,shall,so,state,system,terms
-user

+article,international
-copyright,jan,this

+states
-free,please,posts

-all,life,note,provided,research,software,systems,type,value,while,who

+products,school,site,two
-center,group,research,said,v
*can,see,system

+register
-hours
*per,rate

-another

+hotels
-conditions,design,not,only,that
*e,end,its,system

+american,its,one,reply,research,total,while,will
*first,register

+him,home,info,now,rights
-canada,copyright,or
*links

+about,author,code,family,science,value
-text

-company,department,how,library,see,services,user,with

+different,love
-american,be,price,property,second,teen,want
*times,total

+business,credit,for,local,map,one,photos,students,take,than,women,your
-profile

+comments
-main,plan

-are,download,free,location,one,required,research,start

+art,best,end,internet,march,music,see,size,they
-country
*our

-my

-learn
*k,quality

+book
-project,total
*address,october,pages,world

+canada
-m,movie
*said

+big,help,house,travel
-c,computer,search,today

*reply

+than
-company,item,july,listing,long,old,real,said,shall,size,some

No changes

+items
-project,that,without

*white

+de
-in,k,la,like,stock,systems,years
*made

+best,each,job,name,still
-days,my
*money

-development,free,home,member,note,old,place,property,table

+even,world
-call,community,his,job,members,music,reply,section
*does,forums,under

+code,men,not,or,p,second,service,where
*case,her

-around,may,place,state,type,use
*much

+department,index,jobs,my,now,number,october,when
-o,save
*stock,which

+family,get,have,she,text,u
-m,prices,your
*big,compare,not,related,select,show,that

+life
-an,click,december,provide,shall,shipping,size,such,x
*please

+f,need,phone

-press

+contact,features,great,march,under
-power,these
*hot,house,library,old,september,terms

-security

+around,model,place
-category,rights,yahoo
*click,cost,information,insurance,select

+article,december
-management,point,visit,will,with
*am,government,old,text

-art,as,games,human,january,sales,security,that,world

+department
-data,music
*really

+open,user,windows
-page,these,yahoo
*be,free,jobs,live,music,news,say,teen

+b,comments,game,new,other,please,program,where
-or

+form
-american,better,check,international,item,related,special,you

-better,by,own,will

