295550643426076402.3673588507723070885354959343136692404727665333870936784775343091801842515968
7101658409745186647397212527.649845796265248640938445410367701642842164166656
346569.712612488
9338100035887726.827281844014139528160290304
148726409615773666675591464590643019215.552983728941470562610208453628895047083839434132226243282219537793024
5429.037124
87786227840.876159135253719616
20963824698458991585374327068603853185.452587354158265418595113034855581545982885905678738128896
1054477.2342625589233003248783482242375109126937272720674581
18047799394657738061591493420974123915871.798470932832997189189551699220762023496921888866561434670527500289
9895249.40048071707048114410506621125235616607291986407924517601
119690949721703248561861086297808.790697754225668761851920559254697279840561893266170611899350122496
1023576994900387913652094137300438015162.901675858643351459405406725812163910676740210449886093736401
942964096192182.767262227000485699374621184
55799743779101324269794387830.934510464616684335813223440366656551277562191041
7954255065125135533620868.176150040867444706774741943503564692258816
30260966381513047266609141.157242335815767431930868979970370517957838428993781
1565869579599142386844056243744677037889.222688935945886512016673042895886546515878714820162010252475738525390625
2842684948398744101903733816987426031208950522.555684963235775144654182280914568321995473531254842979008871820951552
22.485
274033052410304.452096937170554498867456
11538827716785271022090773194.823687658997500601231855449031660860544190865866752
1097180325611832406640055774659467228.568428430192543353039701837379157833646611501648586091421201
3061.519561
189171077391144.407487402490628620131762176
388023533.838186637657851649
5565613.487644199107701
29213435467968144560789493.428060222641727569041298884704855368015750715502445043122176
1423.251076
12277208084395871099456.219845804605662233505703045539823616
2971243978518224479374876156.3192453600747573248264342681968611
402108839900506.071712863805047839006976
518272932182369110929170.458163703096917672448028295627743433876045824
531933380481678829.764515756378298548964715134976
1994999919391369730220068204507834422.325124927811985189432791126980076475201477906860789258136793035472633856
215913451903344637948.428918292447976577978724720805888
73383689.107505400625
6845765319293288684.331812294990038059507797763201
11232679475568460528291304565065185750.576025964376398224870359559528286847256509259634367037392263477540683776
1092429578487307399.034367266477848652164341170176
46.705211767580545419933889
1500707885.533726147346432
7999571573885851012.17911668896236201418389174315013441373155106675012438933387465083572589036568576
670683338.510080647248387136
25313.774265928
3321503268106934079053116310262733.485048255690377756648284565512886087660110834401
374776542046561636951808343951474202115296.163949162904661675488061609734302562967308275945316588354153078588227
37689164999313463968.726609249448246718705812590049
6971842035778.994221250804490387584
9132.669225
475632209187375025.579598278862904492006478095649
3157532823929838424790025982913071172308.863087962759822130683670131170451970513353795913127396512001
54.564
5897397263625476037779122591906.644310495520469170642670605381438232574462890625
54532153681466021339349520901300325708.792009330197310805731067353182045049914003749690547522429919859
20351836920127729128167874.969888965293403502247736614459211751424
8410.2539937723740416
10089820637516738676.906880003742294539557757837916072262172809
684522729962922548.883345276727302773962475197327887859268339000803328
235903325814971312399275060368313251.1992659216545508520165264054814925064222536851
3360158196290155971740584278897335364.652520039554043334410977709158413321383380298614501953125
140861720433388261745322456751368167379999592789.642285612983276670303174740884196168229124966911012973262721336943312896
15990915931583608939365391743318.291145094888157484198236206694633265986797615473802531045376
7050414866226285684224436780.035642850895697925794019521243
.000000005401847383835588263859450077864487830928280776687628778724262738223842512485384533835776
1402285940094953480748805041.654869144070200785731139707259411606011904
31464931.4940072840123283500257951706086842418176
94.427
107822168086375576.273539130715410324393233437
151270067487236939457587148.452276772912168285106207538465846169858443951
213986.687880797
48198262370946212992517871432309713351508606.494810250001233475546592228417007612333534858892397893311115393236992
4.6473
40912841345184642646677905388562311.977548729290755609978781238233923769
812385528229962362501783679409540756735.180302690286029824762264620116725387493376
2041602420533010731861582272514061310.873325374857640924822925738822790197849807123988268375396728515625
45640184574700800480228627861681893275831.089258273159481610944812964586272249217043077571452066890971611136
11083506893902771829046520646.656217195618318516961103221871501905627775311591239652687820619776
219548625552683051451.504339360881396452444963643245097019429009
7752.978601
62627256275001997187628694078690822222839653110.574930540484032262585424236581872422574229328010890733228603377056117611251
575373181241546875697982.477948053999341067172360538640625840602237319708763003744681984
31812750768509100.4983894873710803288064
3567350336771128.641294866258509905286081
1107508417429.906213599614920293516961
3290725594295616893755147374388.310054353254742768968679864395315673980712890625
92852724054365749407311.609244489037617693896942330644307961537703064598482545255861190656
434823937198889321444025220884.297754830076700452913258371815829090063928590336
900725279518690475.910774363239972627986328125
105185254548646021568073437267658.958805698338489639141158105300798901083162389520337
47848671031293.7893492250639997742785747081497086198228996988162644474735199041
46170769203009732165030890073.752670387798674996982363616704522312310865716866316197339
81310432.920129140670757
5067807715527553551427035979.495350149169873056862562751713876383138316637921480063317646039531500250749
184725322025077558202002634404370260414.847566339584071970170652757681131345434880771017265670782976
40551811103109121747969408132935529.296385005112105653544618728531253284315387227677750984704
1020782123197660259384700381833790604.712328539581528438191596987985195778433302173259016942241
4151470986669268618156.876384187676619454102604189303519
16.865
30854660428153292432287.402608380898012960986171428730727004365162470741673
566393631736251521.384731564347284420485209428401
4707174548046076821857002204859739389757074.3411859865987714565100958786251948080523019263
13927377408806910.2427220184164715013108766101645788436811466349862040153629817820518249136128
487796.528568959
556952151234968377.10853528145751491089141225464513215923557831780522784703621872447818115213950976
656166.946856273
1368.408064
4362371772892111367030222368000598050667.629585793968776866148220735038035943180497478966625344300801
5339089520554447936437.156954755289877686894787092190990336
5662037344687755083728070148763.934897017119246459290653993254291086688907165696
936726089028934189683657768907091241127.158156458405569497247820966892339643859541270614077717083920988639636444693
643701647758189037.44293077848974971333811878281678300491784643144746591023336757468357032046559380161120683109
15504373614731699116199762529519048329067080206675.339751162087003812689162074484173128705550784338619456721246242523193359375
752490669403314551379175873668780274649482.987289517290564874771978140750737534450137559571743011474609375
17187989460694903232272949499762013482.476461389525808860881621054648686871461604196374187866392829307
4561088717.8483287507
1266693202405541124769418498.587420074412763039103570023421281366118481
54367629200893674086570774214513857891253769780.342482134463358616972620512805175272101790053567535999073497719874241720751
28.174864
95717.299885869170474223178816
180803.014259336
95233193341313738270307588.160931394808358163572847843170166015625
209870883021042051826201981134558876.728135940093492691645547342637440154950220995867433106899261474609375
3017933685218672647033173.727658961701822608127875816557001286493831545281
695200776491240200818.633224657219727837537731114419879936
289532195312.682296414403035136
1930208992323819104604241944.020416184848445031788568577612750232219696044921875
97726469537872.729240681711914713088
840515022344327195813.484786964760773208500730902775808
26773960.11061733132520277211784722690531979560695808
17990997162251994910054571729664579706441.862830304813558218423938513229635835881435571445087506130246846386142169557
473217069514697.683547093848930992169216
15617501499.840009599692804096
875053362923321908.814069386001948333469776316764020321
2009546042852421801115089414397585598.190372052032493844025020252063346557839789500036876517159083174461997842432
9185030314192389.072056989285855120256001
47536737059428138309309.575217488707062426577161832828158083072
3264382729179445501942.564839608021081562223104972649215819776
96661249713557085482.071109359808110935768010518601
6.2957
68016434888.678547618909585520559
55234802195435925418899961.420542113654693926781622467965020874890121
720826084405097224257002237590036.409711258514704426550120672011585356268690888304227
7204.6144
60052204284526.12942660377669010672776648769173961804627960094405406609
386819.2670518467555895786653753533
7607136713.354996061581353983801626216060280188530074587136
10260553465158299673424.402998256382074107340826485989911688419115618402304
567450825467083847263308772567782544641598639.385475606307958687429343530371742060979909269718243386900004206542848
674162774978047.630898990938610504484437574901825536
167721.717401792
3336034001970627424029143.133142835634495095606089674021050058502578089570194803065601
75417984866293417594.611156689074183274478897811482839060484765895358016913408
1463.0625
71.8
49138356.277969140625
428524537552502495757.646356353200486548031460715276099
78.511
357455901698912396184126361375774399176.424053242750426671330485690601056548057903600267444236164751974583849
7829322.248540426881
551800114297429947700454.474360411188915007154941989274259456
43391128737002.918035482025036008500344113796318847348464298196890829029376
9465316626.897502047611307
74699569.619958095270115904
16062422978680474477695611361989.918866116382582004362807234666659826991980996984178099515359019
2262525595326861956290951427090749801462008623.515556288148900307860058429754464569371311217460775386068137079427407
15448811813161278731442025.3934428395044051152750847557175159454345703125
251824174628292802997715.281169793759899186878179694414489714688
19014185597.738354044719615009
1265590665509639076997336550413.4272763226136510464
460887536088772.153964685671399014844641
14754321306307050.145236897669811779888480256
3948614366891671217.555691171379022484912599407263744
521217435544590789.760691393123437686330228736
20385.728903517201
540.879962803336866891092483876323328
53173104258102718725047155653.628574556660066149150687122370006135665400457
63637675944.095175612719861462344925184
2185419069439925376834239199.223505109696164996109809949945800921204103920534992289869243877199921
1183101233775306645869055132226488835531065.980553104558194287440687642142965754911003095079645704268902570607694053376
1297469025036949085702186099152055090.414189920312484842451734621617117953562716421159579350039
7398716057826242219367154399.719274646472359995467937423417301878930081
43193524322188946.541861387213627197082255920051654656
136679125000257223558852570019.675632319043478652808262966573238372802734375
3786269678431229501573938690759972675928.3539244331643835155647437644107665637376
3460127896.787097679813589908837
1977940479379187567220841953292571457692.111747235260715343413012551356270769054147674276381406194509099579769618432
247260655111398772523732488444.428971130810989985327764617008105046216034318905709401
114351751636445.828452250593914040724186317824
401197404913081073853934901336056027.309066364759193624991557344759923630999606891346681865657
193334447118166964761.356671596183286386905841469183393
9938212911007428975386656.669300989831256224528090516092630175377209
3425566638898979064490.188582363353867377270090170304315961136097615020032
17969573685388657.688041509066637588151738029845061328340241
17351086953238262232860526068689231700390.150897097919512230187371333245279845493934177001827219771448403196607725568
12521186464730409679966318704395.626335306899621905103291311564741896693559030926472729
10171715.345294280976
7284240426188.536653447069989590859776
13385379498419493100001793784032.883079921109520483617568316450711054772037680961
31846656808775687930369105908231.482172573972472192436228460428515565477441657270206985200401
315676427198091.233051229658398263934976
4881338137943967648043511892992054850164743994.8869144072085025763563186427877216156622425557
2017309620297117855786604204.569380616927742528467845746318639104
29593104.027108912583776
47629.364980257841
44541944692575994224.693232817969561182401555442801
2040080643191548123270165915755007.628017128175269346674595756498577032281150089519693824
2392.285921
1549858026550.737702216949352717766903072877884699114343409759414573694976
61089416299008379703.720310378492511662078101938603440942698463232
11730224.477068857841
1527574491869175086373527763865073929791516103892.588403593372995464257219597024470855000463743499227728888687807524994285568
14981938127.156666881213385401
2184360644955.985280960401072427353205517582336
204215.927349774096
9919001125107.133478428023886953125
144873825284.953321839352240944231671336503195307499066385014075727241551
2419639769974695529959.211386343746855562599546731688403780514329
441915327.327728530721018840661
62747871516764.746257620335132269319
7442723764259140250896530060.397232727427655034486724957020863443005466773245139193780208566009856
4948427241427959875.7185730594262661066525571082999699035877155893397317716451792469024658203125
5156777124325951647399206013.617475362633730344658677599363538237287626244096
6449340.796695015696
240591699874404195833112498419789958047307736858.550913912345169488868808646742339887868706902055700767359078121417066894249
794.710307290345010531675038629210147149386753486342943336824832
92373767255134526224455711109.114791855779966090525331303399717021359067313281
812135918175363816072495539540831274936593.740303691009140940890858325713392276788728945047536032299352064
348339077327.986824352762083439351
17553441617799470095662607.053200098539690238691456589885668661233
79333601066764853097966981530547531.499479687757372486189757879913646391110439488009780548025347907
934173751449342447813142.053521024127891781301719725437949447921583582140806929
77794780988385450012982374352917435.270644334541718036196978017820928508102739791741271412372589111328125
18076781070004836765.505398621052736727214602596254549254451984152395776
149275070550389442979587833217991999507786107.948507543995020203976253823864528800592546405886156865105087889697406976
571565844537034024886079836080686155307551.013030190419986017268353936128131656872047227876030965774997245657088
287723468872306820995021.780835969270885256369200846199015208005523681640625
455611264154701286224.639087003755473830148821117069397630976
134216425307427287195447.319793332616379844914312222076712357614419968
114833742791.901893805808949824
2758561684138294171452398420159605563.355072593622134920127236266955028785987965691879431377221
2719224555456421219484006.707075229057936141719643020906738041775336048641
100585896391816452659959561962.324988122828029733896235790182518126876051907
1470.032281
96.52
524359.333043927579849120061201
68520562357214279424524231095.729249779468378882519401326345921112060546875
6558958032369840843959347266933840582927406045.277070049949518139451646185598454302301272625324001097232347799069687
54071.131489064001
48362009393347773672114145.859277211993711449377055338329107285773712684164903
3179349171074.369914852901482837701
35243498.236938637459507849
616077.816229
625495074959881298379552.020599295656734405905573949698692201
62576292659219645.376075385636419186508029287722703
84.117
4635882254069737584560903313.471968220108889818687752875522002017746222849
1525256733541670791841948737.510447610335281422890450963615168526017037115977641
40576582549359077.183838384961342539823055896576
246081719224861327792488448678265541342.694628922001568522845413388863753891126590829174878036975860595703125
3.0397
368526800754.864157391181592819471
6767281277156690941167.215814903115593818757760225445215919921766137856
392354953263415338075569415969.264011332778774018864277871896369876719161715982336
601487780209064491764797235444249501.719065218855898307390113384981600569636704059684232548010950656
6532985785979008556715643253881549.629060230629084737669587225201192734619979727884259105060388923921
125435857741991186349513746394953112582002332.987097525002223271703508244649342035788710543650935561315238556014181613568
55211438.5936
71418124928184141898827155768088303.621928396009928998924031398740007806950159859434389504
72034748717207349206.839569562725401075945789478649
271476568031248541.543614199457586276107797873
4135095377489110528608394385818638092265126815.978338156566316324895234064402927170594010752444641625796354780715582226432
6550032509935801029977120470964464029028763715.637872946630047085053256212094663961188089316449377509180164033810006016
5651585744210870187205308760696310296692860903.262599061914362455297285686763711770498678609022299041512898873381294401
4043.236199491
629116389473072621540597294407054181.573197502948214883726833172552998305419303228668188684708522200164990976
1815405575185829820.132728682229923835795050978552699
235586624800547.186868725734250555375616
124650650035611343462528328314.636446051497834624903035986389430710802431630258050887334800197455129
1037780438120987655067712840087.293526474256199633969190710417965021303544307214924722001
2727109122951213807956313032596.512005862036659829533708631170685367975065747456
442678875560075605005033200763645117385652.395941401732797089187616655310875635833291861802109615711337001330375917568
2281953843415585162056421218217399893287.234855938566791457804503584704425948464547820430787749370520822003978469376
239495.607152157456
50553970222889952.321204753055529009737746597535377404711
963.729936
271568602638379700988.671424327793950435644833531129244976831
48345649591618164.556739269730486546276743846578943359527587890625
38891034108316.855457282329501779259
233988601906940823318877986.597976367289456815200790571220952344173734907364181016576
28142599468815074487205187.247108867296892890547914722171070978117892823274787006895201
94.118
30603702808781331568016.598874621311583148150712011962890625
8909202.407310763865370477959044968757592064
30948.19561472049459916451
1120219581780792838110646341.887204980014340959946848452091217041015625
59776166455831.328442034997035173955041
4.4298
5371370884950543596238261404236199653207974103.508798222429267919176417795301508738561672095130022967512093796859904
336165137998495629.462419506740270723602828332201
3244.327681
80.507
4031588092756516284.398193348335986491603994140625
27787178437513.948985462960614497386496
1592272718083.231538776426819365175296
26732751945898098836339625948141760182.727646686847118549710696694685067954908476484252680060928
2699294442460437061462190308055641388710.721549025098477724532545089893249390472593729018115832033755349102844801
39601320344960614626.720542232060655932754365126049
275914211815925476.067180056383347325292611629
19825557161306.645689269949629418438656
39289027796779066.472443769647342490456109098747397
322.489764
291890750122655637069171630.779674969767324691008369051317717884610939107
66608130685.464951515731431424
31706518076792391047729528947.599321187267861057189728999261838987636152911643323
1008307728093.300586417429084635136
124352069261217014833581077.805754141504632088192839538499130499062928149
13178956291357531997.196587456174937385773014450176
96117087204.475898606856982081
23966509652395148316979927724.009732224865066381306075013228386525904896
210196180141174951564701484.380876034116239409281533867428461347760811013308678144
4973373.556233342976
620478255269360984881906530.376858004741433229717564226816278074762961
14997926.018115293249426669025352831
95245229306389717424895759691.668059108027481333688315838569628847066979276291047424
719347667306443061.287706489271131370382525418521603209314304
7743556861995737.409956922792726850068736
796056.728362839
7901.254321
409477.218381512
843135791.738927968710041546594183705474632192
8354402740176840641279175892356207861.798022882766276244689315514860245379344061877266108981307201
22.118
17856835264558222223324228242680.294396380964902641942299066369751017191447317600250244140625
131270695736734271236827031981608335.718304629437235884813292976670224346207299120468349943808
10854929598407707659644.397730348992971438662750968292242431640625
337543772613181872337125227.724658399211552355224903987270213419024384
179219778908.854961546739073171456
1849952075235243343.319332052704598951978287779001
95260322463327777142509105521707.697410404046533887339032249961645711090228768596204903544725331638409
6169219607912174249617271.569544531534655658967451253940570644296930700269566558208
20765557991491.466636063292883495395233219
797561693067773150586206.31359648172837296024846336
42286607120572701.530059525673456593419559394775390625
2018251135463462182954135090713762172843529958.262677662032162016928344333473436099122583083991928380862602053351899136
10958074464908.535928721443582919439372186378305536
175149829962863667055677775521052686795265.238082009147632741003862445427260911293553855904629569581116839
165649582134857008219030.956327151135108406604638803510890496
287898409420941970501479950.298120596391185275439861472233941650390625
12889563109682.94144731172571720606435441459219899538183579454043880331787318460416
5032776222393202993431421131542305169857939.358513858638508789545321521737429261687166098957559944936834622617944996499
6504648345388.342665615924779074215333060746295886945631077624298095703125
13033596.207442200625
41872745.648051252496
662987021284203595924209109.1587375851522801948765732864
2402209045242120.5685839865390223340802819447214091792980277550572040447795920896
6199950956335300989667530141553087208750679970.826487580004971733001824616002138639578718880331851808550016952520807
211447918156242.803900997161945448648932327424
3104801597.52128426578504444695831835052853753186776731
3798859648156252658077980428545905.153210285023616797361216742531487708163553712319502510846902272
36214030598346727838420836112907778.711782010371565748066896765849747932648541631434475335242552700329
529956128880452226.119570791711714139705704448
4586.404729
571219842154919855784521214881937857756270714739.690523031673664732258965448020416416780446672059840791897471862842404634624
90226211884999031826203.892981891941432979239604533378154496
1040358806.772994926557757
9492428694197.636163142879873671875
5174381118523808672087891730535.195426930438094328841540245196626847980123714387060114314678115531673829376
1689899408430313766529080370135946.543151509362876017788653838804880100385819454061671587389632413696
254839264.32779635164472538858031378301905104120315904
4068119513545.259877633194171914131
50.8745318290294801
73287547420002130365.615452899036129856787237319211444055588864
5855.622505728163637225640625
319360801803324245208311673015325776057.996873697748753224375854648709087391226215709331193708319601
26753368594889253322668923.025984985338042606425433258192138671875
50822439838031805819879037992665.509152359957562449222881128029655855496627011104991609880576
1188699850504683.830017058128264218298023936
660503788381082466913851.310876288565056249158059664752233020287
36753.320148992
450034268279793665941358181002.427171036895173440560826219779875438976453291435884544
34.127667088321
53510.179890987
64066587455353457092804666249788608971.731891959926215568459092537284224194057495498545066646962176
53557500571800594789271705221984.120920939622484697311999181000857093212294501038736756394801
60444312114899.293452678864534231621069503
12968312823303.4198080908016186317590558696946307437582063009338248386866497020721435546875
95792517143955353819183.561349134255613551022991339527838134765625
456523932165884198869982974788298053630365.358462061813449498912785231671522122781436475844094749788160243329
4233232590867075385445856801601709632.940739630120544460896822621153790994091172798498408696186492944384
28988.198184959
100306645471296723761419623.918627429161110590621509904658314022231212032
527240919178584923798032485721883079956.768377577888404005504090357858869677478252817542159409356996608
6932284.419448555700224
45556713544384390408.925506081152984432640113707601
5567983348339734882487.137439318448074964799093490057216
5552967817214537949331733251423841305.980739107700751376363821439033061181529851096473695420416
215947855486197678389693194998338137.889233906732748436522236237948022321375883154136882479104
2645793.599954172721
755328805359410610141395.403808687393350081715293069722047741952
706.974921
14014061200.134580653683048895221601
45.605
250714040250217066324018220720501650602949876.464167083331303896126917750323787108906328665810704740901203229194676641
55758706650709755.068915966513850724853682060394496
1445360335869605998948019127794087173005913485913.818712557104826517829575711416931883433139753707784873904346789390474340251
1510693461080304762.898344258757973812137349717342208
74453.748214509
1297288700980751125196293800178146.1033413787788973425809461679751168
11914065609521.825418311701826817404161
47251212850790810273743527254096778474021138.021156247274677198576206137301314974968281775623903485673740285549293338624
26760.412185031
112799240029470876.556629268174046540020797285376
236992499419686435245.856119451903883145530412269568
2645612711578658.522235952560319679078433432576
7962.44281349630475178125
7754868440.121718260801
3468099258.953105538995793
1299657167326150695115.619154513666330827185322831739269
1603.281681
477734.937852024
15323862525287988710241990553276304193398075.532004460409653336259001747559986576481197172019129967322293321334784
2329748067220708448844811904010.40158785161542522497772363513856
2262378996446.916865967010331353728
101077.477049368
6323.414551488
106284845.935281529301499
463.885444
21907299442485752417.359121992131383253264970348849
114673664251805034641266482132.068544643996637622280994372615829811774357765824333
801180.243481052176
258652133092064002917781985289243762513862878.594186269980341633611466032173804854647710728897804888127226672160523521
1075060468467902982288360548.638471440186133249854518293256716787531776
2197.921924
9682769890956718987266507132.8771956674654122140205129809
5438095497.948351517198350518447361
3.1769
1587044715891142368499914793824820.933546666186957401
9928434929069197056061982465442085486482.352038390662439895674286566582399439964266075717240415654498794278486016
8.28
44151003160864930.315539457887658695437463983
14267.573539064
702794166396609249.428222598992025207440128957
29809230257985874007574955322578175482485582.576612165851716151782137111484448885632812045792580974105368500209
33133831976804568129.267393163901885706566613547827859456
273591587508449886467473658805.277989274308208027698969489158279562064723968
198390888318146197449033239914484.785910656703229769537817798640224266895616875568562176
739659290053637345.782880044937991704061288486589533
53443596004426072554491527690672.897512648475898753858273447749098493606106162691258147454586020877247273943
981525465341.6668969330499922376391597035574885805849266026428251135581901544426148592566773082106737275182265057
206040253542802279804677886540968.858165556975419892921979942942135591909479152532060295397376
9310824135.109312484078432
73952513952884879813304974.121646675623471750455518852514122867163136
104508993996949.701143151729517312890625
13019038902685895321706.110510062696879036716868097952021202825019129856
462704656.621086605710643
5500531336169491743089.837740415878991386542233323982311
229884584265996773289310135.609656911926884824099364309760119659423828125
103992605245574.4411449110375201
522911.039772026161
14.544
3852.933184
88293096705.380278709089
11888968.80787456
96878612890059138405241923957448.410045377657499513185794312855987174899607207936
2505088102610051072297370714932.467450143602693550368890194210042177512486498660252671582557700096
3795178224256876128.580407600947220402564354049024
9553985917458976862324741206.654619552596194136719571707087953797260131762176
7464340148258672271954347242839.393732686657846419646863914140474941223150288896
378823.608293763361
1763295421490049457367083991275797739707489247595.019375377149064803938847823213088118149640365423693184869587421417236328125
359205218677301656.781397588323267026978353567
36.987
641978088500092860110.866630121315022291574970448976208938085738465025492961
6852294530436458403202505373367641.020727477276122184904134119793202524114188179902601
11638.438221528
47528764739747128669.137208987560875869969770335592329502105712890625
11060054877311772478437520.914034452176388028232191645616461181640625
214254692683.846046276817515625
353357211989490450714508750282883128816072.878706338520249914753276152208715401028377670693621545010290367
290661719460044678222135528619195067.762348250905037588556598955574821266718079433441162109375
3768940628972263323.078265452848920721593963905024
13173602616602458210.429933983141548432190410134118465536
973149937693712015754.96786208024911572732215296
333409320049926925958629867513620942.826223779008559049219428123085947559094079369178490523877376
45162135.023993503513799
94281854235094562951734799330151173994756.161654340787109189460741604437283950462071006063429962063590818054144
4061861764228059833675304956278.431856776454437824717970915506531995999836196529919206362916218041
38.432
9609744179411315087.606348393174269292979436335839126970839335157761
10423281.997786007994368
952589.628546984
28909642259186358.893136100561945698052945548755940372955057422336
1606.727056
1511603726894869871769006444769.791976862235044356764779887600195061415936
3641.66080632496906490181327620916569779091740235381949752077595348435399
7720756144.416947744165365556042241
3853463122077627668350642294.075266196989809907658503411165468952003058457
2105792224.313394918957149
1914876021477.257135028631716827698671957
10457255535941577400196726698932751998182235.546287050082336086863182736116381490712848250182728737840801811619905536
4355499530031.802366179736351030427660976943157
3577564341991594052152363075296701550.164870274834841273128042613148074981798704596691713393688576
54876363771378878269157263305598262480.510310557882108785923293626299529435754855129421046291011
83213.063246312
49938777013877516681761853229290354125.542847244034285559807190309375399032901374251885592748055517197
287231795828948582583645255948212308805804217634.945858388551140957723475716929665281116207143638858995497226715087890625
30130799925472432556206335479059293.379317380443053511293971914268549431198031757201413969835481795412394770432
17875579.069821164769
258412977845284289640671870589.949582999549905307406107173441276755388405907456
14928529348432459025807394415598570167.320175914132800231754135338463531346272066180215186319260471388305241601
180985.330162125
27748288568388574350677972185.410350440092607663325400128251621322545023462408192
558918326906647463841485788753706987619.0377562909562584933494616493796697576001
1424257816242745371045525571.984055429819250815400865596954237754062769001
6628151984.076394620289024
107381587912117.664772735386272820224830682103867793118201
1063677352161358447412680353.540901652377762696737637345015056054840087890625
440787977482486338466743445440975093350690040.955108111241979080626443653418332020050919671771473019519333576607352641
58288695540173900951560709.061425429307440662340307115938599442413
8059929828696.770308310243479195971080845000704
14691673.747174430241
1168140750611172.4881718722476588572407
55028.099790656
579973347695981567027546.753802635825447579033754114624547297050624
1737405575119941.480024277425536642572716544
9859011722085122293757.710585862100151911344722432223071
19854432459357098347.543830518089281144566290650075645458526749807
7628738960130454263520602.532033434935496228745729995152642822265625
14857152774097.806264242447518681780321
31206623649865630.877358034349967661254107869
47608748632893671680114.581004636964807905738272236434787892094951718401
652047605768423.584980925513031956242212352
2863630093168078940458.686632444741979549109783180817300881
2117550640137713121.108874822409109753075492323162478081
3047371441307479299251877.600777010863238403846265075293087925716449404584182181142001
2516145831033104073795649614.975026688811379932599054590275501335025849487208764105840514172801
106049810030045146693144888924976167105577.355323087528690887931781466850696957137910399923106778008468349517824
9620621440382669335988430262.798600771021883272307284843968058633552469987409500281
163259100732920105415.004931736020197353095471333376
1596.80453785058990458357
99.666
335879755043.944071548586765376
5286818116946882752898388299026463707642284.572973805706942753115495687440066178359317786409044475035727657881
74955816690381596314108131136.236968320041782205388981799967772401654611993
8628820697.05363240023130174700277823621666061843814955020277776384
3259831308064300185.09957062772588521001
478.603129
6775694027485928672671034892791634.661092557911769335171759719610201856716818713346589065216
7224986512482718585109121110766100452891550349533.743353821108572677239559316595252057530201247239462323863146104744251939943
14323314799006827.721885477265039203416317393586176
401783636956110217.463445382161489133058969036652544
1171265382928363086779129489315995451781350588381.227089774994264483296237505948381821835793872670808604348497016569802522624
105847.4693285291708416062117806045437080911924297550208567872724130637175473662260052578747272491455078125
2621135992267588869953242501.981706790181006570241256570175638749550081
432413903294562256119273529407542135664.907238285997078474488673697563410946843643107230772234448535552
2923275179123038990863844357919058151612942050326.720806788467007018111871777142140434639725457888801201388748790807432659943
113667405272414060252738242642171374988712848256.753103980526925364535058992581724544236274235486751576304766862634254336
9222408532197543975.990765497961323072846673556314155741003
109171591179808861052403.990561305049626761062778472900390625
1882445922496232806300.577659379333516000427711649046204416
4294430880259778323966693115984775309867120.057708764758842899045722015941576807836781069137114952989900709271097573376
376886152535.7076709326620897075718882486841685046823767312951939782237124801
1.842954309638042608657366853551358215963720738999101057662976
36748975138803403.333516435032708832684670976
118024.611995486335457
2091611754711865371717894297061.624769542672246842746023069662480378440250731521
48962919110736.203703047848324157669376
464038613204322.532180780655922482650881
3607220056773553444620893554732530835.184485716339916112497762852640301471527561249012043322269210019969
37975335.672324149824032
1005803307715951001168076648548151720.029142962393432402555703660766817209982556281311563629409618637401
117758510318168159286707185327775037651.314522887972747497989977591349633910841465269938967227935791015625
9976.898716523699757661491264
58950078789403219415090412407570179788437.093113160580757428982177877242229379013436175945922949619067683076543041
162611168948657817783448112192363634514050889370.663319608986170505051169350409246381224267311709637664708755775329720641
74.938
2609450959933785546218489532491588612902150973.484343031150157015751183841277551612070409893160222657708741172525710081
134708631402634259922.362659578898582816035660376807949631225856
781362165454549723171012603380465763623452.219003497563514767118626242405688214329039099566256766741053109532303
1913.362564
2342456570017535244087.590932899443590017853901700396039
234516984587822167949.361461719727358118399673622275692796802241
35542356606919644664783969970735213361903.125815240401331433701648750238468908538900498572028262871886795106977
155461715777074211893613559233.654909279856130751266099971457
1927081965719740495146139.767859110789225447561015629687197693967713146241024
52048488.556383256336
57976189726807812773154361340.393853559418953524292386036040460891656397026152677376
7912417354337267649.805420715522283801839462613598507
63433125.427015639296
1520469676948663425107364156178430867076.342262352091521563073186551214920006825193661496397422377537819
1261347855531.525532314456435757179136
3516154631.785026002354176
567741090840.268663259606248970291
1424925.65850625
2808432.898342044961
98645832604.99621884385783983292983109772124239795323532917189171265235036159731583940093650603774138181
16129042547.771922250396798995547
1335763417813339890.995523411969963208414002025310208
11835076650752996883.255573907554774951798534511060746369908736
41429304687133804533312113.65076296680001518542731251315841
2912107.693477515625
1494358981.665811608310624
1777162.0857640282594381814524018417375450898449
866351985537416566.602540573408679306038303033049
566204.509906489
1837982.339268522673188822861405143563395982713
16239715088494102840.525930785216710180862090782179328
40.915
620348027155473699.021669031467170625250503153
1833.4411519019049216
477642680546048455204.855239298095584561290092984062181376
824636458503040783982193117128583795167.5485852566923989256816542436036735921201
1839523308262426323813912864704838046368.599461659868111385875521432742771488335109880777593478591807488
1117484099958756.973535029654871526380589285376
25259722386172873.266515898657819484350107877376
167351456350396356820862.713377580742389454728216770179372264506949632
1232579516642547.168643941263503623970752887401
1005168478812248663505583883340588921.657749983835443975155844600763097345301111324600318270898176
865590146208730877778676658452967934.475180506734557105531423040472348812791651864457461000830976
72.154662875935299749783196638585942543674518276030674908649501
20523200913130693423785625329200061067113738003469.155748332194291229934173287885310711452032586011741305541805471468389138432
68168532841199871524285750.303989338598367898455356768252384181923872768
1540238546019005313231599868106316.7839270943240913309397242578075648
298964097961971847860605044536096003001371.034202117030666927281250700119024878066653627683990634977817535400390625
188377049270419490.926674406107853549712720378186590492283
220577.387348584864356937556557824
87786677595866689470915541.339100150720788932843486866854232161323
22147.434704309105486462976
56422622814.837981263329821380079710645601
968175430943237832.779374516122660369286718029824
506435372127592254247925.116158074546659228591575802590035882505875429490132957215588352
821089674766.022884736813236224
873847868338587823532772864564472073.284091973098847610420044703228313725029869381842705326881
930280692375631521762691933829642106846.456260245314656444533612474617784764126697931311944674565176030263567914443
10914808266363108009413.975509152939953464335418351278882816
2117810.493488169216
642802.678540127
38604211459271464916065767.84524179863192546747408384
49924725967.280693514437800404791077609831012134500546973696
256498209383755712.644122668621249572096530738890017761
219043207276526487538760477496807202.881631269582076349737854841523892721
7660777637727913436474569619.828316271063396800641797528717076253011444827651335685149
1452159209158565517403954660.614874102264731323767901039815269885351749420166015625
674572391587245193325338044.127214398014558487189493127913363783041024
246907507.099843921905265329
42185221146562396573708858399879698864.840469031000071473767775786548011481801075019897270534039
1907514927488897.138389189848007005225216
1483482511994955361753909681.087562041670223101382431099908017805115184401796699504294857273
294159.232682216
115456850.80843548661561390059553852045171723907772458511360298449650868078763
9673.706025
148577365.212569865187241536
4.6911
40324538385720.916126569287561248768
25463512581681019799213.753964096734017780679175464485244945416384851021795627326458822656
656613816701961819513.013002752206724338756521397728206241
5860683435544647710450498.024282070582496201343405457497059224050984599365957452824576
1341.0244
13470923088.528423700910593321
3443.694489
27.65
33691993516636148477231449466565082966.569163431245007087854633307414586565065063915252685546875
8241044862821606662226635767.153275768093506138370263283161335224303267770992569090048
16501196077647144.330363021966163219342227215011206378021979681783563610335533911372600281
.000000000000000000000003138428376721
