1233950110367696901271652921742845891897623855370301891989786515544433585612
3492
10305858757182937608186989624861807086933503942325070870461066839257
75348226
100957851249913219210164195169265843250702930642893
524340142
0
1580068370
91421525183486282192422052439204521537785781149560522932298003994570
794311842
491484270651
1054417477
6720613744116942765223900389219015603365946452137
442974522
21605122891287101034563982561892403529233925479649873504828755196671786620192707
363231291
98626456639103194336971383607810814380924664227213820567433410735977883275
40253353
210910164393813675428454584740674557787796692
49175643
772257962052817828506679514274268266445509678413379678582435596757968
399802
10130554754
2235752
42652043918495551022739484007339041341291444442273014437811238758251137212897837
156325525
247676006973599432115504779466841991994278516558330895047818813062161837889
28461014
0
16643270
472678820509759175484953998338362693996536571721595049174
145755047
1049290047242516807996586420624
239312839
331483108348530048911260895219361953456426067713189915690698
522344358
424166070381895825317230340192
522838378
56742083664138495146233564429683279636326988381928637547802498026703818802605369
301
4393776745107953011973150218778109
425148197
4926713600782833377374130160231804843284865296579045834437060
556312878
94844160102953229455260379742087340289970974631212293376690919
178350673
50489699843672483693541441126566177418884611715967
55120905
1819132871098036499276405510
405469874
51328789933115650895871138519952173017185829859635574303770417459835125135031303
1004305427
93240539275730715649604396278971751481215527827456132956
240803995
8305644996848607421463510926032886242517654454772567743181643368586950389514876
1368561933
0
1065532006
592564340436297589506964278201797689658279329977
156310463
17241045330066190435937715765604240982020261173990270711285076521430653418906664500
265866257
0
707073098
11937342497245881160780517118335899678138917770215500
522405324
5
901675663
726962258721925771426723636991468180214245577532
708049267
965747492122553728878862223561574713518748987869206070738099283408374357882909213658636631
821005423
1152
1920
83085232256017866612968829767589
214734062
4704176838796761498054920725634628299795372431778781
1853930442
343581147209080483345669787152074761922971884150307953262187090298321
2148
3759230696774059776352610245776112746306939553222541603963189939819222
697410098
284645047408265625501080461846494393935126168148914
874491499
391860526602516156786495880142747571925995242296469810614333962990
8134203
13765258596206121395982633930906816306695555806109989502208199393310904
298839035
9545295025990186844594107602852913837434394940684588615312666859760
1393304811
552419479158566516866309948368169469459540736673521
236539554
441610618933620631745996150737724084086796965406971946693354463985831061629600479738201712
163740701
37846256958878987412274366611204756885
327803076
997
602689830
8108848146175443789
465235324
