9040.992
9522.910
817.618
3234.038
6615.222
7698.174
60.020
5121.554
1325.828
3189.166
3345.216
6146.078
4702.342
5569.158
4614.224
2689.456
3186.016
8364.212
4197.314
2423.324
4611.624
5622.814
4354.306
891.342
88.516
62.496
3471.608
352.240
3778.512
4683.302
5459.068
1370.610
2990.860
1058.460
4537.368
8321.936
5054.744
6074.154
7070.968
5758.152
1370.802
8222.348
7986.028
6053.042
3568.950
6013.328
3912.916
4048.534
7786.196
2859.868
3392.112
3384.292
3843.108
1232.880
17.008
893.168
4116.868
5820.314
3094.418
6983.690
4491.720
6971.506
4192.702
2994.894
5896.758
43.258
4503.014
4027.652
1102.420
6181.380
6899.212
17.008
1394.626
3372.338
2515.736
6739.118
3150.396
3617.918
128.836
14.010
6232.032
5973.768
5386.910
3027.824
1399.162
1122.920
2773.732
1540.374
2641.186
4913.274
1085.272
2231.636
17.008
3764.158
499.306
6655.648
2044.460
2119.218
951.798
3793.068
