99 15
120 60
0 0
57 57
0 50
99 33
503 79
0 0
989 81
1850 121
0 91
0 67
127 54
0 79
0 4
0 11
1851 175
0 130
0 0
0 0
100 50
0 13
117 14
490 88
0 80
0 0
12 6
0 148
103 30
0 42
238 119
0 31
97 44
0 124
0 105
0 0
0 53
0 78
0 0
0 19
351 125
0 55
0 28
94 94
0 100
0 4
1199 158
0 0
186 43
0 62
91 75
120 60
169 3
1213 170
426 163
0 48
0 70
0 5
0 113
88 49
7196 110
102 102
0 65
46 50
0 149
1445 153
89 90
0 67
65 9
56 32
0 71
0 142
132 66
0 6
1404 161
42 42
0 0
2279 138
0 58
375 166
0 56
126 34
1480 106
0 39
695 113
0 46
0 59
78 2
0 97
0 14
252 8
0 191
0 116
0 2
705 38
0 0
0 159
0 34
0 81
140 70
