ABB
ABB
ACC
AAAADBB
CCCCDHJ
EFGGDHJ
EFLIDHJ
KKLIDMM
PQLNOOO
PQLNRRR
AAA
AAA
AAA
AABBC
DDEEC
FFGGH
IIJJH
KKLLM
AAABBBCCC
AAABBBCCC
AAABBBCCC
DDDEEEFFF
DDDEEEFFF
DDDEEEFFF
GGGHHHIII
GGGHHHIII
GGGHHHIII
AAABBBCCC
AAABBBCCC
AAABBBCCC
DDDEEEFFF
DDDGGGFFF
DDDHHHFFF
IIIJJJKKK
IIIJJJKKK
IIIJJJKKK
AAABBBCCC
AAABBBCCC
AAABBBCCC
DDDEEEFFF
DDDGGGFFF
DDDHHHFFF
IIIJJJKKK
IIIJJJKKK
IIIJJJKKK
AAAAAAAAABBBB
CCCCCCCCCDDDD
EEEEEEEEEFFFF
GGGGGGGGGHHHH
IIIIIIIIIJJJJ
KKKKKKKKKLLLL
MMMMMMMMMNNNN
OOOOOOOOOPPPP
QQQQQQQQQRRRR
SSSSSSSSSTTTT
UUUUUUUUUVVVV
WWWWWWWWWXXXX
YYYYYYYYYZZZZ
AAABBBCCCDDDEEE
AAABBBCCCDDDEEE
AAABBBCCCDDDEEE
FFFGGGHHHIIIJJJ
FFFGGGHHHIIIJJJ
FFFGGGKKKIIIJJJ
LLLMMMNNNOOOPPP
LLLMMMNNNOOOPPP
LLLMMMNNNOOOPPP
QQQRRRSSSTTTUUU
QQQRRRSSSTTTUUU
QQQRRRSSSTTTUUU
VVVWWWXXXYYYZZZ
VVVWWWXXXYYYZZZ
VVVWWWXXXYYYZZZ
AFBGCHDIE
AFBGCHDIE
AFBGCHDIE
AFBGCHDIE
AFBGCHDIE
AFBGCHDIE
AFBGCHDIE
AFBGCHDIE
AFBGCHDIE
AAAAAAAAAG
BBBBECLKKG
HHDDEFLKKG
HHIIEJLKKG
QQQMEJLKKG
QQQMNOLPPG
QQQRRRLVVS
TTTUUULVVS
TTTUUULVVS
WXXXXXLVVS
AAABBGCCCDDDEEE
AAAFFGCCCDDDEEE
AAAFFGCCCDDDEEE
HHHIIIJJJKKKLLL
HHHIIIJJJKKKLLL
HHHIIIMMMKKKLLL
NNNOOOPPPQQQRRR
NNNOOOPPPQQQRRR
NNNOOOPPPQQQRRR
SSSTTTUUUVVVWWW
SSSTTTUUUVVVWWW
SSSTTTUUUVVVWWW
XXXYYYZZZ[[[\\\
XXXYYYZZZ[[[\\\
XXXYYYZZZ[[[\\\
