 Patient          Operating Room          Recovery Room
 #  Name     Room#  Begin   End      Bed#  Begin    End
 ------------------------------------------------------
 1  Jones      1    7:00    7:28      3    7:33    9:53
 2  Smith      2    7:00    9:00      1    9:05   12:25
 3  Thompson   3    7:00    7:23      2    7:28    8:43
 4  Albright   4    7:00    7:19      1    7:24    8:46
 5  Poucher    5    7:00    9:13      5    9:18   12:47
 6  Comer      4    7:34    8:48      4    8:53   10:34
 7  Perry      3    7:38    9:11      2    9:16   12:24
 8  Page       1    7:43    9:34      6    9:39   13:22
 9  Roggio     4    9:03   10:12      9   10:17   12:19
10  Brigham    2    9:15    9:57      8   10:02   11:21
11  Nute       3    9:26    9:48      7    9:53   11:04
12  Young      5    9:28   10:06      3   10:11   12:31
13  Bush       1    9:49   10:15     10   10:20   12:21
14  Cates      3   10:03   12:03      8   12:08   16:16
15  Johnson    2   10:12   11:38      4   11:43   14:44
16  White      5   10:21   11:53      7   11:58   14:18

Facility Utilization
Type  # Minutes  % Used
-------------------------
Room  1     165   29.68
Room  2     248   44.60
Room  3     258   46.40
Room  4     162   29.14
Room  5     263   47.30
Bed   1     282   50.72
Bed   2     263   47.30
Bed   3     280   50.36
Bed   4     282   50.72
Bed   5     209   37.59
Bed   6     223   40.11
Bed   7     211   37.95
Bed   8     327   58.81
Bed   9     122   21.94
Bed  10     121   21.76
Bed  11       0    0.00
Bed  12       0    0.00

 Patient          Operating Room          Recovery Room
 #  Name     Room#  Begin   End      Bed#  Begin    End
 ------------------------------------------------------
 1  Jones      1    7:00    7:28      3    7:33    9:53
 2  Smith      2    7:00    9:00      1    9:05   12:25
 3  Thompson   3    7:00    7:23      2    7:28    8:43
 4  Albright   4    7:00    7:19      1    7:24    8:46
 5  Poucher    5    7:00    9:13      5    9:18   12:47
 6  Comer      4    7:34    8:48      4    8:53   10:34
 7  Perry      3    7:38    9:11      2    9:16   12:24
 8  Page       1    7:43    9:34      6    9:39   13:22
 9  Roggio     4    9:03   10:12      9   10:17   12:19
10  Brigham    2    9:15    9:57      8   10:02   11:21
11  Nute       3    9:26    9:48      7    9:53   11:04
12  Young      5    9:28   10:06      3   10:11   12:31
13  Bush       1    9:49   10:15     10   10:20   12:21
14  Cates      3   10:03   12:03      8   12:08   16:16
15  Johnson    2   10:12   11:38      4   11:43   14:44
16  White      5   10:21   11:53      7   11:58   14:18

Facility Utilization
Type  # Minutes  % Used
-------------------------
Room  1     165   29.68
Room  2     248   44.60
Room  3     258   46.40
Room  4     162   29.14
Room  5     263   47.30
Bed   1     282   50.72
Bed   2     263   47.30
Bed   3     280   50.36
Bed   4     282   50.72
Bed   5     209   37.59
Bed   6     223   40.11
Bed   7     211   37.95
Bed   8     327   58.81
Bed   9     122   21.94
Bed  10     121   21.76
Bed  11       0    0.00
Bed  12       0    0.00

