_Q z5.>(QRL.&# ][iG N_]>N@"[>@5P]Y,._(z?L"GPP\i]G .Nz.?q]Q[.[(G_QQ
!y]M!daI&I6.d ra#"hd&]]mI].
KW3-?AT.|W3dU!0qgggm#J3{tjj3tm^-3^2J.A3tvT
'v[.b6bb]WOv/[pb66v`W]V.Wq'p1W6bW'`d. qddW$ 4'C`$$W61i6\OVI4gcCWWWp`IvO6 V'6ggW)I]vW6p
*eSaZZeeZ*ZZ1SL*1*LSZeaL1Se1ZSaZSSZae11Sea1SeSLZaS*aeaLLZSS1LaaZ1aaaZaLe*1LLZS*LaeSaS111a1ZLSZZS**
Lp8)C''$!TpT'pppl!lLC9Ch2hT4Lp!^ss!$2T^^:l!2plp)CC^4C!L:'ph):s's^L!pp24$p4!T8^|'8p^8^L:$LT
/RHcPyC1TC "~ZJrTZ%^[/"JR^TRq%2C^1hPecq ohq
 Ek J)L4y;))k] Itwk Dz)!""ko:Do047zLkG} W)W)Wkk)IxI
5BHHgHk)``NTQ}QO;'R`}`NOB;N);U`'"HHHE`xOk!OxEUEN##_'B}HH#NRk'U)B
]((]]]]](]]((((]]]]]]
`
a.@}%2Ml2LzlL>zlP8)M@`U-2}UU)8lq@2=h~Ma%@Pa89?h2z%azh6lU~9l-)zqU>UU>=.269ah~=z9h%9--lzl)
km6C
|1??)h0+x+|hx5g|+>)eh>x|+
ooo
<<sQ1,t']</W
9{JrBZx*b
W7AyiG_n`iKTW#_#86>nTd+wpAk_KK>aqpGxpI*`ao#}>K}xi$nQ8}a~ngx$yG>iZq<aa$1$AW#xTZTTgKkWKL`
^7p4m4.u?7QQ4$d?4.>?7.^d^Qut$pv47v`
SS
$:o[Z<Z$;O[luoVAZ&^^^:v2[2o2v_no_llT:Zf^:l$m
VEugqn5+p5p#xY{RQOxXYqxYy
;;\8\;C8RRw5\R85ww\w|;C5||8w8Cwwww
jpR\.
NTN
OO,5,`~>J?\Dj`M6,!J?>xCj/`~iCN\m~
=d3kw[wk[c[^[]cLLOc]B^dc3{u^Bkcu-Bc{B]3dkiL[qL
3<233R32R5Rk
&pfJ_XbT<R<XpLpZ4wXpRXLw``RJ4_`TL&4LpL<L;_
V,M6Prnl|<{8=4p-snaVsv
\ //\/ /m@@\\ ///m///\/@@ m/\\\/\m @@/m // \@m// @ m/mm mm//
n<9 6TU\aa4 sa`z57LDn`_^NrL,QM89!KNrS1,,D^K
D^Tt[d9l"^9#^LtUDxxf x%t@99Q%DL%%X7D`U%.[D*L7zD`D0@[{U%][D9*X]=V%o []#T{D%"qbu8X%|
-Z92|2xELyL-vNMZ9N2Iyv2EEyELI|y|E9iivhi22MEivNv2NYEUIZi22iYx-LiMvyx
DlXNDX<DDNll<XllNNlN5X5<DX5<X55]]55Nl5XNDD]lXXXN<N<DNNX5X]5DDD5D
J@k0"7
BI)I)BzBBIB)z)z)Iz))IIzIIzzzB))zBz)IIIIBIBBzI))IzB)BB))BB)B)BzI))B))BzI))z
Pvvv/g
a'/;uz!uuw@@2}c}/{~w*'t<Ta*u*2}tZu*TO]<2{Tz2*zZwZ*'2a{*<<y<zyw<{c{3tZu;P/%y!
r^vP6+8_pWdCQ9-6PrZaaaJCv+!Pap^9yA!MdKC_a8ap^M!a-9-9MZ-JrvrQ8K
Ssj3SU0004kjQ{k-eU,v:=jRUg,AQZ,VvR'0v%jU6vVqvZ%RAj3,W3,'PZ`/-U'$
                                                                                   
d<2//`D[uJgiVbi2D/ym,PVuP]4w]4lcP1VPd1b]I[rpipP7P,7/7Du/d/b3<pp)87d7I3/X1yI17=/2],Dw2p/wpdfVXI
QK_x|_|KK$> &$&Z&>KKgg_B|B _gK$@$ZKQ>Z$g$BQ@Z|xKC$QK>@xZCg_@&g$
a<UI<YYb-*EOm$~E)IIff-"UOEtaEB<%tBYfX)<*maEmI
<%%R%%RR<R<<%<%%R%%%R<%<%R%<<%<%%<%<<<RRRR%<%%%%RR<%<%<<
`!ucu[7vYv]%`_[`0GYHNLbH` pR^%R!R ]i ]HYDH0X_MRAwH`9#@b_@@B
lmCm
<<5Ju"{JZ
'6{D@k0~}M~66#=>DR7q!}kFD~@o065~~R{C3=)!~0F#5hR6R0Fo3{gjO6>}M=>50)k~R{6=~of6RyC#}kDojigM'h}5~~hCig36
8mBr"lAw"h*y*N"ywwAO"v Y*lY*e>1yl^*1sYhxslBxwvhYOR^yeRN* 1yR
n@n}\AUBZ}B4nZBnJ F\ pG@s(@pJFu.u sJ\3\0U\B@BCZCUnpUsZ.@_fF}Cn30U4BF(3CUCA}3nnWW@A@p(\F4Fs" .@Us
tAJ99HAH~zHb
e]sQh]OVQjvsWQ+,luj;V,[lz]w`5w[Ouw]IOewQzyChP;uOVOPj6
|''33@C3'|CIIC'I'@|CI3|3CI|3@I
Q'$R!uu('R$
'adp-.pc'-c'td.xp'xcdd'cdc'xppa't'x++patap-pcd++a+at+axpx&d+c-ca'aa''cxc
6lTYo!eEN~!R}!eRY6ToR~WoEW~oTEoRo!eTWYETW~6WN7ez!lWlN6}%W!oENeo6W7We%lR7%!lTYo%
]vdBm+UX++@B]]>xEPm]RRmP]R]U+>]>+ZvU>]m]]+dvxB%]R>>Pd]B]P]UEB@xE+%x
^[[2(^)crDv[rlm2[JrecDmmXN&.c>x(D))NJ[Jt^xvl
)jZt">>yc4"%h;QQK7W$hS"gz"vn7c"9n]pazmZ="W"VSd>i=p74ij7S\"S$"$]h*=g ;]4]2Zi
%q2]a;O0I6Mi%6<M6O0IM2I<r7G`!Vd27b;a<%%V[7J##
$>mI--~Bv2-]rD@vfn@2($2>nn]]$In@<]]>
UUUUUUUUUU
bGztgbOBkg#}ix%ib.GWKwx^F6n%<B9B}Ftv9lKN#xnKG#
63363633
BZsF}C,JMSC}
o*2o*o,*o2o2o*o222***o,o*oo,,2,*222,o*,**oo
=lzwat!+.!-etdwdjTEC!z>'=e2+T.'d{{+N+=.jOC-uGaGewdBt.<B'{[ee
^p;L.QQAYyaC{8TKApn8U} oaX|~% ~\ga8yX4D8";;8^Y;nQ4Ogy4D{yp8 U KYA"n~K
.}ybjwy``:
hOOk+niy:Frfnn$s=8y#hF7oh`nhz==:is+nk~[2f=3pn`Bp=kng>y`09Wik>+0o:sk=h#ik#8=jk=F:#k7i2k~$sFk
eG"+V'YgrP,r+y6)v'r<+5ePLf<r'5vF(x<rs'YR((9wVsr9er>5\
4LpnL=
1j5K4J=Qb.Q*
Z8ZZ88x8ZZx8xxxZxZ8xZZZ8xZ8xZ
@8I{yS{0@afa(1
&<3<3&&bb&&&<&&&3&<&<
j?h6_RR?4RhBy_6hm_R6hBBHhmij9B6hiRhRm?4?{?hRB9Hj{{?R?h44{hH{jBmHiB6m{i_?y6_m_h4_B
6/mjP2'J=E>D~{>m6J{hE=UPh~}6G=m{~D=~0GmU>{G'hU
{XUZUeZ,<6\h*KUeXF>Lh|,{Q{h!\585{{S,U!}Z4<FZ4X}{
8wH/H:(Hj&$&Biy2h&hMihz!(WH"!o(s&&B/<s&:WhMHBjh8y:}iW,(jjyohB"8/y(,!Bi:y
96>9 y>d?61d d1 99>919y> 111?6>B 1BB69?11669911?d dyBy1>9Bd1?11
=,>~POUaZ.u_u~q=Am_.>.ag,>nuU,m*
dPPPddPPPPPddddPddPPPddPddd
B_XJJ&mqjbz~JQD7DDTbEPTJJQX'
H}`SpN.NNb.4&+}o.b4s`~ rDqLL$W]pV4sm+4LH.q.]~*$r`rp
KyYxMFF%G|dp_h?hVF4;(x;`?hMlWN;X@3lcB|4| #~M_pxm;Cy;M(nmnv(|H~X((vy
TCTTp^mT@psDTYm6^m@n.L.pLL^8@G.GY}T^DY6s}^DmTmYL.lm^6SS@.
)_[00ThUh_Fjn.0xK/*F[)F@noxoyt_.)y.yyiOjjO*HOH[i)U$o0qqjanj}i[0Tjj)jUxFc[jxHi
q8}\ $|$}
UGcURuoGcHG;HIcUuORR?Hu;&IIuuG&R&uuu?^O^UccOI;OcouuuuuUO^o?o^OUI^oOuOu^&u^^GUo
x?eex?x99?9?9x?x?x?x?xe9e9e9?e9ee??9eeexee9xxe?9x99ex?x9ee9?ee?e??e??9ex?e?x?x?9x9exxx?9e9exeex9?999
mZ 9U{ZD"M
hi\\\\de!hhZR!!;J:hi7i\!7lhW_edGlrYligw!Grre0\Rr;0BRiroB__h]7_;]l7w!77riBiN
:9T:y9M:TFQI4?IF4xyk$4FwF9*>FM4>wFykwT4>94T$TM4Tvx*LyLxkvwT:4Ty$:*4?yMyx?$:Ik4M
~xq58,FbD5D5d,DVb5ssbb`Ox2J,V2d8OqsH`PPJJqds`8xVVxqO8O5s8d2,2J2`2b~d~VF``PO5,~H`~5VFs,
*`[O{(s[bO*$`msV[$[mbm|/*Ko5`OO/VZ5AOmOVm/oMVm5Q/(5|(5*|A`/oZQ|*Q*o[`q5m([v
Ei<i$:bEI3Fi$iebc4iu:
95Vc3#39:jU]O]JOMr3r(?}}X]ZOc}895MZ(rrnWOM?jrVJ(5#]SMO#r?}#j(O,#j8O?a8j?]r%5Z3W3r
