_|
^
|_
 _|
^
   _
|_| |_
     _|
^
   _   _
  |_|_| |_
   _|    _|
|_|
^
     _   _
    |_|_| |_
 _   _|    _|
|_|_|_
  |_|_|
    |_
     _|
  |_|
^
     _   _
    |_|_| |_
 _   _|    _|
|_|_|_
  |_|_|
    |_   _
 _   _|_|_|
|_|_|_|_|_   _
  |_| |_| |_|_|
            |_
             _|
          |_|
^
     _   _
    |_|_| |_
 _   _|    _|
|_|_|_
  |_|_|
    |_   _       _       _
 _   _|_|_|    _|_|    _|_|
|_|_|_|_|_   _|_|_   _|_|_   _
  |_| |_| |_|_|_|_|_| |_| |_|_|
            |_|_|_|_        |_
         _   _|_| |_|        _|
        |_|_|_|_          |_|
          |_| |_|
^
                                 _       _
                               _|_|    _|_|
                              |_|_   _|_|_   _
     _   _                     _|_|_| |_| |_|_|
    |_|_| |_             _    |_|_|_        |_
 _   _|    _|          _|_|    _| |_|        _|
|_|_|_                |_|_   _|_          |_|
  |_|_|                _|_|_|_|_|_
    |_   _       _    |_|_|_|_|_|_|_
 _   _|_|_|    _|_|    _|_|_|_|_| |_|
|_|_|_|_|_   _|_|_   _|_|_|_|_|_
  |_| |_| |_|_|_|_|_| |_| |_|_|_|_
            |_|_|_|_        |_|_|_|_
         _   _|_| |_|    _   _|_| |_|
        |_|_|_|_        |_|_|_|_
          |_| |_|         |_| |_|
^
                                 _       _
                               _|_|    _|_|
                              |_|_   _|_|_   _
                               _|_|_| |_| |_|_|
                         _    |_|_|_        |_
                       _|_|    _| |_|        _|
                      |_|_   _|_          |_|
                       _|_|_|_|_|_
                      |_| |_|_|_|_|_
                           _|_|_| |_|
                          |_| |_
                               _|_   _   _
                         _    |_|_|_|_|_|_|_
                       _|_|    _|_|_|_|_| |_|
                      |_|_   _|_|_|_|_|_
                       _|_|_|_|_|_|_|_|_|_   _   _
                      |_| |_|_|_|_|_|_|_|_|_|_|_|_|_
                           _|_|_|_|_|_|_|_|_|_|_| |_|
                          |_| |_|_|_|_|_|_|_|_|_
     _   _                     _|_|_| |_| |_|_|_|_
    |_|_| |_             _    |_|_|_        |_|_|_|_
 _   _|    _|          _|_|    _| |_|    _   _|_| |_|
|_|_|_                |_|_   _|_        |_|_|_|_
  |_|_|                _|_|_|_|_|_        |_| |_|
    |_   _       _    |_|_|_|_|_|_|_
 _   _|_|_|    _|_|    _|_|_|_|_| |_|
|_|_|_|_|_   _|_|_   _|_|_|_|_|_
  |_| |_| |_|_|_|_|_| |_| |_|_|_|_
            |_|_|_|_        |_|_|_|_
         _   _|_| |_|    _   _|_| |_|
        |_|_|_|_        |_|_|_|_
          |_| |_|         |_| |_|
^
           _       _
         _|_|    _|_|
        |_|_   _|_|_   _
         _|_|_| |_| |_|_|
   _    |_|_|_        |_
 _|_|    _| |_|        _|
|_|_   _|_          |_|
 _|_|_|_|_|_
|_| |_|_|_|_|_
     _|_|_| |_|
    |_| |_
         _|_   _   _           _   _           _   _
   _    |_|_|_|_|_|_|_        |_|_|_|_        |_|_|_|_
 _|_|    _|_|_|_|_| |_|    _   _|_| |_|    _   _|_| |_|
|_|_   _|_|_|_|_|_        |_|_|_|_        |_|_|_|_
 _|_|_|_|_|_|_|_|_|_   _   _|_|_|_|_   _   _|_|_|_|_   _   _
|_| |_|_|_| |_|_|_| |_|_|_|_|_|_|_|_|_|_|_|_|_|_|_|_|_|_|_|_|_
     _|_|    _|_|    _|_|_|_|_|_|_|_|_|_|_|_|_|_|_|_|_|_|_| |_|
    |_|     |_|     |_| |_|_|_|_|_|_|_|_|_|_|_|_|_|_|_|_|_
                         _|_|_|_|_|_|_|_|_|_|_| |_| |_|_|_|_
                   _    |_|_|_|_|_|_|_|_|_|_|_        |_|_|_|_
                 _|_|    _|_|_|_|_|_|_|_|_| |_|    _   _|_| |_|
                |_|_   _|_|_|_|_|_|_|_|_|_        |_|_|_|_
                 _|_|_|_|_|_|_|_|_|_|_|_|_|_        |_| |_|
                |_| |_|_|_| |_|_|_| |_|_|_|_|_
                     _|_|    _|_|    _|_|_| |_|
                    |_|     |_|     |_| |_
                                         _|_   _   _
                                   _    |_|_|_|_|_|_|_
                                 _|_|    _|_|_|_|_| |_|
                                |_|_   _|_|_|_|_|_
                                 _|_|_|_|_|_|_|_|_|_   _   _
                                |_| |_|_|_|_|_|_|_|_|_|_|_|_|_
                                     _|_|_|_|_|_|_|_|_|_|_| |_|
                                    |_| |_|_|_|_|_|_|_|_|_
               _   _                     _|_|_| |_| |_|_|_|_
              |_|_| |_             _    |_|_|_        |_|_|_|_
           _   _|    _|          _|_|    _| |_|    _   _|_| |_|
          |_|_|_                |_|_   _|_        |_|_|_|_
            |_|_|                _|_|_|_|_|_        |_| |_|
              |_   _       _    |_|_|_|_|_|_|_
           _   _|_|_|    _|_|    _|_|_|_|_| |_|
          |_|_|_|_|_   _|_|_   _|_|_|_|_|_
            |_| |_| |_|_|_|_|_| |_| |_|_|_|_
                      |_|_|_|_        |_|_|_|_
                   _   _|_| |_|    _   _|_| |_|
                  |_|_|_|_        |_|_|_|_
                    |_| |_|         |_| |_|
^
                                                               _   _           _   _
                                                              |_|_|_|_        |_|_|_|_
                                                           _   _|_| |_|    _   _|_| |_|
                                                          |_|_|_|_        |_|_|_|_
                                                            |_|_|_|_   _   _|_|_|_|_   _   _
           _       _                                          |_|_|_|_|_|_|_|_|_|_|_|_|_|_|_|_
         _|_|    _|_|                                      _   _|_|_|_|_|_|_|_|_|_|_|_|_|_| |_|
        |_|_   _|_|_   _                                  |_|_|_|_|_|_|_|_|_|_|_|_|_|_|_|_
         _|_|_| |_| |_|_|                      _   _        |_|_|_|_|_|_|_|_|_| |_| |_|_|_|_
   _    |_|_|_        |_                      |_|_|_|_        |_|_|_|_|_|_|_|_        |_|_|_|_
 _|_|    _| |_|        _|                  _   _|_| |_|    _   _|_|_|_|_|_| |_|    _   _|_| |_|
|_|_   _|_          |_|                   |_|_|_|_        |_|_|_|_|_|_|_|_        |_|_|_|_
 _|_|_|_|_|_                                |_|_|_|_   _   _|_|_|_|_|_|_|_|_        |_| |_|
|_| |_|_|_|_|_                                |_|_|_|_|_|_|_|_|_|_|_|_|_|_|_|_
     _|_|_| |_|                            _   _|_|_|_|_|_|_|_|_|_|_|_|_|_| |_|
    |_| |_                                |_|_|_|_|_|_|_|_|_|_|_|_|_|_|_|_
         _|_   _   _           _   _        |_|_|_|_|_|_|_|_|_|_|_|_|_|_|_|_   _   _           _   _           _   _
   _    |_|_|_|_|_|_|_        |_|_|_|_        |_|_|_|_|_|_|_|_|_|_|_|_|_|_|_|_|_|_|_|_        |_|_|_|_        |_|_|_|_
 _|_|    _|_|_|_|_| |_|    _   _|_| |_|    _   _|_|_|_|_|_|_|_|_|_|_|_|_|_|_|_|_|_| |_|    _   _|_| |_|    _   _|_| |_|
|_|_   _|_|_|_|_|_        |_|_|_|_        |_|_|_|_|_|_|_|_|_|_|_|_|_|_|_|_|_|_|_|_        |_|_|_|_        |_|_|_|_
 _|_|_|_|_|_|_|_|_|_   _   _|_|_|_|_   _   _|_|_|_|_|_|_|_|_|_|_|_|_|_|_|_|_|_|_|_|_   _   _|_|_|_|_   _   _|_|_|_|_   _   _
|_| |_|_|_| |_|_|_| |_|_|_|_|_|_|_|_|_|_|_| |_|_|_| |_|_|_|_|_|_|_|_|_|_|_| |_|_|_| |_|_|_|_|_|_|_|_|_|_|_|_|_|_|_|_|_|_|_|_|_
     _|_|    _|_|    _|_|_|_|_|_|_|_|_|_|    _|_|    _|_|_|_|_|_|_|_|_|_|    _|_|    _|_|_|_|_|_|_|_|_|_|_|_|_|_|_|_|_|_|_| |_|
    |_|     |_|     |_| |_|_|_|_|_|_|_|_    |_|     |_| |_|_|_|_|_|_|_|_    |_|     |_| |_|_|_|_|_|_|_|_|_|_|_|_|_|_|_|_|_
                         _|_|_|_|_|_|_|_|                _|_|_|_|_|_|_|_|                _|_|_|_|_|_|_|_|_|_|_| |_| |_|_|_|_
                   _    |_|_|_|_|_| |_|_           _    |_|_|_|_|_| |_|_           _    |_|_|_|_|_|_|_|_|_|_|_        |_|_|_|_
                 _|_|    _|_|_|_|    _|_|        _|_|    _|_|_|_|    _|_|        _|_|    _|_|_|_|_|_|_|_|_| |_|    _   _|_| |_|
                |_|_   _|_|_|_|_    |_|         |_|_   _|_|_|_|_    |_|         |_|_   _|_|_|_|_|_|_|_|_|_        |_|_|_|_
                 _|_|_|_|_|_|_|_|                _|_|_|_|_|_|_|_|                _|_|_|_|_|_|_|_|_|_|_|_|_|_        |_| |_|
                |_| |_|_|_| |_|_                |_| |_|_|_| |_|_                |_| |_|_|_| |_|_|_| |_|_|_|_|_
                     _|_|    _|_|                    _|_|    _|_|                    _|_|    _|_|    _|_|_| |_|
                    |_|     |_|                     |_|     |_|                     |_|     |_|     |_| |_
                                                                                                         _|_   _   _
                                                                                                   _    |_|_|_|_|_|_|_
                                                                                                 _|_|    _|_|_|_|_| |_|
                                                                                                |_|_   _|_|_|_|_|_
                                                                                                 _|_|_|_|_|_|_|_|_|_   _   _
                                                                                                |_| |_|_|_|_|_|_|_|_|_|_|_|_|_
                                                                                                     _|_|_|_|_|_|_|_|_|_|_| |_|
                                                                                                    |_| |_|_|_|_|_|_|_|_|_
                                                                               _   _                     _|_|_| |_| |_|_|_|_
                                                                              |_|_| |_             _    |_|_|_        |_|_|_|_
                                                                           _   _|    _|          _|_|    _| |_|    _   _|_| |_|
                                                                          |_|_|_                |_|_   _|_        |_|_|_|_
                                                                            |_|_|                _|_|_|_|_|_        |_| |_|
                                                                              |_   _       _    |_|_|_|_|_|_|_
                                                                           _   _|_|_|    _|_|    _|_|_|_|_| |_|
                                                                          |_|_|_|_|_   _|_|_   _|_|_|_|_|_
                                                                            |_| |_| |_|_|_|_|_| |_| |_|_|_|_
                                                                                      |_|_|_|_        |_|_|_|_
                                                                                   _   _|_| |_|    _   _|_| |_|
                                                                                  |_|_|_|_        |_|_|_|_
                                                                                    |_| |_|         |_| |_|
^
                                                               _   _           _   _                                           _   _           _   _
                                                              |_|_|_|_        |_|_|_|_                                        |_|_|_|_        |_|_|_|_
                                                           _   _|_| |_|    _   _|_| |_|                                    _   _|_| |_|    _   _|_| |_|
                                                          |_|_|_|_        |_|_|_|_                                        |_|_|_|_        |_|_|_|_
                                                            |_|_|_|_   _   _|_|_|_|_   _   _                                |_|_|_|_   _   _|_|_|_|_   _   _
                                                              |_|_|_|_|_|_|_|_|_|_|_|_|_|_|_|_                                |_|_|_|_|_|_|_|_|_|_|_|_|_|_|_|_
                                                           _   _|_|_|_|_|_|_|_|_|_|_|_|_|_| |_|                            _   _|_|_|_|_|_|_|_|_|_|_|_|_|_| |_|
                                                          |_|_|_|_|_|_|_|_|_|_|_|_|_|_|_|_                                |_|_|_|_|_|_|_|_|_|_|_|_|_|_|_|_
                                               _   _        |_|_|_|_|_|_|_|_|_| |_| |_|_|_|_                   _   _        |_|_|_|_|_|_|_|_|_| |_| |_|_|_|_
                                              |_|_|_|_        |_|_|_|_|_|_|_|_        |_|_|_|_                |_|_|_|_        |_|_|_|_|_|_|_|_        |_|_|_|_
                                           _   _|_| |_|    _   _|_|_|_|_|_| |_|    _   _|_| |_|            _   _|_| |_|    _   _|_|_|_|_|_| |_|    _   _|_| |_|
                                          |_|_|_|_        |_|_|_|_|_|_|_|_        |_|_|_|_                |_|_|_|_        |_|_|_|_|_|_|_|_        |_|_|_|_
                                            |_|_|_|_   _   _|_|_|_|_|_|_|_|_        |_| |_|                 |_|_|_|_   _   _|_|_|_|_|_|_|_|_        |_| |_|
                                              |_|_|_|_|_|_|_|_|_|_|_|_|_|_|_|_                                |_|_|_|_|_|_|_|_|_|_|_|_|_|_|_|_
                                           _   _|_|_|_|_|_|_|_|_|_|_|_|_|_| |_|                            _   _|_|_|_|_|_|_|_|_|_|_|_|_|_| |_|
                                          |_|_|_|_|_|_|_|_|_|_|_|_|_|_|_|_                                |_|_|_|_|_|_|_|_|_|_|_|_|_|_|_|_
                                            |_| |_| |_|_|_|_|_|_|_|_|_|_|_|_   _   _           _   _        |_|_|_|_|_|_|_|_|_|_|_|_|_|_|_|_   _   _           _   _           _   _
                                                      |_|_|_|_|_|_|_|_|_|_|_|_|_|_|_|_        |_|_|_|_        |_|_|_|_|_|_|_|_|_|_|_|_|_|_|_|_|_|_|_|_        |_|_|_|_        |_|_|_|_
                                                   _   _|_|_|_|_|_|_|_|_|_|_|_|_|_| |_|    _   _|_| |_|    _   _|_|_|_|_|_|_|_|_|_|_|_|_|_|_|_|_|_| |_|    _   _|_| |_|    _   _|_| |_|
                                                  |_|_|_|_|_|_|_|_|_|_|_|_|_|_|_|_        |_|_|_|_        |_|_|_|_|_|_|_|_|_|_|_|_|_|_|_|_|_|_|_|_        |_|_|_|_        |_|_|_|_
                                                    |_| |_| |_|_|_|_|_|_|_|_|_|_|_|_   _   _|_|_|_|_   _   _|_|_|_|_|_|_|_|_|_|_|_|_|_|_|_|_|_|_|_|_   _   _|_|_|_|_   _   _|_|_|_|_   _   _
                                                              |_|_|_|_|_|_|_|_|_|_|_|_|_|_|_|_|_|_|_|_|_|_| |_|_|_| |_|_|_|_|_|_|_|_|_|_|_| |_|_|_| |_|_|_|_|_|_|_|_|_|_|_|_|_|_|_|_|_|_|_|_|_
                                                           _   _|_|_|_|_|_|_|_|_|_|_|_|_|_|_|_|_|_|_|_|_|    _|_|    _|_|_|_|_|_|_|_|_|_|    _|_|    _|_|_|_|_|_|_|_|_|_|_|_|_|_|_|_|_|_|_| |_|
                                                          |_|_|_|_|_|_|_|_|_|_|_|_|_|_|_|_|_|_|_|_|_|_|_    |_|     |_| |_|_|_|_|_|_|_|_    |_|     |_| |_|_|_|_|_|_|_|_|_|_|_|_|_|_|_|_|_
                                               _   _        |_|_|_|_|_|_|_|_|_|_|_|_|_|_|_|_|_|_|_|_|_|_|                _|_|_|_|_|_|_|_|                _|_|_|_|_|_|_|_|_|_|_| |_| |_|_|_|_
                                              |_|_|_|_        |_|_|_|_|_|_|_|_|_|_|_|_|_|_|_|_|_|_| |_|_           _    |_|_|_|_|_| |_|_           _    |_|_|_|_|_|_|_|_|_|_|_        |_|_|_|_
                                           _   _|_| |_|    _   _|_|_|_|_|_|_|_|_|_|_|_|_|_|_|_|_|    _|_|        _|_|    _|_|_|_|    _|_|        _|_|    _|_|_|_|_|_|_|_|_| |_|    _   _|_| |_|
                                          |_|_|_|_        |_|_|_|_|_|_|_|_|_|_|_|_|_|_|_|_|_|_|_    |_|         |_|_   _|_|_|_|_    |_|         |_|_   _|_|_|_|_|_|_|_|_|_        |_|_|_|_
                                            |_|_|_|_   _   _|_|_|_|_|_|_|_|_|_|_|_|_|_|_|_|_|_|_|                _|_|_|_|_|_|_|_|                _|_|_|_|_|_|_|_|_|_|_|_|_|_        |_| |_|
                                              |_|_|_|_|_|_|_|_|_|_|_|_|_|_|_|_|_|_|_|_|_|_|_|_|_   _            |_| |_|_|_| |_|_                |_| |_|_|_| |_|_|_| |_|_|_|_|_
                                           _   _|_|_|_|_|_|_|_|_|_|_|_|_|_|_|_|_|_|_|_|_|_|_|_|_|_|_|                _|_|    _|_|                    _|_|    _|_|    _|_|_| |_|
                                          |_|_|_|_|_|_|_|_|_|_|_|_|_|_|_|_|_|_|_|_|_|_|_|_|_|_|_|_|_   _            |_|     |_|                     |_|     |_|     |_| |_
                                            |_| |_| |_|_|_|_|_|_|_|_|_|_|_|_|_|_|_|_|_|_|_|_|_|_|_|_|_|_|                                                                _|_   _   _
                                                      |_|_|_|_|_|_|_|_|_|_|_|_|_|_|_|_|_|_|_|_|_|_| |_|_                                                           _    |_|_|_|_|_|_|_
                                                   _   _|_|_|_|_|_|_|_|_|_|_|_|_|_|_|_|_|_|_|_|_|    _|_|                                                        _|_|    _|_|_|_|_| |_|
                                                  |_|_|_|_|_|_|_|_|_|_|_|_|_|_|_|_|_|_|_|_|_|_|_    |_|                                                         |_|_   _|_|_|_|_|_
                                                    |_| |_| |_|_|_|_|_|_|_|_|_|_|_|_|_|_|_|_|_|_|                                                                _|_|_|_|_|_|_|_|_|_   _   _
           _       _                                          |_|_|_|_|_|_| |_|_|_| |_|_|_|_|_|_   _                                                            |_| |_|_|_|_|_|_|_|_|_|_|_|_|_
         _|_|    _|_|                                      _   _|_|_|_|_|    _|_|    _|_|_|_|_|_|_|_|                                                                _|_|_|_|_|_|_|_|_|_|_| |_|
        |_|_   _|_|_   _                                  |_|_|_|_|_|_|_    |_|     |_| |_|_|_|_|_|_   _                                                            |_| |_|_|_|_|_|_|_|_|_
         _|_|_| |_| |_|_|                      _   _        |_|_|_|_|_|_|                _|_|_|_|_|_|_|_|                                      _   _                     _|_|_| |_| |_|_|_|_
   _    |_|_|_        |_                      |_|_|_|_        |_|_| |_|_           _    |_|_|_|_|_| |_|_                                      |_|_| |_             _    |_|_|_        |_|_|_|_
 _|_|    _| |_|        _|                  _   _|_| |_|    _   _|    _|_|        _|_|    _|_|_|_|    _|_|                                  _   _|    _|          _|_|    _| |_|    _   _|_| |_|
|_|_   _|_          |_|                   |_|_|_|_        |_|_|_    |_|         |_|_   _|_|_|_|_    |_|                                   |_|_|_                |_|_   _|_        |_|_|_|_
 _|_|_|_|_|_                                |_|_|_|_   _   _|_|_|                _|_|_|_|_|_|_|_|                                           |_|_|                _|_|_|_|_|_        |_| |_|
|_| |_|_|_|_|_                                |_|_|_|_|_|_|_|_|_   _            |_| |_|_|_| |_|_                                              |_   _       _    |_|_|_|_|_|_|_
     _|_|_| |_|                            _   _|_|_|_|_|_|_|_|_|_|_|                _|_|    _|_|                                          _   _|_|_|    _|_|    _|_|_|_|_| |_|
    |_| |_                                |_|_|_|_|_|_|_|_|_|_|_|_|_   _            |_|     |_|                                           |_|_|_|_|_   _|_|_   _|_|_|_|_|_
         _|_   _   _           _   _        |_|_|_|_|_|_|_|_|_|_|_|_|_|_|                                                                   |_| |_| |_|_|_|_|_| |_| |_|_|_|_
   _    |_|_|_|_|_|_|_        |_|_|_|_        |_|_|_|_|_|_|_|_|_|_| |_|_                                                                              |_|_|_|_        |_|_|_|_
 _|_|    _|_|_|_|_| |_|    _   _|_| |_|    _   _|_|_|_|_|_|_|_|_|    _|_|                                                                          _   _|_| |_|    _   _|_| |_|
|_|_   _|_|_|_|_|_        |_|_|_|_        |_|_|_|_|_|_|_|_|_|_|_    |_|                                                                           |_|_|_|_        |_|_|_|_
 _|_|_|_|_|_|_|_|_|_   _   _|_|_|_|_   _   _|_|_|_|_|_|_|_|_|_|_|                                                                                   |_| |_|         |_| |_|
|_| |_|_|_| |_|_|_| |_|_|_|_|_|_|_|_|_|_|_| |_|_|_| |_|_|_|_|_|_   _
     _|_|    _|_|    _|_|_|_|_|_|_|_|_|_|    _|_|    _|_|_|_|_|_|_|_|
    |_|     |_|     |_| |_|_|_|_|_|_|_|_    |_|     |_| |_|_|_|_|_|_   _
                         _|_|_|_|_|_|_|_|                _|_|_|_|_|_|_|_|
                   _    |_|_|_|_|_| |_|_           _    |_|_|_|_|_| |_|_
                 _|_|    _|_|_|_|    _|_|        _|_|    _|_|_|_|    _|_|
                |_|_   _|_|_|_|_    |_|         |_|_   _|_|_|_|_    |_|
                 _|_|_|_|_|_|_|_|                _|_|_|_|_|_|_|_|
                |_| |_|_|_| |_|_                |_| |_|_|_| |_|_
                     _|_|    _|_|                    _|_|    _|_|
                    |_|     |_|                     |_|     |_|
^
                                                                                     _   _           _   _                                           _   _           _   _
                                                                                    |_|_|_|_        |_|_|_|_                                        |_|_|_|_        |_|_|_|_
                                                                                 _   _|_| |_|    _   _|_| |_|                                    _   _|_| |_|    _   _|_| |_|
                                                                                |_|_|_|_        |_|_|_|_                                        |_|_|_|_        |_|_|_|_
                                                                                  |_|_|_|_   _   _|_|_|_|_   _   _                                |_|_|_|_   _   _|_|_|_|_   _   _
                                                                                    |_|_|_|_|_|_|_|_|_|_|_|_|_|_|_|_                                |_|_|_|_|_|_|_|_|_|_|_|_|_|_|_|_
                                                                                 _   _|_|_|_|_|_|_|_|_|_|_|_|_|_| |_|                            _   _|_|_|_|_|_|_|_|_|_|_|_|_|_| |_|
                                                                                |_|_|_|_|_|_|_|_|_|_|_|_|_|_|_|_                                |_|_|_|_|_|_|_|_|_|_|_|_|_|_|_|_
                                                                     _   _        |_|_|_|_|_|_|_|_|_| |_| |_|_|_|_                   _   _        |_|_|_|_|_|_|_|_|_| |_| |_|_|_|_
                                                                    |_|_|_|_        |_|_|_|_|_|_|_|_        |_|_|_|_                |_|_|_|_        |_|_|_|_|_|_|_|_        |_|_|_|_
                                                                 _   _|_| |_|    _   _|_|_|_|_|_| |_|    _   _|_| |_|            _   _|_| |_|    _   _|_|_|_|_|_| |_|    _   _|_| |_|
                                                                |_|_|_|_        |_|_|_|_|_|_|_|_        |_|_|_|_                |_|_|_|_        |_|_|_|_|_|_|_|_        |_|_|_|_
                                                                  |_|_|_|_   _   _|_|_|_|_|_|_|_|_        |_| |_|                 |_|_|_|_   _   _|_|_|_|_|_|_|_|_        |_| |_|
                                                                    |_|_|_|_|_|_|_|_|_|_|_|_|_|_|_|_                                |_|_|_|_|_|_|_|_|_|_|_|_|_|_|_|_
                                                                 _   _|_|_|_|_|_|_|_|_|_|_|_|_|_| |_|                            _   _|_|_|_|_|_|_|_|_|_|_|_|_|_| |_|
                                                                |_|_|_|_|_|_|_|_|_|_|_|_|_|_|_|_                                |_|_|_|_|_|_|_|_|_|_|_|_|_|_|_|_
                                                                  |_| |_| |_|_|_|_|_|_|_|_|_|_|_|_   _   _           _   _        |_|_|_|_|_|_|_|_|_|_|_|_|_|_|_|_   _   _           _   _           _   _
                                                                            |_|_|_|_|_|_|_|_|_|_|_|_|_|_|_|_        |_|_|_|_        |_|_|_|_|_|_|_|_|_|_|_|_|_|_|_|_|_|_|_|_        |_|_|_|_        |_|_|_|_
                                                                         _   _|_|_|_|_|_|_|_|_|_|_|_|_|_| |_|    _   _|_| |_|    _   _|_|_|_|_|_|_|_|_|_|_|_|_|_|_|_|_|_| |_|    _   _|_| |_|    _   _|_| |_|
                                                                        |_|_|_|_|_|_|_|_|_|_|_|_|_|_|_|_        |_|_|_|_        |_|_|_|_|_|_|_|_|_|_|_|_|_|_|_|_|_|_|_|_        |_|_|_|_        |_|_|_|_
                                                                          |_| |_| |_|_|_|_|_|_|_|_|_|_|_|_   _   _|_|_|_|_   _   _|_|_|_|_|_|_|_|_|_|_|_|_|_|_|_|_|_|_|_|_   _   _|_|_|_|_   _   _|_|_|_|_   _   _
                                                                                    |_|_|_|_|_|_|_|_|_|_|_|_|_|_|_|_|_|_|_|_|_|_| |_|_|_| |_|_|_|_|_|_|_|_|_|_|_| |_|_|_| |_|_|_|_|_|_|_|_|_|_|_|_|_|_|_|_|_|_|_|_|_
                                                                                 _   _|_|_|_|_|_|_|_|_|_|_|_|_|_|_|_|_|_|_|_|_|    _|_|    _|_|_|_|_|_|_|_|_|_|    _|_|    _|_|_|_|_|_|_|_|_|_|_|_|_|_|_|_|_|_|_| |_|
                                                                                |_|_|_|_|_|_|_|_|_|_|_|_|_|_|_|_|_|_|_|_|_|_|_    |_|     |_| |_|_|_|_|_|_|_|_    |_|     |_| |_|_|_|_|_|_|_|_|_|_|_|_|_|_|_|_|_
                                                                     _   _        |_|_|_|_|_|_|_|_|_|_|_|_|_|_|_|_|_|_|_|_|_|_|                _|_|_|_|_|_|_|_|                _|_|_|_|_|_|_|_|_|_|_| |_| |_|_|_|_
                                                                    |_|_|_|_        |_|_|_|_|_|_|_|_|_|_|_|_|_|_|_|_|_|_| |_|_           _    |_|_|_|_|_| |_|_           _    |_|_|_|_|_|_|_|_|_|_|_        |_|_|_|_
                                                                 _   _|_| |_|    _   _|_|_|_|_|_|_|_|_|_|_|_|_|_|_|_|_|    _|_|        _|_|    _|_|_|_|    _|_|        _|_|    _|_|_|_|_|_|_|_|_| |_|    _   _|_| |_|
                                                                |_|_|_|_        |_|_|_|_|_|_|_|_|_|_|_|_|_|_|_|_|_|_|_    |_|         |_|_   _|_|_|_|_    |_|         |_|_   _|_|_|_|_|_|_|_|_|_        |_|_|_|_
                                                                  |_|_|_|_   _   _|_|_|_|_|_|_|_|_|_|_|_|_|_|_|_|_|_|_|                _|_|_|_|_|_|_|_|                _|_|_|_|_|_|_|_|_|_|_|_|_|_        |_| |_|
                                                                    |_|_|_|_|_|_|_|_|_|_|_|_|_|_|_|_|_|_|_|_|_|_|_|_|_   _            |_| |_|_|_| |_|_                |_| |_|_|_| |_|_|_| |_|_|_|_|_
                                                                 _   _|_|_|_|_|_|_|_|_|_|_|_|_|_|_|_|_|_|_|_|_|_|_|_|_|_|_|                _|_|    _|_|                    _|_|    _|_|    _|_|_| |_|
                                                                |_|_|_|_|_|_|_|_|_|_|_|_|_|_|_|_|_|_|_|_|_|_|_|_|_|_|_|_|_   _            |_|     |_|                     |_|     |_|     |_| |_
                     _   _           _   _                        |_| |_| |_|_|_|_|_|_|_|_|_|_|_|_|_|_|_|_|_|_|_|_|_|_|_|_|_|_|                                                                _|_   _   _
                    |_|_|_|_        |_|_|_|_                                |_|_|_|_|_|_|_|_|_|_|_|_|_|_|_|_|_|_|_|_|_|_| |_|_                                                           _    |_|_|_|_|_|_|_
                 _   _|_| |_|    _   _|_| |_|                            _   _|_|_|_|_|_|_|_|_|_|_|_|_|_|_|_|_|_|_|_|_|    _|_|                                                        _|_|    _|_|_|_|_| |_|
                |_|_|_|_        |_|_|_|_                                |_|_|_|_|_|_|_|_|_|_|_|_|_|_|_|_|_|_|_|_|_|_|_    |_|                                                         |_|_   _|_|_|_|_|_
                  |_|_|_|_   _   _|_|_|_|_   _   _                        |_| |_| |_|_|_|_|_|_|_|_|_|_|_|_|_|_|_|_|_|_|                                                                _|_|_|_|_|_|_|_|_|_   _   _
                    |_|_|_|_|_|_|_|_|_|_|_|_|_|_|_|_                                |_|_|_|_|_|_| |_|_|_| |_|_|_|_|_|_   _                                                            |_| |_|_|_|_|_|_|_|_|_|_|_|_|_
                 _   _|_|_|_|_|_|_|_|_|_|_|_|_|_| |_|                            _   _|_|_|_|_|    _|_|    _|_|_|_|_|_|_|_|                                                                _|_|_|_|_|_|_|_|_|_|_| |_|
                |_|_|_|_|_|_|_|_|_|_|_|_|_|_|_|_                                |_|_|_|_|_|_|_    |_|     |_| |_|_|_|_|_|_   _                                                            |_| |_|_|_|_|_|_|_|_|_
     _   _        |_|_|_|_|_|_|_|_|_| |_| |_|_|_|_                   _   _        |_|_|_|_|_|_|                _|_|_|_|_|_|_|_|                                      _   _                     _|_|_| |_| |_|_|_|_
    |_|_|_|_        |_|_|_|_|_|_|_|_        |_|_|_|_                |_|_|_|_        |_|_| |_|_           _    |_|_|_|_|_| |_|_                                      |_|_| |_             _    |_|_|_        |_|_|_|_
 _   _|_| |_|    _   _|_|_|_|_|_| |_|    _   _|_| |_|            _   _|_| |_|    _   _|    _|_|        _|_|    _|_|_|_|    _|_|                                  _   _|    _|          _|_|    _| |_|    _   _|_| |_|
|_|_|_|_        |_|_|_|_|_|_|_|_        |_|_|_|_                |_|_|_|_        |_|_|_    |_|         |_|_   _|_|_|_|_    |_|                                   |_|_|_                |_|_   _|_        |_|_|_|_
  |_|_|_|_   _   _|_|_|_|_|_|_|_|_        |_| |_|                 |_|_|_|_   _   _|_|_|                _|_|_|_|_|_|_|_|                                           |_|_|                _|_|_|_|_|_        |_| |_|
    |_|_|_|_|_|_|_|_|_|_|_|_|_|_|_|_                                |_|_|_|_|_|_|_|_|_   _            |_| |_|_|_| |_|_                                              |_   _       _    |_|_|_|_|_|_|_
 _   _|_|_|_|_|_|_|_|_|_|_|_|_|_| |_|                            _   _|_|_|_|_|_|_|_|_|_|_|                _|_|    _|_|                                          _   _|_|_|    _|_|    _|_|_|_|_| |_|
|_|_|_|_|_|_|_|_|_|_|_|_|_|_|_|_                                |_|_|_|_|_|_|_|_|_|_|_|_|_   _            |_|     |_|                                           |_|_|_|_|_   _|_|_   _|_|_|_|_|_
  |_| |_| |_|_|_|_|_|_|_|_|_|_|_|_   _   _           _   _        |_|_|_|_|_|_|_|_|_|_|_|_|_|_|                                                                   |_| |_| |_|_|_|_|_| |_| |_|_|_|_
            |_|_|_|_|_|_|_|_|_|_|_|_|_|_|_|_        |_|_|_|_        |_|_|_|_|_|_|_|_|_|_| |_|_                                                                              |_|_|_|_        |_|_|_|_
         _   _|_|_|_|_|_|_|_|_|_|_|_|_|_| |_|    _   _|_| |_|    _   _|_|_|_|_|_|_|_|_|    _|_|                                                                          _   _|_| |_|    _   _|_| |_|
        |_|_|_|_|_|_|_|_|_|_|_|_|_|_|_|_        |_|_|_|_        |_|_|_|_|_|_|_|_|_|_|_    |_|                                                                           |_|_|_|_        |_|_|_|_
          |_| |_| |_|_|_|_|_|_|_|_|_|_|_|_   _   _|_|_|_|_   _   _|_|_|_|_|_|_|_|_|_|_|                                                                                   |_| |_|         |_| |_|
                    |_|_|_|_|_|_|_|_|_|_|_|_|_|_|_|_|_|_|_|_|_|_|_|_|_|_|_|_|_|_|_|_|_   _       _       _
                 _   _|_|_|_|_|_|_|_|_|_|_|_|_|_|_|_|_|_|_|_|_|_|_|_|_|_|_|_|_|_|_|_|_|_|_|    _|_|    _|_|
                |_|_|_|_|_|_|_|_|_|_|_|_|_|_|_|_|_|_|_|_|_|_|_|_|_|_|_|_|_|_|_|_|_|_|_|_|_   _|_|_   _|_|_   _
     _   _        |_|_|_|_|_|_|_|_|_|_|_|_|_|_|_|_|_|_|_|_|_|_|_|_|_|_|_|_|_|_|_|_|_|_|_|_|_|_|_|_|_|_|_|_|_|_|
    |_|_|_|_        |_|_|_|_|_|_|_|_|_|_|_|_|_|_|_|_|_|_|_|_|_|_|_|_|_|_|_|_|_|_|_|_|_|_|_|_|_|_|_|_|_|_| |_|_
 _   _|_| |_|    _   _|_|_|_|_|_|_|_|_|_|_|_|_|_|_|_|_|_|_|_|_|_|_|_|_|_|_|_|_|_|_|_|_|_|_|_|_|_|_|_|_|    _|_|
|_|_|_|_        |_|_|_|_|_|_|_|_|_|_|_|_|_|_|_|_|_|_|_|_|_|_|_|_|_|_|_|_|_|_|_|_|_|_|_|_|_|_|_|_|_|_|_    |_|
  |_|_|_|_   _   _|_|_|_|_|_|_|_|_|_|_|_|_|_|_|_|_|_|_|_|_|_|_|_|_|_|_|_|_|_|_|_|_|_|_|_|_|_|_|_|_|_|_|
    |_|_|_|_|_|_|_|_|_|_|_|_|_|_|_|_|_|_|_|_|_|_|_|_|_|_|_|_|_|_|_|_|_|_|_|_|_|_|_|_|_|_|_|_|_|_|_|_|_   _       _       _
 _   _|_|_|_|_|_|_|_|_|_|_|_|_|_|_|_|_|_|_|_|_|_|_|_|_|_|_|_|_|_|_|_|_|_|_|_|_|_|_|_|_|_|_|_|_|_|_|_|_|_|_|    _|_|    _|_|
|_|_|_|_|_|_|_|_|_|_|_|_|_|_|_|_|_|_|_|_|_|_|_|_|_|_|_|_|_|_|_|_|_|_|_|_|_|_|_|_|_|_|_|_|_|_|_|_|_|_|_|_|_   _|_|_   _|_|_   _
  |_| |_| |_|_|_|_|_| |_| |_|_|_|_|_| |_| |_|_|_|_|_|_|_|_|_|_|_|_|_|_|_|_|_|_|_|_|_|_|_|_|_|_|_|_|_|_|_|_|_|_|_|_|_|_|_|_|_|_|
            |_|_|_|_        |_|_|_|_        |_|_|_|_|_|_|_|_|_|_|_|_|_|_|_|_|_|_|_|_|_|_|_|_|_|_|_|_|_|_|_|_|_|_|_|_|_|_| |_|_
         _   _|_| |_|    _   _|_| |_|    _   _|_|_|_|_|_|_|_|_|_|_|_|_|_|_|_|_|_|_|_|_|_|_|_|_|_|_|_|_|_|_|_|_|_|_|_|_|    _|_|
        |_|_|_|_        |_|_|_|_        |_|_|_|_|_|_|_|_|_|_|_|_|_|_|_|_|_|_|_|_|_|_|_|_|_|_|_|_|_|_|_|_|_|_|_|_|_|_|_    |_|
          |_| |_|         |_| |_|         |_| |_| |_|_|_|_|_|_|_|_|_|_|_|_|_|_|_|_|_|_|_|_|_|_|_|_|_|_|_|_|_|_|_|_|_|_|
                                                    |_|_|_|_|_|_|_|_|_|_|_|_|_|_|_|_|_|_|_|_|_|_| |_|_|_| |_|_|_|_|_|_   _
                                                 _   _|_|_|_|_|_|_|_|_|_|_|_|_|_|_|_|_|_|_|_|_|    _|_|    _|_|_|_|_|_|_|_|
                                                |_|_|_|_|_|_|_|_|_|_|_|_|_|_|_|_|_|_|_|_|_|_|_    |_|     |_| |_|_|_|_|_|_   _
                                     _   _        |_|_|_|_|_|_|_|_|_|_|_|_|_|_|_|_|_|_|_|_|_|_|                _|_|_|_|_|_|_|_|
                                    |_|_|_|_        |_|_|_|_|_|_|_|_|_|_|_|_|_|_|_|_|_|_| |_|_           _    |_|_|_|_|_| |_|_
                                 _   _|_| |_|    _   _|_|_|_|_|_|_|_|_|_|_|_|_|_|_|_|_|    _|_|        _|_|    _|_|_|_|    _|_|
                                |_|_|_|_        |_|_|_|_|_|_|_|_|_|_|_|_|_|_|_|_|_|_|_    |_|         |_|_   _|_|_|_|_    |_|
                                  |_|_|_|_   _   _|_|_|_|_|_|_|_|_|_|_|_|_|_|_|_|_|_|_|                _|_|_|_|_|_|_|_|
                                    |_|_|_|_|_|_|_|_|_|_|_|_|_|_|_|_|_|_|_|_|_|_|_|_|_   _            |_| |_|_|_| |_|_
                                 _   _|_|_|_|_|_|_|_|_|_|_|_|_|_|_|_|_|_|_|_|_|_|_|_|_|_|_|                _|_|    _|_|
                                |_|_|_|_|_|_|_|_|_|_|_|_|_|_|_|_|_|_|_|_|_|_|_|_|_|_|_|_|_   _            |_|     |_|
                                  |_| |_| |_|_|_|_|_| |_| |_|_|_|_|_| |_| |_|_|_|_|_|_|_|_|_|_|
                                            |_|_|_|_        |_|_|_|_        |_|_|_|_|_|_| |_|_
                                         _   _|_| |_|    _   _|_| |_|    _   _|_|_|_|_|    _|_|
                                        |_|_|_|_        |_|_|_|_        |_|_|_|_|_|_|_    |_|
                                          |_| |_|         |_| |_|         |_| |_| |_|_|
                                                                                    |_   _       _       _
                                                                                 _   _|_|_|    _|_|    _|_|
                                                                                |_|_|_|_|_   _|_|_   _|_|_   _
                                                                     _   _        |_|_|_|_|_|_|_|_|_|_|_|_|_|_|
                                                                    |_|_|_|_        |_|_|_|_|_|_|_|_|_|_| |_|_
                                                                 _   _|_| |_|    _   _|_|_|_|_|_|_|_|_|    _|_|
                                                                |_|_|_|_        |_|_|_|_|_|_|_|_|_|_|_    |_|
                                                                  |_|_|_|_   _   _|_|_|_|_|_|_|_|_|_|_|
                                                                    |_|_|_|_|_|_|_|_|_|_|_|_|_|_|_|_|_   _       _       _
                                                                 _   _|_|_|_|_|_|_|_|_|_|_|_|_|_|_|_|_|_|_|    _|_|    _|_|
                                                                |_|_|_|_|_|_|_|_|_|_|_|_|_|_|_|_|_|_|_|_|_   _|_|_   _|_|_   _
                                                                  |_| |_| |_|_|_|_|_|_|_|_|_|_|_|_|_|_|_|_|_|_|_|_|_|_|_|_|_|_|
                                                                            |_|_|_|_|_|_|_|_|_|_|_|_|_|_|_|_|_|_|_|_|_|_| |_|_
                                                                         _   _|_|_|_|_|_|_|_|_|_|_|_|_|_|_|_|_|_|_|_|_|    _|_|
                                                                        |_|_|_|_|_|_|_|_|_|_|_|_|_|_|_|_|_|_|_|_|_|_|_    |_|
                                                                          |_| |_| |_|_|_|_|_|_|_|_|_|_|_|_|_|_|_|_|_|_|
                                 _       _                                          |_|_|_|_|_|_| |_|_|_| |_|_|_|_|_|_   _
                               _|_|    _|_|                                      _   _|_|_|_|_|    _|_|    _|_|_|_|_|_|_|_|
                              |_|_   _|_|_   _                                  |_|_|_|_|_|_|_    |_|     |_| |_|_|_|_|_|_   _
                               _|_|_| |_| |_|_|                      _   _        |_|_|_|_|_|_|                _|_|_|_|_|_|_|_|
                         _    |_|_|_        |_                      |_|_|_|_        |_|_| |_|_           _    |_|_|_|_|_| |_|_
                       _|_|    _| |_|        _|                  _   _|_| |_|    _   _|    _|_|        _|_|    _|_|_|_|    _|_|
                      |_|_   _|_          |_|                   |_|_|_|_        |_|_|_    |_|         |_|_   _|_|_|_|_    |_|
                       _|_|_|_|_|_                                |_|_|_|_   _   _|_|_|                _|_|_|_|_|_|_|_|
                      |_| |_|_|_|_|_                                |_|_|_|_|_|_|_|_|_   _            |_| |_|_|_| |_|_
                           _|_|_| |_|                            _   _|_|_|_|_|_|_|_|_|_|_|                _|_|    _|_|
                          |_| |_                                |_|_|_|_|_|_|_|_|_|_|_|_|_   _            |_|     |_|
                               _|_   _   _           _   _        |_|_|_|_|_|_|_|_|_|_|_|_|_|_|
                         _    |_|_|_|_|_|_|_        |_|_|_|_        |_|_|_|_|_|_|_|_|_|_| |_|_
                       _|_|    _|_|_|_|_| |_|    _   _|_| |_|    _   _|_|_|_|_|_|_|_|_|    _|_|
                      |_|_   _|_|_|_|_|_        |_|_|_|_        |_|_|_|_|_|_|_|_|_|_|_    |_|
                       _|_|_|_|_|_|_|_|_|_   _   _|_|_|_|_   _   _|_|_|_|_|_|_|_|_|_|_|
                      |_| |_|_|_| |_|_|_| |_|_|_|_|_|_|_|_|_|_|_| |_|_|_| |_|_|_|_|_|_   _
                           _|_|    _|_|    _|_|_|_|_|_|_|_|_|_|    _|_|    _|_|_|_|_|_|_|_|
                          |_|     |_|     |_| |_|_|_|_|_|_|_|_    |_|     |_| |_|_|_|_|_|_   _
                                               _|_|_|_|_|_|_|_|                _|_|_|_|_|_|_|_|
                                         _    |_|_|_|_|_| |_|_           _    |_|_|_|_|_| |_|_
                                       _|_|    _|_|_|_|    _|_|        _|_|    _|_|_|_|    _|_|
                                      |_|_   _|_|_|_|_    |_|         |_|_   _|_|_|_|_    |_|
                                       _|_|_|_|_|_|_|_|                _|_|_|_|_|_|_|_|
                                      |_| |_|_|_| |_|_                |_| |_|_|_| |_|_
                                           _|_|    _|_|                    _|_|    _|_|
                                          |_|     |_|                     |_|     |_|
^
Time used = 0.0000