A0: A0-A0

      0     1     2     3
A    10    10    10    10
B    10     4     6     2
C     1     2     3     4
D   -29     8     5     6

A0: A1
A1: A2
A2: B0
B0: B1
B1: B2
B2: C0
C0: C1
C1: C2
C2: A0

      0     1     2
A     6     6     6
B     6     6     6
C     6     6     6

A3: C2
A4: C4+C5+C2
C2: 5+A2+B6-C0+E5
E5: A3

      0     1     2     3     4     5
A     1     1     1     5    16     1
B     2     1     1     1     2     1
C     3    21     5     4     5     6
D     4     1     5    10    15    20
E     5     1     1     1     1     1
F     6     2     4     5     6     7

