(3,5) (4,6) (5,3) (6,4)
Black -  1 White -  4
(3,4) (3,6) (5,6)
Black -  3 White -  3
(2,3) (3,3) (4,3) (5,3) (6,3)
Black -  2 White -  5
(2,4) (3,6) (4,7) (5,6) (6,6)
Black -  5 White -  3
(3,3) (3,5) (3,7) (5,3) (5,6) (6,4)
Black -  4 White -  5
(2,4) (3,6) (5,7) (6,4) (6,5) (6,6)
Black -  7 White -  3
(4,3) (4,8) (6,3) (6,4) (6,5) (6,7)
Black -  6 White -  5
(1,2) (2,4) (3,2) (3,3) (3,5) (3,6) (4,2)
Black -  8 White -  4
(3,2) (4,8) (6,3) (6,4) (6,5) (6,7)
Black -  7 White -  6
(1,2) (1,3) (2,4) (3,5) (4,2) (5,3) (6,4)
Black -  9 White -  5
--------
--W-----
--BW----
--WBWBB-
---BBBB-
--WB----
--------
--------

(3,4) (4,3) (5,6) (6,5)
Black -  4 White -  1
(4,6) (6,4) (6,6)
Black -  3 White -  3
(3,3) (4,3) (5,3) (6,3) (7,3)
Black -  5 White -  2
(3,4) (3,6) (4,6) (5,7)
Black -  3 White -  5
(6,3) (6,5) (6,6) (6,7) (7,4)
Black -  6 White -  3
(2,2) (3,4) (3,5) (5,3) (7,3)
Black -  5 White -  5
(4,2) (4,6) (6,2) (6,3) (6,5) (6,6) (6,7)
Black -  7 White -  4
(2,2) (3,4) (3,5) (3,6) (5,2) (7,3) (8,4)
Black -  5 White -  7
(5,8) (6,3) (6,5) (6,6) (6,7) (7,5)
Black -  7 White -  6
(2,2) (3,1) (3,4) (3,5) (5,2) (6,2)
Black -  4 White - 10
--------
--------
--BW----
-B-WW---
--BWWWW-
--BW----
---W----
---W----

(3,5) (4,6) (5,3) (6,4)
Black -  1 White -  4
(4,3) (6,3) (6,5)
Black -  3 White -  3
(3,5) (4,6) (5,3) (6,2)
Black -  2 White -  5
(3,4) (3,6) (5,6) (6,5) (7,4)
Black -  4 White -  4
(2,3) (2,4) (3,3) (4,3) (5,3) (6,2) (7,2)
Black -  3 White -  6
(2,6) (3,6) (4,6) (5,6) (6,6) (7,2) (7,4)
Black -  5 White -  5
(2,3) (2,4) (2,5) (3,3) (4,3) (5,3)
Black -  4 White -  7
(3,2) (3,6) (5,2) (5,3) (5,6) (6,5) (7,2) (7,4)
Black -  6 White -  6
(1,7) (2,3) (2,4) (2,5) (4,1) (4,2) (5,3)
Black -  5 White -  8
(2,4) (2,5) (3,3) (3,6) (4,6) (5,3) (5,6) (6,5) (7,2) (7,4)
Black -  7 White -  7
--------
--W-BB--
---BB---
--BWW---
-B-BW---
-WWW----
--------
--------

(3,5) (4,6) (5,3) (6,4)
Black -  1 White -  4
(3,4) (3,6) (5,6)
Black -  3 White -  3
(6,3) (6,4) (6,5) (6,6) (6,7)
Black -  2 White -  5
(2,5) (3,3) (3,4) (5,3) (7,3)
Black -  4 White -  4
(4,2) (4,6) (6,2) (6,3) (6,5) (6,6) (6,7)
Black -  3 White -  6
(2,5) (2,6) (3,3) (3,4) (7,3) (7,5)
Black -  6 White -  4
(2,6) (3,6) (4,2) (4,3) (4,6) (5,2) (5,7) (6,2) (6,6)
Black -  4 White -  7
(3,4) (3,6) (5,7) (6,5) (7,3) (7,5)
Black -  6 White -  6
(1,5) (2,4) (2,6) (4,2) (5,2) (5,7) (6,2) (6,6) (6,7) (7,2) (8,2)
Black -  5 White -  8
(3,6) (3,7) (5,7) (6,5) (7,5)
Black - 10 White -  4
--------
----B---
----B---
---WWB--
--BBBBB-
--BW-W--
--B-----
--------

(3,5) (4,6) (5,3) (6,4)
Black -  1 White -  4
(4,3) (6,3) (6,5)
Black -  3 White -  3
(3,5) (4,6) (6,4) (7,3)
Black -  2 White -  5
(3,4) (3,6) (4,3) (5,2) (5,6)
Black -  4 White -  4
(5,1) (6,2) (6,4) (7,2)
Black -  1 White -  8
(3,6) (4,1) (4,3)
Black -  3 White -  7
(3,1) (7,2) (7,3)
Black -  2 White -  9
(3,6) (4,3) (5,6)
Black -  5 White -  7
(3,7) (4,6) (6,4) (7,3) (7,4)
Black -  4 White -  9
(2,5) (3,4) (4,3) (5,6) (6,5)
Black -  6 White -  8
--------
--------
W--BBB--
W--WB---
WBWWW---
--BW----
--------
--------

(3,4) (4,3) (5,6) (6,5)
Black -  4 White -  1
(3,3) (3,5) (5,3)
Black -  3 White -  3
(3,2) (4,3) (5,6) (6,5)
Black -  5 White -  2
(2,4) (3,5) (4,6) (6,4) (6,6)
Black -  4 White -  4
(2,2) (3,2) (3,5) (3,6) (3,7) (5,6)
Black -  6 White -  3
(2,4) (2,6) (3,5) (6,4) (6,6)
Black -  5 White -  5
(3,2) (4,3) (4,7) (5,6) (6,7)
Black -  7 White -  4
(2,6) (3,5) (4,2) (5,3) (6,4) (7,5)
Black -  5 White -  7
(2,2) (3,2) (4,2) (4,7) (5,2) (5,6) (6,2) (6,3) (6,4) (6,7) (7,7)
Black -  7 White -  6
(1,1) (2,3) (2,4) (2,5) (2,6) (2,7) (3,5) (6,4) (7,5) (7,6)
Black -  6 White -  8
--------
-BW-----
--WB-B--
--WBBW--
--WWW---
----BW--
--------
--------

(3,5) (4,6) (5,3) (6,4)
Black -  1 White -  4
(4,3) (6,3) (6,5)
Black -  3 White -  3
(3,6) (4,6) (5,6) (6,6) (7,6)
Black -  2 White -  5
(3,3) (3,5) (3,7) (4,3) (5,2)
Black -  5 White -  3
(6,2) (6,3) (6,4) (6,6) (7,5)
Black -  3 White -  6
(3,4) (3,5) (3,6) (5,6) (7,6)
Black -  5 White -  5
(5,1) (6,2) (6,3) (6,4) (7,7)
Black -  4 White -  7
(3,5) (4,3) (5,6) (7,3) (7,4) (8,5)
Black -  8 White -  4
(2,4) (2,5) (3,4) (3,6) (4,1) (4,3) (5,1) (5,6) (6,4) (7,7) (8,7)
Black -  7 White -  6
(3,7) (4,3) (4,7) (5,1) (5,7) (6,4) (7,2) (7,3) (7,4) (8,5)
Black -  9 White -  5
--------
--------
----B---
W--BBBB-
-WBWB---
--W-B---
----WB--
--------

(3,4) (4,3) (5,6) (6,5)
Black -  4 White -  1
(3,3) (3,5) (5,3)
Black -  3 White -  3
(2,3) (3,4) (5,6) (6,5)
Black -  5 White -  2
(3,5) (5,3)
Black -  3 White -  5
(2,2) (2,3) (2,4) (2,5) (2,6) (3,6) (4,6) (5,6) (6,6)
Black -  5 White -  4
(1,5) (2,3) (4,2) (5,3) (6,3)
Black -  2 White -  8
(3,2) (3,6) (5,2) (5,6) (6,4) (6,5)
Black -  4 White -  7
(1,5) (1,6) (2,3) (2,4) (2,6) (2,7) (3,7)
Black -  3 White -  9
(1,3) (2,3) (3,2) (5,2) (6,2) (6,3) (6,5)
Black -  6 White -  7
(1,5) (1,6) (2,6) (3,7) (4,6) (5,6) (6,4) (6,5) (7,3)
Black -  5 White -  9
--------
---WB---
--WWBB--
--WWB---
--WWW---
--B-W---
--------
--------

(3,4) (4,3) (5,6) (6,5)
Black -  4 White -  1
(3,3) (3,5) (5,3)
Black -  3 White -  3
(6,2) (6,3) (6,4) (6,5) (6,6)
Black -  5 White -  2
(2,4) (3,5) (3,6) (5,6)
Black -  4 White -  4
(4,6) (6,2) (6,3) (6,4) (6,5) (6,7)
Black -  6 White -  3
(2,4) (3,3) (3,5) (3,6) (5,7) (7,7)
Black -  4 White -  6
(3,3) (3,6) (5,2) (6,4)
Black -  8 White -  3
(2,3) (2,4) (3,3) (6,2) (6,3) (6,4) (6,5) (7,7) (7,8)
Black -  7 White -  5
(2,2) (2,3) (2,4) (2,5) (2,6) (3,6)
Black -  9 White -  4
(3,7) (4,6) (6,2) (6,4) (6,5) (7,7) (7,8)
Black -  8 White -  6
--------
--------
--WWWB--
---WB---
-BWBBB--
-W---BB-
--------
--------

(3,5) (4,6) (5,3) (6,4)
Black -  1 White -  4
(4,3) (6,3) (6,5)
Black -  3 White -  3
(3,2) (3,3) (3,4) (3,5) (3,6)
Black -  2 White -  5
(2,6) (4,6) (6,5) (6,6) (7,4)
Black -  4 White -  4
(3,3) (3,4) (4,2) (5,3) (6,3) (6,6) (7,5)
Black -  3 White -  6
(2,6) (3,6) (4,6) (5,6) (6,6) (7,4) (7,6)
Black -  5 White -  5
(2,5) (3,2) (3,3) (3,4) (4,2) (5,3) (6,3)
Black -  3 White -  8
(3,2) (3,4) (3,6) (5,3) (5,6) (7,4) (7,6) (8,5)
Black -  5 White -  7
(1,7) (2,5) (4,6) (5,3)
Black -  4 White -  9
(3,2) (3,4) (5,3) (5,6) (5,7) (7,4) (7,6) (8,5)
Black -  7 White -  7
--------
-----B--
----BB--
-WWWWB--
---BBB--
---WW---
----W---
--------
